Log file open, 06/04/20 03:32:27
LogWindows: Failed to load 'aqProf.dll' (GetLastError=126)
LogWindows: File 'aqProf.dll' does not exist
LogWindows: Failed to load 'VtuneApi.dll' (GetLastError=126)
LogWindows: File 'VtuneApi.dll' does not exist
LogWindows: Failed to load 'VtuneApi32e.dll' (GetLastError=126)
LogWindows: File 'VtuneApi32e.dll' does not exist
LogConsoleResponse: Display: Failed to find resolution value strings in scalability ini. Falling back to default.
LogInit: Display: Running engine for game: FinalGPS
LogPakFile: Registered encryption key '00000000000000000000000000000000': 0 pak files mounted, 0 remain pending
LogPlatformFile: Not using cached read wrapper
LogTaskGraph: Started task graph with 5 named threads and 35 total threads with 3 sets of task threads.
LogStats: Stats thread started at 0.441486
LogD3D11RHI: Loaded GFSDK_Aftermath_Lib.x64.dll
LogICUInternationalization: ICU TimeZone Detection - Raw Offset: +8:00, Platform Override: ''
LogPluginManager: Mounting plugin Paper2D
LogPluginManager: Mounting plugin AISupport
LogPluginManager: Mounting plugin LightPropagationVolume
LogPluginManager: Mounting plugin ActorLayerUtilities
LogPluginManager: Mounting plugin AnimationSharing
LogPluginManager: Mounting plugin CLionSourceCodeAccess
LogPluginManager: Mounting plugin CodeLiteSourceCodeAccess
LogPluginManager: Mounting plugin GitSourceControl
LogPluginManager: Mounting plugin KDevelopSourceCodeAccess
LogPluginManager: Mounting plugin NullSourceCodeAccess
LogPluginManager: Mounting plugin PerforceSourceControl
LogPluginManager: Mounting plugin SubversionSourceControl
LogPluginManager: Mounting plugin UObjectPlugin
LogPluginManager: Mounting plugin VisualStudioCodeSourceCodeAccess
LogPluginManager: Mounting plugin VisualStudioSourceCodeAccess
LogPluginManager: Mounting plugin XCodeSourceCodeAccess
LogPluginManager: Mounting plugin AssetManagerEditor
LogPluginManager: Mounting plugin CryptoKeys
LogPluginManager: Mounting plugin DataValidation
LogPluginManager: Mounting plugin FacialAnimation
LogPluginManager: Mounting plugin GameplayTagsEditor
LogPluginManager: Mounting plugin MacGraphicsSwitching
LogPluginManager: Mounting plugin MaterialAnalyzer
LogPluginManager: Mounting plugin MobileLauncherProfileWizard
LogPluginManager: Mounting plugin PluginBrowser
LogPluginManager: Mounting plugin SpeedTreeImporter
LogPluginManager: Mounting plugin DatasmithContent
LogPluginManager: Mounting plugin VariantManagerContent
LogPluginManager: Mounting plugin AlembicImporter
LogPluginManager: Mounting plugin AppleImageUtils
LogPluginManager: Mounting plugin AppleVision
LogPluginManager: Mounting plugin BackChannel
LogPluginManager: Mounting plugin CharacterAI
LogPluginManager: Mounting plugin GeometryCache
LogPluginManager: Mounting plugin HTML5Networking
LogPluginManager: Mounting plugin ProxyLODPlugin
LogPluginManager: Mounting plugin SkeletalReduction
LogPluginManager: Mounting plugin MagicLeap
LogPluginManager: Mounting plugin MagicLeapMedia
LogPluginManager: Mounting plugin AndroidMedia
LogPluginManager: Mounting plugin AvfMedia
LogPluginManager: Mounting plugin ImgMedia
LogPluginManager: Mounting plugin LinearTimecode
LogPluginManager: Mounting plugin MediaCompositing
LogPluginManager: Mounting plugin MediaPlayerEditor
LogPluginManager: Mounting plugin WebMMedia
LogPluginManager: Mounting plugin WmfMedia
LogPluginManager: Mounting plugin TcpMessaging
LogPluginManager: Mounting plugin UdpMessaging
LogPluginManager: Mounting plugin ActorSequence
LogPluginManager: Mounting plugin LevelSequenceEditor
LogPluginManager: Mounting plugin MatineeToLevelSequence
LogPluginManager: Mounting plugin NetcodeUnitTest
LogPluginManager: Mounting plugin NUTUnrealEngine4
LogPluginManager: Mounting plugin OnlineSubsystemGooglePlay
LogPluginManager: Mounting plugin OnlineSubsystemIOS
LogPluginManager: Mounting plugin OnlineSubsystem
LogPluginManager: Mounting plugin OnlineSubsystemNull
LogPluginManager: Mounting plugin OnlineSubsystemUtils
LogPluginManager: Mounting plugin LauncherChunkInstaller
LogPluginManager: Mounting plugin AndroidDeviceProfileSelector
LogPluginManager: Mounting plugin AndroidMoviePlayer
LogPluginManager: Mounting plugin AndroidPermission
LogPluginManager: Mounting plugin AppleMoviePlayer
LogPluginManager: Mounting plugin ArchVisCharacter
LogPluginManager: Mounting plugin AudioCapture
LogPluginManager: Mounting plugin CableComponent
LogPluginManager: Mounting plugin CustomMeshComponent
LogPluginManager: Mounting plugin EditableMesh
LogPluginManager: Mounting plugin ExampleDeviceProfileSelector
LogPluginManager: Mounting plugin Firebase
LogPluginManager: Mounting plugin GoogleCloudMessaging
LogPluginManager: Mounting plugin IOSDeviceProfileSelector
LogPluginManager: Mounting plugin LinuxDeviceProfileSelector
LogPluginManager: Mounting plugin LocationServicesBPLibrary
LogPluginManager: Mounting plugin MobilePatchingUtils
LogPluginManager: Mounting plugin OculusVR
LogPluginManager: Mounting plugin PhysXVehicles
LogPluginManager: Mounting plugin ProceduralMeshComponent
LogPluginManager: Mounting plugin RuntimePhysXCooking
LogPluginManager: Mounting plugin SignificanceManager
LogPluginManager: Mounting plugin SteamVR
LogPluginManager: Mounting plugin WebMMoviePlayer
LogPluginManager: Mounting plugin WindowsMoviePlayer
LogInit: Using libcurl 7.55.1-DEV
LogInit:  - built for x86_64-pc-win32
LogInit:  - supports SSL with OpenSSL/1.1.1
LogInit:  - supports HTTP deflate (compression) using libz 1.2.8
LogInit:  - other features:
LogInit:      CURL_VERSION_SSL
LogInit:      CURL_VERSION_LIBZ
LogInit:      CURL_VERSION_IPV6
LogInit:      CURL_VERSION_ASYNCHDNS
LogInit:      CURL_VERSION_LARGEFILE
LogInit:      CURL_VERSION_IDN
LogInit:  CurlRequestOptions (configurable via config and command line):
LogInit:  - bVerifyPeer = true  - Libcurl will verify peer certificate
LogInit:  - bUseHttpProxy = false  - Libcurl will NOT use HTTP proxy
LogInit:  - bDontReuseConnections = false  - Libcurl will reuse connections
LogInit:  - MaxHostConnections = 16  - Libcurl will limit the number of connections to a host
LogInit:  - LocalHostAddr = Default
LogInit:  - BufferSize = 65536
LogInit: WinSock: version 1.1 (2.2), MaxSocks=32767, MaxUdp=65467
LogInit: Build: ++UE4+Release-4.22-CL-7053642
LogInit: Engine Version: 4.22.3-7053642+++UE4+Release-4.22
LogInit: Compatible Engine Version: 4.22.0-5660361+++UE4+Release-4.22
LogInit: Net CL: 5660361
LogInit: OS: Windows 10 (Release 1903) (), CPU: Intel(R) Core(TM) i7-9750H CPU @ 2.60GHz, GPU: Intel(R) UHD Graphics 630
LogInit: Compiled (64-bit): Jun 18 2019 03:09:11
LogInit: Compiled with Visual C++: 19.16.27025.01
LogInit: Build Configuration: Development
LogInit: Branch Name: ++UE4+Release-4.22
LogInit: Command Line:  -EpicPortal -epicusername=Sika_R -epicuserid=6097d1a53e3343bd84050676641ce1ee -epiclocale=zh-CN
LogInit: Base Directory: C:/Program Files/Epic Games/UE_4.22/Engine/Binaries/Win64/
LogInit: Installed Engine Build: 1
LogDevObjectVersion: Number of dev versions registered: 23
LogDevObjectVersion:   Dev-Blueprints (B0D832E4-1F89-4F0D-ACCF-7EB736FD4AA2): 10
LogDevObjectVersion:   Dev-Build (E1C64328-A22C-4D53-A36C-8E866417BD8C): 0
LogDevObjectVersion:   Dev-Core (375EC13C-06E4-48FB-B500-84F0262A717E): 3
LogDevObjectVersion:   Dev-Editor (E4B068ED-F494-42E9-A231-DA0B2E46BB41): 30
LogDevObjectVersion:   Dev-Framework (CFFC743F-43B0-4480-9391-14DF171D2073): 35
LogDevObjectVersion:   Dev-Mobile (B02B49B5-BB20-44E9-A304-32B752E40360): 2
LogDevObjectVersion:   Dev-Networking (A4E4105C-59A1-49B5-A7C5-40C4547EDFEE): 0
LogDevObjectVersion:   Dev-Online (39C831C9-5AE6-47DC-9A44-9C173E1C8E7C): 0
LogDevObjectVersion:   Dev-Physics (78F01B33-EBEA-4F98-B9B4-84EACCB95AA2): 0
LogDevObjectVersion:   Dev-Platform (6631380F-2D4D-43E0-8009-CF276956A95A): 0
LogDevObjectVersion:   Dev-Rendering (12F88B9F-8875-4AFC-A67C-D90C383ABD29): 28
LogDevObjectVersion:   Dev-Sequencer (7B5AE74C-D270-4C10-A958-57980B212A5A): 11
LogDevObjectVersion:   Dev-VR (D7296918-1DD6-4BDD-9DE2-64A83CC13884): 2
LogDevObjectVersion:   Dev-LoadTimes (C2A15278-BFE7-4AFE-6C17-90FF531DF755): 1
LogDevObjectVersion:   Private-Geometry (6EACA3D4-40EC-4CC1-B786-8BED09428FC5): 3
LogDevObjectVersion:   Dev-AnimPhys (29E575DD-E0A3-4627-9D10-D276232CDCEA): 17
LogDevObjectVersion:   Dev-Anim (AF43A65D-7FD3-4947-9873-3E8ED9C1BB05): 2
LogDevObjectVersion:   Dev-ReflectionCapture (6B266CEC-1EC7-4B8F-A30B-E4D90942FC07): 1
LogDevObjectVersion:   Dev-Automation (0DF73D61-A23F-47EA-B727-89E90C41499A): 1
LogDevObjectVersion:   FortniteMain (601D1886-AC64-4F84-AA16-D3DE0DEAC7D6): 25
LogDevObjectVersion:   Dev-Enterprise (9DFFBCD6-494F-0158-E221-12823C92A888): 6
LogDevObjectVersion:   Dev-Niagara (F2AED0AC-9AFE-416F-8664-AA7FFA26D6FC): 1
LogDevObjectVersion:   Dev-Destruction (174F1F0B-B4C6-45A5-B13F-2EE8D0FB917D): 2
LogInit: Presizing for max 16777216 objects, including 0 objects not considered by GC, pre-allocating 0 bytes for permanent pool.
LogInit: Object subsystem initialized
LogConfig: Setting CVar [[con.DebugEarlyDefault:1]]
LogConfig: Setting CVar [[r.setres:1280x720]]
[2020.06.03-19.32.28:047][  0]LogConfig: Setting CVar [[r.VSync:0]]
[2020.06.03-19.32.28:047][  0]LogConfig: Setting CVar [[r.RHICmdBypass:0]]
[2020.06.03-19.32.28:047][  0]LogConfig: Applying CVar settings from Section [/Script/Engine.RendererSettings] File [C:/课程/Final/Saved/Config/Windows/Engine.ini]
[2020.06.03-19.32.28:047][  0]LogConfig: Setting CVar [[r.GPUCrashDebugging:0]]
[2020.06.03-19.32.28:047][  0]LogConfig: Setting CVar [[r.MobileHDR:1]]
[2020.06.03-19.32.28:047][  0]LogConfig: Setting CVar [[r.Mobile.DisableVertexFog:1]]
[2020.06.03-19.32.28:047][  0]LogConfig: Setting CVar [[r.Shadow.CSM.MaxMobileCascades:2]]
[2020.06.03-19.32.28:047][  0]LogConfig: Setting CVar [[r.MobileMSAA:1]]
[2020.06.03-19.32.28:047][  0]LogConfig: Setting CVar [[r.Mobile.UseLegacyShadingModel:0]]
[2020.06.03-19.32.28:047][  0]LogConfig: Setting CVar [[r.Mobile.UseHWsRGBEncoding:0]]
[2020.06.03-19.32.28:048][  0]LogConfig: Setting CVar [[r.Mobile.AllowDitheredLODTransition:0]]
[2020.06.03-19.32.28:048][  0]LogConfig: Setting CVar [[r.Mobile.AllowSoftwareOcclusion:0]]
[2020.06.03-19.32.28:048][  0]LogConfig: Setting CVar [[r.DiscardUnusedQuality:0]]
[2020.06.03-19.32.28:048][  0]LogConfig: Setting CVar [[r.AllowOcclusionQueries:1]]
[2020.06.03-19.32.28:048][  0]LogConfig: Setting CVar [[r.MinScreenRadiusForLights:0.030000]]
[2020.06.03-19.32.28:048][  0]LogConfig: Setting CVar [[r.MinScreenRadiusForDepthPrepass:0.030000]]
[2020.06.03-19.32.28:048][  0]LogConfig: Setting CVar [[r.MinScreenRadiusForCSMDepth:0.010000]]
[2020.06.03-19.32.28:048][  0]LogConfig: Setting CVar [[r.PrecomputedVisibilityWarning:0]]
[2020.06.03-19.32.28:048][  0]LogConfig: Setting CVar [[r.TextureStreaming:1]]
[2020.06.03-19.32.28:048][  0]LogConfig: Setting CVar [[Compat.UseDXT5NormalMaps:0]]
[2020.06.03-19.32.28:048][  0]LogConfig: Setting CVar [[r.ClearCoatNormal:0]]
[2020.06.03-19.32.28:048][  0]LogConfig: Setting CVar [[r.ReflectionCaptureResolution:128]]
[2020.06.03-19.32.28:048][  0]LogConfig: Setting CVar [[r.ReflectionEnvironmentLightmapMixBasedOnRoughness:1]]
[2020.06.03-19.32.28:048][  0]LogConfig: Setting CVar [[r.ForwardShading:0]]
[2020.06.03-19.32.28:048][  0]LogConfig: Setting CVar [[r.VertexFoggingForOpaque:1]]
[2020.06.03-19.32.28:048][  0]LogConfig: Setting CVar [[r.AllowStaticLighting:1]]
[2020.06.03-19.32.28:048][  0]LogConfig: Setting CVar [[r.NormalMapsForStaticLighting:0]]
[2020.06.03-19.32.28:048][  0]LogConfig: Setting CVar [[r.GenerateMeshDistanceFields:0]]
[2020.06.03-19.32.28:048][  0]LogConfig: Setting CVar [[r.DistanceFieldBuild.EightBit:0]]
[2020.06.03-19.32.28:048][  0]LogConfig: Setting CVar [[r.GenerateLandscapeGIData:0]]
[2020.06.03-19.32.28:049][  0]LogConfig: Setting CVar [[r.DistanceFieldBuild.Compress:0]]
[2020.06.03-19.32.28:049][  0]LogConfig: Setting CVar [[r.TessellationAdaptivePixelsPerTriangle:48.000000]]
[2020.06.03-19.32.28:049][  0]LogConfig: Setting CVar [[r.SeparateTranslucency:1]]
[2020.06.03-19.32.28:049][  0]LogConfig: Setting CVar [[r.TranslucentSortPolicy:0]]
[2020.06.03-19.32.28:049][  0]LogConfig: Setting CVar [[r.CustomDepth:1]]
[2020.06.03-19.32.28:049][  0]LogConfig: Setting CVar [[r.CustomDepthTemporalAAJitter:1]]
[2020.06.03-19.32.28:049][  0]LogConfig: Setting CVar [[r.PostProcessing.PropagateAlpha:0]]
[2020.06.03-19.32.28:049][  0]LogConfig: Setting CVar [[r.DOF.Algorithm:1]]
[2020.06.03-19.32.28:049][  0]LogConfig: Setting CVar [[r.DefaultFeature.Bloom:1]]
[2020.06.03-19.32.28:049][  0]LogConfig: Setting CVar [[r.DefaultFeature.AmbientOcclusion:1]]
[2020.06.03-19.32.28:049][  0]LogConfig: Setting CVar [[r.DefaultFeature.AmbientOcclusionStaticFraction:1]]
[2020.06.03-19.32.28:049][  0]LogConfig: Setting CVar [[r.DefaultFeature.AutoExposure:0]]
[2020.06.03-19.32.28:049][  0]LogConfig: Setting CVar [[r.DefaultFeature.AutoExposure.Method:0]]
[2020.06.03-19.32.28:049][  0]LogConfig: Setting CVar [[r.DefaultFeature.AutoExposure.ExtendDefaultLuminanceRange:1]]
[2020.06.03-19.32.28:049][  0]LogConfig: Setting CVar [[r.UsePreExposure:0]]
[2020.06.03-19.32.28:049][  0]LogConfig: Setting CVar [[r.DefaultFeature.MotionBlur:0]]
[2020.06.03-19.32.28:049][  0]LogConfig: Setting CVar [[r.DefaultFeature.LensFlare:0]]
[2020.06.03-19.32.28:049][  0]LogConfig: Setting CVar [[r.TemporalAA.Upsampling:0]]
[2020.06.03-19.32.28:049][  0]LogConfig: Setting CVar [[r.DefaultFeature.AntiAliasing:0]]
[2020.06.03-19.32.28:049][  0]LogConfig: Setting CVar [[r.DefaultFeature.LightUnits:1]]
[2020.06.03-19.32.28:050][  0]LogConfig: Setting CVar [[r.DefaultBackBufferPixelFormat:4]]
[2020.06.03-19.32.28:050][  0]LogConfig: Setting CVar [[r.Shadow.UnbuiltPreviewInGame:1]]
[2020.06.03-19.32.28:050][  0]LogConfig: Setting CVar [[r.StencilForLODDither:0]]
[2020.06.03-19.32.28:050][  0]LogConfig: Setting CVar [[r.EarlyZPass:3]]
[2020.06.03-19.32.28:050][  0]LogConfig: Setting CVar [[r.EarlyZPassOnlyMaterialMasking:0]]
[2020.06.03-19.32.28:050][  0]LogConfig: Setting CVar [[r.DBuffer:1]]
[2020.06.03-19.32.28:050][  0]LogConfig: Setting CVar [[r.ClearSceneMethod:1]]
[2020.06.03-19.32.28:050][  0]LogConfig: Setting CVar [[r.BasePassOutputsVelocity:0]]
[2020.06.03-19.32.28:050][  0]LogConfig: Setting CVar [[r.SelectiveBasePassOutputs:0]]
[2020.06.03-19.32.28:050][  0]LogConfig: Setting CVar [[fx.GPUSimulationTextureSizeX:1024]]
[2020.06.03-19.32.28:050][  0]LogConfig: Setting CVar [[fx.GPUSimulationTextureSizeY:1024]]
[2020.06.03-19.32.28:050][  0]LogConfig: Setting CVar [[r.AllowGlobalClipPlane:0]]
[2020.06.03-19.32.28:050][  0]LogConfig: Setting CVar [[r.GBufferFormat:1]]
[2020.06.03-19.32.28:050][  0]LogConfig: Setting CVar [[r.MorphTarget.Mode:1]]
[2020.06.03-19.32.28:050][  0]LogConfig: Setting CVar [[vr.InstancedStereo:0]]
[2020.06.03-19.32.28:050][  0]LogConfig: Setting CVar [[vr.MultiView:0]]
[2020.06.03-19.32.28:050][  0]LogConfig: Setting CVar [[vr.MobileMultiView:0]]
[2020.06.03-19.32.28:050][  0]LogConfig: Setting CVar [[vr.MobileMultiView.Direct:0]]
[2020.06.03-19.32.28:050][  0]LogConfig: Setting CVar [[vr.RoundRobinOcclusion:0]]
[2020.06.03-19.32.28:050][  0]LogConfig: Setting CVar [[vr.ODSCapture:0]]
[2020.06.03-19.32.28:050][  0]LogConfig: Setting CVar [[r.WireframeCullThreshold:5.000000]]
[2020.06.03-19.32.28:050][  0]LogConfig: Setting CVar [[r.RayTracing:0]]
[2020.06.03-19.32.28:050][  0]LogConfig: Setting CVar [[r.SupportStationarySkylight:1]]
[2020.06.03-19.32.28:050][  0]LogConfig: Setting CVar [[r.SupportLowQualityLightmaps:1]]
[2020.06.03-19.32.28:050][  0]LogConfig: Setting CVar [[r.SupportPointLightWholeSceneShadows:1]]
[2020.06.03-19.32.28:050][  0]LogConfig: Setting CVar [[r.SupportAtmosphericFog:1]]
[2020.06.03-19.32.28:050][  0]LogConfig: Setting CVar [[r.SkinCache.CompileShaders:0]]
[2020.06.03-19.32.28:050][  0]LogConfig: Setting CVar [[r.Mobile.EnableStaticAndCSMShadowReceivers:1]]
[2020.06.03-19.32.28:050][  0]LogConfig: Setting CVar [[r.Mobile.EnableMovableLightCSMShaderCulling:1]]
[2020.06.03-19.32.28:050][  0]LogConfig: Setting CVar [[r.Mobile.AllowDistanceFieldShadows:1]]
[2020.06.03-19.32.28:050][  0]LogConfig: Setting CVar [[r.Mobile.AllowMovableDirectionalLights:1]]
[2020.06.03-19.32.28:050][  0]LogConfig: Setting CVar [[r.MobileNumDynamicPointLights:4]]
[2020.06.03-19.32.28:050][  0]LogConfig: Setting CVar [[r.MobileDynamicPointLightsUseStaticBranch:1]]
[2020.06.03-19.32.28:050][  0]LogConfig: Setting CVar [[r.Mobile.EnableMovableSpotlights:0]]
[2020.06.03-19.32.28:050][  0]LogConfig: Setting CVar [[r.SkinCache.SceneMemoryLimitInMB:128.000000]]
[2020.06.03-19.32.28:050][  0]LogConfig: Setting CVar [[r.GPUSkin.Limit2BoneInfluences:0]]
[2020.06.03-19.32.28:050][  0]LogConfig: Setting CVar [[r.SupportDepthOnlyIndexBuffers:1]]
[2020.06.03-19.32.28:050][  0]LogConfig: Setting CVar [[r.SupportReversedIndexBuffers:1]]
[2020.06.03-19.32.28:050][  0]LogConfig: Setting CVar [[r.SupportMaterialLayers:0]]
[2020.06.03-19.32.28:050][  0]LogConfig: Applying CVar settings from Section [/Script/Engine.RendererOverrideSettings] File [C:/课程/Final/Saved/Config/Windows/Engine.ini]
[2020.06.03-19.32.28:051][  0]LogConfig: Applying CVar settings from Section [/Script/Engine.StreamingSettings] File [C:/课程/Final/Saved/Config/Windows/Engine.ini]
[2020.06.03-19.32.28:051][  0]LogConfig: Setting CVar [[s.MinBulkDataSizeForAsyncLoading:131072]]
[2020.06.03-19.32.28:051][  0]LogConfig: Setting CVar [[s.AsyncLoadingThreadEnabled:0]]
[2020.06.03-19.32.28:051][  0]LogConfig: Setting CVar [[s.EventDrivenLoaderEnabled:1]]
[2020.06.03-19.32.28:051][  0]LogConfig: Setting CVar [[s.WarnIfTimeLimitExceeded:0]]
[2020.06.03-19.32.28:051][  0]LogConfig: Setting CVar [[s.TimeLimitExceededMultiplier:1.5]]
[2020.06.03-19.32.28:051][  0]LogConfig: Setting CVar [[s.TimeLimitExceededMinTime:0.005]]
[2020.06.03-19.32.28:051][  0]LogConfig: Setting CVar [[s.UseBackgroundLevelStreaming:1]]
[2020.06.03-19.32.28:051][  0]LogConfig: Setting CVar [[s.PriorityAsyncLoadingExtraTime:15.0]]
[2020.06.03-19.32.28:051][  0]LogConfig: Setting CVar [[s.LevelStreamingActorsUpdateTimeLimit:5.0]]
[2020.06.03-19.32.28:051][  0]LogConfig: Setting CVar [[s.PriorityLevelStreamingActorsUpdateExtraTime:5.0]]
[2020.06.03-19.32.28:051][  0]LogConfig: Setting CVar [[s.LevelStreamingComponentsRegistrationGranularity:10]]
[2020.06.03-19.32.28:051][  0]LogConfig: Setting CVar [[s.UnregisterComponentsTimeLimit:1.0]]
[2020.06.03-19.32.28:051][  0]LogConfig: Setting CVar [[s.LevelStreamingComponentsUnregistrationGranularity:5]]
[2020.06.03-19.32.28:051][  0]LogConfig: Applying CVar settings from Section [/Script/Engine.GarbageCollectionSettings] File [C:/课程/Final/Saved/Config/Windows/Engine.ini]
[2020.06.03-19.32.28:051][  0]LogConfig: Setting CVar [[gc.MaxObjectsNotConsideredByGC:1]]
[2020.06.03-19.32.28:051][  0]LogConfig: Setting CVar [[gc.SizeOfPermanentObjectPool:0]]
[2020.06.03-19.32.28:051][  0]LogConfig: Setting CVar [[gc.FlushStreamingOnGC:0]]
[2020.06.03-19.32.28:051][  0]LogConfig: Setting CVar [[gc.NumRetriesBeforeForcingGC:10]]
[2020.06.03-19.32.28:051][  0]LogConfig: Setting CVar [[gc.AllowParallelGC:1]]
[2020.06.03-19.32.28:051][  0]LogConfig: Setting CVar [[gc.TimeBetweenPurgingPendingKillObjects:61.1]]
[2020.06.03-19.32.28:051][  0]LogConfig: Setting CVar [[gc.MaxObjectsInEditor:16777216]]
[2020.06.03-19.32.28:051][  0]LogConfig: Setting CVar [[gc.IncrementalBeginDestroyEnabled:1]]
[2020.06.03-19.32.28:051][  0]LogConfig: Setting CVar [[gc.CreateGCClusters:1]]
[2020.06.03-19.32.28:051][  0]LogConfig: Setting CVar [[gc.MinGCClusterSize:5]]
[2020.06.03-19.32.28:051][  0]LogConfig: Setting CVar [[gc.ActorClusteringEnabled:0]]
[2020.06.03-19.32.28:051][  0]LogConfig: Setting CVar [[gc.BlueprintClusteringEnabled:0]]
[2020.06.03-19.32.28:051][  0]LogConfig: Setting CVar [[gc.UseDisregardForGCOnDedicatedServers:0]]
[2020.06.03-19.32.28:051][  0]LogConfig: Applying CVar settings from Section [/Script/Engine.NetworkSettings] File [C:/课程/Final/Saved/Config/Windows/Engine.ini]
[2020.06.03-19.32.28:051][  0]LogConfig: Applying CVar settings from Section [/Script/UnrealEd.CookerSettings] File [C:/课程/Final/Saved/Config/Windows/Engine.ini]
[2020.06.03-19.32.28:056][  0]LogConfig: Applying CVar settings from Section [ViewDistanceQuality@3] File [C:/课程/Final/Saved/Config/Windows/Scalability.ini]
[2020.06.03-19.32.28:056][  0]LogConfig: Setting CVar [[r.SkeletalMeshLODBias:0]]
[2020.06.03-19.32.28:056][  0]LogConfig: Setting CVar [[r.ViewDistanceScale:1.0]]
[2020.06.03-19.32.28:056][  0]LogConfig: Applying CVar settings from Section [AntiAliasingQuality@3] File [C:/课程/Final/Saved/Config/Windows/Scalability.ini]
[2020.06.03-19.32.28:056][  0]LogConfig: Setting CVar [[r.PostProcessAAQuality:4]]
[2020.06.03-19.32.28:056][  0]LogConfig: Applying CVar settings from Section [ShadowQuality@3] File [C:/课程/Final/Saved/Config/Windows/Scalability.ini]
[2020.06.03-19.32.28:056][  0]LogConfig: Setting CVar [[r.LightFunctionQuality:1]]
[2020.06.03-19.32.28:056][  0]LogConfig: Setting CVar [[r.ShadowQuality:5]]
[2020.06.03-19.32.28:056][  0]LogConfig: Setting CVar [[r.Shadow.CSM.MaxCascades:10]]
[2020.06.03-19.32.28:056][  0]LogConfig: Setting CVar [[r.Shadow.MaxResolution:2048]]
[2020.06.03-19.32.28:056][  0]LogConfig: Setting CVar [[r.Shadow.MaxCSMResolution:2048]]
[2020.06.03-19.32.28:056][  0]LogConfig: Setting CVar [[r.Shadow.RadiusThreshold:0.01]]
[2020.06.03-19.32.28:056][  0]LogConfig: Setting CVar [[r.Shadow.DistanceScale:1.0]]
[2020.06.03-19.32.28:056][  0]LogConfig: Setting CVar [[r.Shadow.CSM.TransitionScale:1.0]]
[2020.06.03-19.32.28:056][  0]LogConfig: Setting CVar [[r.Shadow.PreShadowResolutionFactor:1.0]]
[2020.06.03-19.32.28:056][  0]LogConfig: Setting CVar [[r.DistanceFieldShadowing:1]]
[2020.06.03-19.32.28:056][  0]LogConfig: Setting CVar [[r.DistanceFieldAO:1]]
[2020.06.03-19.32.28:056][  0]LogConfig: Setting CVar [[r.AOQuality:2]]
[2020.06.03-19.32.28:056][  0]LogConfig: Setting CVar [[r.VolumetricFog:1]]
[2020.06.03-19.32.28:056][  0]LogConfig: Setting CVar [[r.VolumetricFog.GridPixelSize:8]]
[2020.06.03-19.32.28:056][  0]LogConfig: Setting CVar [[r.VolumetricFog.GridSizeZ:128]]
[2020.06.03-19.32.28:056][  0]LogConfig: Setting CVar [[r.VolumetricFog.HistoryMissSupersampleCount:4]]
[2020.06.03-19.32.28:056][  0]LogConfig: Setting CVar [[r.LightMaxDrawDistanceScale:1]]
[2020.06.03-19.32.28:056][  0]LogConfig: Setting CVar [[r.CapsuleShadows:1]]
[2020.06.03-19.32.28:056][  0]LogConfig: Applying CVar settings from Section [PostProcessQuality@3] File [C:/课程/Final/Saved/Config/Windows/Scalability.ini]
[2020.06.03-19.32.28:056][  0]LogConfig: Setting CVar [[r.MotionBlurQuality:4]]
[2020.06.03-19.32.28:057][  0]LogConfig: Setting CVar [[r.AmbientOcclusionMipLevelFactor:0.4]]
[2020.06.03-19.32.28:057][  0]LogConfig: Setting CVar [[r.AmbientOcclusionMaxQuality:100]]
[2020.06.03-19.32.28:057][  0]LogConfig: Setting CVar [[r.AmbientOcclusionLevels:-1]]
[2020.06.03-19.32.28:057][  0]LogConfig: Setting CVar [[r.AmbientOcclusionRadiusScale:1.0]]
[2020.06.03-19.32.28:057][  0]LogConfig: Setting CVar [[r.DepthOfFieldQuality:2]]
[2020.06.03-19.32.28:057][  0]LogConfig: Setting CVar [[r.RenderTargetPoolMin:400]]
[2020.06.03-19.32.28:057][  0]LogConfig: Setting CVar [[r.LensFlareQuality:2]]
[2020.06.03-19.32.28:057][  0]LogConfig: Setting CVar [[r.SceneColorFringeQuality:1]]
[2020.06.03-19.32.28:057][  0]LogConfig: Setting CVar [[r.EyeAdaptationQuality:2]]
[2020.06.03-19.32.28:057][  0]LogConfig: Setting CVar [[r.BloomQuality:5]]
[2020.06.03-19.32.28:057][  0]LogConfig: Setting CVar [[r.FastBlurThreshold:100]]
[2020.06.03-19.32.28:057][  0]LogConfig: Setting CVar [[r.Upscale.Quality:3]]
[2020.06.03-19.32.28:057][  0]LogConfig: Setting CVar [[r.Tonemapper.GrainQuantization:1]]
[2020.06.03-19.32.28:057][  0]LogConfig: Setting CVar [[r.LightShaftQuality:1]]
[2020.06.03-19.32.28:057][  0]LogConfig: Setting CVar [[r.Filter.SizeScale:1]]
[2020.06.03-19.32.28:057][  0]LogConfig: Setting CVar [[r.Tonemapper.Quality:5]]
[2020.06.03-19.32.28:057][  0]LogConfig: Setting CVar [[r.DOF.Gather.AccumulatorQuality:1        ; higher gathering accumulator quality]]
[2020.06.03-19.32.28:057][  0]LogConfig: Setting CVar [[r.DOF.Gather.PostfilterMethod:1          ; Median3x3 postfilering method]]
[2020.06.03-19.32.28:057][  0]LogConfig: Setting CVar [[r.DOF.Gather.EnableBokehSettings:0       ; no bokeh simulation when gathering]]
[2020.06.03-19.32.28:057][  0]LogConfig: Setting CVar [[r.DOF.Gather.RingCount:4                 ; medium number of samples when gathering]]
[2020.06.03-19.32.28:057][  0]LogConfig: Setting CVar [[r.DOF.Scatter.ForegroundCompositing:1    ; additive foreground scattering]]
[2020.06.03-19.32.28:057][  0]LogConfig: Setting CVar [[r.DOF.Scatter.BackgroundCompositing:2    ; additive background scattering]]
[2020.06.03-19.32.28:057][  0]LogConfig: Setting CVar [[r.DOF.Scatter.EnableBokehSettings:1      ; bokeh simulation when scattering]]
[2020.06.03-19.32.28:057][  0]LogConfig: Setting CVar [[r.DOF.Scatter.MaxSpriteRatio:0.1         ; only a maximum of 10% of scattered bokeh]]
[2020.06.03-19.32.28:057][  0]LogConfig: Setting CVar [[r.DOF.Recombine.Quality:1                ; cheap slight out of focus]]
[2020.06.03-19.32.28:057][  0]LogConfig: Setting CVar [[r.DOF.Recombine.EnableBokehSettings:0    ; no bokeh simulation on slight out of focus]]
[2020.06.03-19.32.28:057][  0]LogConfig: Setting CVar [[r.DOF.TemporalAAQuality:1                ; more stable temporal accumulation]]
[2020.06.03-19.32.28:057][  0]LogConfig: Setting CVar [[r.DOF.Kernel.MaxForegroundRadius:0.025]]
[2020.06.03-19.32.28:057][  0]LogConfig: Setting CVar [[r.DOF.Kernel.MaxBackgroundRadius:0.025]]
[2020.06.03-19.32.28:057][  0]LogConfig: Applying CVar settings from Section [TextureQuality@3] File [C:/课程/Final/Saved/Config/Windows/Scalability.ini]
[2020.06.03-19.32.28:057][  0]LogConfig: Setting CVar [[r.Streaming.MipBias:0]]
[2020.06.03-19.32.28:057][  0]LogConfig: Setting CVar [[r.Streaming.AmortizeCPUToGPUCopy:0]]
[2020.06.03-19.32.28:057][  0]LogConfig: Setting CVar [[r.Streaming.MaxNumTexturesToStreamPerFrame:0]]
[2020.06.03-19.32.28:057][  0]LogConfig: Setting CVar [[r.Streaming.Boost:1]]
[2020.06.03-19.32.28:057][  0]LogConfig: Setting CVar [[r.MaxAnisotropy:8]]
[2020.06.03-19.32.28:057][  0]LogConfig: Setting CVar [[r.Streaming.LimitPoolSizeToVRAM:0]]
[2020.06.03-19.32.28:057][  0]LogConfig: Setting CVar [[r.Streaming.PoolSize:1000]]
[2020.06.03-19.32.28:057][  0]LogConfig: Setting CVar [[r.Streaming.MaxEffectiveScreenSize:0]]
[2020.06.03-19.32.28:057][  0]LogConfig: Applying CVar settings from Section [EffectsQuality@3] File [C:/课程/Final/Saved/Config/Windows/Scalability.ini]
[2020.06.03-19.32.28:057][  0]LogConfig: Setting CVar [[r.TranslucencyLightingVolumeDim:64]]
[2020.06.03-19.32.28:057][  0]LogConfig: Setting CVar [[r.RefractionQuality:2]]
[2020.06.03-19.32.28:057][  0]LogConfig: Setting CVar [[r.SSR.Quality:3]]
[2020.06.03-19.32.28:057][  0]LogConfig: Setting CVar [[r.SceneColorFormat:4]]
[2020.06.03-19.32.28:058][  0]LogConfig: Setting CVar [[r.DetailMode:2]]
[2020.06.03-19.32.28:058][  0]LogConfig: Setting CVar [[r.TranslucencyVolumeBlur:1]]
[2020.06.03-19.32.28:058][  0]LogConfig: Setting CVar [[r.MaterialQualityLevel:1 ; High quality]]
[2020.06.03-19.32.28:058][  0]LogConfig: Setting CVar [[r.SSS.Scale:1]]
[2020.06.03-19.32.28:058][  0]LogConfig: Setting CVar [[r.SSS.SampleSet:2]]
[2020.06.03-19.32.28:058][  0]LogConfig: Setting CVar [[r.SSS.Quality:1]]
[2020.06.03-19.32.28:058][  0]LogConfig: Setting CVar [[r.SSS.HalfRes:1]]
[2020.06.03-19.32.28:058][  0]LogConfig: Setting CVar [[r.EmitterSpawnRateScale:1.0]]
[2020.06.03-19.32.28:058][  0]LogConfig: Setting CVar [[r.ParticleLightQuality:2]]
[2020.06.03-19.32.28:058][  0]LogConfig: Applying CVar settings from Section [FoliageQuality@3] File [C:/课程/Final/Saved/Config/Windows/Scalability.ini]
[2020.06.03-19.32.28:058][  0]LogConfig: Setting CVar [[foliage.DensityScale:1.0]]
[2020.06.03-19.32.28:058][  0]LogConfig: Setting CVar [[grass.DensityScale:1.0]]
[2020.06.03-19.32.28:058][  0]LogInit: Selected Device Profile: [Windows]
[2020.06.03-19.32.28:058][  0]LogInit: Applying CVar settings loaded from the selected device profile: [Windows]
[2020.06.03-19.32.28:077][  0]LogHAL: Display: Platform has ~ 16 GB [16893935616 / 17179869184 / 16], which maps to Larger [LargestMinGB=32, LargerMinGB=12, DefaultMinGB=8, SmallerMinGB=6, SmallestMinGB=0)
[2020.06.03-19.32.28:077][  0]LogConfig: Setting CVar [[r.Vulkan.UseRealUBs:0		; Required until we fix HLR fall-out]]
[2020.06.03-19.32.28:077][  0]LogInit: Going up to parent DeviceProfile []
[2020.06.03-19.32.28:077][  0]LogConfig: Applying CVar settings from Section [ViewDistanceQuality@2] File [C:/课程/Final/Saved/Config/Windows/Scalability.ini]
[2020.06.03-19.32.28:077][  0]LogConfig: Setting CVar [[r.SkeletalMeshLODBias:0]]
[2020.06.03-19.32.28:077][  0]LogConfig: Setting CVar [[r.ViewDistanceScale:0.8]]
[2020.06.03-19.32.28:077][  0]LogConfig: Applying CVar settings from Section [AntiAliasingQuality@2] File [C:/课程/Final/Saved/Config/Windows/Scalability.ini]
[2020.06.03-19.32.28:077][  0]LogConfig: Setting CVar [[r.PostProcessAAQuality:3]]
[2020.06.03-19.32.28:078][  0]LogConfig: Applying CVar settings from Section [ShadowQuality@2] File [C:/课程/Final/Saved/Config/Windows/Scalability.ini]
[2020.06.03-19.32.28:078][  0]LogConfig: Setting CVar [[r.LightFunctionQuality:1]]
[2020.06.03-19.32.28:078][  0]LogConfig: Setting CVar [[r.ShadowQuality:5]]
[2020.06.03-19.32.28:078][  0]LogConfig: Setting CVar [[r.Shadow.CSM.MaxCascades:4]]
[2020.06.03-19.32.28:078][  0]LogConfig: Setting CVar [[r.Shadow.MaxResolution:1024]]
[2020.06.03-19.32.28:078][  0]LogConfig: Setting CVar [[r.Shadow.MaxCSMResolution:2048]]
[2020.06.03-19.32.28:078][  0]LogConfig: Setting CVar [[r.Shadow.RadiusThreshold:0.04]]
[2020.06.03-19.32.28:078][  0]LogConfig: Setting CVar [[r.Shadow.DistanceScale:0.85]]
[2020.06.03-19.32.28:078][  0]LogConfig: Setting CVar [[r.Shadow.CSM.TransitionScale:0.8]]
[2020.06.03-19.32.28:078][  0]LogConfig: Setting CVar [[r.Shadow.PreShadowResolutionFactor:0.5]]
[2020.06.03-19.32.28:078][  0]LogConfig: Setting CVar [[r.DistanceFieldShadowing:1]]
[2020.06.03-19.32.28:078][  0]LogConfig: Setting CVar [[r.DistanceFieldAO:1]]
[2020.06.03-19.32.28:078][  0]LogConfig: Setting CVar [[r.AOQuality:1]]
[2020.06.03-19.32.28:078][  0]LogConfig: Setting CVar [[r.VolumetricFog:1]]
[2020.06.03-19.32.28:078][  0]LogConfig: Setting CVar [[r.VolumetricFog.GridPixelSize:16]]
[2020.06.03-19.32.28:078][  0]LogConfig: Setting CVar [[r.VolumetricFog.GridSizeZ:64]]
[2020.06.03-19.32.28:078][  0]LogConfig: Setting CVar [[r.VolumetricFog.HistoryMissSupersampleCount:4]]
[2020.06.03-19.32.28:078][  0]LogConfig: Setting CVar [[r.LightMaxDrawDistanceScale:1]]
[2020.06.03-19.32.28:078][  0]LogConfig: Setting CVar [[r.CapsuleShadows:1]]
[2020.06.03-19.32.28:078][  0]LogConfig: Applying CVar settings from Section [PostProcessQuality@2] File [C:/课程/Final/Saved/Config/Windows/Scalability.ini]
[2020.06.03-19.32.28:078][  0]LogConfig: Setting CVar [[r.MotionBlurQuality:3]]
[2020.06.03-19.32.28:078][  0]LogConfig: Setting CVar [[r.AmbientOcclusionMipLevelFactor:0.6]]
[2020.06.03-19.32.28:078][  0]LogConfig: Setting CVar [[r.AmbientOcclusionMaxQuality:100]]
[2020.06.03-19.32.28:078][  0]LogConfig: Setting CVar [[r.AmbientOcclusionLevels:-1]]
[2020.06.03-19.32.28:078][  0]LogConfig: Setting CVar [[r.AmbientOcclusionRadiusScale:1.5]]
[2020.06.03-19.32.28:078][  0]LogConfig: Setting CVar [[r.DepthOfFieldQuality:2]]
[2020.06.03-19.32.28:078][  0]LogConfig: Setting CVar [[r.RenderTargetPoolMin:400]]
[2020.06.03-19.32.28:078][  0]LogConfig: Setting CVar [[r.LensFlareQuality:2]]
[2020.06.03-19.32.28:078][  0]LogConfig: Setting CVar [[r.SceneColorFringeQuality:1]]
[2020.06.03-19.32.28:078][  0]LogConfig: Setting CVar [[r.EyeAdaptationQuality:2]]
[2020.06.03-19.32.28:078][  0]LogConfig: Setting CVar [[r.BloomQuality:5]]
[2020.06.03-19.32.28:078][  0]LogConfig: Setting CVar [[r.FastBlurThreshold:3]]
[2020.06.03-19.32.28:078][  0]LogConfig: Setting CVar [[r.Upscale.Quality:2]]
[2020.06.03-19.32.28:078][  0]LogConfig: Setting CVar [[r.Tonemapper.GrainQuantization:1]]
[2020.06.03-19.32.28:078][  0]LogConfig: Setting CVar [[r.LightShaftQuality:1]]
[2020.06.03-19.32.28:078][  0]LogConfig: Setting CVar [[r.Filter.SizeScale:0.8]]
[2020.06.03-19.32.28:078][  0]LogConfig: Setting CVar [[r.Tonemapper.Quality:5]]
[2020.06.03-19.32.28:078][  0]LogConfig: Setting CVar [[r.DOF.Gather.AccumulatorQuality:0        ; lower gathering accumulator quality]]
[2020.06.03-19.32.28:078][  0]LogConfig: Setting CVar [[r.DOF.Gather.PostfilterMethod:2          ; Max3x3 postfilering method]]
[2020.06.03-19.32.28:078][  0]LogConfig: Setting CVar [[r.DOF.Gather.EnableBokehSettings:0       ; no bokeh simulation when gathering]]
[2020.06.03-19.32.28:078][  0]LogConfig: Setting CVar [[r.DOF.Gather.RingCount:4                 ; medium number of samples when gathering]]
[2020.06.03-19.32.28:078][  0]LogConfig: Setting CVar [[r.DOF.Scatter.ForegroundCompositing:1    ; additive foreground scattering]]
[2020.06.03-19.32.28:078][  0]LogConfig: Setting CVar [[r.DOF.Scatter.BackgroundCompositing:1    ; no background occlusion]]
[2020.06.03-19.32.28:078][  0]LogConfig: Setting CVar [[r.DOF.Scatter.EnableBokehSettings:0      ; no bokeh simulation when scattering]]
[2020.06.03-19.32.28:078][  0]LogConfig: Setting CVar [[r.DOF.Scatter.MaxSpriteRatio:0.04        ; only a maximum of 4% of scattered bokeh]]
[2020.06.03-19.32.28:078][  0]LogConfig: Setting CVar [[r.DOF.Recombine.Quality:0                ; no slight out of focus]]
[2020.06.03-19.32.28:078][  0]LogConfig: Setting CVar [[r.DOF.TemporalAAQuality:0                ; faster temporal accumulation]]
[2020.06.03-19.32.28:078][  0]LogConfig: Setting CVar [[r.DOF.Kernel.MaxForegroundRadius:0.012   ; required because of AccumulatorQuality=0]]
[2020.06.03-19.32.28:079][  0]LogConfig: Setting CVar [[r.DOF.Kernel.MaxBackgroundRadius:0.012   ; required because of AccumulatorQuality=0]]
[2020.06.03-19.32.28:079][  0]LogConfig: Applying CVar settings from Section [TextureQuality@2] File [C:/课程/Final/Saved/Config/Windows/Scalability.ini]
[2020.06.03-19.32.28:079][  0]LogConfig: Setting CVar [[r.Streaming.MipBias:0]]
[2020.06.03-19.32.28:079][  0]LogConfig: Setting CVar [[r.Streaming.AmortizeCPUToGPUCopy:0]]
[2020.06.03-19.32.28:079][  0]LogConfig: Setting CVar [[r.Streaming.MaxNumTexturesToStreamPerFrame:0]]
[2020.06.03-19.32.28:079][  0]LogConfig: Setting CVar [[r.Streaming.Boost:1]]
[2020.06.03-19.32.28:079][  0]LogConfig: Setting CVar [[r.MaxAnisotropy:4]]
[2020.06.03-19.32.28:079][  0]LogConfig: Setting CVar [[r.Streaming.LimitPoolSizeToVRAM:1]]
[2020.06.03-19.32.28:079][  0]LogConfig: Setting CVar [[r.Streaming.PoolSize:800]]
[2020.06.03-19.32.28:079][  0]LogConfig: Setting CVar [[r.Streaming.MaxEffectiveScreenSize:0]]
[2020.06.03-19.32.28:079][  0]LogConfig: Applying CVar settings from Section [EffectsQuality@2] File [C:/课程/Final/Saved/Config/Windows/Scalability.ini]
[2020.06.03-19.32.28:079][  0]LogConfig: Setting CVar [[r.TranslucencyLightingVolumeDim:48]]
[2020.06.03-19.32.28:079][  0]LogConfig: Setting CVar [[r.RefractionQuality:2]]
[2020.06.03-19.32.28:079][  0]LogConfig: Setting CVar [[r.SSR.Quality:2]]
[2020.06.03-19.32.28:079][  0]LogConfig: Setting CVar [[r.SceneColorFormat:3]]
[2020.06.03-19.32.28:079][  0]LogConfig: Setting CVar [[r.DetailMode:1]]
[2020.06.03-19.32.28:079][  0]LogConfig: Setting CVar [[r.TranslucencyVolumeBlur:1]]
[2020.06.03-19.32.28:079][  0]LogConfig: Setting CVar [[r.MaterialQualityLevel:1 ; High quality]]
[2020.06.03-19.32.28:079][  0]LogConfig: Setting CVar [[r.SSS.Scale:1]]
[2020.06.03-19.32.28:079][  0]LogConfig: Setting CVar [[r.SSS.SampleSet:1]]
[2020.06.03-19.32.28:079][  0]LogConfig: Setting CVar [[r.SSS.Quality:-1]]
[2020.06.03-19.32.28:079][  0]LogConfig: Setting CVar [[r.SSS.HalfRes:1]]
[2020.06.03-19.32.28:079][  0]LogConfig: Setting CVar [[r.EmitterSpawnRateScale:0.5]]
[2020.06.03-19.32.28:079][  0]LogConfig: Setting CVar [[r.ParticleLightQuality:1]]
[2020.06.03-19.32.28:079][  0]LogConfig: Applying CVar settings from Section [FoliageQuality@2] File [C:/课程/Final/Saved/Config/Windows/Scalability.ini]
[2020.06.03-19.32.28:079][  0]LogConfig: Setting CVar [[foliage.DensityScale:0.8]]
[2020.06.03-19.32.28:079][  0]LogConfig: Setting CVar [[grass.DensityScale:0.8]]
[2020.06.03-19.32.28:079][  0]LogConfig: Applying CVar settings from Section [Startup] File [../../../Engine/Config/ConsoleVariables.ini]
[2020.06.03-19.32.28:080][  0]LogConfig: Setting CVar [[net.UseAdaptiveNetUpdateFrequency:0]]
[2020.06.03-19.32.28:080][  0]LogConfig: Setting CVar [[p.chaos.AllowCreatePhysxBodies:1]]
[2020.06.03-19.32.28:080][  0]LogConfig: Applying CVar settings from Section [ConsoleVariables] File [C:/课程/Final/Saved/Config/Windows/Engine.ini]
[2020.06.03-19.32.28:080][  0]LogInit: Computer: DESKTOP-7D0H28H
[2020.06.03-19.32.28:080][  0]LogInit: User: Lu
[2020.06.03-19.32.28:080][  0]LogInit: CPU Page size=4096, Cores=6
[2020.06.03-19.32.28:080][  0]LogInit: High frequency timer resolution =10.000000 MHz
[2020.06.03-19.32.28:080][  0]LogMemory: Memory total: Physical=15.7GB (16GB approx)
[2020.06.03-19.32.28:080][  0]LogMemory: Platform Memory Stats for Windows
[2020.06.03-19.32.28:080][  0]LogMemory: Process Physical Memory: 99.40 MB used, 99.41 MB peak
[2020.06.03-19.32.28:080][  0]LogMemory: Process Virtual Memory: 89.84 MB used, 89.84 MB peak
[2020.06.03-19.32.28:080][  0]LogMemory: Physical Memory: 11995.31 MB used,  4116.00 MB free, 16111.31 MB total
[2020.06.03-19.32.28:080][  0]LogMemory: Virtual Memory: 4660.61 MB used,  134213064.00 MB free, 134217728.00 MB total
[2020.06.03-19.32.28:319][  0]LogInit: Overriding language with editor language configuration option (en).
[2020.06.03-19.32.28:319][  0]LogInit: Overriding locale with editor locale configuration option (en).
[2020.06.03-19.32.28:659][  0]LogInit: Setting process to per monitor DPI aware
[2020.06.03-19.32.28:999][  0]LogSlate: New Slate User Created.  User Index 0, Is Virtual User: 0
[2020.06.03-19.32.28:999][  0]LogSlate: Slate User Registered.  User Index 0, Is Virtual User: 0
[2020.06.03-19.32.29:512][  0]LogHMD: Failed to initialize OpenVR with code 110
[2020.06.03-19.32.29:513][  0]LogD3D11RHI: D3D11 adapters:
[2020.06.03-19.32.29:663][  0]LogD3D11RHI:    0. 'NVIDIA GeForce GTX 1650' (Feature Level 11_0)
[2020.06.03-19.32.29:663][  0]LogD3D11RHI:       3964/0/8055 MB DedicatedVideo/DedicatedSystem/SharedSystem, Outputs:1, VendorId:0x10de
[2020.06.03-19.32.29:728][  0]LogD3D11RHI:    1. 'Intel(R) UHD Graphics 630' (Feature Level 11_0)
[2020.06.03-19.32.29:728][  0]LogD3D11RHI:       128/0/8055 MB DedicatedVideo/DedicatedSystem/SharedSystem, Outputs:0, VendorId:0x8086
[2020.06.03-19.32.29:733][  0]LogD3D11RHI:    2. 'Microsoft Basic Render Driver' (Feature Level 11_0)
[2020.06.03-19.32.29:733][  0]LogD3D11RHI:       0/0/8055 MB DedicatedVideo/DedicatedSystem/SharedSystem, Outputs:0, VendorId:0x1414
[2020.06.03-19.32.29:733][  0]LogD3D11RHI: Chosen D3D11 Adapter: 0
[2020.06.03-19.32.29:761][  0]LogD3D11RHI: Creating new Direct3DDevice
[2020.06.03-19.32.29:761][  0]LogD3D11RHI:     GPU DeviceId: 0x1f91 (for the marketing name, search the web for "GPU Device Id")
[2020.06.03-19.32.29:761][  0]LogWindows: EnumDisplayDevices:
[2020.06.03-19.32.29:761][  0]LogWindows:    0. 'Intel(R) UHD Graphics 630' (P:1 D:1)
[2020.06.03-19.32.29:763][  0]LogWindows:    1. 'Intel(R) UHD Graphics 630' (P:0 D:0)
[2020.06.03-19.32.29:764][  0]LogWindows:    2. 'Intel(R) UHD Graphics 630' (P:0 D:0)
[2020.06.03-19.32.29:764][  0]LogWindows: DebugString: PrimaryIsNotTheChoosenAdapter PrimaryIsNotTheChoosenAdapter PrimaryIsNotTheChoosenAdapter FoundDriverCount:0 
[2020.06.03-19.32.29:764][  0]LogD3D11RHI:     Adapter Name: NVIDIA GeForce GTX 1650
[2020.06.03-19.32.29:764][  0]LogD3D11RHI:   Driver Version: Unknown (internal:Unknown, unified:Unknown)
[2020.06.03-19.32.29:764][  0]LogD3D11RHI:      Driver Date: Unknown
[2020.06.03-19.32.29:765][  0]LogRHI: Texture pool is 2774 MB (70% of 3964 MB)
[2020.06.03-19.32.29:873][  0]LogD3D11RHI: Async texture creation enabled
[2020.06.03-19.32.29:881][  0]LogRendererCore: FGlobalReadBuffer::InitRHI
[2020.06.03-19.32.29:881][  0]LogRendererCore: FGlobalReadBuffer::InitRHI
[2020.06.03-19.32.29:881][  0]LogRendererCore: FGlobalReadBuffer::InitRHI
[2020.06.03-19.32.29:897][  0]LogD3D11RHI: GPU Timing Frequency: 1000.000000 (Debug: 2 2)
[2020.06.03-19.32.30:812][  0]LogTemp: Display: Module 'AllDesktopTargetPlatform' loaded TargetPlatform 'AllDesktop'
[2020.06.03-19.32.30:839][  0]LogTemp: Display: Module 'MacClientTargetPlatform' loaded TargetPlatform 'MacClient'
[2020.06.03-19.32.30:865][  0]LogTemp: Display: Module 'MacNoEditorTargetPlatform' loaded TargetPlatform 'MacNoEditor'
[2020.06.03-19.32.30:889][  0]LogTemp: Display: Module 'MacServerTargetPlatform' loaded TargetPlatform 'MacServer'
[2020.06.03-19.32.30:914][  0]LogTemp: Display: Module 'MacTargetPlatform' loaded TargetPlatform 'Mac'
[2020.06.03-19.32.30:952][  0]LogTemp: Display: Module 'WindowsClientTargetPlatform' loaded TargetPlatform 'WindowsClient'
[2020.06.03-19.32.30:982][  0]LogTemp: Display: Module 'WindowsNoEditorTargetPlatform' loaded TargetPlatform 'WindowsNoEditor'
[2020.06.03-19.32.31:021][  0]LogTemp: Display: Module 'WindowsServerTargetPlatform' loaded TargetPlatform 'WindowsServer'
[2020.06.03-19.32.31:038][  0]LogTemp: Display: Module 'WindowsTargetPlatform' loaded TargetPlatform 'Windows'
[2020.06.03-19.32.31:278][  0]LogTemp: Display: Module 'AndroidTargetPlatform' loaded TargetPlatform 'Android'
[2020.06.03-19.32.31:278][  0]LogTemp: Display: Module 'AndroidTargetPlatform' loaded TargetPlatform 'Android_ASTC'
[2020.06.03-19.32.31:278][  0]LogTemp: Display: Module 'AndroidTargetPlatform' loaded TargetPlatform 'Android_ATC'
[2020.06.03-19.32.31:278][  0]LogTemp: Display: Module 'AndroidTargetPlatform' loaded TargetPlatform 'Android_DXT'
[2020.06.03-19.32.31:278][  0]LogTemp: Display: Module 'AndroidTargetPlatform' loaded TargetPlatform 'Android_ETC1'
[2020.06.03-19.32.31:278][  0]LogTemp: Display: Module 'AndroidTargetPlatform' loaded TargetPlatform 'Android_ETC1a'
[2020.06.03-19.32.31:278][  0]LogTemp: Display: Module 'AndroidTargetPlatform' loaded TargetPlatform 'Android_ETC2'
[2020.06.03-19.32.31:278][  0]LogTemp: Display: Module 'AndroidTargetPlatform' loaded TargetPlatform 'Android_PVRTC'
[2020.06.03-19.32.31:278][  0]LogTemp: Display: Module 'AndroidTargetPlatform' loaded TargetPlatform 'AndroidClient'
[2020.06.03-19.32.31:278][  0]LogTemp: Display: Module 'AndroidTargetPlatform' loaded TargetPlatform 'Android_ASTCClient'
[2020.06.03-19.32.31:278][  0]LogTemp: Display: Module 'AndroidTargetPlatform' loaded TargetPlatform 'Android_ATCClient'
[2020.06.03-19.32.31:278][  0]LogTemp: Display: Module 'AndroidTargetPlatform' loaded TargetPlatform 'Android_DXTClient'
[2020.06.03-19.32.31:278][  0]LogTemp: Display: Module 'AndroidTargetPlatform' loaded TargetPlatform 'Android_ETC1Client'
[2020.06.03-19.32.31:278][  0]LogTemp: Display: Module 'AndroidTargetPlatform' loaded TargetPlatform 'Android_ETC1aClient'
[2020.06.03-19.32.31:278][  0]LogTemp: Display: Module 'AndroidTargetPlatform' loaded TargetPlatform 'Android_ETC2Client'
[2020.06.03-19.32.31:278][  0]LogTemp: Display: Module 'AndroidTargetPlatform' loaded TargetPlatform 'Android_PVRTCClient'
[2020.06.03-19.32.31:278][  0]LogTemp: Display: Module 'AndroidTargetPlatform' loaded TargetPlatform 'Android_Multi'
[2020.06.03-19.32.31:278][  0]LogTemp: Display: Module 'AndroidTargetPlatform' loaded TargetPlatform 'Android_MultiClient'
[2020.06.03-19.32.31:285][  0]LogTemp: Display: Module 'HTML5TargetPlatform' loaded TargetPlatform 'HTML5'
[2020.06.03-19.32.31:384][  0]LogTemp: Display: Module 'IOSTargetPlatform' loaded TargetPlatform 'IOSClient'
[2020.06.03-19.32.31:384][  0]LogTemp: Display: Module 'IOSTargetPlatform' loaded TargetPlatform 'IOS'
[2020.06.03-19.32.31:465][  0]LogTemp: Display: Module 'TVOSTargetPlatform' loaded TargetPlatform 'TVOSClient'
[2020.06.03-19.32.31:465][  0]LogTemp: Display: Module 'TVOSTargetPlatform' loaded TargetPlatform 'TVOS'
[2020.06.03-19.32.31:502][  0]LogTemp: Display: Module 'LinuxClientTargetPlatform' loaded TargetPlatform 'LinuxClient'
[2020.06.03-19.32.31:543][  0]LogTemp: Display: Module 'LinuxNoEditorTargetPlatform' loaded TargetPlatform 'LinuxNoEditor'
[2020.06.03-19.32.31:591][  0]LogTemp: Display: Module 'LinuxServerTargetPlatform' loaded TargetPlatform 'LinuxServer'
[2020.06.03-19.32.31:634][  0]LogTemp: Display: Module 'LinuxTargetPlatform' loaded TargetPlatform 'Linux'
[2020.06.03-19.32.31:749][  0]LogTemp: Display: Module 'LuminTargetPlatform' loaded TargetPlatform 'Lumin'
[2020.06.03-19.32.31:750][  0]LogTemp: Display: Module 'LuminTargetPlatform' loaded TargetPlatform 'LuminClient'
[2020.06.03-19.32.31:750][  0]LogTargetPlatformManager: Display: Building Assets For Windows
[2020.06.03-19.32.31:766][  0]LogAudioDebug: Display: Lib vorbis DLL was dynamically loaded.
[2020.06.03-19.32.31:882][  0]LogShaderCompilers: Guid format shader working directory is 16 characters bigger than the processId version (../../../../../../课程/Final/Intermediate/Shaders/WorkingDirectory/36176/).
[2020.06.03-19.32.31:882][  0]LogShaderCompilers: Cleaned the shader compiler working directory 'C:/Users/Lu/AppData/Local/Temp/UnrealShaderWorkingDir/3F2AAFAC4A8EE1EA0392AD850C3DC307/'.
[2020.06.03-19.32.31:886][  0]LogXGEController: Cannot use XGE Controller as Incredibuild is not installed on this machine.
[2020.06.03-19.32.31:886][  0]LogShaderCompilers: Cannot use XGE Shader Compiler as Incredibuild is not installed on this machine.
[2020.06.03-19.32.31:886][  0]LogShaderCompilers: Display: Using Local Shader Compiler.
[2020.06.03-19.32.32:987][  0]LogDerivedDataCache: Display: Max Cache Size: 512 MB
[2020.06.03-19.32.33:074][  0]LogDerivedDataCache: Loaded boot cache 0.09s 71MB C:/Users/Lu/AppData/Local/UnrealEngine/4.22/DerivedDataCache/Boot.ddc.
[2020.06.03-19.32.33:074][  0]LogDerivedDataCache: Display: Loaded Boot cache: C:/Users/Lu/AppData/Local/UnrealEngine/4.22/DerivedDataCache/Boot.ddc
[2020.06.03-19.32.33:075][  0]LogDerivedDataCache: FDerivedDataBackendGraph:  Pak pak cache file ../../../../../../课程/Final/DerivedDataCache/DDC.ddp not found, will not use a pak cache.
[2020.06.03-19.32.33:075][  0]LogDerivedDataCache: Unable to find inner node Pak for hierarchical cache Hierarchy.
[2020.06.03-19.32.33:075][  0]LogDerivedDataCache: FDerivedDataBackendGraph:  CompressedPak pak cache file ../../../../../../课程/Final/DerivedDataCache/Compressed.ddp not found, will not use a pak cache.
[2020.06.03-19.32.33:075][  0]LogDerivedDataCache: Unable to find inner node CompressedPak for hierarchical cache Hierarchy.
[2020.06.03-19.32.33:097][  0]LogDerivedDataCache: Display: Pak cache opened for reading ../../../Engine/DerivedDataCache/Compressed.ddp.
[2020.06.03-19.32.33:097][  0]LogDerivedDataCache: FDerivedDataBackendGraph:  EnterprisePak pak cache file ../../../Enterprise/DerivedDataCache/Compressed.ddp not found, will not use a pak cache.
[2020.06.03-19.32.33:097][  0]LogDerivedDataCache: Unable to find inner node EnterprisePak for hierarchical cache Hierarchy.
[2020.06.03-19.32.33:110][  0]LogDerivedDataCache: Using Local data cache path C:/Users/Lu/AppData/Local/UnrealEngine/Common/DerivedDataCache: Writable
[2020.06.03-19.32.33:110][  0]LogDerivedDataCache: Shared data cache path not found in *engine.ini, will not use an Shared cache.
[2020.06.03-19.32.33:110][  0]LogDerivedDataCache: Unable to find inner node Shared for hierarchical cache Hierarchy.
[2020.06.03-19.32.33:157][  0]LogMaterial: Verifying Global Shaders for PCD3D_SM5
[2020.06.03-19.32.33:159][  0]LogSlate: Using FreeType 2.6.0
[2020.06.03-19.32.33:161][  0]LogSlate: SlateFontServices - WITH_FREETYPE: 1, WITH_HARFBUZZ: 1
[2020.06.03-19.32.33:329][  0]LogAssetRegistry: FAssetRegistry took 0.0455 seconds to start up
[2020.06.03-19.32.34:266][  0]LogInit: Selected Device Profile: [Windows]
[2020.06.03-19.32.34:583][  0]LogMeshReduction: Using QuadricMeshReduction for automatic static mesh reduction
[2020.06.03-19.32.34:583][  0]LogMeshReduction: Using SimplygonMeshReduction for automatic skeletal mesh reduction
[2020.06.03-19.32.34:583][  0]LogMeshReduction: Using ProxyLODMeshReduction for automatic mesh merging
[2020.06.03-19.32.34:583][  0]LogMeshReduction: No distributed automatic mesh merging module available
[2020.06.03-19.32.34:583][  0]LogMeshMerging: No distributed automatic mesh merging module available
[2020.06.03-19.32.34:605][  0]LogNetVersion: FinalGPS 1.0.0, NetCL: 5660361, EngineNetVer: 10, GameNetVer: 0 (Checksum: 1484327005)
[2020.06.03-19.32.35:650][  0]LogPackageLocalizationCache: Processed 10 localized package path(s) for 1 prioritized culture(s) in 0.085617 seconds
[2020.06.03-19.32.35:663][  0]LogUObjectArray: 42205 objects as part of root set at end of initial load.
[2020.06.03-19.32.35:663][  0]LogUObjectAllocator: 7325032 out of 0 bytes used by permanent object pool.
[2020.06.03-19.32.35:663][  0]LogUObjectArray: CloseDisregardForGC: 0/0 objects in disregard for GC pool
[2020.06.03-19.32.37:587][  0]LogTcpMessaging: Initializing TcpMessaging bridge
[2020.06.03-19.32.37:603][  0]LogUdpMessaging: Initializing bridge on interface 0.0.0.0:0 to multicast group 230.0.0.1:6666.
[2020.06.03-19.32.37:766][  0]SourceControl: Source control is disabled
[2020.06.03-19.32.37:766][  0]SourceControl: Source control is disabled
[2020.06.03-19.32.37:769][  0]SourceControl: Source control is disabled
[2020.06.03-19.32.37:773][  0]SourceControl: Source control is disabled
[2020.06.03-19.32.38:038][  0]LogAndroidPermission: UAndroidPermissionCallbackProxy::GetInstance
[2020.06.03-19.32.38:368][  0]LogOcInput: OculusInput pre-init called
[2020.06.03-19.32.40:341][  0]LogEngine: Initializing Engine...
[2020.06.03-19.32.40:346][  0]LogHMD: Failed to initialize OpenVR with code 110
[2020.06.03-19.32.40:349][  0]LogStats: UGameplayTagsManager::InitializeManager -  0.001 s
[2020.06.03-19.32.40:914][  0]LogInit: Initializing FReadOnlyCVARCache
[2020.06.03-19.32.40:942][  0]LogAIModule: Creating AISystem for world Untitled
[2020.06.03-19.32.41:106][  0]LogInit: XAudio2 using 'Speakers/Headphones (Realtek(R) Audio)' : 2 channels at 48 kHz using 32 bits per sample (channel mask 0x3)
[2020.06.03-19.32.41:938][  0]LogInit: FAudioDevice initialized.
[2020.06.03-19.32.41:938][  0]LogNetVersion: Set ProjectVersion to 1.0.0.0. Version Checksum will be recalculated on next use.
[2020.06.03-19.32.42:037][  0]LogDerivedDataCache: Saved boot cache 0.10s 71MB C:/Users/Lu/AppData/Local/UnrealEngine/4.22/DerivedDataCache/Boot.ddc.
[2020.06.03-19.32.42:048][  0]LogInit: Texture streaming: Enabled
[2020.06.03-19.32.42:100][  0]LogEngineSessionManager: EngineSessionManager initialized
[2020.06.03-19.32.42:150][  0]LogInit: Transaction tracking system initialized
[2020.06.03-19.32.42:207][  0]BlueprintLog: New page: Editor Load
[2020.06.03-19.32.42:424][  0]LocalizationService: Localization service is disabled
[2020.06.03-19.32.43:204][  0]LogFileCache: Scanning file cache for directory 'C:/课程/Final/Content/' took 0.03s
[2020.06.03-19.32.43:204][  0]LogCook: Display: Max memory allowance for cook 16384mb min free memory 0mb
[2020.06.03-19.32.43:204][  0]LogCook: Display: Mobile HDR setting 1
[2020.06.03-19.32.43:619][  0]SourceControl: Source control is disabled
[2020.06.03-19.32.43:619][  0]Cmd: MAP LOAD FILE="../../../../../../课程/Final/Content/Maps/PathFinding.umap" TEMPLATE=0 SHOWPROGRESS=1 FEATURELEVEL=3
[2020.06.03-19.32.43:621][  0]LightingResults: New page: Lighting Build
[2020.06.03-19.32.43:628][  0]MapCheck: New page: Map Check
[2020.06.03-19.32.43:628][  0]LightingResults: New page: Lighting Build
[2020.06.03-19.32.43:676][  0]LogUObjectHash: Compacting FUObjectHashTables data took   3.95ms
[2020.06.03-19.32.50:470][  0]LogTemp: IOS device listing is disabled (to many failed attempts)!
[2020.06.03-19.32.50:470][  0]LogAIModule: Creating AISystem for world PathFinding
[2020.06.03-19.32.50:542][  0]LogEditorServer: Finished looking for orphan Actors (0.000 secs)
[2020.06.03-19.32.50:611][  0]LogUObjectHash: Compacting FUObjectHashTables data took   5.51ms
[2020.06.03-19.32.50:611][  0]Cmd: MAP CHECKDEP NOCLEARLOG
[2020.06.03-19.32.50:612][  0]MapCheck: Map check complete: 0 Error(s), 0 Warning(s), took 0.482ms to complete.
[2020.06.03-19.32.50:612][  0]LogFileHelpers: Loading map 'PathFinding' took 6.994
[2020.06.03-19.32.50:906][  0]LogSlate: Updating window title bar state: overlay mode, drag disabled, window buttons hidden, title bar hidden
[2020.06.03-19.32.50:919][  0]LogSlate: Updating window title bar state: overlay mode, drag disabled, window buttons hidden, title bar hidden
[2020.06.03-19.32.50:932][  0]LogSlate: Updating window title bar state: overlay mode, drag disabled, window buttons hidden, title bar hidden
[2020.06.03-19.32.50:947][  0]LogSlate: Updating window title bar state: overlay mode, drag disabled, window buttons hidden, title bar hidden
[2020.06.03-19.32.50:964][  0]LogCollectionManager: Loaded 0 collections in 0.002010 seconds
[2020.06.03-19.32.51:028][  0]LogFileCache: Scanning file cache for directory 'C:/课程/Final/Saved/Collections/' took 0.01s
[2020.06.03-19.32.51:028][  0]LogFileCache: Scanning file cache for directory 'C:/课程/Final/Content/Developers/Lu/Collections/' took 0.01s
[2020.06.03-19.32.51:028][  0]LogFileCache: Scanning file cache for directory 'C:/课程/Final/Content/Collections/' took 0.01s
[2020.06.03-19.32.51:028][  0]LogCollectionManager: Rebuilt the GUID cache for 0 collections in 0.000001 seconds
[2020.06.03-19.32.51:045][  0]LogContentBrowser: Native class hierarchy populated in 0.0155 seconds. Added 2732 classes and 659 folders.
[2020.06.03-19.32.51:063][  0]LogContentBrowser: Native class hierarchy updated for 'WidgetCarousel' in 0.0007 seconds. Added 0 classes and 0 folders.
[2020.06.03-19.32.51:072][  0]LogPakFile: Registered encryption key '00000000000000000000000000000000': 0 pak files mounted, 0 remain pending
[2020.06.03-19.32.51:078][  0]LogPakFile: Registered encryption key '00000000000000000000000000000000': 0 pak files mounted, 0 remain pending
[2020.06.03-19.32.51:083][  0]LogPakFile: Registered encryption key '00000000000000000000000000000000': 0 pak files mounted, 0 remain pending
[2020.06.03-19.32.51:086][  0]LogPakFile: Registered encryption key '00000000000000000000000000000000': 0 pak files mounted, 0 remain pending
[2020.06.03-19.32.51:088][  0]LogPakFile: Registered encryption key '00000000000000000000000000000000': 0 pak files mounted, 0 remain pending
[2020.06.03-19.32.51:092][  0]LogPakFile: Registered encryption key '00000000000000000000000000000000': 0 pak files mounted, 0 remain pending
[2020.06.03-19.32.51:096][  0]LogPakFile: Registered encryption key '00000000000000000000000000000000': 0 pak files mounted, 0 remain pending
[2020.06.03-19.32.51:099][  0]LogPakFile: Registered encryption key '00000000000000000000000000000000': 0 pak files mounted, 0 remain pending
[2020.06.03-19.32.51:102][  0]LogPakFile: Registered encryption key '00000000000000000000000000000000': 0 pak files mounted, 0 remain pending
[2020.06.03-19.32.51:105][  0]LogPakFile: Registered encryption key '00000000000000000000000000000000': 0 pak files mounted, 0 remain pending
[2020.06.03-19.32.51:108][  0]LogPakFile: Registered encryption key '00000000000000000000000000000000': 0 pak files mounted, 0 remain pending
[2020.06.03-19.32.51:111][  0]LogPakFile: Registered encryption key '00000000000000000000000000000000': 0 pak files mounted, 0 remain pending
[2020.06.03-19.32.51:114][  0]LogPakFile: Registered encryption key '00000000000000000000000000000000': 0 pak files mounted, 0 remain pending
[2020.06.03-19.32.51:117][  0]LogPakFile: Registered encryption key '00000000000000000000000000000000': 0 pak files mounted, 0 remain pending
[2020.06.03-19.32.51:120][  0]LogPakFile: Registered encryption key '00000000000000000000000000000000': 0 pak files mounted, 0 remain pending
[2020.06.03-19.32.51:124][  0]LogPakFile: Registered encryption key '00000000000000000000000000000000': 0 pak files mounted, 0 remain pending
[2020.06.03-19.32.51:127][  0]LogPakFile: Registered encryption key '00000000000000000000000000000000': 0 pak files mounted, 0 remain pending
[2020.06.03-19.32.51:130][  0]LogPakFile: Registered encryption key '00000000000000000000000000000000': 0 pak files mounted, 0 remain pending
[2020.06.03-19.32.51:133][  0]LogPakFile: Registered encryption key '00000000000000000000000000000000': 0 pak files mounted, 0 remain pending
[2020.06.03-19.32.51:136][  0]LogPakFile: Registered encryption key '00000000000000000000000000000000': 0 pak files mounted, 0 remain pending
[2020.06.03-19.32.51:139][  0]LogPakFile: Registered encryption key '00000000000000000000000000000000': 0 pak files mounted, 0 remain pending
[2020.06.03-19.32.51:142][  0]LogPakFile: Registered encryption key '00000000000000000000000000000000': 0 pak files mounted, 0 remain pending
[2020.06.03-19.32.51:145][  0]LogPakFile: Registered encryption key '00000000000000000000000000000000': 0 pak files mounted, 0 remain pending
[2020.06.03-19.32.51:147][  0]LogPakFile: Registered encryption key '00000000000000000000000000000000': 0 pak files mounted, 0 remain pending
[2020.06.03-19.32.51:150][  0]LogPakFile: Registered encryption key '00000000000000000000000000000000': 0 pak files mounted, 0 remain pending
[2020.06.03-19.32.51:153][  0]LogPakFile: Registered encryption key '00000000000000000000000000000000': 0 pak files mounted, 0 remain pending
[2020.06.03-19.32.51:301][  0]LogContentBrowser: Native class hierarchy updated for 'AddContentDialog' in 0.0007 seconds. Added 0 classes and 0 folders.
[2020.06.03-19.32.51:319][  0]LogContentBrowser: Native class hierarchy updated for 'SceneOutliner' in 0.0005 seconds. Added 1 classes and 2 folders.
[2020.06.03-19.32.51:569][  0]LogSlate: Took 0.000419 seconds to synchronously load lazily loaded font '../../../Engine/Content/Slate/Fonts/Roboto-Regular.ttf' (155K)
[2020.06.03-19.32.51:579][  0]LogSlate: Took 0.000508 seconds to synchronously load lazily loaded font '../../../Engine/Content/Slate/Fonts/Roboto-Bold.ttf' (160K)
[2020.06.03-19.32.51:589][  0]LogSlate: Took 0.000896 seconds to synchronously load lazily loaded font '../../../Engine/Content/Editor/Slate/Fonts/FontAwesome.ttf' (139K)
[2020.06.03-19.32.51:762][  0]LogRenderer: Reallocating scene render targets to support 828x400 Format 9 NumSamples 1 (Frame:1).
[2020.06.03-19.32.52:855][  0]LogContentBrowser: Native class hierarchy updated for 'HierarchicalLODOutliner' in 0.0008 seconds. Added 0 classes and 0 folders.
[2020.06.03-19.32.52:855][  0]LogLoad: (Engine Initialization) Total time: 28.81 seconds
[2020.06.03-19.32.52:855][  0]LogLoad: (Engine Initialization) Total Blueprint compile time: 0.00 seconds
[2020.06.03-19.32.52:954][  0]LogAssetRegistry: Asset discovery search completed in 19.6488 seconds
[2020.06.03-19.32.52:959][  0]LogCollectionManager: Rebuilt the object cache for 0 collections in 0.000000 seconds (found 0 objects)
[2020.06.03-19.32.52:959][  0]LogCollectionManager: Fixed up redirectors for 0 collections in 0.000074 seconds (updated 0 objects)
[2020.06.03-19.32.52:963][  0]LogContentStreaming: Texture pool size now 800 MB
[2020.06.03-19.32.53:214][  1]LogFileCache: Retrieving MD5 hashes for directory 'C:/课程/Final/Content/' took 0.31s
[2020.06.03-19.33.18:014][ 75]LogSlate: FSceneViewport::OnFocusLost() reason 0
[2020.06.03-19.33.19:390][135]LogEditorViewport: Clicking on Actor (LMB): StaticMeshActor (Cube)
[2020.06.03-19.33.24:138][259]LogSlate: FSceneViewport::OnFocusLost() reason 2
[2020.06.03-19.33.24:945][292]LogSlate: FSceneViewport::OnFocusLost() reason 2
[2020.06.03-19.33.27:419][341]LogUObjectHash: Compacting FUObjectHashTables data took   1.89ms
[2020.06.03-19.33.27:425][341]Cmd: MAP LOAD FILE="../../../../../../课程/Final/Content/Maps/StartMenu.umap" TEMPLATE=0 SHOWPROGRESS=1 FEATURELEVEL=3
[2020.06.03-19.33.27:449][341]LogSlate: Took 0.000906 seconds to synchronously load lazily loaded font '../../../Engine/Content/Slate/Fonts/Roboto-Light.ttf' (167K)
[2020.06.03-19.33.27:522][341]LightingResults: New page: Lighting Build
[2020.06.03-19.33.27:523][341]LoadErrors: New page: Loading map: StartMenu.umap
[2020.06.03-19.33.27:529][341]MapCheck: New page: Map Check
[2020.06.03-19.33.27:529][341]LightingResults: New page: Lighting Build
[2020.06.03-19.33.27:578][341]LogUObjectHash: Compacting FUObjectHashTables data took   2.84ms
[2020.06.03-19.33.27:851][341]LogAIModule: Creating AISystem for world StartMenu
[2020.06.03-19.33.28:000][341]LogEditorServer: Finished looking for orphan Actors (0.000 secs)
[2020.06.03-19.33.28:049][341]LogUObjectHash: Compacting FUObjectHashTables data took   3.53ms
[2020.06.03-19.33.28:108][341]Cmd: MAP CHECKDEP NOCLEARLOG
[2020.06.03-19.33.28:108][341]MapCheck: Map check complete: 0 Error(s), 0 Warning(s), took 0.329ms to complete.
[2020.06.03-19.33.28:108][341]LogFileHelpers: Loading map 'StartMenu' took 0.686
[2020.06.03-19.33.28:109][341]LogSlate: Window 'Open Level' being destroyed
[2020.06.03-19.33.57:895][ 52]LogSlate: FSceneViewport::OnFocusLost() reason 0
[2020.06.03-19.34.02:326][266]LogAssetEditorManager: Opening Asset editor for Blueprint /Game/Blueprints/Grid/BP_Grid.BP_Grid
[2020.06.03-19.34.02:857][266]LogContentBrowser: Native class hierarchy updated for 'BlueprintGraph' in 0.0009 seconds. Added 121 classes and 0 folders.
[2020.06.03-19.34.06:084][266]LogScript: Warning: Script Msg: Divide by zero: Divide_Vector2DFloat
[2020.06.03-19.34.06:105][266]LogSlate: Took 0.001003 seconds to synchronously load lazily loaded font '../../../Engine/Content/Slate/Fonts/Roboto-BoldCondensed.ttf' (158K)
[2020.06.03-19.34.06:375][267]LogSlate: Took 0.001106 seconds to synchronously load lazily loaded font '../../../Engine/Content/Slate/Fonts/Roboto-Italic.ttf' (157K)
[2020.06.03-19.34.20:400][841]BlueprintLog: New page: Compile BP_Grid
[2020.06.03-19.34.20:651][841]LogScript: Warning: Script Msg: Divide by zero: Divide_Vector2DFloat
[2020.06.03-19.34.20:902][841]LogUObjectHash: Compacting FUObjectHashTables data took   4.79ms
[2020.06.03-19.34.20:918][841]LogScript: Warning: Script Msg: Divide by zero: Divide_Vector2DFloat
[2020.06.03-19.34.20:959][841]LogScript: Warning: Script Msg: Divide by zero: Divide_Vector2DFloat
[2020.06.03-19.34.21:531][862]Cmd: OBJ SAVEPACKAGE PACKAGE="/Game/Blueprints/Grid/BP_Grid" FILE="../../../../../../课程/Final/Content/Blueprints/Grid/BP_Grid.uasset" SILENT=true
[2020.06.03-19.34.22:273][862]LogSavePackage: Moving '../../../../../../课程/Final/Saved/BP_Grid516ECB9B42A6274947C104B0ED93F380.tmp' to '../../../../../../课程/Final/Content/Blueprints/Grid/BP_Grid.uasset'
[2020.06.03-19.34.34:431][493]LogEditorViewport: Clicking on Actor (LMB): BP_Ground_C (BP_Ground)
[2020.06.03-19.34.34:944][512]LogEditorViewport: Clicking on Actor (LMB): BP_Ground_C (BP_Ground)
[2020.06.03-19.34.36:092][553]LogSlate: FSceneViewport::OnFocusLost() reason 0
[2020.06.03-19.43.27:873][725]LogUObjectHash: Compacting FUObjectHashTables data took   5.01ms
[2020.06.03-19.43.27:875][725]Cmd: OBJ SAVEPACKAGE PACKAGE="/Game/Maps/StartMenu" FILE="../../../../../../课程/Final/Saved/Autosaves/Game/Maps/StartMenu_Auto1.umap" SILENT=true AUTOSAVING=true KEEPDIRTY=false
[2020.06.03-19.43.28:208][725]LogSavePackage: Moving '../../../../../../课程/Final/Saved/StartMenu_Auto18CCA956C47B88182357522A4D83531EB.tmp' to '../../../../../../课程/Final/Saved/Autosaves/Game/Maps/StartMenu_Auto1.umap'
[2020.06.03-19.43.28:212][725]LogFileHelpers: Editor autosave (incl. sublevels) for '/Game/Maps/StartMenu' took 0.392
[2020.06.03-19.43.28:212][725]LogFileHelpers: Editor autosave (incl. sublevels) for all levels took 0.392
[2020.06.03-19.48.08:739][634]LogEditorViewport: Clicking on Actor (LMB): BP_Sky_Sphere_C (Sky Sphere)
[2020.06.03-19.48.10:613][732]LogEditorViewport: Clicking on Actor (LMB): BP_Ground_C (BP_Ground)
[2020.06.03-19.48.11:206][760]LogEditorViewport: Clicking on Actor (LMB): Bp_Basic_C (Bp_Basic2)
[2020.06.03-19.48.55:916][ 83]LogSlate: FSceneViewport::OnFocusLost() reason 0
[2020.06.03-19.50.03:085][474]LogEditorViewport: Clicking on Actor (LMB): PlayerStart (Player Start)
[2020.06.03-19.50.04:187][534]LogEditorViewport: Clicking on Actor (LMB): BP_Grid_C (BP_Grid)
[2020.06.03-19.50.06:650][668]LogEditorViewport: Clicking on Actor (LMB): BP_Ground_C (BP_Ground)
[2020.06.03-19.50.07:220][697]LogEditorViewport: Clicking on Actor (LMB): Bp_Basic_C (Bp_Basic2)
[2020.06.03-19.50.27:679][458]LogEditorViewport: Clicking on Actor (LMB): Bp_Basic_C (Bp_Basic2)
[2020.06.03-19.50.28:037][476]LogEditorViewport: Clicking on Actor (LMB): PlayerStart (Player Start)
[2020.06.03-19.50.29:656][552]LogSlate: FSceneViewport::OnFocusLost() reason 0
[2020.06.03-19.50.30:533][602]LogEditorViewport: Clicking on Actor (LMB): BP_Sky_Sphere_C (Sky Sphere)
[2020.06.03-19.50.30:950][622]LogEditorViewport: Clicking on Actor (LMB): Bp_Basic_C (Bp_Basic2)
[2020.06.03-19.55.56:046][333]LogEditorViewport: Clicking on Actor (LMB): BP_Sky_Sphere_C (Sky Sphere)
[2020.06.03-19.55.56:630][355]LogSlate: FSceneViewport::OnFocusLost() reason 0
[2020.06.03-20.26.46:178][ 81]LogAssetEditorManager: Opening Asset editor for Blueprint /Engine/EditorBlueprintResources/StandardMacros.StandardMacros
[2020.06.03-20.27.03:191][900]Error: BEGIN OBJECT: Invalid class specified: Begin Object Class=EdGraphPin Name="EdGraphPin_728"
[2020.06.03-20.27.03:192][900]Error: BEGIN OBJECT: Invalid class specified: Begin Object Class=EdGraphPin Name="EdGraphPin_644"
[2020.06.03-20.27.03:192][900]Error: BEGIN OBJECT: Invalid class specified: Begin Object Class=EdGraphPin Name="EdGraphPin_1405"
[2020.06.03-20.27.04:607][976]LogEditorTransaction: Undo Paste clipboard contents
[2020.06.03-20.27.11:783][309]Error: BEGIN OBJECT: Invalid class specified: Begin Object Class=EdGraphPin Name="EdGraphPin_728"
[2020.06.03-20.27.11:783][309]Error: BEGIN OBJECT: Invalid class specified: Begin Object Class=EdGraphPin Name="EdGraphPin_644"
[2020.06.03-20.27.11:783][309]Error: BEGIN OBJECT: Invalid class specified: Begin Object Class=EdGraphPin Name="EdGraphPin_1405"
[2020.06.03-20.27.28:822][123]Cmd: TRANSACTION UNDO
[2020.06.03-20.27.28:823][123]LogEditorTransaction: Undo Add In Parameter
[2020.06.03-20.27.46:067][855]Error: BEGIN OBJECT: Invalid class specified: Begin Object Class=EdGraphPin Name="EdGraphPin_1405"
[2020.06.03-20.27.46:819][892]Error: BEGIN OBJECT: Invalid class specified: Begin Object Class=EdGraphPin Name="EdGraphPin_1405"
[2020.06.03-20.27.53:960][283]Cmd: OBJ SAVEPACKAGE PACKAGE="/Engine/EditorBlueprintResources/StandardMacros" FILE="../../../Engine/Content/EditorBlueprintResources/StandardMacros.uasset" SILENT=true
[2020.06.03-20.27.54:097][283]LogSavePackage: Moving '../../../../../../课程/Final/Saved/StandardMacrosB7EEDEEE415E2B8A4CD70FB3BE9DA535.tmp' to '../../../Engine/Content/EditorBlueprintResources/StandardMacros.uasset'
[2020.06.03-20.27.56:362][387]BlueprintLog: New page: Compile BP_Grid
[2020.06.03-20.27.56:510][387]LogScript: Warning: Script Msg: Divide by zero: Divide_Vector2DFloat
[2020.06.03-20.27.56:751][387]LogUObjectHash: Compacting FUObjectHashTables data took   4.50ms
[2020.06.03-20.27.56:763][387]LogScript: Warning: Script Msg: Divide by zero: Divide_Vector2DFloat
[2020.06.03-20.27.56:792][387]LogScript: Warning: Script Msg: Divide by zero: Divide_Vector2DFloat
[2020.06.03-20.27.57:419][411]Cmd: OBJ SAVEPACKAGE PACKAGE="/Game/Blueprints/Grid/BP_Grid" FILE="../../../../../../课程/Final/Content/Blueprints/Grid/BP_Grid.uasset" SILENT=true
[2020.06.03-20.27.57:896][411]LogSavePackage: Moving '../../../../../../课程/Final/Saved/BP_Grid802C45BE4B851FF9B0A5228AD35F7109.tmp' to '../../../../../../课程/Final/Content/Blueprints/Grid/BP_Grid.uasset'
[2020.06.03-20.28.04:925][806]Cmd: OBJ SAVEPACKAGE PACKAGE="/Game/Maps/StartMenu" FILE="../../../../../../课程/Final/Content/Maps/StartMenu.umap" SILENT=true AUTOSAVING=false KEEPDIRTY=false
[2020.06.03-20.28.04:968][806]LogUObjectHash: Compacting FUObjectHashTables data took   3.48ms
[2020.06.03-20.28.05:204][806]LogSavePackage: Moving '../../../../../../课程/Final/Saved/StartMenu9C9C63E64D27EA46170673A929065ED8.tmp' to '../../../../../../课程/Final/Content/Maps/StartMenu.umap'
[2020.06.03-20.28.05:233][806]Cmd: OBJ SAVEPACKAGE PACKAGE="/Game/Maps/StartMenu_BuiltData" FILE="../../../../../../课程/Final/Content/Maps/StartMenu_BuiltData.uasset" SILENT=true
[2020.06.03-20.28.05:295][806]LogSavePackage: Moving '../../../../../../课程/Final/Saved/StartMenu_BuiltData02F8632E457544FB7850518236689F24.tmp' to '../../../../../../课程/Final/Content/Maps/StartMenu_BuiltData.uasset'
[2020.06.03-20.35.49:317][782]Cmd: OBJ SAVEPACKAGE PACKAGE="/Engine/EditorBlueprintResources/StandardMacros" FILE="../../../Engine/Content/EditorBlueprintResources/StandardMacros.uasset" SILENT=true
[2020.06.03-20.35.49:433][782]LogSavePackage: Moving '../../../../../../课程/Final/Saved/StandardMacrosBAA8170A467D6608DE340A9595F122E8.tmp' to '../../../Engine/Content/EditorBlueprintResources/StandardMacros.uasset'
[2020.06.03-20.35.50:214][820]Cmd: OBJ SAVEPACKAGE PACKAGE="/Engine/EditorBlueprintResources/StandardMacros" FILE="../../../Engine/Content/EditorBlueprintResources/StandardMacros.uasset" SILENT=true
[2020.06.03-20.35.50:346][820]LogSavePackage: Moving '../../../../../../课程/Final/Saved/StandardMacros43017ED54119C902D479F4832B8538C7.tmp' to '../../../Engine/Content/EditorBlueprintResources/StandardMacros.uasset'
[2020.06.03-20.36.08:463][100]Cmd: OBJ SAVEPACKAGE PACKAGE="/Game/Maps/StartMenu" FILE="../../../../../../课程/Final/Content/Maps/StartMenu.umap" SILENT=true AUTOSAVING=false KEEPDIRTY=false
[2020.06.03-20.36.08:499][100]LogUObjectHash: Compacting FUObjectHashTables data took   4.53ms
[2020.06.03-20.36.08:719][100]LogSavePackage: Moving '../../../../../../课程/Final/Saved/StartMenu602DE7714CD1F170C9C506B638304C51.tmp' to '../../../../../../课程/Final/Content/Maps/StartMenu.umap'
[2020.06.03-20.36.08:746][100]Cmd: OBJ SAVEPACKAGE PACKAGE="/Game/Maps/StartMenu_BuiltData" FILE="../../../../../../课程/Final/Content/Maps/StartMenu_BuiltData.uasset" SILENT=true
[2020.06.03-20.36.08:797][100]LogSavePackage: Moving '../../../../../../课程/Final/Saved/StartMenu_BuiltDataA1BB2ABF459D288BFDC57E9F6C8FA67D.tmp' to '../../../../../../课程/Final/Content/Maps/StartMenu_BuiltData.uasset'
[2020.06.03-20.36.21:793][813]LogAssetEditorManager: Opening Asset editor for Blueprint /Game/Blueprints/Controller/BP_Pawn.BP_Pawn
[2020.06.03-20.36.29:453][182]LogAssetEditorManager: Opening Asset editor for Blueprint /Game/Blueprints/Controller/BP_PlayerController.BP_PlayerController
[2020.06.03-20.36.48:535][161]LogAssetEditorManager: Opening Asset editor for Blueprint /Game/Blueprints/Controller/BP_GameMode.BP_GameMode
[2020.06.03-20.36.50:369][234]LogAssetEditorManager: Opening Asset editor for Blueprint /Game/Blueprints/Controller/BP_GameMode.BP_GameMode
[2020.06.03-20.36.52:321][312]LogRenderer: Reallocating scene render targets to support 932x432 Format 9 NumSamples 1 (Frame:1).
[2020.06.03-20.37.25:126][997]LogScript: Warning: Script Msg: Divide by zero: Divide_Vector2DFloat
[2020.06.03-20.37.26:795][ 57]LogScript: Warning: Script Msg: Divide by zero: Divide_Vector2DFloat
[2020.06.03-20.37.27:451][ 80]LogScript: Warning: Script Msg: Divide by zero: Divide_Vector2DFloat
[2020.06.03-20.37.35:369][437]BlueprintLog: New page: Compile BP_Grid
[2020.06.03-20.37.35:535][437]LogScript: Warning: Script Msg: Divide by zero: Divide_Vector2DFloat
[2020.06.03-20.37.35:767][437]LogUObjectHash: Compacting FUObjectHashTables data took   4.45ms
[2020.06.03-20.37.35:779][437]LogScript: Warning: Script Msg: Divide by zero: Divide_Vector2DFloat
[2020.06.03-20.37.35:814][437]LogScript: Warning: Script Msg: Divide by zero: Divide_Vector2DFloat
[2020.06.03-20.37.46:249][873]Cmd: OBJ SAVEPACKAGE PACKAGE="/Engine/EditorBlueprintResources/StandardMacros" FILE="../../../Engine/Content/EditorBlueprintResources/StandardMacros.uasset" SILENT=true
[2020.06.03-20.37.46:443][873]LogSavePackage: Moving '../../../../../../课程/Final/Saved/StandardMacrosADBE45DE4799306CB8D1AEBD42C107B7.tmp' to '../../../Engine/Content/EditorBlueprintResources/StandardMacros.uasset'
[2020.06.03-20.37.55:006][276]LogScript: Warning: Script Msg: Divide by zero: Divide_Vector2DFloat
[2020.06.03-20.37.56:975][340]LogScript: Warning: Script Msg: Divide by zero: Divide_Vector2DFloat
[2020.06.03-20.37.56:995][340]LogScript: Warning: Script Msg: Divide by zero: Divide_Vector2DFloat
[2020.06.03-20.38.07:105][786]BlueprintLog: New page: Compile BP_Grid
[2020.06.03-20.38.07:293][786]LogScript: Warning: Script Msg: Divide by zero: Divide_Vector2DFloat
[2020.06.03-20.38.07:560][786]LogUObjectHash: Compacting FUObjectHashTables data took   6.34ms
[2020.06.03-20.38.07:573][786]LogScript: Warning: Script Msg: Divide by zero: Divide_Vector2DFloat
[2020.06.03-20.38.07:612][786]LogScript: Warning: Script Msg: Divide by zero: Divide_Vector2DFloat
[2020.06.03-20.38.08:226][803]Cmd: OBJ SAVEPACKAGE PACKAGE="/Game/Blueprints/Grid/BP_Grid" FILE="../../../../../../课程/Final/Content/Blueprints/Grid/BP_Grid.uasset" SILENT=true
[2020.06.03-20.38.08:899][803]LogSavePackage: Moving '../../../../../../课程/Final/Saved/BP_GridA6BD860C475CB796434F1BBBABD40993.tmp' to '../../../../../../课程/Final/Content/Blueprints/Grid/BP_Grid.uasset'
[2020.06.03-20.38.16:273][120]LogAssetEditorManager: Opening Asset editor for Blueprint /Engine/EditorBlueprintResources/StandardMacros.StandardMacros
[2020.06.03-20.38.16:709][120]LogTabManager: Warning: Cannot spawn tab because no spawner is registered for 'CompilerResults'
[2020.06.03-20.38.18:753][214]LogSlate: Window 'CompilerResults' being destroyed
[2020.06.03-20.38.18:785][214]LogSlate: Window 'CompilerResults' being destroyed
[2020.06.03-20.38.56:194][154]Cmd: OBJ SAVEPACKAGE PACKAGE="/Engine/EditorBlueprintResources/StandardMacros" FILE="../../../Engine/Content/EditorBlueprintResources/StandardMacros.uasset" SILENT=true
[2020.06.03-20.38.56:364][154]LogSavePackage: Moving '../../../../../../课程/Final/Saved/StandardMacrosD1A4C7054D8343C64E4096BDD1C7033B.tmp' to '../../../Engine/Content/EditorBlueprintResources/StandardMacros.uasset'
[2020.06.03-20.39.09:590][662]BlueprintLog: New page: Compile BP_Grid
[2020.06.03-20.39.09:797][662]LogScript: Warning: Script Msg: Divide by zero: Divide_Vector2DFloat
[2020.06.03-20.39.10:052][662]LogUObjectHash: Compacting FUObjectHashTables data took   5.77ms
[2020.06.03-20.39.10:066][662]LogScript: Warning: Script Msg: Divide by zero: Divide_Vector2DFloat
[2020.06.03-20.39.10:103][662]LogScript: Warning: Script Msg: Divide by zero: Divide_Vector2DFloat
[2020.06.03-20.39.10:606][676]Cmd: OBJ SAVEPACKAGE PACKAGE="/Game/Blueprints/Grid/BP_Grid" FILE="../../../../../../课程/Final/Content/Blueprints/Grid/BP_Grid.uasset" SILENT=true
[2020.06.03-20.39.11:293][676]LogSavePackage: Moving '../../../../../../课程/Final/Saved/BP_Grid8E56FDF240B971643BBC9B801D530B45.tmp' to '../../../../../../课程/Final/Content/Blueprints/Grid/BP_Grid.uasset'
[2020.06.03-20.39.13:332][767]LogEditorViewport: Clicking on Actor (LMB): BP_Ground_C (BP_Ground)
[2020.06.03-20.39.14:108][798]LogEditorViewport: Clicking on Actor (LMB): BP_Sky_Sphere_C (Sky Sphere)
[2020.06.03-20.39.17:011][930]LogSlate: FSceneViewport::OnFocusLost() reason 0
[2020.06.03-20.40.11:163][262]Cmd: OBJ SAVEPACKAGE PACKAGE="/Game/Blueprints/Grid/BP_Grid" FILE="../../../../../../课程/Final/Content/Blueprints/Grid/BP_Grid.uasset" SILENT=true
[2020.06.03-20.40.11:658][262]LogSavePackage: Moving '../../../../../../课程/Final/Saved/BP_Grid7C2C11544E659502DF64D6A66E1F2EF7.tmp' to '../../../../../../课程/Final/Content/Blueprints/Grid/BP_Grid.uasset'
[2020.06.03-20.40.15:947][472]LogScript: Warning: Script Msg: Divide by zero: Divide_Vector2DFloat
[2020.06.03-20.40.32:509][456]LogScript: Warning: Script Msg: Divide by zero: Divide_Vector2DFloat
[2020.06.03-20.40.33:908][529]BlueprintLog: New page: Compile BP_Grid
[2020.06.03-20.40.34:069][529]LogScript: Warning: Script Msg: Divide by zero: Divide_Vector2DFloat
[2020.06.03-20.40.34:287][529]LogUObjectHash: Compacting FUObjectHashTables data took   4.93ms
[2020.06.03-20.40.34:300][529]LogScript: Warning: Script Msg: Divide by zero: Divide_Vector2DFloat
[2020.06.03-20.40.34:321][529]LogScript: Warning: Script Msg: Divide by zero: Divide_Vector2DFloat
[2020.06.03-20.40.34:835][553]Cmd: OBJ SAVEPACKAGE PACKAGE="/Game/Blueprints/Grid/BP_Grid" FILE="../../../../../../课程/Final/Content/Blueprints/Grid/BP_Grid.uasset" SILENT=true
[2020.06.03-20.40.35:409][553]LogSavePackage: Moving '../../../../../../课程/Final/Saved/BP_GridB3F2F8B948F9A5A3E79CEEAB2E90F263.tmp' to '../../../../../../课程/Final/Content/Blueprints/Grid/BP_Grid.uasset'
[2020.06.03-20.41.11:505][340]LogScript: Warning: Script Msg: Divide by zero: Divide_Vector2DFloat
[2020.06.03-20.41.11:541][340]LogScript: Warning: Script Msg: Divide by zero: Divide_Vector2DFloat
[2020.06.03-20.41.17:425][681]LogScript: Warning: Script Msg: Divide by zero: Divide_Vector2DFloat
[2020.06.03-20.41.17:441][681]LogScript: Warning: Script Msg: Divide by zero: Divide_Vector2DFloat
[2020.06.03-20.41.18:381][726]LogSlate: Took 0.001858 seconds to synchronously load lazily loaded font '../../../Engine/Content/Slate/Fonts/Roboto-BoldCondensedItalic.ttf' (160K)
[2020.06.03-20.41.22:170][935]LogScript: Warning: Script Msg: Divide by zero: Divide_Vector2DFloat
[2020.06.03-20.41.22:189][935]LogScript: Warning: Script Msg: Divide by zero: Divide_Vector2DFloat
[2020.06.03-20.42.15:657][801]LogScript: Warning: Script Msg: Divide by zero: Divide_Vector2DFloat
[2020.06.03-20.42.15:671][801]LogScript: Warning: Script Msg: Divide by zero: Divide_Vector2DFloat
[2020.06.03-20.42.18:031][918]LogScript: Warning: Script Msg: Divide by zero: Divide_Vector2DFloat
[2020.06.03-20.42.18:045][918]LogScript: Warning: Script Msg: Divide by zero: Divide_Vector2DFloat
[2020.06.03-20.42.26:168][333]BlueprintLog: New page: Compile BP_Grid
[2020.06.03-20.42.26:310][333]LogScript: Warning: Script Msg: Divide by zero: Divide_Vector2DFloat
[2020.06.03-20.42.26:541][333]LogUObjectHash: Compacting FUObjectHashTables data took   4.23ms
[2020.06.03-20.42.26:552][333]LogScript: Warning: Script Msg: Divide by zero: Divide_Vector2DFloat
[2020.06.03-20.42.26:572][333]LogScript: Warning: Script Msg: Divide by zero: Divide_Vector2DFloat
[2020.06.03-20.42.26:930][349]Cmd: OBJ SAVEPACKAGE PACKAGE="/Game/Blueprints/Grid/BP_Grid" FILE="../../../../../../课程/Final/Content/Blueprints/Grid/BP_Grid.uasset" SILENT=true
[2020.06.03-20.42.27:433][349]LogSavePackage: Moving '../../../../../../课程/Final/Saved/BP_Grid0647E1C04E51E01B0BBBD8A8B0E9B09E.tmp' to '../../../../../../课程/Final/Content/Blueprints/Grid/BP_Grid.uasset'
[2020.06.03-20.42.32:144][567]LogScript: Warning: Script Msg: Divide by zero: Divide_Vector2DFloat
[2020.06.03-20.42.32:162][567]LogScript: Warning: Script Msg: Divide by zero: Divide_Vector2DFloat
[2020.06.03-20.42.32:594][589]LogScript: Warning: Script Msg: Divide by zero: Divide_Vector2DFloat
[2020.06.03-20.42.32:614][589]LogScript: Warning: Script Msg: Divide by zero: Divide_Vector2DFloat
[2020.06.03-20.43.09:064][474]BlueprintLog: New page: Compile BP_Grid
[2020.06.03-20.43.09:195][474]LogScript: Warning: Script Msg: Divide by zero: Divide_Vector2DFloat
[2020.06.03-20.43.09:376][474]LogUObjectHash: Compacting FUObjectHashTables data took   4.00ms
[2020.06.03-20.43.09:385][474]LogScript: Warning: Script Msg: Divide by zero: Divide_Vector2DFloat
[2020.06.03-20.43.09:402][474]LogScript: Warning: Script Msg: Divide by zero: Divide_Vector2DFloat
[2020.06.03-20.43.10:058][502]Cmd: OBJ SAVEPACKAGE PACKAGE="/Game/Blueprints/Grid/BP_Grid" FILE="../../../../../../课程/Final/Content/Blueprints/Grid/BP_Grid.uasset" SILENT=true
[2020.06.03-20.43.10:494][502]LogSavePackage: Moving '../../../../../../课程/Final/Saved/BP_Grid3FE9795E4347FEA772D0438C2C256C83.tmp' to '../../../../../../课程/Final/Content/Blueprints/Grid/BP_Grid.uasset'
[2020.06.03-20.43.17:257][850]LogScript: Warning: Script Msg: Divide by zero: Divide_Vector2DFloat
[2020.06.03-20.43.17:275][850]LogScript: Warning: Script Msg: Divide by zero: Divide_Vector2DFloat
[2020.06.03-20.43.22:722][139]LogScript: Warning: Script Msg: Divide by zero: Divide_Vector2DFloat
[2020.06.03-20.43.22:742][139]LogScript: Warning: Script Msg: Divide by zero: Divide_Vector2DFloat
[2020.06.03-20.43.24:360][207]LogScript: Warning: Script Msg: Divide by zero: Divide_Vector2DFloat
[2020.06.03-20.43.24:384][207]LogScript: Warning: Script Msg: Divide by zero: Divide_Vector2DFloat
[2020.06.03-20.43.25:077][234]BlueprintLog: New page: Compile BP_Grid
[2020.06.03-20.43.25:246][234]LogScript: Warning: Script Msg: Divide by zero: Divide_Vector2DFloat
[2020.06.03-20.43.25:485][234]LogUObjectHash: Compacting FUObjectHashTables data took   6.82ms
[2020.06.03-20.43.25:498][234]LogScript: Warning: Script Msg: Divide by zero: Divide_Vector2DFloat
[2020.06.03-20.43.25:520][234]LogScript: Warning: Script Msg: Divide by zero: Divide_Vector2DFloat
[2020.06.03-20.43.25:622][234]Cmd: OBJ SAVEPACKAGE PACKAGE="/Game/Blueprints/Grid/BP_Grid" FILE="../../../../../../课程/Final/Content/Blueprints/Grid/BP_Grid.uasset" SILENT=true
[2020.06.03-20.43.26:227][234]LogSavePackage: Moving '../../../../../../课程/Final/Saved/BP_GridD6F1C87B4A0A1A1B0D0B8798A656205D.tmp' to '../../../../../../课程/Final/Content/Blueprints/Grid/BP_Grid.uasset'
[2020.06.03-20.43.28:988][352]BlueprintLog: New page: Compile BP_Grid
[2020.06.03-20.43.29:166][352]LogScript: Warning: Script Msg: Divide by zero: Divide_Vector2DFloat
[2020.06.03-20.43.29:400][352]LogUObjectHash: Compacting FUObjectHashTables data took   4.18ms
[2020.06.03-20.43.29:412][352]LogScript: Warning: Script Msg: Divide by zero: Divide_Vector2DFloat
[2020.06.03-20.43.29:431][352]LogScript: Warning: Script Msg: Divide by zero: Divide_Vector2DFloat
[2020.06.03-20.43.29:878][371]Cmd: OBJ SAVEPACKAGE PACKAGE="/Game/Blueprints/Grid/BP_Grid" FILE="../../../../../../课程/Final/Content/Blueprints/Grid/BP_Grid.uasset" SILENT=true
[2020.06.03-20.43.30:507][371]LogSavePackage: Moving '../../../../../../课程/Final/Saved/BP_Grid8CD9EF1345B14DB63E474D9418B990B6.tmp' to '../../../../../../课程/Final/Content/Blueprints/Grid/BP_Grid.uasset'
[2020.06.03-20.43.49:491][313]BlueprintLog: New page: Compile BP_Grid
[2020.06.03-20.43.49:656][313]LogScript: Warning: Script Msg: Divide by zero: Divide_Vector2DFloat
[2020.06.03-20.43.49:875][313]LogUObjectHash: Compacting FUObjectHashTables data took   4.22ms
[2020.06.03-20.43.49:889][313]LogScript: Warning: Script Msg: Divide by zero: Divide_Vector2DFloat
[2020.06.03-20.43.49:911][313]LogScript: Warning: Script Msg: Divide by zero: Divide_Vector2DFloat
[2020.06.03-20.43.50:639][348]Cmd: OBJ SAVEPACKAGE PACKAGE="/Game/Blueprints/Grid/BP_Grid" FILE="../../../../../../课程/Final/Content/Blueprints/Grid/BP_Grid.uasset" SILENT=true
[2020.06.03-20.43.51:187][348]LogSavePackage: Moving '../../../../../../课程/Final/Saved/BP_Grid1F6BA43341F52B39AE8BDE9D421192B6.tmp' to '../../../../../../课程/Final/Content/Blueprints/Grid/BP_Grid.uasset'
[2020.06.03-20.43.59:047][714]LogScript: Warning: Script Msg: Divide by zero: Divide_Vector2DFloat
[2020.06.03-20.44.00:541][780]LogScript: Warning: Script Msg: Divide by zero: Divide_Vector2DFloat
[2020.06.03-20.44.01:763][841]LogScript: Warning: Script Msg: Divide by zero: Divide_Vector2DFloat
[2020.06.03-20.46.09:353][600]LogUObjectHash: Compacting FUObjectHashTables data took   4.69ms
[2020.06.03-20.46.09:355][600]Cmd: OBJ SAVEPACKAGE PACKAGE="/Game/Maps/StartMenu" FILE="../../../../../../课程/Final/Saved/Autosaves/Game/Maps/StartMenu_Auto2.umap" SILENT=true AUTOSAVING=true KEEPDIRTY=false
[2020.06.03-20.46.09:698][600]LogSavePackage: Moving '../../../../../../课程/Final/Saved/StartMenu_Auto2A444242046C720941CF64AAE959B3478.tmp' to '../../../../../../课程/Final/Saved/Autosaves/Game/Maps/StartMenu_Auto2.umap'
[2020.06.03-20.46.09:704][600]LogFileHelpers: Editor autosave (incl. sublevels) for '/Game/Maps/StartMenu' took 0.418
[2020.06.03-20.46.09:704][600]LogFileHelpers: Editor autosave (incl. sublevels) for all levels took 0.418
[2020.06.03-20.46.09:711][600]OBJ SavePackage: Generating thumbnails for [0] asset(s) in package [/Game/Blueprints/Grid/BP_Grid] ([1] browsable assets)...
[2020.06.03-20.46.09:712][600]OBJ SavePackage: Finished generating thumbnails for package [/Game/Blueprints/Grid/BP_Grid]
[2020.06.03-20.46.09:712][600]Cmd: OBJ SAVEPACKAGE PACKAGE="/Game/Blueprints/Grid/BP_Grid" FILE="../../../../../../课程/Final/Saved/Autosaves/Game/Blueprints/Grid/BP_Grid_Auto2.uasset" SILENT=false AUTOSAVING=true
[2020.06.03-20.46.10:281][600]LogSavePackage: Moving '../../../../../../课程/Final/Saved/BP_Grid_Auto2B858956E4F067EDBEEC112B266BD5A1D.tmp' to '../../../../../../课程/Final/Saved/Autosaves/Game/Blueprints/Grid/BP_Grid_Auto2.uasset'
[2020.06.03-20.46.10:285][600]LogFileHelpers: Auto-saving content packages took 0.575
[2020.06.03-20.46.27:722][157]LogScript: Warning: Script Msg: Divide by zero: Divide_Vector2DFloat
[2020.06.03-20.46.28:774][202]LogScript: Warning: Script Msg: Divide by zero: Divide_Vector2DFloat
[2020.06.03-20.46.28:789][202]LogScript: Warning: Script Msg: Divide by zero: Divide_Vector2DFloat
[2020.06.03-20.46.29:678][247]BlueprintLog: New page: Compile BP_Grid
[2020.06.03-20.46.29:822][247]LogScript: Warning: Script Msg: Divide by zero: Divide_Vector2DFloat
[2020.06.03-20.46.30:014][247]LogUObjectHash: Compacting FUObjectHashTables data took   3.94ms
[2020.06.03-20.46.30:023][247]LogScript: Warning: Script Msg: Divide by zero: Divide_Vector2DFloat
[2020.06.03-20.46.30:052][247]LogScript: Warning: Script Msg: Divide by zero: Divide_Vector2DFloat
[2020.06.03-20.46.30:616][271]Cmd: OBJ SAVEPACKAGE PACKAGE="/Game/Blueprints/Grid/BP_Grid" FILE="../../../../../../课程/Final/Content/Blueprints/Grid/BP_Grid.uasset" SILENT=true
[2020.06.03-20.46.31:090][271]LogSavePackage: Moving '../../../../../../课程/Final/Saved/BP_Grid3AD933F94B812E101DA88EA6AD4F962D.tmp' to '../../../../../../课程/Final/Content/Blueprints/Grid/BP_Grid.uasset'
[2020.06.03-20.47.21:844][229]BlueprintLog: New page: Compile BP_Grid
[2020.06.03-20.47.21:988][229]LogScript: Warning: Script Msg: Divide by zero: Divide_Vector2DFloat
[2020.06.03-20.47.22:176][229]LogUObjectHash: Compacting FUObjectHashTables data took   4.17ms
[2020.06.03-20.47.22:185][229]LogScript: Warning: Script Msg: Divide by zero: Divide_Vector2DFloat
[2020.06.03-20.47.22:225][229]LogScript: Warning: Script Msg: Divide by zero: Divide_Vector2DFloat
[2020.06.03-20.47.22:806][253]Cmd: OBJ SAVEPACKAGE PACKAGE="/Game/Blueprints/Grid/BP_Grid" FILE="../../../../../../课程/Final/Content/Blueprints/Grid/BP_Grid.uasset" SILENT=true
[2020.06.03-20.47.23:277][253]LogSavePackage: Moving '../../../../../../课程/Final/Saved/BP_GridC0E9F86A46FB6CB50B2F8CBDF3D0EECC.tmp' to '../../../../../../课程/Final/Content/Blueprints/Grid/BP_Grid.uasset'
[2020.06.03-20.48.47:500][197]Cmd: OBJ SAVEPACKAGE PACKAGE="/Game/Blueprints/Grid/BP_Grid" FILE="../../../../../../课程/Final/Content/Blueprints/Grid/BP_Grid.uasset" SILENT=true
[2020.06.03-20.48.47:966][197]LogSavePackage: Moving '../../../../../../课程/Final/Saved/BP_GridF5BED312442D7127468F53AFA536909B.tmp' to '../../../../../../课程/Final/Content/Blueprints/Grid/BP_Grid.uasset'
[2020.06.03-20.48.49:150][243]Cmd: OBJ SAVEPACKAGE PACKAGE="/Game/Maps/StartMenu" FILE="../../../../../../课程/Final/Content/Maps/StartMenu.umap" SILENT=true AUTOSAVING=false KEEPDIRTY=false
[2020.06.03-20.48.49:195][243]LogUObjectHash: Compacting FUObjectHashTables data took   3.08ms
[2020.06.03-20.48.49:425][243]LogSavePackage: Moving '../../../../../../课程/Final/Saved/StartMenuCF7E05DA438126D34D5284B459EC060B.tmp' to '../../../../../../课程/Final/Content/Maps/StartMenu.umap'
[2020.06.03-20.48.49:453][243]Cmd: OBJ SAVEPACKAGE PACKAGE="/Game/Maps/StartMenu_BuiltData" FILE="../../../../../../课程/Final/Content/Maps/StartMenu_BuiltData.uasset" SILENT=true
[2020.06.03-20.48.49:504][243]LogSavePackage: Moving '../../../../../../课程/Final/Saved/StartMenu_BuiltDataE404B22A44051DAC0DB762B7F3DFBAF4.tmp' to '../../../../../../课程/Final/Content/Maps/StartMenu_BuiltData.uasset'
[2020.06.03-20.49.32:195][618]Cmd: OBJ SAVEPACKAGE PACKAGE="/Game/Blueprints/Grid/BP_Grid" FILE="../../../../../../课程/Final/Content/Blueprints/Grid/BP_Grid.uasset" SILENT=true
[2020.06.03-20.49.32:670][618]LogSavePackage: Moving '../../../../../../课程/Final/Saved/BP_GridD7F679924AA83B5F71E8CA8E36DA8CAF.tmp' to '../../../../../../课程/Final/Content/Blueprints/Grid/BP_Grid.uasset'
