Log file open, 05/12/20 16:10:05
LogWindows: Failed to load 'aqProf.dll' (GetLastError=126)
LogWindows: File 'aqProf.dll' does not exist
LogWindows: Failed to load 'VtuneApi.dll' (GetLastError=126)
LogWindows: File 'VtuneApi.dll' does not exist
LogWindows: Failed to load 'VtuneApi32e.dll' (GetLastError=126)
LogWindows: File 'VtuneApi32e.dll' does not exist
LogConsoleResponse: Display: Failed to find resolution value strings in scalability ini. Falling back to default.
LogInit: Display: Running engine for game: FinalGPS
LogPakFile: Registered encryption key '00000000000000000000000000000000': 0 pak files mounted, 0 remain pending
LogPlatformFile: Not using cached read wrapper
LogTaskGraph: Started task graph with 5 named threads and 35 total threads with 3 sets of task threads.
LogStats: Stats thread started at 0.408943
LogD3D11RHI: Loaded GFSDK_Aftermath_Lib.x64.dll
LogICUInternationalization: ICU TimeZone Detection - Raw Offset: +8:00, Platform Override: ''
LogPluginManager: Mounting plugin Paper2D
LogPluginManager: Mounting plugin AISupport
LogPluginManager: Mounting plugin LightPropagationVolume
LogPluginManager: Mounting plugin ActorLayerUtilities
LogPluginManager: Mounting plugin AnimationSharing
LogPluginManager: Mounting plugin CLionSourceCodeAccess
LogPluginManager: Mounting plugin CodeLiteSourceCodeAccess
LogPluginManager: Mounting plugin GitSourceControl
LogPluginManager: Mounting plugin KDevelopSourceCodeAccess
LogPluginManager: Mounting plugin NullSourceCodeAccess
LogPluginManager: Mounting plugin PerforceSourceControl
LogPluginManager: Mounting plugin SubversionSourceControl
LogPluginManager: Mounting plugin UObjectPlugin
LogPluginManager: Mounting plugin VisualStudioCodeSourceCodeAccess
LogPluginManager: Mounting plugin VisualStudioSourceCodeAccess
LogPluginManager: Mounting plugin XCodeSourceCodeAccess
LogPluginManager: Mounting plugin AssetManagerEditor
LogPluginManager: Mounting plugin CryptoKeys
LogPluginManager: Mounting plugin DataValidation
LogPluginManager: Mounting plugin FacialAnimation
LogPluginManager: Mounting plugin GameplayTagsEditor
LogPluginManager: Mounting plugin MacGraphicsSwitching
LogPluginManager: Mounting plugin MaterialAnalyzer
LogPluginManager: Mounting plugin MobileLauncherProfileWizard
LogPluginManager: Mounting plugin PluginBrowser
LogPluginManager: Mounting plugin SpeedTreeImporter
LogPluginManager: Mounting plugin DatasmithContent
LogPluginManager: Mounting plugin VariantManagerContent
LogPluginManager: Mounting plugin AlembicImporter
LogPluginManager: Mounting plugin AppleImageUtils
LogPluginManager: Mounting plugin AppleVision
LogPluginManager: Mounting plugin BackChannel
LogPluginManager: Mounting plugin CharacterAI
LogPluginManager: Mounting plugin GeometryCache
LogPluginManager: Mounting plugin HTML5Networking
LogPluginManager: Mounting plugin ProxyLODPlugin
LogPluginManager: Mounting plugin SkeletalReduction
LogPluginManager: Mounting plugin MagicLeap
LogPluginManager: Mounting plugin MagicLeapMedia
LogPluginManager: Mounting plugin AndroidMedia
LogPluginManager: Mounting plugin AvfMedia
LogPluginManager: Mounting plugin ImgMedia
LogPluginManager: Mounting plugin LinearTimecode
LogPluginManager: Mounting plugin MediaCompositing
LogPluginManager: Mounting plugin MediaPlayerEditor
LogPluginManager: Mounting plugin WebMMedia
LogPluginManager: Mounting plugin WmfMedia
LogPluginManager: Mounting plugin TcpMessaging
LogPluginManager: Mounting plugin UdpMessaging
LogPluginManager: Mounting plugin ActorSequence
LogPluginManager: Mounting plugin LevelSequenceEditor
LogPluginManager: Mounting plugin MatineeToLevelSequence
LogPluginManager: Mounting plugin NetcodeUnitTest
LogPluginManager: Mounting plugin NUTUnrealEngine4
LogPluginManager: Mounting plugin OnlineSubsystemGooglePlay
LogPluginManager: Mounting plugin OnlineSubsystemIOS
LogPluginManager: Mounting plugin OnlineSubsystem
LogPluginManager: Mounting plugin OnlineSubsystemNull
LogPluginManager: Mounting plugin OnlineSubsystemUtils
LogPluginManager: Mounting plugin LauncherChunkInstaller
LogPluginManager: Mounting plugin AndroidDeviceProfileSelector
LogPluginManager: Mounting plugin AndroidMoviePlayer
LogPluginManager: Mounting plugin AndroidPermission
LogPluginManager: Mounting plugin AppleMoviePlayer
LogPluginManager: Mounting plugin ArchVisCharacter
LogPluginManager: Mounting plugin AudioCapture
LogPluginManager: Mounting plugin CableComponent
LogPluginManager: Mounting plugin CustomMeshComponent
LogPluginManager: Mounting plugin EditableMesh
LogPluginManager: Mounting plugin ExampleDeviceProfileSelector
LogPluginManager: Mounting plugin Firebase
LogPluginManager: Mounting plugin GoogleCloudMessaging
LogPluginManager: Mounting plugin IOSDeviceProfileSelector
LogPluginManager: Mounting plugin LinuxDeviceProfileSelector
LogPluginManager: Mounting plugin LocationServicesBPLibrary
LogPluginManager: Mounting plugin MobilePatchingUtils
LogPluginManager: Mounting plugin OculusVR
LogPluginManager: Mounting plugin PhysXVehicles
LogPluginManager: Mounting plugin ProceduralMeshComponent
LogPluginManager: Mounting plugin RuntimePhysXCooking
LogPluginManager: Mounting plugin SignificanceManager
LogPluginManager: Mounting plugin SteamVR
LogPluginManager: Mounting plugin WebMMoviePlayer
LogPluginManager: Mounting plugin WindowsMoviePlayer
LogInit: Using libcurl 7.55.1-DEV
LogInit:  - built for x86_64-pc-win32
LogInit:  - supports SSL with OpenSSL/1.1.1
LogInit:  - supports HTTP deflate (compression) using libz 1.2.8
LogInit:  - other features:
LogInit:      CURL_VERSION_SSL
LogInit:      CURL_VERSION_LIBZ
LogInit:      CURL_VERSION_IPV6
LogInit:      CURL_VERSION_ASYNCHDNS
LogInit:      CURL_VERSION_LARGEFILE
LogInit:      CURL_VERSION_IDN
LogInit:  CurlRequestOptions (configurable via config and command line):
LogInit:  - bVerifyPeer = true  - Libcurl will verify peer certificate
LogInit:  - bUseHttpProxy = false  - Libcurl will NOT use HTTP proxy
LogInit:  - bDontReuseConnections = false  - Libcurl will reuse connections
LogInit:  - MaxHostConnections = 16  - Libcurl will limit the number of connections to a host
LogInit:  - LocalHostAddr = Default
LogInit:  - BufferSize = 65536
LogInit: WinSock: version 1.1 (2.2), MaxSocks=32767, MaxUdp=65467
LogInit: Build: ++UE4+Release-4.22-CL-7053642
LogInit: Engine Version: 4.22.3-7053642+++UE4+Release-4.22
LogInit: Compatible Engine Version: 4.22.0-5660361+++UE4+Release-4.22
LogInit: Net CL: 5660361
LogInit: OS: Windows 10 (Release 1903) (), CPU: Intel(R) Core(TM) i7-9750H CPU @ 2.60GHz, GPU: Intel(R) UHD Graphics 630
LogInit: Compiled (64-bit): Jun 18 2019 03:09:11
LogInit: Compiled with Visual C++: 19.16.27025.01
LogInit: Build Configuration: Development
LogInit: Branch Name: ++UE4+Release-4.22
LogInit: Command Line:  -EpicPortal -epicusername=Sika_R -epicuserid=6097d1a53e3343bd84050676641ce1ee -epiclocale=zh-CN
LogInit: Base Directory: C:/Program Files/Epic Games/UE_4.22/Engine/Binaries/Win64/
LogInit: Installed Engine Build: 1
LogDevObjectVersion: Number of dev versions registered: 23
LogDevObjectVersion:   Dev-Blueprints (B0D832E4-1F89-4F0D-ACCF-7EB736FD4AA2): 10
LogDevObjectVersion:   Dev-Build (E1C64328-A22C-4D53-A36C-8E866417BD8C): 0
LogDevObjectVersion:   Dev-Core (375EC13C-06E4-48FB-B500-84F0262A717E): 3
LogDevObjectVersion:   Dev-Editor (E4B068ED-F494-42E9-A231-DA0B2E46BB41): 30
LogDevObjectVersion:   Dev-Framework (CFFC743F-43B0-4480-9391-14DF171D2073): 35
LogDevObjectVersion:   Dev-Mobile (B02B49B5-BB20-44E9-A304-32B752E40360): 2
LogDevObjectVersion:   Dev-Networking (A4E4105C-59A1-49B5-A7C5-40C4547EDFEE): 0
LogDevObjectVersion:   Dev-Online (39C831C9-5AE6-47DC-9A44-9C173E1C8E7C): 0
LogDevObjectVersion:   Dev-Physics (78F01B33-EBEA-4F98-B9B4-84EACCB95AA2): 0
LogDevObjectVersion:   Dev-Platform (6631380F-2D4D-43E0-8009-CF276956A95A): 0
LogDevObjectVersion:   Dev-Rendering (12F88B9F-8875-4AFC-A67C-D90C383ABD29): 28
LogDevObjectVersion:   Dev-Sequencer (7B5AE74C-D270-4C10-A958-57980B212A5A): 11
LogDevObjectVersion:   Dev-VR (D7296918-1DD6-4BDD-9DE2-64A83CC13884): 2
LogDevObjectVersion:   Dev-LoadTimes (C2A15278-BFE7-4AFE-6C17-90FF531DF755): 1
LogDevObjectVersion:   Private-Geometry (6EACA3D4-40EC-4CC1-B786-8BED09428FC5): 3
LogDevObjectVersion:   Dev-AnimPhys (29E575DD-E0A3-4627-9D10-D276232CDCEA): 17
LogDevObjectVersion:   Dev-Anim (AF43A65D-7FD3-4947-9873-3E8ED9C1BB05): 2
LogDevObjectVersion:   Dev-ReflectionCapture (6B266CEC-1EC7-4B8F-A30B-E4D90942FC07): 1
LogDevObjectVersion:   Dev-Automation (0DF73D61-A23F-47EA-B727-89E90C41499A): 1
LogDevObjectVersion:   FortniteMain (601D1886-AC64-4F84-AA16-D3DE0DEAC7D6): 25
LogDevObjectVersion:   Dev-Enterprise (9DFFBCD6-494F-0158-E221-12823C92A888): 6
LogDevObjectVersion:   Dev-Niagara (F2AED0AC-9AFE-416F-8664-AA7FFA26D6FC): 1
LogDevObjectVersion:   Dev-Destruction (174F1F0B-B4C6-45A5-B13F-2EE8D0FB917D): 2
LogInit: Presizing for max 16777216 objects, including 0 objects not considered by GC, pre-allocating 0 bytes for permanent pool.
LogInit: Object subsystem initialized
LogConfig: Setting CVar [[con.DebugEarlyDefault:1]]
LogConfig: Setting CVar [[r.setres:1280x720]]
[2020.05.12-08.10.06:034][  0]LogConfig: Setting CVar [[r.VSync:0]]
[2020.05.12-08.10.06:034][  0]LogConfig: Setting CVar [[r.RHICmdBypass:0]]
[2020.05.12-08.10.06:034][  0]LogConfig: Applying CVar settings from Section [/Script/Engine.RendererSettings] File [C:/课程/Final/Saved/Config/Windows/Engine.ini]
[2020.05.12-08.10.06:034][  0]LogConfig: Setting CVar [[r.GPUCrashDebugging:0]]
[2020.05.12-08.10.06:034][  0]LogConfig: Setting CVar [[r.MobileHDR:1]]
[2020.05.12-08.10.06:034][  0]LogConfig: Setting CVar [[r.Mobile.DisableVertexFog:1]]
[2020.05.12-08.10.06:034][  0]LogConfig: Setting CVar [[r.Shadow.CSM.MaxMobileCascades:2]]
[2020.05.12-08.10.06:034][  0]LogConfig: Setting CVar [[r.MobileMSAA:1]]
[2020.05.12-08.10.06:034][  0]LogConfig: Setting CVar [[r.Mobile.UseLegacyShadingModel:0]]
[2020.05.12-08.10.06:034][  0]LogConfig: Setting CVar [[r.Mobile.UseHWsRGBEncoding:0]]
[2020.05.12-08.10.06:034][  0]LogConfig: Setting CVar [[r.Mobile.AllowDitheredLODTransition:0]]
[2020.05.12-08.10.06:034][  0]LogConfig: Setting CVar [[r.Mobile.AllowSoftwareOcclusion:0]]
[2020.05.12-08.10.06:034][  0]LogConfig: Setting CVar [[r.DiscardUnusedQuality:0]]
[2020.05.12-08.10.06:034][  0]LogConfig: Setting CVar [[r.AllowOcclusionQueries:0]]
[2020.05.12-08.10.06:034][  0]LogConfig: Setting CVar [[r.MinScreenRadiusForLights:0.030000]]
[2020.05.12-08.10.06:034][  0]LogConfig: Setting CVar [[r.MinScreenRadiusForDepthPrepass:0.030000]]
[2020.05.12-08.10.06:035][  0]LogConfig: Setting CVar [[r.MinScreenRadiusForCSMDepth:0.010000]]
[2020.05.12-08.10.06:035][  0]LogConfig: Setting CVar [[r.PrecomputedVisibilityWarning:0]]
[2020.05.12-08.10.06:035][  0]LogConfig: Setting CVar [[r.TextureStreaming:1]]
[2020.05.12-08.10.06:035][  0]LogConfig: Setting CVar [[Compat.UseDXT5NormalMaps:0]]
[2020.05.12-08.10.06:035][  0]LogConfig: Setting CVar [[r.ClearCoatNormal:0]]
[2020.05.12-08.10.06:035][  0]LogConfig: Setting CVar [[r.ReflectionCaptureResolution:128]]
[2020.05.12-08.10.06:035][  0]LogConfig: Setting CVar [[r.ReflectionEnvironmentLightmapMixBasedOnRoughness:1]]
[2020.05.12-08.10.06:035][  0]LogConfig: Setting CVar [[r.ForwardShading:0]]
[2020.05.12-08.10.06:035][  0]LogConfig: Setting CVar [[r.VertexFoggingForOpaque:1]]
[2020.05.12-08.10.06:035][  0]LogConfig: Setting CVar [[r.AllowStaticLighting:1]]
[2020.05.12-08.10.06:035][  0]LogConfig: Setting CVar [[r.NormalMapsForStaticLighting:0]]
[2020.05.12-08.10.06:035][  0]LogConfig: Setting CVar [[r.GenerateMeshDistanceFields:0]]
[2020.05.12-08.10.06:035][  0]LogConfig: Setting CVar [[r.DistanceFieldBuild.EightBit:0]]
[2020.05.12-08.10.06:035][  0]LogConfig: Setting CVar [[r.GenerateLandscapeGIData:0]]
[2020.05.12-08.10.06:035][  0]LogConfig: Setting CVar [[r.DistanceFieldBuild.Compress:0]]
[2020.05.12-08.10.06:035][  0]LogConfig: Setting CVar [[r.TessellationAdaptivePixelsPerTriangle:48.000000]]
[2020.05.12-08.10.06:035][  0]LogConfig: Setting CVar [[r.SeparateTranslucency:1]]
[2020.05.12-08.10.06:035][  0]LogConfig: Setting CVar [[r.TranslucentSortPolicy:0]]
[2020.05.12-08.10.06:035][  0]LogConfig: Setting CVar [[r.CustomDepth:1]]
[2020.05.12-08.10.06:035][  0]LogConfig: Setting CVar [[r.CustomDepthTemporalAAJitter:1]]
[2020.05.12-08.10.06:035][  0]LogConfig: Setting CVar [[r.PostProcessing.PropagateAlpha:0]]
[2020.05.12-08.10.06:035][  0]LogConfig: Setting CVar [[r.DOF.Algorithm:1]]
[2020.05.12-08.10.06:035][  0]LogConfig: Setting CVar [[r.DefaultFeature.Bloom:1]]
[2020.05.12-08.10.06:035][  0]LogConfig: Setting CVar [[r.DefaultFeature.AmbientOcclusion:1]]
[2020.05.12-08.10.06:035][  0]LogConfig: Setting CVar [[r.DefaultFeature.AmbientOcclusionStaticFraction:1]]
[2020.05.12-08.10.06:035][  0]LogConfig: Setting CVar [[r.DefaultFeature.AutoExposure:0]]
[2020.05.12-08.10.06:035][  0]LogConfig: Setting CVar [[r.DefaultFeature.AutoExposure.Method:0]]
[2020.05.12-08.10.06:035][  0]LogConfig: Setting CVar [[r.DefaultFeature.AutoExposure.ExtendDefaultLuminanceRange:1]]
[2020.05.12-08.10.06:035][  0]LogConfig: Setting CVar [[r.UsePreExposure:0]]
[2020.05.12-08.10.06:035][  0]LogConfig: Setting CVar [[r.DefaultFeature.MotionBlur:0]]
[2020.05.12-08.10.06:035][  0]LogConfig: Setting CVar [[r.DefaultFeature.LensFlare:0]]
[2020.05.12-08.10.06:035][  0]LogConfig: Setting CVar [[r.TemporalAA.Upsampling:0]]
[2020.05.12-08.10.06:035][  0]LogConfig: Setting CVar [[r.DefaultFeature.AntiAliasing:0]]
[2020.05.12-08.10.06:035][  0]LogConfig: Setting CVar [[r.DefaultFeature.LightUnits:1]]
[2020.05.12-08.10.06:035][  0]LogConfig: Setting CVar [[r.DefaultBackBufferPixelFormat:4]]
[2020.05.12-08.10.06:035][  0]LogConfig: Setting CVar [[r.Shadow.UnbuiltPreviewInGame:1]]
[2020.05.12-08.10.06:035][  0]LogConfig: Setting CVar [[r.StencilForLODDither:0]]
[2020.05.12-08.10.06:035][  0]LogConfig: Setting CVar [[r.EarlyZPass:3]]
[2020.05.12-08.10.06:035][  0]LogConfig: Setting CVar [[r.EarlyZPassOnlyMaterialMasking:0]]
[2020.05.12-08.10.06:035][  0]LogConfig: Setting CVar [[r.DBuffer:1]]
[2020.05.12-08.10.06:035][  0]LogConfig: Setting CVar [[r.ClearSceneMethod:1]]
[2020.05.12-08.10.06:035][  0]LogConfig: Setting CVar [[r.BasePassOutputsVelocity:0]]
[2020.05.12-08.10.06:035][  0]LogConfig: Setting CVar [[r.SelectiveBasePassOutputs:0]]
[2020.05.12-08.10.06:035][  0]LogConfig: Setting CVar [[fx.GPUSimulationTextureSizeX:1024]]
[2020.05.12-08.10.06:035][  0]LogConfig: Setting CVar [[fx.GPUSimulationTextureSizeY:1024]]
[2020.05.12-08.10.06:035][  0]LogConfig: Setting CVar [[r.AllowGlobalClipPlane:0]]
[2020.05.12-08.10.06:035][  0]LogConfig: Setting CVar [[r.GBufferFormat:1]]
[2020.05.12-08.10.06:035][  0]LogConfig: Setting CVar [[r.MorphTarget.Mode:1]]
[2020.05.12-08.10.06:035][  0]LogConfig: Setting CVar [[vr.InstancedStereo:0]]
[2020.05.12-08.10.06:035][  0]LogConfig: Setting CVar [[vr.MultiView:0]]
[2020.05.12-08.10.06:035][  0]LogConfig: Setting CVar [[vr.MobileMultiView:0]]
[2020.05.12-08.10.06:035][  0]LogConfig: Setting CVar [[vr.MobileMultiView.Direct:0]]
[2020.05.12-08.10.06:035][  0]LogConfig: Setting CVar [[vr.RoundRobinOcclusion:0]]
[2020.05.12-08.10.06:035][  0]LogConfig: Setting CVar [[vr.ODSCapture:0]]
[2020.05.12-08.10.06:035][  0]LogConfig: Setting CVar [[r.WireframeCullThreshold:5.000000]]
[2020.05.12-08.10.06:035][  0]LogConfig: Setting CVar [[r.RayTracing:0]]
[2020.05.12-08.10.06:035][  0]LogConfig: Setting CVar [[r.SupportStationarySkylight:1]]
[2020.05.12-08.10.06:035][  0]LogConfig: Setting CVar [[r.SupportLowQualityLightmaps:1]]
[2020.05.12-08.10.06:035][  0]LogConfig: Setting CVar [[r.SupportPointLightWholeSceneShadows:1]]
[2020.05.12-08.10.06:035][  0]LogConfig: Setting CVar [[r.SupportAtmosphericFog:1]]
[2020.05.12-08.10.06:035][  0]LogConfig: Setting CVar [[r.SkinCache.CompileShaders:0]]
[2020.05.12-08.10.06:035][  0]LogConfig: Setting CVar [[r.Mobile.EnableStaticAndCSMShadowReceivers:1]]
[2020.05.12-08.10.06:035][  0]LogConfig: Setting CVar [[r.Mobile.EnableMovableLightCSMShaderCulling:1]]
[2020.05.12-08.10.06:035][  0]LogConfig: Setting CVar [[r.Mobile.AllowDistanceFieldShadows:1]]
[2020.05.12-08.10.06:035][  0]LogConfig: Setting CVar [[r.Mobile.AllowMovableDirectionalLights:1]]
[2020.05.12-08.10.06:035][  0]LogConfig: Setting CVar [[r.MobileNumDynamicPointLights:4]]
[2020.05.12-08.10.06:035][  0]LogConfig: Setting CVar [[r.MobileDynamicPointLightsUseStaticBranch:1]]
[2020.05.12-08.10.06:035][  0]LogConfig: Setting CVar [[r.Mobile.EnableMovableSpotlights:0]]
[2020.05.12-08.10.06:035][  0]LogConfig: Setting CVar [[r.SkinCache.SceneMemoryLimitInMB:128.000000]]
[2020.05.12-08.10.06:035][  0]LogConfig: Setting CVar [[r.GPUSkin.Limit2BoneInfluences:0]]
[2020.05.12-08.10.06:035][  0]LogConfig: Setting CVar [[r.SupportDepthOnlyIndexBuffers:1]]
[2020.05.12-08.10.06:035][  0]LogConfig: Setting CVar [[r.SupportReversedIndexBuffers:1]]
[2020.05.12-08.10.06:035][  0]LogConfig: Setting CVar [[r.SupportMaterialLayers:0]]
[2020.05.12-08.10.06:036][  0]LogConfig: Applying CVar settings from Section [/Script/Engine.RendererOverrideSettings] File [C:/课程/Final/Saved/Config/Windows/Engine.ini]
[2020.05.12-08.10.06:036][  0]LogConfig: Applying CVar settings from Section [/Script/Engine.StreamingSettings] File [C:/课程/Final/Saved/Config/Windows/Engine.ini]
[2020.05.12-08.10.06:036][  0]LogConfig: Setting CVar [[s.MinBulkDataSizeForAsyncLoading:131072]]
[2020.05.12-08.10.06:036][  0]LogConfig: Setting CVar [[s.AsyncLoadingThreadEnabled:0]]
[2020.05.12-08.10.06:036][  0]LogConfig: Setting CVar [[s.EventDrivenLoaderEnabled:1]]
[2020.05.12-08.10.06:036][  0]LogConfig: Setting CVar [[s.WarnIfTimeLimitExceeded:0]]
[2020.05.12-08.10.06:036][  0]LogConfig: Setting CVar [[s.TimeLimitExceededMultiplier:1.5]]
[2020.05.12-08.10.06:036][  0]LogConfig: Setting CVar [[s.TimeLimitExceededMinTime:0.005]]
[2020.05.12-08.10.06:036][  0]LogConfig: Setting CVar [[s.UseBackgroundLevelStreaming:1]]
[2020.05.12-08.10.06:036][  0]LogConfig: Setting CVar [[s.PriorityAsyncLoadingExtraTime:15.0]]
[2020.05.12-08.10.06:036][  0]LogConfig: Setting CVar [[s.LevelStreamingActorsUpdateTimeLimit:5.0]]
[2020.05.12-08.10.06:036][  0]LogConfig: Setting CVar [[s.PriorityLevelStreamingActorsUpdateExtraTime:5.0]]
[2020.05.12-08.10.06:036][  0]LogConfig: Setting CVar [[s.LevelStreamingComponentsRegistrationGranularity:10]]
[2020.05.12-08.10.06:036][  0]LogConfig: Setting CVar [[s.UnregisterComponentsTimeLimit:1.0]]
[2020.05.12-08.10.06:036][  0]LogConfig: Setting CVar [[s.LevelStreamingComponentsUnregistrationGranularity:5]]
[2020.05.12-08.10.06:036][  0]LogConfig: Applying CVar settings from Section [/Script/Engine.GarbageCollectionSettings] File [C:/课程/Final/Saved/Config/Windows/Engine.ini]
[2020.05.12-08.10.06:036][  0]LogConfig: Setting CVar [[gc.MaxObjectsNotConsideredByGC:1]]
[2020.05.12-08.10.06:036][  0]LogConfig: Setting CVar [[gc.SizeOfPermanentObjectPool:0]]
[2020.05.12-08.10.06:036][  0]LogConfig: Setting CVar [[gc.FlushStreamingOnGC:0]]
[2020.05.12-08.10.06:036][  0]LogConfig: Setting CVar [[gc.NumRetriesBeforeForcingGC:10]]
[2020.05.12-08.10.06:036][  0]LogConfig: Setting CVar [[gc.AllowParallelGC:1]]
[2020.05.12-08.10.06:036][  0]LogConfig: Setting CVar [[gc.TimeBetweenPurgingPendingKillObjects:61.1]]
[2020.05.12-08.10.06:036][  0]LogConfig: Setting CVar [[gc.MaxObjectsInEditor:16777216]]
[2020.05.12-08.10.06:036][  0]LogConfig: Setting CVar [[gc.IncrementalBeginDestroyEnabled:1]]
[2020.05.12-08.10.06:036][  0]LogConfig: Setting CVar [[gc.CreateGCClusters:1]]
[2020.05.12-08.10.06:036][  0]LogConfig: Setting CVar [[gc.MinGCClusterSize:5]]
[2020.05.12-08.10.06:036][  0]LogConfig: Setting CVar [[gc.ActorClusteringEnabled:0]]
[2020.05.12-08.10.06:036][  0]LogConfig: Setting CVar [[gc.BlueprintClusteringEnabled:0]]
[2020.05.12-08.10.06:036][  0]LogConfig: Setting CVar [[gc.UseDisregardForGCOnDedicatedServers:0]]
[2020.05.12-08.10.06:036][  0]LogConfig: Applying CVar settings from Section [/Script/Engine.NetworkSettings] File [C:/课程/Final/Saved/Config/Windows/Engine.ini]
[2020.05.12-08.10.06:036][  0]LogConfig: Applying CVar settings from Section [/Script/UnrealEd.CookerSettings] File [C:/课程/Final/Saved/Config/Windows/Engine.ini]
[2020.05.12-08.10.06:038][  0]LogConfig: Applying CVar settings from Section [ViewDistanceQuality@3] File [C:/课程/Final/Saved/Config/Windows/Scalability.ini]
[2020.05.12-08.10.06:038][  0]LogConfig: Setting CVar [[r.SkeletalMeshLODBias:0]]
[2020.05.12-08.10.06:038][  0]LogConfig: Setting CVar [[r.ViewDistanceScale:1.0]]
[2020.05.12-08.10.06:039][  0]LogConfig: Applying CVar settings from Section [AntiAliasingQuality@3] File [C:/课程/Final/Saved/Config/Windows/Scalability.ini]
[2020.05.12-08.10.06:039][  0]LogConfig: Setting CVar [[r.PostProcessAAQuality:4]]
[2020.05.12-08.10.06:039][  0]LogConfig: Applying CVar settings from Section [ShadowQuality@3] File [C:/课程/Final/Saved/Config/Windows/Scalability.ini]
[2020.05.12-08.10.06:039][  0]LogConfig: Setting CVar [[r.LightFunctionQuality:1]]
[2020.05.12-08.10.06:039][  0]LogConfig: Setting CVar [[r.ShadowQuality:5]]
[2020.05.12-08.10.06:039][  0]LogConfig: Setting CVar [[r.Shadow.CSM.MaxCascades:10]]
[2020.05.12-08.10.06:039][  0]LogConfig: Setting CVar [[r.Shadow.MaxResolution:2048]]
[2020.05.12-08.10.06:039][  0]LogConfig: Setting CVar [[r.Shadow.MaxCSMResolution:2048]]
[2020.05.12-08.10.06:039][  0]LogConfig: Setting CVar [[r.Shadow.RadiusThreshold:0.01]]
[2020.05.12-08.10.06:039][  0]LogConfig: Setting CVar [[r.Shadow.DistanceScale:1.0]]
[2020.05.12-08.10.06:039][  0]LogConfig: Setting CVar [[r.Shadow.CSM.TransitionScale:1.0]]
[2020.05.12-08.10.06:039][  0]LogConfig: Setting CVar [[r.Shadow.PreShadowResolutionFactor:1.0]]
[2020.05.12-08.10.06:039][  0]LogConfig: Setting CVar [[r.DistanceFieldShadowing:1]]
[2020.05.12-08.10.06:039][  0]LogConfig: Setting CVar [[r.DistanceFieldAO:1]]
[2020.05.12-08.10.06:039][  0]LogConfig: Setting CVar [[r.AOQuality:2]]
[2020.05.12-08.10.06:039][  0]LogConfig: Setting CVar [[r.VolumetricFog:1]]
[2020.05.12-08.10.06:039][  0]LogConfig: Setting CVar [[r.VolumetricFog.GridPixelSize:8]]
[2020.05.12-08.10.06:039][  0]LogConfig: Setting CVar [[r.VolumetricFog.GridSizeZ:128]]
[2020.05.12-08.10.06:039][  0]LogConfig: Setting CVar [[r.VolumetricFog.HistoryMissSupersampleCount:4]]
[2020.05.12-08.10.06:039][  0]LogConfig: Setting CVar [[r.LightMaxDrawDistanceScale:1]]
[2020.05.12-08.10.06:039][  0]LogConfig: Setting CVar [[r.CapsuleShadows:1]]
[2020.05.12-08.10.06:039][  0]LogConfig: Applying CVar settings from Section [PostProcessQuality@3] File [C:/课程/Final/Saved/Config/Windows/Scalability.ini]
[2020.05.12-08.10.06:039][  0]LogConfig: Setting CVar [[r.MotionBlurQuality:4]]
[2020.05.12-08.10.06:039][  0]LogConfig: Setting CVar [[r.AmbientOcclusionMipLevelFactor:0.4]]
[2020.05.12-08.10.06:039][  0]LogConfig: Setting CVar [[r.AmbientOcclusionMaxQuality:100]]
[2020.05.12-08.10.06:039][  0]LogConfig: Setting CVar [[r.AmbientOcclusionLevels:-1]]
[2020.05.12-08.10.06:039][  0]LogConfig: Setting CVar [[r.AmbientOcclusionRadiusScale:1.0]]
[2020.05.12-08.10.06:039][  0]LogConfig: Setting CVar [[r.DepthOfFieldQuality:2]]
[2020.05.12-08.10.06:039][  0]LogConfig: Setting CVar [[r.RenderTargetPoolMin:400]]
[2020.05.12-08.10.06:039][  0]LogConfig: Setting CVar [[r.LensFlareQuality:2]]
[2020.05.12-08.10.06:039][  0]LogConfig: Setting CVar [[r.SceneColorFringeQuality:1]]
[2020.05.12-08.10.06:039][  0]LogConfig: Setting CVar [[r.EyeAdaptationQuality:2]]
[2020.05.12-08.10.06:039][  0]LogConfig: Setting CVar [[r.BloomQuality:5]]
[2020.05.12-08.10.06:039][  0]LogConfig: Setting CVar [[r.FastBlurThreshold:100]]
[2020.05.12-08.10.06:039][  0]LogConfig: Setting CVar [[r.Upscale.Quality:3]]
[2020.05.12-08.10.06:039][  0]LogConfig: Setting CVar [[r.Tonemapper.GrainQuantization:1]]
[2020.05.12-08.10.06:039][  0]LogConfig: Setting CVar [[r.LightShaftQuality:1]]
[2020.05.12-08.10.06:039][  0]LogConfig: Setting CVar [[r.Filter.SizeScale:1]]
[2020.05.12-08.10.06:039][  0]LogConfig: Setting CVar [[r.Tonemapper.Quality:5]]
[2020.05.12-08.10.06:039][  0]LogConfig: Setting CVar [[r.DOF.Gather.AccumulatorQuality:1        ; higher gathering accumulator quality]]
[2020.05.12-08.10.06:039][  0]LogConfig: Setting CVar [[r.DOF.Gather.PostfilterMethod:1          ; Median3x3 postfilering method]]
[2020.05.12-08.10.06:039][  0]LogConfig: Setting CVar [[r.DOF.Gather.EnableBokehSettings:0       ; no bokeh simulation when gathering]]
[2020.05.12-08.10.06:039][  0]LogConfig: Setting CVar [[r.DOF.Gather.RingCount:4                 ; medium number of samples when gathering]]
[2020.05.12-08.10.06:039][  0]LogConfig: Setting CVar [[r.DOF.Scatter.ForegroundCompositing:1    ; additive foreground scattering]]
[2020.05.12-08.10.06:039][  0]LogConfig: Setting CVar [[r.DOF.Scatter.BackgroundCompositing:2    ; additive background scattering]]
[2020.05.12-08.10.06:039][  0]LogConfig: Setting CVar [[r.DOF.Scatter.EnableBokehSettings:1      ; bokeh simulation when scattering]]
[2020.05.12-08.10.06:039][  0]LogConfig: Setting CVar [[r.DOF.Scatter.MaxSpriteRatio:0.1         ; only a maximum of 10% of scattered bokeh]]
[2020.05.12-08.10.06:039][  0]LogConfig: Setting CVar [[r.DOF.Recombine.Quality:1                ; cheap slight out of focus]]
[2020.05.12-08.10.06:039][  0]LogConfig: Setting CVar [[r.DOF.Recombine.EnableBokehSettings:0    ; no bokeh simulation on slight out of focus]]
[2020.05.12-08.10.06:039][  0]LogConfig: Setting CVar [[r.DOF.TemporalAAQuality:1                ; more stable temporal accumulation]]
[2020.05.12-08.10.06:039][  0]LogConfig: Setting CVar [[r.DOF.Kernel.MaxForegroundRadius:0.025]]
[2020.05.12-08.10.06:039][  0]LogConfig: Setting CVar [[r.DOF.Kernel.MaxBackgroundRadius:0.025]]
[2020.05.12-08.10.06:039][  0]LogConfig: Applying CVar settings from Section [TextureQuality@3] File [C:/课程/Final/Saved/Config/Windows/Scalability.ini]
[2020.05.12-08.10.06:039][  0]LogConfig: Setting CVar [[r.Streaming.MipBias:0]]
[2020.05.12-08.10.06:039][  0]LogConfig: Setting CVar [[r.Streaming.AmortizeCPUToGPUCopy:0]]
[2020.05.12-08.10.06:039][  0]LogConfig: Setting CVar [[r.Streaming.MaxNumTexturesToStreamPerFrame:0]]
[2020.05.12-08.10.06:039][  0]LogConfig: Setting CVar [[r.Streaming.Boost:1]]
[2020.05.12-08.10.06:039][  0]LogConfig: Setting CVar [[r.MaxAnisotropy:8]]
[2020.05.12-08.10.06:039][  0]LogConfig: Setting CVar [[r.Streaming.LimitPoolSizeToVRAM:0]]
[2020.05.12-08.10.06:039][  0]LogConfig: Setting CVar [[r.Streaming.PoolSize:1000]]
[2020.05.12-08.10.06:039][  0]LogConfig: Setting CVar [[r.Streaming.MaxEffectiveScreenSize:0]]
[2020.05.12-08.10.06:039][  0]LogConfig: Applying CVar settings from Section [EffectsQuality@3] File [C:/课程/Final/Saved/Config/Windows/Scalability.ini]
[2020.05.12-08.10.06:039][  0]LogConfig: Setting CVar [[r.TranslucencyLightingVolumeDim:64]]
[2020.05.12-08.10.06:039][  0]LogConfig: Setting CVar [[r.RefractionQuality:2]]
[2020.05.12-08.10.06:039][  0]LogConfig: Setting CVar [[r.SSR.Quality:3]]
[2020.05.12-08.10.06:039][  0]LogConfig: Setting CVar [[r.SceneColorFormat:4]]
[2020.05.12-08.10.06:039][  0]LogConfig: Setting CVar [[r.DetailMode:2]]
[2020.05.12-08.10.06:039][  0]LogConfig: Setting CVar [[r.TranslucencyVolumeBlur:1]]
[2020.05.12-08.10.06:039][  0]LogConfig: Setting CVar [[r.MaterialQualityLevel:1 ; High quality]]
[2020.05.12-08.10.06:039][  0]LogConfig: Setting CVar [[r.SSS.Scale:1]]
[2020.05.12-08.10.06:039][  0]LogConfig: Setting CVar [[r.SSS.SampleSet:2]]
[2020.05.12-08.10.06:039][  0]LogConfig: Setting CVar [[r.SSS.Quality:1]]
[2020.05.12-08.10.06:039][  0]LogConfig: Setting CVar [[r.SSS.HalfRes:1]]
[2020.05.12-08.10.06:039][  0]LogConfig: Setting CVar [[r.EmitterSpawnRateScale:1.0]]
[2020.05.12-08.10.06:039][  0]LogConfig: Setting CVar [[r.ParticleLightQuality:2]]
[2020.05.12-08.10.06:039][  0]LogConfig: Applying CVar settings from Section [FoliageQuality@3] File [C:/课程/Final/Saved/Config/Windows/Scalability.ini]
[2020.05.12-08.10.06:039][  0]LogConfig: Setting CVar [[foliage.DensityScale:1.0]]
[2020.05.12-08.10.06:039][  0]LogConfig: Setting CVar [[grass.DensityScale:1.0]]
[2020.05.12-08.10.06:039][  0]LogInit: Selected Device Profile: [Windows]
[2020.05.12-08.10.06:040][  0]LogInit: Applying CVar settings loaded from the selected device profile: [Windows]
[2020.05.12-08.10.06:049][  0]LogHAL: Display: Platform has ~ 16 GB [16893935616 / 17179869184 / 16], which maps to Larger [LargestMinGB=32, LargerMinGB=12, DefaultMinGB=8, SmallerMinGB=6, SmallestMinGB=0)
[2020.05.12-08.10.06:049][  0]LogConfig: Setting CVar [[r.Vulkan.UseRealUBs:0		; Required until we fix HLR fall-out]]
[2020.05.12-08.10.06:049][  0]LogInit: Going up to parent DeviceProfile []
[2020.05.12-08.10.06:049][  0]LogConfig: Applying CVar settings from Section [ViewDistanceQuality@2] File [C:/课程/Final/Saved/Config/Windows/Scalability.ini]
[2020.05.12-08.10.06:049][  0]LogConfig: Setting CVar [[r.SkeletalMeshLODBias:0]]
[2020.05.12-08.10.06:049][  0]LogConfig: Setting CVar [[r.ViewDistanceScale:0.8]]
[2020.05.12-08.10.06:049][  0]LogConfig: Applying CVar settings from Section [AntiAliasingQuality@2] File [C:/课程/Final/Saved/Config/Windows/Scalability.ini]
[2020.05.12-08.10.06:049][  0]LogConfig: Setting CVar [[r.PostProcessAAQuality:3]]
[2020.05.12-08.10.06:049][  0]LogConfig: Applying CVar settings from Section [ShadowQuality@2] File [C:/课程/Final/Saved/Config/Windows/Scalability.ini]
[2020.05.12-08.10.06:049][  0]LogConfig: Setting CVar [[r.LightFunctionQuality:1]]
[2020.05.12-08.10.06:049][  0]LogConfig: Setting CVar [[r.ShadowQuality:5]]
[2020.05.12-08.10.06:049][  0]LogConfig: Setting CVar [[r.Shadow.CSM.MaxCascades:4]]
[2020.05.12-08.10.06:049][  0]LogConfig: Setting CVar [[r.Shadow.MaxResolution:1024]]
[2020.05.12-08.10.06:049][  0]LogConfig: Setting CVar [[r.Shadow.MaxCSMResolution:2048]]
[2020.05.12-08.10.06:049][  0]LogConfig: Setting CVar [[r.Shadow.RadiusThreshold:0.04]]
[2020.05.12-08.10.06:049][  0]LogConfig: Setting CVar [[r.Shadow.DistanceScale:0.85]]
[2020.05.12-08.10.06:049][  0]LogConfig: Setting CVar [[r.Shadow.CSM.TransitionScale:0.8]]
[2020.05.12-08.10.06:049][  0]LogConfig: Setting CVar [[r.Shadow.PreShadowResolutionFactor:0.5]]
[2020.05.12-08.10.06:049][  0]LogConfig: Setting CVar [[r.DistanceFieldShadowing:1]]
[2020.05.12-08.10.06:049][  0]LogConfig: Setting CVar [[r.DistanceFieldAO:1]]
[2020.05.12-08.10.06:049][  0]LogConfig: Setting CVar [[r.AOQuality:1]]
[2020.05.12-08.10.06:049][  0]LogConfig: Setting CVar [[r.VolumetricFog:1]]
[2020.05.12-08.10.06:049][  0]LogConfig: Setting CVar [[r.VolumetricFog.GridPixelSize:16]]
[2020.05.12-08.10.06:049][  0]LogConfig: Setting CVar [[r.VolumetricFog.GridSizeZ:64]]
[2020.05.12-08.10.06:049][  0]LogConfig: Setting CVar [[r.VolumetricFog.HistoryMissSupersampleCount:4]]
[2020.05.12-08.10.06:049][  0]LogConfig: Setting CVar [[r.LightMaxDrawDistanceScale:1]]
[2020.05.12-08.10.06:049][  0]LogConfig: Setting CVar [[r.CapsuleShadows:1]]
[2020.05.12-08.10.06:049][  0]LogConfig: Applying CVar settings from Section [PostProcessQuality@2] File [C:/课程/Final/Saved/Config/Windows/Scalability.ini]
[2020.05.12-08.10.06:049][  0]LogConfig: Setting CVar [[r.MotionBlurQuality:3]]
[2020.05.12-08.10.06:049][  0]LogConfig: Setting CVar [[r.AmbientOcclusionMipLevelFactor:0.6]]
[2020.05.12-08.10.06:049][  0]LogConfig: Setting CVar [[r.AmbientOcclusionMaxQuality:100]]
[2020.05.12-08.10.06:049][  0]LogConfig: Setting CVar [[r.AmbientOcclusionLevels:-1]]
[2020.05.12-08.10.06:049][  0]LogConfig: Setting CVar [[r.AmbientOcclusionRadiusScale:1.5]]
[2020.05.12-08.10.06:049][  0]LogConfig: Setting CVar [[r.DepthOfFieldQuality:2]]
[2020.05.12-08.10.06:049][  0]LogConfig: Setting CVar [[r.RenderTargetPoolMin:400]]
[2020.05.12-08.10.06:049][  0]LogConfig: Setting CVar [[r.LensFlareQuality:2]]
[2020.05.12-08.10.06:049][  0]LogConfig: Setting CVar [[r.SceneColorFringeQuality:1]]
[2020.05.12-08.10.06:049][  0]LogConfig: Setting CVar [[r.EyeAdaptationQuality:2]]
[2020.05.12-08.10.06:049][  0]LogConfig: Setting CVar [[r.BloomQuality:5]]
[2020.05.12-08.10.06:049][  0]LogConfig: Setting CVar [[r.FastBlurThreshold:3]]
[2020.05.12-08.10.06:049][  0]LogConfig: Setting CVar [[r.Upscale.Quality:2]]
[2020.05.12-08.10.06:049][  0]LogConfig: Setting CVar [[r.Tonemapper.GrainQuantization:1]]
[2020.05.12-08.10.06:050][  0]LogConfig: Setting CVar [[r.LightShaftQuality:1]]
[2020.05.12-08.10.06:050][  0]LogConfig: Setting CVar [[r.Filter.SizeScale:0.8]]
[2020.05.12-08.10.06:050][  0]LogConfig: Setting CVar [[r.Tonemapper.Quality:5]]
[2020.05.12-08.10.06:050][  0]LogConfig: Setting CVar [[r.DOF.Gather.AccumulatorQuality:0        ; lower gathering accumulator quality]]
[2020.05.12-08.10.06:050][  0]LogConfig: Setting CVar [[r.DOF.Gather.PostfilterMethod:2          ; Max3x3 postfilering method]]
[2020.05.12-08.10.06:050][  0]LogConfig: Setting CVar [[r.DOF.Gather.EnableBokehSettings:0       ; no bokeh simulation when gathering]]
[2020.05.12-08.10.06:050][  0]LogConfig: Setting CVar [[r.DOF.Gather.RingCount:4                 ; medium number of samples when gathering]]
[2020.05.12-08.10.06:050][  0]LogConfig: Setting CVar [[r.DOF.Scatter.ForegroundCompositing:1    ; additive foreground scattering]]
[2020.05.12-08.10.06:050][  0]LogConfig: Setting CVar [[r.DOF.Scatter.BackgroundCompositing:1    ; no background occlusion]]
[2020.05.12-08.10.06:050][  0]LogConfig: Setting CVar [[r.DOF.Scatter.EnableBokehSettings:0      ; no bokeh simulation when scattering]]
[2020.05.12-08.10.06:050][  0]LogConfig: Setting CVar [[r.DOF.Scatter.MaxSpriteRatio:0.04        ; only a maximum of 4% of scattered bokeh]]
[2020.05.12-08.10.06:050][  0]LogConfig: Setting CVar [[r.DOF.Recombine.Quality:0                ; no slight out of focus]]
[2020.05.12-08.10.06:050][  0]LogConfig: Setting CVar [[r.DOF.TemporalAAQuality:0                ; faster temporal accumulation]]
[2020.05.12-08.10.06:050][  0]LogConfig: Setting CVar [[r.DOF.Kernel.MaxForegroundRadius:0.012   ; required because of AccumulatorQuality=0]]
[2020.05.12-08.10.06:050][  0]LogConfig: Setting CVar [[r.DOF.Kernel.MaxBackgroundRadius:0.012   ; required because of AccumulatorQuality=0]]
[2020.05.12-08.10.06:050][  0]LogConfig: Applying CVar settings from Section [TextureQuality@2] File [C:/课程/Final/Saved/Config/Windows/Scalability.ini]
[2020.05.12-08.10.06:050][  0]LogConfig: Setting CVar [[r.Streaming.MipBias:0]]
[2020.05.12-08.10.06:050][  0]LogConfig: Setting CVar [[r.Streaming.AmortizeCPUToGPUCopy:0]]
[2020.05.12-08.10.06:050][  0]LogConfig: Setting CVar [[r.Streaming.MaxNumTexturesToStreamPerFrame:0]]
[2020.05.12-08.10.06:050][  0]LogConfig: Setting CVar [[r.Streaming.Boost:1]]
[2020.05.12-08.10.06:050][  0]LogConfig: Setting CVar [[r.MaxAnisotropy:4]]
[2020.05.12-08.10.06:050][  0]LogConfig: Setting CVar [[r.Streaming.LimitPoolSizeToVRAM:1]]
[2020.05.12-08.10.06:050][  0]LogConfig: Setting CVar [[r.Streaming.PoolSize:800]]
[2020.05.12-08.10.06:050][  0]LogConfig: Setting CVar [[r.Streaming.MaxEffectiveScreenSize:0]]
[2020.05.12-08.10.06:050][  0]LogConfig: Applying CVar settings from Section [EffectsQuality@2] File [C:/课程/Final/Saved/Config/Windows/Scalability.ini]
[2020.05.12-08.10.06:050][  0]LogConfig: Setting CVar [[r.TranslucencyLightingVolumeDim:48]]
[2020.05.12-08.10.06:050][  0]LogConfig: Setting CVar [[r.RefractionQuality:2]]
[2020.05.12-08.10.06:050][  0]LogConfig: Setting CVar [[r.SSR.Quality:2]]
[2020.05.12-08.10.06:050][  0]LogConfig: Setting CVar [[r.SceneColorFormat:3]]
[2020.05.12-08.10.06:050][  0]LogConfig: Setting CVar [[r.DetailMode:1]]
[2020.05.12-08.10.06:050][  0]LogConfig: Setting CVar [[r.TranslucencyVolumeBlur:1]]
[2020.05.12-08.10.06:050][  0]LogConfig: Setting CVar [[r.MaterialQualityLevel:1 ; High quality]]
[2020.05.12-08.10.06:050][  0]LogConfig: Setting CVar [[r.SSS.Scale:1]]
[2020.05.12-08.10.06:050][  0]LogConfig: Setting CVar [[r.SSS.SampleSet:1]]
[2020.05.12-08.10.06:050][  0]LogConfig: Setting CVar [[r.SSS.Quality:-1]]
[2020.05.12-08.10.06:050][  0]LogConfig: Setting CVar [[r.SSS.HalfRes:1]]
[2020.05.12-08.10.06:050][  0]LogConfig: Setting CVar [[r.EmitterSpawnRateScale:0.5]]
[2020.05.12-08.10.06:050][  0]LogConfig: Setting CVar [[r.ParticleLightQuality:1]]
[2020.05.12-08.10.06:050][  0]LogConfig: Applying CVar settings from Section [FoliageQuality@2] File [C:/课程/Final/Saved/Config/Windows/Scalability.ini]
[2020.05.12-08.10.06:050][  0]LogConfig: Setting CVar [[foliage.DensityScale:0.8]]
[2020.05.12-08.10.06:050][  0]LogConfig: Setting CVar [[grass.DensityScale:0.8]]
[2020.05.12-08.10.06:050][  0]LogConfig: Applying CVar settings from Section [Startup] File [../../../Engine/Config/ConsoleVariables.ini]
[2020.05.12-08.10.06:050][  0]LogConfig: Setting CVar [[net.UseAdaptiveNetUpdateFrequency:0]]
[2020.05.12-08.10.06:050][  0]LogConfig: Setting CVar [[p.chaos.AllowCreatePhysxBodies:1]]
[2020.05.12-08.10.06:051][  0]LogConfig: Applying CVar settings from Section [ConsoleVariables] File [C:/课程/Final/Saved/Config/Windows/Engine.ini]
[2020.05.12-08.10.06:051][  0]LogInit: Computer: DESKTOP-7D0H28H
[2020.05.12-08.10.06:051][  0]LogInit: User: Lu
[2020.05.12-08.10.06:051][  0]LogInit: CPU Page size=4096, Cores=6
[2020.05.12-08.10.06:051][  0]LogInit: High frequency timer resolution =10.000000 MHz
[2020.05.12-08.10.06:051][  0]LogMemory: Memory total: Physical=15.7GB (16GB approx)
[2020.05.12-08.10.06:051][  0]LogMemory: Platform Memory Stats for Windows
[2020.05.12-08.10.06:051][  0]LogMemory: Process Physical Memory: 98.18 MB used, 98.19 MB peak
[2020.05.12-08.10.06:051][  0]LogMemory: Process Virtual Memory: 89.76 MB used, 89.76 MB peak
[2020.05.12-08.10.06:051][  0]LogMemory: Physical Memory: 8069.66 MB used,  8041.66 MB free, 16111.31 MB total
[2020.05.12-08.10.06:051][  0]LogMemory: Virtual Memory: 4660.61 MB used,  134213064.00 MB free, 134217728.00 MB total
[2020.05.12-08.10.06:098][  0]LogInit: Overriding language with editor language configuration option (en).
[2020.05.12-08.10.06:098][  0]LogInit: Overriding locale with editor locale configuration option (en).
[2020.05.12-08.10.06:316][  0]LogInit: Setting process to per monitor DPI aware
[2020.05.12-08.10.06:396][  0]LogSlate: New Slate User Created.  User Index 0, Is Virtual User: 0
[2020.05.12-08.10.06:396][  0]LogSlate: Slate User Registered.  User Index 0, Is Virtual User: 0
[2020.05.12-08.10.06:737][  0]LogHMD: Failed to initialize OpenVR with code 110
[2020.05.12-08.10.06:737][  0]LogD3D11RHI: D3D11 adapters:
[2020.05.12-08.10.06:824][  0]LogD3D11RHI:    0. 'NVIDIA GeForce GTX 1650' (Feature Level 11_0)
[2020.05.12-08.10.06:824][  0]LogD3D11RHI:       3964/0/8055 MB DedicatedVideo/DedicatedSystem/SharedSystem, Outputs:1, VendorId:0x10de
[2020.05.12-08.10.06:864][  0]LogD3D11RHI:    1. 'Intel(R) UHD Graphics 630' (Feature Level 11_0)
[2020.05.12-08.10.06:864][  0]LogD3D11RHI:       128/0/8055 MB DedicatedVideo/DedicatedSystem/SharedSystem, Outputs:0, VendorId:0x8086
[2020.05.12-08.10.06:866][  0]LogD3D11RHI:    2. 'Microsoft Basic Render Driver' (Feature Level 11_0)
[2020.05.12-08.10.06:866][  0]LogD3D11RHI:       0/0/8055 MB DedicatedVideo/DedicatedSystem/SharedSystem, Outputs:0, VendorId:0x1414
[2020.05.12-08.10.06:866][  0]LogD3D11RHI: Chosen D3D11 Adapter: 0
[2020.05.12-08.10.06:874][  0]LogD3D11RHI: Creating new Direct3DDevice
[2020.05.12-08.10.06:874][  0]LogD3D11RHI:     GPU DeviceId: 0x1f91 (for the marketing name, search the web for "GPU Device Id")
[2020.05.12-08.10.06:874][  0]LogWindows: EnumDisplayDevices:
[2020.05.12-08.10.06:874][  0]LogWindows:    0. 'Intel(R) UHD Graphics 630' (P:1 D:1)
[2020.05.12-08.10.06:874][  0]LogWindows:    1. 'Intel(R) UHD Graphics 630' (P:0 D:0)
[2020.05.12-08.10.06:875][  0]LogWindows:    2. 'Intel(R) UHD Graphics 630' (P:0 D:0)
[2020.05.12-08.10.06:875][  0]LogWindows: DebugString: PrimaryIsNotTheChoosenAdapter PrimaryIsNotTheChoosenAdapter PrimaryIsNotTheChoosenAdapter FoundDriverCount:0 
[2020.05.12-08.10.06:875][  0]LogD3D11RHI:     Adapter Name: NVIDIA GeForce GTX 1650
[2020.05.12-08.10.06:875][  0]LogD3D11RHI:   Driver Version: Unknown (internal:Unknown, unified:Unknown)
[2020.05.12-08.10.06:875][  0]LogD3D11RHI:      Driver Date: Unknown
[2020.05.12-08.10.06:875][  0]LogRHI: Texture pool is 2774 MB (70% of 3964 MB)
[2020.05.12-08.10.06:931][  0]LogD3D11RHI: Async texture creation enabled
[2020.05.12-08.10.06:933][  0]LogRendererCore: FGlobalReadBuffer::InitRHI
[2020.05.12-08.10.06:933][  0]LogRendererCore: FGlobalReadBuffer::InitRHI
[2020.05.12-08.10.06:934][  0]LogRendererCore: FGlobalReadBuffer::InitRHI
[2020.05.12-08.10.06:947][  0]LogD3D11RHI: GPU Timing Frequency: 1000.000000 (Debug: 2 2)
[2020.05.12-08.10.07:327][  0]LogTemp: Display: Module 'AllDesktopTargetPlatform' loaded TargetPlatform 'AllDesktop'
[2020.05.12-08.10.07:341][  0]LogTemp: Display: Module 'MacClientTargetPlatform' loaded TargetPlatform 'MacClient'
[2020.05.12-08.10.07:356][  0]LogTemp: Display: Module 'MacNoEditorTargetPlatform' loaded TargetPlatform 'MacNoEditor'
[2020.05.12-08.10.07:371][  0]LogTemp: Display: Module 'MacServerTargetPlatform' loaded TargetPlatform 'MacServer'
[2020.05.12-08.10.07:388][  0]LogTemp: Display: Module 'MacTargetPlatform' loaded TargetPlatform 'Mac'
[2020.05.12-08.10.07:403][  0]LogTemp: Display: Module 'WindowsClientTargetPlatform' loaded TargetPlatform 'WindowsClient'
[2020.05.12-08.10.07:418][  0]LogTemp: Display: Module 'WindowsNoEditorTargetPlatform' loaded TargetPlatform 'WindowsNoEditor'
[2020.05.12-08.10.07:433][  0]LogTemp: Display: Module 'WindowsServerTargetPlatform' loaded TargetPlatform 'WindowsServer'
[2020.05.12-08.10.07:440][  0]LogTemp: Display: Module 'WindowsTargetPlatform' loaded TargetPlatform 'Windows'
[2020.05.12-08.10.07:534][  0]LogTemp: Display: Module 'AndroidTargetPlatform' loaded TargetPlatform 'Android'
[2020.05.12-08.10.07:534][  0]LogTemp: Display: Module 'AndroidTargetPlatform' loaded TargetPlatform 'Android_ASTC'
[2020.05.12-08.10.07:534][  0]LogTemp: Display: Module 'AndroidTargetPlatform' loaded TargetPlatform 'Android_ATC'
[2020.05.12-08.10.07:534][  0]LogTemp: Display: Module 'AndroidTargetPlatform' loaded TargetPlatform 'Android_DXT'
[2020.05.12-08.10.07:534][  0]LogTemp: Display: Module 'AndroidTargetPlatform' loaded TargetPlatform 'Android_ETC1'
[2020.05.12-08.10.07:534][  0]LogTemp: Display: Module 'AndroidTargetPlatform' loaded TargetPlatform 'Android_ETC1a'
[2020.05.12-08.10.07:534][  0]LogTemp: Display: Module 'AndroidTargetPlatform' loaded TargetPlatform 'Android_ETC2'
[2020.05.12-08.10.07:534][  0]LogTemp: Display: Module 'AndroidTargetPlatform' loaded TargetPlatform 'Android_PVRTC'
[2020.05.12-08.10.07:534][  0]LogTemp: Display: Module 'AndroidTargetPlatform' loaded TargetPlatform 'AndroidClient'
[2020.05.12-08.10.07:534][  0]LogTemp: Display: Module 'AndroidTargetPlatform' loaded TargetPlatform 'Android_ASTCClient'
[2020.05.12-08.10.07:534][  0]LogTemp: Display: Module 'AndroidTargetPlatform' loaded TargetPlatform 'Android_ATCClient'
[2020.05.12-08.10.07:534][  0]LogTemp: Display: Module 'AndroidTargetPlatform' loaded TargetPlatform 'Android_DXTClient'
[2020.05.12-08.10.07:534][  0]LogTemp: Display: Module 'AndroidTargetPlatform' loaded TargetPlatform 'Android_ETC1Client'
[2020.05.12-08.10.07:534][  0]LogTemp: Display: Module 'AndroidTargetPlatform' loaded TargetPlatform 'Android_ETC1aClient'
[2020.05.12-08.10.07:534][  0]LogTemp: Display: Module 'AndroidTargetPlatform' loaded TargetPlatform 'Android_ETC2Client'
[2020.05.12-08.10.07:534][  0]LogTemp: Display: Module 'AndroidTargetPlatform' loaded TargetPlatform 'Android_PVRTCClient'
[2020.05.12-08.10.07:534][  0]LogTemp: Display: Module 'AndroidTargetPlatform' loaded TargetPlatform 'Android_Multi'
[2020.05.12-08.10.07:534][  0]LogTemp: Display: Module 'AndroidTargetPlatform' loaded TargetPlatform 'Android_MultiClient'
[2020.05.12-08.10.07:538][  0]LogTemp: Display: Module 'HTML5TargetPlatform' loaded TargetPlatform 'HTML5'
[2020.05.12-08.10.07:596][  0]LogTemp: Display: Module 'IOSTargetPlatform' loaded TargetPlatform 'IOSClient'
[2020.05.12-08.10.07:596][  0]LogTemp: Display: Module 'IOSTargetPlatform' loaded TargetPlatform 'IOS'
[2020.05.12-08.10.07:627][  0]LogTemp: Display: Module 'TVOSTargetPlatform' loaded TargetPlatform 'TVOSClient'
[2020.05.12-08.10.07:627][  0]LogTemp: Display: Module 'TVOSTargetPlatform' loaded TargetPlatform 'TVOS'
[2020.05.12-08.10.07:646][  0]LogTemp: Display: Module 'LinuxClientTargetPlatform' loaded TargetPlatform 'LinuxClient'
[2020.05.12-08.10.07:660][  0]LogTemp: Display: Module 'LinuxNoEditorTargetPlatform' loaded TargetPlatform 'LinuxNoEditor'
[2020.05.12-08.10.07:675][  0]LogTemp: Display: Module 'LinuxServerTargetPlatform' loaded TargetPlatform 'LinuxServer'
[2020.05.12-08.10.07:691][  0]LogTemp: Display: Module 'LinuxTargetPlatform' loaded TargetPlatform 'Linux'
[2020.05.12-08.10.07:745][  0]LogTemp: Display: Module 'LuminTargetPlatform' loaded TargetPlatform 'Lumin'
[2020.05.12-08.10.07:745][  0]LogTemp: Display: Module 'LuminTargetPlatform' loaded TargetPlatform 'LuminClient'
[2020.05.12-08.10.07:745][  0]LogTargetPlatformManager: Display: Building Assets For Windows
[2020.05.12-08.10.07:754][  0]LogAudioDebug: Display: Lib vorbis DLL was dynamically loaded.
[2020.05.12-08.10.07:817][  0]LogShaderCompilers: Guid format shader working directory is 16 characters bigger than the processId version (../../../../../../课程/Final/Intermediate/Shaders/WorkingDirectory/23108/).
[2020.05.12-08.10.07:818][  0]LogShaderCompilers: Cleaned the shader compiler working directory 'C:/Users/Lu/AppData/Local/Temp/UnrealShaderWorkingDir/DDBEA4634052A5B63605E7ACB39FD70F/'.
[2020.05.12-08.10.07:820][  0]LogXGEController: Cannot use XGE Controller as Incredibuild is not installed on this machine.
[2020.05.12-08.10.07:820][  0]LogShaderCompilers: Cannot use XGE Shader Compiler as Incredibuild is not installed on this machine.
[2020.05.12-08.10.07:820][  0]LogShaderCompilers: Display: Using Local Shader Compiler.
[2020.05.12-08.10.08:407][  0]LogDerivedDataCache: Display: Max Cache Size: 512 MB
[2020.05.12-08.10.08:458][  0]LogDerivedDataCache: Loaded boot cache 0.05s 71MB C:/Users/Lu/AppData/Local/UnrealEngine/4.22/DerivedDataCache/Boot.ddc.
[2020.05.12-08.10.08:458][  0]LogDerivedDataCache: Display: Loaded Boot cache: C:/Users/Lu/AppData/Local/UnrealEngine/4.22/DerivedDataCache/Boot.ddc
[2020.05.12-08.10.08:458][  0]LogDerivedDataCache: FDerivedDataBackendGraph:  Pak pak cache file ../../../../../../课程/Final/DerivedDataCache/DDC.ddp not found, will not use a pak cache.
[2020.05.12-08.10.08:458][  0]LogDerivedDataCache: Unable to find inner node Pak for hierarchical cache Hierarchy.
[2020.05.12-08.10.08:458][  0]LogDerivedDataCache: FDerivedDataBackendGraph:  CompressedPak pak cache file ../../../../../../课程/Final/DerivedDataCache/Compressed.ddp not found, will not use a pak cache.
[2020.05.12-08.10.08:458][  0]LogDerivedDataCache: Unable to find inner node CompressedPak for hierarchical cache Hierarchy.
[2020.05.12-08.10.08:470][  0]LogDerivedDataCache: Display: Pak cache opened for reading ../../../Engine/DerivedDataCache/Compressed.ddp.
[2020.05.12-08.10.08:470][  0]LogDerivedDataCache: FDerivedDataBackendGraph:  EnterprisePak pak cache file ../../../Enterprise/DerivedDataCache/Compressed.ddp not found, will not use a pak cache.
[2020.05.12-08.10.08:470][  0]LogDerivedDataCache: Unable to find inner node EnterprisePak for hierarchical cache Hierarchy.
[2020.05.12-08.10.08:483][  0]LogDerivedDataCache: Using Local data cache path C:/Users/Lu/AppData/Local/UnrealEngine/Common/DerivedDataCache: Writable
[2020.05.12-08.10.08:483][  0]LogDerivedDataCache: Shared data cache path not found in *engine.ini, will not use an Shared cache.
[2020.05.12-08.10.08:483][  0]LogDerivedDataCache: Unable to find inner node Shared for hierarchical cache Hierarchy.
[2020.05.12-08.10.08:510][  0]LogMaterial: Verifying Global Shaders for PCD3D_SM5
[2020.05.12-08.10.08:511][  0]LogSlate: Using FreeType 2.6.0
[2020.05.12-08.10.08:512][  0]LogSlate: SlateFontServices - WITH_FREETYPE: 1, WITH_HARFBUZZ: 1
[2020.05.12-08.10.08:632][  0]LogAssetRegistry: FAssetRegistry took 0.0365 seconds to start up
[2020.05.12-08.10.09:064][  0]LogInit: Selected Device Profile: [Windows]
[2020.05.12-08.10.09:208][  0]LogMeshReduction: Using QuadricMeshReduction for automatic static mesh reduction
[2020.05.12-08.10.09:208][  0]LogMeshReduction: Using SimplygonMeshReduction for automatic skeletal mesh reduction
[2020.05.12-08.10.09:208][  0]LogMeshReduction: Using ProxyLODMeshReduction for automatic mesh merging
[2020.05.12-08.10.09:208][  0]LogMeshReduction: No distributed automatic mesh merging module available
[2020.05.12-08.10.09:208][  0]LogMeshMerging: No distributed automatic mesh merging module available
[2020.05.12-08.10.09:223][  0]LogNetVersion: FinalGPS 1.0.0, NetCL: 5660361, EngineNetVer: 10, GameNetVer: 0 (Checksum: 1484327005)
[2020.05.12-08.10.09:685][  0]LogPackageLocalizationCache: Processed 10 localized package path(s) for 1 prioritized culture(s) in 0.046313 seconds
[2020.05.12-08.10.09:691][  0]LogUObjectArray: 42205 objects as part of root set at end of initial load.
[2020.05.12-08.10.09:691][  0]LogUObjectAllocator: 7325032 out of 0 bytes used by permanent object pool.
[2020.05.12-08.10.09:691][  0]LogUObjectArray: CloseDisregardForGC: 0/0 objects in disregard for GC pool
[2020.05.12-08.10.10:910][  0]LogTcpMessaging: Initializing TcpMessaging bridge
[2020.05.12-08.10.10:925][  0]LogUdpMessaging: Initializing bridge on interface 0.0.0.0:0 to multicast group 230.0.0.1:6666.
[2020.05.12-08.10.11:049][  0]SourceControl: Source control is disabled
[2020.05.12-08.10.11:049][  0]SourceControl: Source control is disabled
[2020.05.12-08.10.11:051][  0]SourceControl: Source control is disabled
[2020.05.12-08.10.11:053][  0]SourceControl: Source control is disabled
[2020.05.12-08.10.11:188][  0]LogAndroidPermission: UAndroidPermissionCallbackProxy::GetInstance
[2020.05.12-08.10.11:401][  0]LogOcInput: OculusInput pre-init called
[2020.05.12-08.10.12:657][  0]LogEngine: Initializing Engine...
[2020.05.12-08.10.12:658][  0]LogHMD: Failed to initialize OpenVR with code 110
[2020.05.12-08.10.12:659][  0]LogStats: UGameplayTagsManager::InitializeManager -  0.000 s
[2020.05.12-08.10.12:887][  0]LogInit: Initializing FReadOnlyCVARCache
[2020.05.12-08.10.12:898][  0]LogAIModule: Creating AISystem for world Untitled
[2020.05.12-08.10.12:936][  0]LogInit: XAudio2 using '耳机 (Lu的AirPods Stereo)' : 2 channels at 44.1 kHz using 16 bits per sample (channel mask 0x3)
[2020.05.12-08.10.13:108][  0]LogInit: FAudioDevice initialized.
[2020.05.12-08.10.13:108][  0]LogNetVersion: Set ProjectVersion to 1.0.0.0. Version Checksum will be recalculated on next use.
[2020.05.12-08.10.13:300][  0]LogDerivedDataCache: Saved boot cache 0.19s 71MB C:/Users/Lu/AppData/Local/UnrealEngine/4.22/DerivedDataCache/Boot.ddc.
[2020.05.12-08.10.13:303][  0]LogInit: Texture streaming: Enabled
[2020.05.12-08.10.13:320][  0]LogEngineSessionManager: EngineSessionManager initialized
[2020.05.12-08.10.13:340][  0]LogInit: Transaction tracking system initialized
[2020.05.12-08.10.13:365][  0]BlueprintLog: New page: Editor Load
[2020.05.12-08.10.13:441][  0]LocalizationService: Localization service is disabled
[2020.05.12-08.10.13:848][  0]LogFileCache: Scanning file cache for directory 'C:/课程/Final/Content/' took 0.01s
[2020.05.12-08.10.13:849][  0]LogCook: Display: Max memory allowance for cook 16384mb min free memory 0mb
[2020.05.12-08.10.13:849][  0]LogCook: Display: Mobile HDR setting 1
[2020.05.12-08.10.14:067][  0]SourceControl: Source control is disabled
[2020.05.12-08.10.14:067][  0]Cmd: MAP LOAD FILE="../../../../../../课程/Final/Content/Maps/PathFinding.umap" TEMPLATE=0 SHOWPROGRESS=1 FEATURELEVEL=3
[2020.05.12-08.10.14:067][  0]LightingResults: New page: Lighting Build
[2020.05.12-08.10.14:069][  0]MapCheck: New page: Map Check
[2020.05.12-08.10.14:069][  0]LightingResults: New page: Lighting Build
[2020.05.12-08.10.14:099][  0]LogUObjectHash: Compacting FUObjectHashTables data took   1.70ms
[2020.05.12-08.10.14:405][  0]LogAIModule: Creating AISystem for world PathFinding
[2020.05.12-08.10.14:412][  0]LogEditorServer: Finished looking for orphan Actors (0.000 secs)
[2020.05.12-08.10.14:443][  0]LogUObjectHash: Compacting FUObjectHashTables data took   1.99ms
[2020.05.12-08.10.14:444][  0]Cmd: MAP CHECKDEP NOCLEARLOG
[2020.05.12-08.10.14:444][  0]MapCheck: Map check complete: 0 Error(s), 0 Warning(s), took 0.337ms to complete.
[2020.05.12-08.10.14:444][  0]LogFileHelpers: Loading map 'PathFinding' took 0.377
[2020.05.12-08.10.14:542][  0]LogSlate: Updating window title bar state: overlay mode, drag disabled, window buttons hidden, title bar hidden
[2020.05.12-08.10.14:548][  0]LogSlate: Updating window title bar state: overlay mode, drag disabled, window buttons hidden, title bar hidden
[2020.05.12-08.10.14:553][  0]LogSlate: Updating window title bar state: overlay mode, drag disabled, window buttons hidden, title bar hidden
[2020.05.12-08.10.14:559][  0]LogSlate: Updating window title bar state: overlay mode, drag disabled, window buttons hidden, title bar hidden
[2020.05.12-08.10.14:564][  0]LogCollectionManager: Loaded 0 collections in 0.001191 seconds
[2020.05.12-08.10.14:605][  0]LogFileCache: Scanning file cache for directory 'C:/课程/Final/Saved/Collections/' took 0.01s
[2020.05.12-08.10.14:605][  0]LogFileCache: Scanning file cache for directory 'C:/课程/Final/Content/Developers/Lu/Collections/' took 0.01s
[2020.05.12-08.10.14:605][  0]LogFileCache: Scanning file cache for directory 'C:/课程/Final/Content/Collections/' took 0.01s
[2020.05.12-08.10.14:605][  0]LogCollectionManager: Rebuilt the GUID cache for 0 collections in 0.000000 seconds
[2020.05.12-08.10.14:613][  0]LogContentBrowser: Native class hierarchy populated in 0.0076 seconds. Added 2732 classes and 659 folders.
[2020.05.12-08.10.14:623][  0]LogContentBrowser: Native class hierarchy updated for 'WidgetCarousel' in 0.0003 seconds. Added 0 classes and 0 folders.
[2020.05.12-08.10.14:629][  0]LogPakFile: Registered encryption key '00000000000000000000000000000000': 0 pak files mounted, 0 remain pending
[2020.05.12-08.10.14:631][  0]LogPakFile: Registered encryption key '00000000000000000000000000000000': 0 pak files mounted, 0 remain pending
[2020.05.12-08.10.14:634][  0]LogPakFile: Registered encryption key '00000000000000000000000000000000': 0 pak files mounted, 0 remain pending
[2020.05.12-08.10.14:636][  0]LogPakFile: Registered encryption key '00000000000000000000000000000000': 0 pak files mounted, 0 remain pending
[2020.05.12-08.10.14:639][  0]LogPakFile: Registered encryption key '00000000000000000000000000000000': 0 pak files mounted, 0 remain pending
[2020.05.12-08.10.14:642][  0]LogPakFile: Registered encryption key '00000000000000000000000000000000': 0 pak files mounted, 0 remain pending
[2020.05.12-08.10.14:644][  0]LogPakFile: Registered encryption key '00000000000000000000000000000000': 0 pak files mounted, 0 remain pending
[2020.05.12-08.10.14:648][  0]LogPakFile: Registered encryption key '00000000000000000000000000000000': 0 pak files mounted, 0 remain pending
[2020.05.12-08.10.14:650][  0]LogPakFile: Registered encryption key '00000000000000000000000000000000': 0 pak files mounted, 0 remain pending
[2020.05.12-08.10.14:652][  0]LogPakFile: Registered encryption key '00000000000000000000000000000000': 0 pak files mounted, 0 remain pending
[2020.05.12-08.10.14:654][  0]LogPakFile: Registered encryption key '00000000000000000000000000000000': 0 pak files mounted, 0 remain pending
[2020.05.12-08.10.14:657][  0]LogPakFile: Registered encryption key '00000000000000000000000000000000': 0 pak files mounted, 0 remain pending
[2020.05.12-08.10.14:660][  0]LogPakFile: Registered encryption key '00000000000000000000000000000000': 0 pak files mounted, 0 remain pending
[2020.05.12-08.10.14:663][  0]LogPakFile: Registered encryption key '00000000000000000000000000000000': 0 pak files mounted, 0 remain pending
[2020.05.12-08.10.14:666][  0]LogPakFile: Registered encryption key '00000000000000000000000000000000': 0 pak files mounted, 0 remain pending
[2020.05.12-08.10.14:668][  0]LogPakFile: Registered encryption key '00000000000000000000000000000000': 0 pak files mounted, 0 remain pending
[2020.05.12-08.10.14:671][  0]LogPakFile: Registered encryption key '00000000000000000000000000000000': 0 pak files mounted, 0 remain pending
[2020.05.12-08.10.14:674][  0]LogPakFile: Registered encryption key '00000000000000000000000000000000': 0 pak files mounted, 0 remain pending
[2020.05.12-08.10.14:676][  0]LogPakFile: Registered encryption key '00000000000000000000000000000000': 0 pak files mounted, 0 remain pending
[2020.05.12-08.10.14:679][  0]LogPakFile: Registered encryption key '00000000000000000000000000000000': 0 pak files mounted, 0 remain pending
[2020.05.12-08.10.14:683][  0]LogPakFile: Registered encryption key '00000000000000000000000000000000': 0 pak files mounted, 0 remain pending
[2020.05.12-08.10.14:685][  0]LogPakFile: Registered encryption key '00000000000000000000000000000000': 0 pak files mounted, 0 remain pending
[2020.05.12-08.10.14:687][  0]LogPakFile: Registered encryption key '00000000000000000000000000000000': 0 pak files mounted, 0 remain pending
[2020.05.12-08.10.14:690][  0]LogPakFile: Registered encryption key '00000000000000000000000000000000': 0 pak files mounted, 0 remain pending
[2020.05.12-08.10.14:692][  0]LogPakFile: Registered encryption key '00000000000000000000000000000000': 0 pak files mounted, 0 remain pending
[2020.05.12-08.10.14:694][  0]LogPakFile: Registered encryption key '00000000000000000000000000000000': 0 pak files mounted, 0 remain pending
[2020.05.12-08.10.14:814][  0]LogContentBrowser: Native class hierarchy updated for 'AddContentDialog' in 0.0004 seconds. Added 0 classes and 0 folders.
[2020.05.12-08.10.14:821][  0]LogContentBrowser: Native class hierarchy updated for 'SceneOutliner' in 0.0003 seconds. Added 1 classes and 2 folders.
[2020.05.12-08.10.14:882][  0]LogSlate: Took 0.000293 seconds to synchronously load lazily loaded font '../../../Engine/Content/Slate/Fonts/Roboto-Regular.ttf' (155K)
[2020.05.12-08.10.14:884][  0]LogSlate: Took 0.000340 seconds to synchronously load lazily loaded font '../../../Engine/Content/Slate/Fonts/Roboto-Bold.ttf' (160K)
[2020.05.12-08.10.14:889][  0]LogSlate: Took 0.001143 seconds to synchronously load lazily loaded font '../../../Engine/Content/Editor/Slate/Fonts/FontAwesome.ttf' (139K)
[2020.05.12-08.10.14:958][  0]LogRenderer: Reallocating scene render targets to support 876x400 Format 9 NumSamples 1 (Frame:1).
[2020.05.12-08.10.15:113][  0]LogContentBrowser: Native class hierarchy updated for 'HierarchicalLODOutliner' in 0.0003 seconds. Added 0 classes and 0 folders.
[2020.05.12-08.10.15:113][  0]LogLoad: (Engine Initialization) Total time: 11.87 seconds
[2020.05.12-08.10.15:113][  0]LogLoad: (Engine Initialization) Total Blueprint compile time: 0.00 seconds
[2020.05.12-08.10.15:137][  0]LogSlate: FSceneViewport::OnFocusLost() reason 0
[2020.05.12-08.10.15:166][  0]LogAssetRegistry: Asset discovery search completed in 6.5562 seconds
[2020.05.12-08.10.15:168][  0]LogCollectionManager: Rebuilt the object cache for 0 collections in 0.000000 seconds (found 0 objects)
[2020.05.12-08.10.15:168][  0]LogCollectionManager: Fixed up redirectors for 0 collections in 0.000040 seconds (updated 0 objects)
[2020.05.12-08.10.15:169][  0]LogContentStreaming: Texture pool size now 800 MB
[2020.05.12-08.10.16:137][ 53]LogSlate: Took 0.000907 seconds to synchronously load lazily loaded font '../../../Engine/Content/Slate/Fonts/Roboto-Light.ttf' (167K)
[2020.05.12-08.10.16:966][102]LogTemp: Repeating last play command: Selected Viewport
[2020.05.12-08.10.16:974][102]LogBlueprintUserMessages: Early PlayInEditor Detection: Level '/Game/Maps/PathFinding.PathFinding:PersistentLevel' has LevelScriptBlueprint '/Game/Maps/PathFinding.PathFinding:PersistentLevel.PathFinding' with GeneratedClass '/Game/Maps/PathFinding.PathFinding_C' with ClassGeneratedBy '/Game/Maps/PathFinding.PathFinding:PersistentLevel.PathFinding'
[2020.05.12-08.10.16:974][102]LogPlayLevel: PlayLevel: No blueprints needed recompiling
[2020.05.12-08.10.16:974][102]PIE: New page: PIE session: PathFinding (May 13, 2020, 12:10:16 AM)
[2020.05.12-08.10.16:986][102]LogPlayLevel: Creating play world package: /Game/Maps/UEDPIE_0_PathFinding
[2020.05.12-08.10.16:990][102]LogPlayLevel: PIE: StaticDuplicateObject took: (0.003257s)
[2020.05.12-08.10.16:990][102]LogAIModule: Creating AISystem for world PathFinding
[2020.05.12-08.10.16:991][102]LogPlayLevel: PIE: World Init took: (0.000482s)
[2020.05.12-08.10.16:991][102]LogPlayLevel: PIE: Created PIE world by copying editor world from /Game/Maps/PathFinding.PathFinding to /Game/Maps/UEDPIE_0_PathFinding.PathFinding (0.004330s)
[2020.05.12-08.10.17:015][102]LogUObjectHash: Compacting FUObjectHashTables data took   0.93ms
[2020.05.12-08.10.17:036][102]LogInit: XAudio2 using '耳机 (Lu的AirPods Stereo)' : 2 channels at 44.1 kHz using 16 bits per sample (channel mask 0x3)
[2020.05.12-08.10.17:181][102]LogInit: FAudioDevice initialized.
[2020.05.12-08.10.17:234][102]LogLoad: Game class is 'BP_GameMode_C'
[2020.05.12-08.10.17:236][102]LogWorld: Bringing World /Game/Maps/UEDPIE_0_PathFinding.PathFinding up for play (max tick rate 60) at 2020.05.12-16.10.17
[2020.05.12-08.10.17:236][102]LogWorld: Bringing up level for play took: 0.000773
[2020.05.12-08.10.17:255][102]LogContentBrowser: Native class hierarchy updated for 'MovieSceneCapture' in 0.0004 seconds. Added 20 classes and 0 folders.
[2020.05.12-08.10.17:291][102]PIE: Play in editor start time for /Game/Maps/UEDPIE_0_PathFinding -0.481
[2020.05.12-08.10.17:292][102]LogBlueprintUserMessages: Late PlayInEditor Detection: Level '/Game/Maps/PathFinding.PathFinding:PersistentLevel' has LevelScriptBlueprint '/Game/Maps/PathFinding.PathFinding:PersistentLevel.PathFinding' with GeneratedClass '/Game/Maps/PathFinding.PathFinding_C' with ClassGeneratedBy '/Game/Maps/PathFinding.PathFinding:PersistentLevel.PathFinding'
[2020.05.12-08.10.19:694][200]LogSlate: FSceneViewport::OnFocusLost() reason 0
[2020.05.12-08.10.19:813][206]LogBlueprintUserMessages: Early EndPlayMap Detection: Level '/Game/Maps/PathFinding.PathFinding:PersistentLevel' has LevelScriptBlueprint '/Game/Maps/PathFinding.PathFinding:PersistentLevel.PathFinding' with GeneratedClass '/Game/Maps/PathFinding.PathFinding_C' with ClassGeneratedBy '/Game/Maps/PathFinding.PathFinding:PersistentLevel.PathFinding'
[2020.05.12-08.10.19:813][206]LogSlate: Updating window title bar state: overlay mode, drag disabled, window buttons hidden, title bar hidden
[2020.05.12-08.10.19:872][206]LogPlayLevel: Display: Shutting down PIE online subsystems
[2020.05.12-08.10.19:873][206]LogBlueprintUserMessages: Late EndPlayMap Detection: Level '/Game/Maps/PathFinding.PathFinding:PersistentLevel' has LevelScriptBlueprint '/Game/Maps/PathFinding.PathFinding:PersistentLevel.PathFinding' with GeneratedClass '/Game/Maps/PathFinding.PathFinding_C' with ClassGeneratedBy '/Game/Maps/PathFinding.PathFinding:PersistentLevel.PathFinding'
[2020.05.12-08.10.19:907][206]LogSlate: Updating window title bar state: overlay mode, drag disabled, window buttons hidden, title bar hidden
[2020.05.12-08.10.19:917][206]LogUObjectHash: Compacting FUObjectHashTables data took   1.84ms
[2020.05.12-08.10.19:925][207]LogPlayLevel: Display: Destroying online subsystem :Context_3
[2020.05.12-08.10.24:047][435]LogTemp: IOS device listing is disabled (to many failed attempts)!
[2020.05.12-08.11.08:050][965]LogAssetEditorManager: Opening Asset editor for Blueprint /Game/Blueprints/Grid/BP_Grid.BP_Grid
[2020.05.12-08.11.08:393][965]LogContentBrowser: Native class hierarchy updated for 'BlueprintGraph' in 0.0005 seconds. Added 121 classes and 0 folders.
[2020.05.12-08.11.09:156][965]LogScript: Warning: Script Msg: Divide by zero: Divide_Vector2DFloat
[2020.05.12-08.11.09:161][965]LogSlate: Took 0.001404 seconds to synchronously load lazily loaded font '../../../Engine/Content/Slate/Fonts/Roboto-BoldCondensed.ttf' (158K)
[2020.05.12-08.11.09:351][966]LogSlate: Took 0.001200 seconds to synchronously load lazily loaded font '../../../Engine/Content/Slate/Fonts/Roboto-Italic.ttf' (157K)
[2020.05.12-08.11.13:208][160]LogSlate: Window 'BP_Grid' being destroyed
[2020.05.12-08.13.07:403][972]LogScript: Warning: Script Msg: Divide by zero: Divide_Vector2DFloat
[2020.05.12-08.13.08:442][ 29]LogEditorTransaction: Undo Add Node
[2020.05.12-08.13.08:448][ 29]LogScript: Warning: Script Msg: Divide by zero: Divide_Vector2DFloat
[2020.05.12-08.13.08:456][ 29]LogScript: Warning: Script Msg: Divide by zero: Divide_Vector2DFloat
[2020.05.12-08.13.10:577][147]LogAssetEditorManager: Opening Asset editor for Blueprint /Engine/EditorBlueprintResources/StandardMacros.StandardMacros
[2020.05.12-08.17.24:497][125]BlueprintLog: New page: Compile BP_Grid
[2020.05.12-08.17.24:573][125]LogScript: Warning: Script Msg: Divide by zero: Divide_Vector2DFloat
[2020.05.12-08.17.24:731][125]LogUObjectHash: Compacting FUObjectHashTables data took   3.12ms
[2020.05.12-08.17.24:738][125]LogScript: Warning: Script Msg: Divide by zero: Divide_Vector2DFloat
[2020.05.12-08.17.24:754][125]LogScript: Warning: Script Msg: Divide by zero: Divide_Vector2DFloat
[2020.05.12-08.17.25:430][158]Cmd: OBJ SAVEPACKAGE PACKAGE="/Game/Blueprints/Grid/BP_Grid" FILE="../../../../../../课程/Final/Content/Blueprints/Grid/BP_Grid.uasset" SILENT=true
[2020.05.12-08.17.25:797][158]LogSavePackage: Moving '../../../../../../课程/Final/Saved/BP_Grid57B11A5D47B127011BC0998AFB449A25.tmp' to '../../../../../../课程/Final/Content/Blueprints/Grid/BP_Grid.uasset'
[2020.05.12-08.17.26:555][202]LogAssetEditorManager: Opening Asset editor for Blueprint /Engine/EditorBlueprintResources/StandardMacros.StandardMacros
[2020.05.12-08.18.02:148][236]LogEditorTransaction: Undo Move Node
[2020.05.12-08.18.02:158][236]LogScript: Warning: Script Msg: Divide by zero: Divide_Vector2DFloat
[2020.05.12-08.18.03:093][274]Cmd: TRANSACTION UNDO
[2020.05.12-08.18.03:093][274]LogEditorTransaction: Undo Add Node
[2020.05.12-08.18.03:103][274]LogScript: Warning: Script Msg: Divide by zero: Divide_Vector2DFloat
[2020.05.12-08.18.26:656][992]BlueprintLog: New page: Compile BP_Grid
[2020.05.12-08.18.26:732][992]LogScript: Warning: Script Msg: Divide by zero: Divide_Vector2DFloat
[2020.05.12-08.18.26:878][992]LogUObjectHash: Compacting FUObjectHashTables data took   2.99ms
[2020.05.12-08.18.26:884][992]LogScript: Warning: Script Msg: Divide by zero: Divide_Vector2DFloat
[2020.05.12-08.18.26:902][992]LogScript: Warning: Script Msg: Divide by zero: Divide_Vector2DFloat
[2020.05.12-08.18.27:892][ 46]Cmd: OBJ SAVEPACKAGE PACKAGE="/Game/Blueprints/Grid/BP_Grid" FILE="../../../../../../课程/Final/Content/Blueprints/Grid/BP_Grid.uasset" SILENT=true
[2020.05.12-08.18.28:250][ 46]LogSavePackage: Moving '../../../../../../课程/Final/Saved/BP_Grid9C4DF2A943428F7D403EAC8E8FAF3160.tmp' to '../../../../../../课程/Final/Content/Blueprints/Grid/BP_Grid.uasset'
[2020.05.12-08.19.01:096][  7]LogEditorTransaction: Undo Add Node
[2020.05.12-08.19.14:788][824]LogAssetEditorManager: Opening Asset editor for Blueprint /Game/Blueprints/Grid/BP_GirdTile.BP_GirdTile
[2020.05.12-08.19.16:959][930]Cmd: OBJ SAVEPACKAGE PACKAGE="/Game/Maps/PathFinding" FILE="../../../../../../课程/Final/Content/Maps/PathFinding.umap" SILENT=true AUTOSAVING=false KEEPDIRTY=false
[2020.05.12-08.19.16:998][930]LogUObjectHash: Compacting FUObjectHashTables data took   3.01ms
[2020.05.12-08.19.17:244][930]LogSavePackage: Moving '../../../../../../课程/Final/Saved/PathFinding980B9E4F46E1F3D178286689B3425931.tmp' to '../../../../../../课程/Final/Content/Maps/PathFinding.umap'
[2020.05.12-08.19.17:264][930]Cmd: OBJ SAVEPACKAGE PACKAGE="/Game/Maps/PathFinding_BuiltData" FILE="../../../../../../课程/Final/Content/Maps/PathFinding_BuiltData.uasset" SILENT=true
[2020.05.12-08.19.17:388][930]LogSavePackage: Moving '../../../../../../课程/Final/Saved/PathFinding_BuiltDataAE9C3583417990C04F08AE89B97E82DB.tmp' to '../../../../../../课程/Final/Content/Maps/PathFinding_BuiltData.uasset'
[2020.05.12-08.19.34:213][915]Cmd: OBJ SAVEPACKAGE PACKAGE="/Game/Blueprints/Grid/BP_GirdTile" FILE="../../../../../../课程/Final/Content/Blueprints/Grid/BP_GirdTile.uasset" SILENT=true
[2020.05.12-08.19.34:382][915]LogSavePackage: Moving '../../../../../../课程/Final/Saved/BP_GirdTile197C9FD34C0F8A15789EC19C4572EE76.tmp' to '../../../../../../课程/Final/Content/Blueprints/Grid/BP_GirdTile.uasset'
[2020.05.12-08.19.48:417][736]Cmd: OBJ SAVEPACKAGE PACKAGE="/Game/Blueprints/Grid/BP_GirdTile" FILE="../../../../../../课程/Final/Content/Blueprints/Grid/BP_GirdTile.uasset" SILENT=true
[2020.05.12-08.19.48:609][736]LogSavePackage: Moving '../../../../../../课程/Final/Saved/BP_GirdTileB7A7A7FB4945EBB77005BFBCC26E5EF6.tmp' to '../../../../../../课程/Final/Content/Blueprints/Grid/BP_GirdTile.uasset'
[2020.05.12-08.20.14:191][243]LogEditorTransaction: Undo Rename Node
[2020.05.12-08.20.14:874][282]LogEditorTransaction: Undo Add Node
[2020.05.12-08.21.05:163][274]BlueprintLog: New page: Compile BP_GirdTile
[2020.05.12-08.21.05:335][274]LogUObjectHash: Compacting FUObjectHashTables data took   2.82ms
[2020.05.12-08.21.05:351][274]LogScript: Warning: Script Msg: Divide by zero: Divide_Vector2DFloat
[2020.05.12-08.21.05:365][274]LogScript: Warning: Script Msg: Divide by zero: Divide_Vector2DFloat
[2020.05.12-08.21.05:639][286]Cmd: OBJ SAVEPACKAGE PACKAGE="/Game/Blueprints/Grid/BP_GirdTile" FILE="../../../../../../课程/Final/Content/Blueprints/Grid/BP_GirdTile.uasset" SILENT=true
[2020.05.12-08.21.05:814][286]LogSavePackage: Moving '../../../../../../课程/Final/Saved/BP_GirdTile79B013324C7BCBAD9C6A31BCB9AD0881.tmp' to '../../../../../../课程/Final/Content/Blueprints/Grid/BP_GirdTile.uasset'
[2020.05.12-08.21.21:009][937]LogSlate: Window 'Color Picker' being destroyed
[2020.05.12-08.21.29:311][999]LogSlate: Window 'Color Picker' being destroyed
[2020.05.12-08.21.30:516][ 70]BlueprintLog: New page: Compile BP_GirdTile
[2020.05.12-08.21.30:682][ 70]LogUObjectHash: Compacting FUObjectHashTables data took   2.82ms
[2020.05.12-08.21.30:695][ 70]LogScript: Warning: Script Msg: Divide by zero: Divide_Vector2DFloat
[2020.05.12-08.21.30:706][ 70]LogScript: Warning: Script Msg: Divide by zero: Divide_Vector2DFloat
[2020.05.12-08.21.31:158][ 93]Cmd: OBJ SAVEPACKAGE PACKAGE="/Game/Blueprints/Grid/BP_GirdTile" FILE="../../../../../../课程/Final/Content/Blueprints/Grid/BP_GirdTile.uasset" SILENT=true
[2020.05.12-08.21.31:332][ 93]LogSavePackage: Moving '../../../../../../课程/Final/Saved/BP_GirdTile69C968424196067A16B1FEAF88F7D269.tmp' to '../../../../../../课程/Final/Content/Blueprints/Grid/BP_GirdTile.uasset'
[2020.05.12-08.23.16:276][150]Cmd: OBJ SAVEPACKAGE PACKAGE="/Game/Blueprints/Grid/BP_Grid" FILE="../../../../../../课程/Final/Content/Blueprints/Grid/BP_Grid.uasset" SILENT=true
[2020.05.12-08.23.16:670][150]LogSavePackage: Moving '../../../../../../课程/Final/Saved/BP_GridFD5D921146158DD4FDAA428CBF2F3BF7.tmp' to '../../../../../../课程/Final/Content/Blueprints/Grid/BP_Grid.uasset'
[2020.05.12-08.24.21:692][228]LogScript: Warning: Script Msg: Divide by zero: Divide_Vector2DFloat
[2020.05.12-08.25.26:417][ 83]Cmd: OBJ SAVEPACKAGE PACKAGE="/Game/Blueprints/Grid/BP_Grid" FILE="../../../../../../课程/Final/Content/Blueprints/Grid/BP_Grid.uasset" SILENT=true
[2020.05.12-08.25.26:792][ 83]LogSavePackage: Moving '../../../../../../课程/Final/Saved/BP_GridEF22D60F4230E3086D92B581A9D17ADB.tmp' to '../../../../../../课程/Final/Content/Blueprints/Grid/BP_Grid.uasset'
[2020.05.12-08.25.32:597][428]LogScript: Warning: Script Msg: Divide by zero: Divide_Vector2DFloat
[2020.05.12-08.25.35:881][621]BlueprintLog: New page: Compile BP_Grid
[2020.05.12-08.25.35:955][621]LogScript: Warning: Script Msg: Divide by zero: Divide_Vector2DFloat
[2020.05.12-08.25.36:097][621]LogUObjectHash: Compacting FUObjectHashTables data took   2.94ms
[2020.05.12-08.25.36:106][621]LogScript: Warning: Script Msg: Divide by zero: Divide_Vector2DFloat
[2020.05.12-08.25.36:129][621]LogScript: Warning: Script Msg: Divide by zero: Divide_Vector2DFloat
[2020.05.12-08.25.36:454][635]Cmd: OBJ SAVEPACKAGE PACKAGE="/Game/Blueprints/Grid/BP_Grid" FILE="../../../../../../课程/Final/Content/Blueprints/Grid/BP_Grid.uasset" SILENT=true
[2020.05.12-08.25.36:822][635]LogSavePackage: Moving '../../../../../../课程/Final/Saved/BP_GridC578A20B47D98811034B0B9D766D86E8.tmp' to '../../../../../../课程/Final/Content/Blueprints/Grid/BP_Grid.uasset'
[2020.05.12-08.25.52:197][556]BlueprintLog: New page: Compile BP_Grid
[2020.05.12-08.25.52:281][556]LogScript: Warning: Script Msg: Divide by zero: Divide_Vector2DFloat
[2020.05.12-08.25.52:459][556]LogUObjectHash: Compacting FUObjectHashTables data took   2.96ms
[2020.05.12-08.25.52:468][556]LogScript: Warning: Script Msg: Divide by zero: Divide_Vector2DFloat
[2020.05.12-08.25.52:491][556]LogScript: Warning: Script Msg: Divide by zero: Divide_Vector2DFloat
[2020.05.12-08.25.52:755][566]Cmd: OBJ SAVEPACKAGE PACKAGE="/Game/Blueprints/Grid/BP_Grid" FILE="../../../../../../课程/Final/Content/Blueprints/Grid/BP_Grid.uasset" SILENT=true
[2020.05.12-08.25.53:113][566]LogSavePackage: Moving '../../../../../../课程/Final/Saved/BP_Grid68635EFD43B1BC52FF09969D7B289DE2.tmp' to '../../../../../../课程/Final/Content/Blueprints/Grid/BP_Grid.uasset'
[2020.05.12-08.26.42:056][488]Cmd: OBJ SAVEPACKAGE PACKAGE="/Game/Blueprints/Grid/BP_Grid" FILE="../../../../../../课程/Final/Content/Blueprints/Grid/BP_Grid.uasset" SILENT=true
[2020.05.12-08.26.42:451][488]LogSavePackage: Moving '../../../../../../课程/Final/Saved/BP_Grid1B4AE90441F7D4403E59A2B4721CC6AD.tmp' to '../../../../../../课程/Final/Content/Blueprints/Grid/BP_Grid.uasset'
[2020.05.12-08.27.04:888][833]BlueprintLog: New page: Compile BP_Grid
[2020.05.12-08.27.04:964][833]LogScript: Warning: Script Msg: Divide by zero: Divide_Vector2DFloat
[2020.05.12-08.27.05:105][833]LogUObjectHash: Compacting FUObjectHashTables data took   2.96ms
[2020.05.12-08.27.05:114][833]LogScript: Warning: Script Msg: Divide by zero: Divide_Vector2DFloat
[2020.05.12-08.27.05:138][833]LogScript: Warning: Script Msg: Divide by zero: Divide_Vector2DFloat
[2020.05.12-08.27.05:397][843]Cmd: OBJ SAVEPACKAGE PACKAGE="/Game/Blueprints/Grid/BP_Grid" FILE="../../../../../../课程/Final/Content/Blueprints/Grid/BP_Grid.uasset" SILENT=true
[2020.05.12-08.27.05:760][843]LogSavePackage: Moving '../../../../../../课程/Final/Saved/BP_GridCE5DA9BA403736089EF83D80B612FB2E.tmp' to '../../../../../../课程/Final/Content/Blueprints/Grid/BP_Grid.uasset'
[2020.05.12-08.27.06:536][888]LogTemp: Repeating last play command: Selected Viewport
[2020.05.12-08.27.06:566][888]LogBlueprintUserMessages: Early PlayInEditor Detection: Level '/Game/Maps/PathFinding.PathFinding:PersistentLevel' has LevelScriptBlueprint '/Game/Maps/PathFinding.PathFinding:PersistentLevel.PathFinding' with GeneratedClass '/Game/Maps/PathFinding.PathFinding_C' with ClassGeneratedBy '/Game/Maps/PathFinding.PathFinding:PersistentLevel.PathFinding'
[2020.05.12-08.27.06:567][888]BlueprintLog: New page: Pre-Play auto-recompile
[2020.05.12-08.27.06:594][888]LogPlayLevel: [PlayLevel] Compiling StandardMacros before play...
[2020.05.12-08.27.06:596][888]LogPlayLevel: [PlayLevel]   Compiling BP_Grid as a dependent...
[2020.05.12-08.27.06:599][888]LogPlayLevel: [PlayLevel]   Compiling BP_SceneNode as a dependent...
[2020.05.12-08.27.06:603][888]LogPlayLevel: [PlayLevel]   Compiling BP_SceneRoot as a dependent...
[2020.05.12-08.27.06:603][888]LogPlayLevel: [PlayLevel]   Compiling BP_Sky_Sphere as a dependent...
[2020.05.12-08.27.06:603][888]LogPlayLevel: [PlayLevel]   Compiling FBXImporterUtils as a dependent...
[2020.05.12-08.27.06:603][888]LogPlayLevel: [PlayLevel]   Compiling RenderToTextureFunctionLibrary as a dependent...
[2020.05.12-08.27.06:603][888]LogPlayLevel: [PlayLevel]   Compiling RenderToTextureMacros as a dependent...
[2020.05.12-08.27.06:604][888]LogPlayLevel: [PlayLevel]   Compiling BP_Switch as a dependent...
[2020.05.12-08.27.06:604][888]LogPlayLevel: [PlayLevel]   Compiling BP_PlayerController as a dependent...
[2020.05.12-08.27.06:605][888]LogPlayLevel: [PlayLevel]   Compiling W_GridTile as a dependent...
[2020.05.12-08.27.06:732][888]LogScript: Warning: Script Msg: Divide by zero: Divide_Vector2DFloat
[2020.05.12-08.27.06:849][888]LogScript: Warning: Script Msg: Divide by zero: Divide_Vector2DFloat
[2020.05.12-08.27.06:859][888]LogScript: Warning: Script Msg: Divide by zero: Divide_Vector2DFloat
[2020.05.12-08.27.06:902][888]LogUObjectHash: Compacting FUObjectHashTables data took   3.02ms
[2020.05.12-08.27.06:902][888]LogPlayLevel: PlayLevel: Blueprint regeneration took 335 ms (11 blueprints)
[2020.05.12-08.27.06:903][888]PIE: New page: PIE session: PathFinding (May 13, 2020, 12:27:06 AM)
[2020.05.12-08.27.06:903][888]LogPlayLevel: Creating play world package: /Game/Maps/UEDPIE_0_PathFinding
[2020.05.12-08.27.06:906][888]LogPlayLevel: PIE: StaticDuplicateObject took: (0.003369s)
[2020.05.12-08.27.06:907][888]LogAIModule: Creating AISystem for world PathFinding
[2020.05.12-08.27.06:907][888]LogPlayLevel: PIE: World Init took: (0.000552s)
[2020.05.12-08.27.06:907][888]LogPlayLevel: PIE: Created PIE world by copying editor world from /Game/Maps/PathFinding.PathFinding to /Game/Maps/UEDPIE_0_PathFinding.PathFinding (0.004289s)
[2020.05.12-08.27.06:935][888]LogUObjectHash: Compacting FUObjectHashTables data took   1.52ms
[2020.05.12-08.27.06:959][888]LogInit: XAudio2 using '耳机 (Lu的AirPods Stereo)' : 2 channels at 44.1 kHz using 16 bits per sample (channel mask 0x3)
[2020.05.12-08.27.07:107][888]LogInit: FAudioDevice initialized.
[2020.05.12-08.27.07:136][888]LogLoad: Game class is 'BP_GameMode_C'
[2020.05.12-08.27.07:137][888]LogWorld: Bringing World /Game/Maps/UEDPIE_0_PathFinding.PathFinding up for play (max tick rate 60) at 2020.05.12-16.27.07
[2020.05.12-08.27.07:137][888]LogWorld: Bringing up level for play took: 0.000535
[2020.05.12-08.27.07:190][888]PIE: Play in editor start time for /Game/Maps/UEDPIE_0_PathFinding 1.417
[2020.05.12-08.27.07:190][888]LogBlueprintUserMessages: Late PlayInEditor Detection: Level '/Game/Maps/PathFinding.PathFinding:PersistentLevel' has LevelScriptBlueprint '/Game/Maps/PathFinding.PathFinding:PersistentLevel.PathFinding' with GeneratedClass '/Game/Maps/PathFinding.PathFinding_C' with ClassGeneratedBy '/Game/Maps/PathFinding.PathFinding:PersistentLevel.PathFinding'
[2020.05.12-08.27.14:837][220]LogSlate: FSceneViewport::OnFocusLost() reason 0
[2020.05.12-08.27.14:917][224]LogBlueprintUserMessages: Early EndPlayMap Detection: Level '/Game/Maps/PathFinding.PathFinding:PersistentLevel' has LevelScriptBlueprint '/Game/Maps/PathFinding.PathFinding:PersistentLevel.PathFinding' with GeneratedClass '/Game/Maps/PathFinding.PathFinding_C' with ClassGeneratedBy '/Game/Maps/PathFinding.PathFinding:PersistentLevel.PathFinding'
[2020.05.12-08.27.14:918][224]LogSlate: Updating window title bar state: overlay mode, drag disabled, window buttons hidden, title bar hidden
[2020.05.12-08.27.14:967][224]LogPlayLevel: Display: Shutting down PIE online subsystems
[2020.05.12-08.27.14:968][224]LogBlueprintUserMessages: Late EndPlayMap Detection: Level '/Game/Maps/PathFinding.PathFinding:PersistentLevel' has LevelScriptBlueprint '/Game/Maps/PathFinding.PathFinding:PersistentLevel.PathFinding' with GeneratedClass '/Game/Maps/PathFinding.PathFinding_C' with ClassGeneratedBy '/Game/Maps/PathFinding.PathFinding:PersistentLevel.PathFinding'
[2020.05.12-08.27.15:007][224]LogSlate: Updating window title bar state: overlay mode, drag disabled, window buttons hidden, title bar hidden
[2020.05.12-08.27.15:018][224]LogUObjectHash: Compacting FUObjectHashTables data took   1.48ms
[2020.05.12-08.27.15:028][225]LogPlayLevel: Display: Destroying online subsystem :Context_8
[2020.05.12-08.27.46:547][115]LogEditorViewport: Clicking Background
[2020.05.12-08.29.25:844][953]LogUObjectHash: Compacting FUObjectHashTables data took   0.84ms
[2020.05.12-08.29.25:845][953]Cmd: OBJ SAVEPACKAGE PACKAGE="/Game/Maps/PathFinding" FILE="../../../../../../课程/Final/Saved/Autosaves/Game/Maps/PathFinding_Auto1.umap" SILENT=true AUTOSAVING=true KEEPDIRTY=false
[2020.05.12-08.29.26:131][953]LogSavePackage: Moving '../../../../../../课程/Final/Saved/PathFinding_Auto12006A9AA4FD6B2D394FC05B4093244B8.tmp' to '../../../../../../课程/Final/Saved/Autosaves/Game/Maps/PathFinding_Auto1.umap'
[2020.05.12-08.29.26:134][953]LogFileHelpers: Editor autosave (incl. sublevels) for '/Game/Maps/PathFinding' took 0.323
[2020.05.12-08.29.26:134][953]LogFileHelpers: Editor autosave (incl. sublevels) for all levels took 0.323
[2020.05.12-08.29.26:138][953]OBJ SavePackage: Generating thumbnails for [0] asset(s) in package [/Engine/EditorBlueprintResources/StandardMacros] ([1] browsable assets)...
[2020.05.12-08.29.26:138][953]OBJ SavePackage: Finished generating thumbnails for package [/Engine/EditorBlueprintResources/StandardMacros]
[2020.05.12-08.29.26:356][953]LogSavePackage: Moving '../../../../../../课程/Final/Saved/StandardMacros_Auto10EF4968E4C942CD7E4E0DBA36221C07A.tmp' to '../../../../../../课程/Final/Saved/Autosaves/Engine/EditorBlueprintResources/StandardMacros_Auto1.uasset'
[2020.05.12-08.29.26:358][953]LogFileHelpers: Auto-saving content packages took 0.220
[2020.05.12-08.31.02:876][242]LogAudio: Warning: Current Audio Device with ID {0.0.0.00000000}.{8c1223b6-2ec9-45e3-974a-4618adf654cc} was removed. Shutting down audio device.
[2020.05.12-08.31.02:876][242]LogInit: XAudio2 using 'Speakers/Headphones (Realtek(R) Audio)' : 2 channels at 48 kHz using 32 bits per sample (channel mask 0x3)
[2020.05.12-08.31.03:443][243]LogInit: XAudio2 using 'Speakers/Headphones (Realtek(R) Audio)' : 2 channels at 48 kHz using 32 bits per sample (channel mask 0x3)
[2020.05.12-08.31.33:091][398]LogSlate: FSceneViewport::OnFocusLost() reason 0
[2020.05.12-08.31.33:172][403]LogTemp: Repeating last play command: Selected Viewport
[2020.05.12-08.31.33:191][403]LogBlueprintUserMessages: Early PlayInEditor Detection: Level '/Game/Maps/PathFinding.PathFinding:PersistentLevel' has LevelScriptBlueprint '/Game/Maps/PathFinding.PathFinding:PersistentLevel.PathFinding' with GeneratedClass '/Game/Maps/PathFinding.PathFinding_C' with ClassGeneratedBy '/Game/Maps/PathFinding.PathFinding:PersistentLevel.PathFinding'
[2020.05.12-08.31.33:191][403]LogPlayLevel: PlayLevel: No blueprints needed recompiling
[2020.05.12-08.31.33:192][403]PIE: New page: PIE session: PathFinding (May 13, 2020, 12:31:33 AM)
[2020.05.12-08.31.33:192][403]LogPlayLevel: Creating play world package: /Game/Maps/UEDPIE_0_PathFinding
[2020.05.12-08.31.33:195][403]LogPlayLevel: PIE: StaticDuplicateObject took: (0.003486s)
[2020.05.12-08.31.33:196][403]LogAIModule: Creating AISystem for world PathFinding
[2020.05.12-08.31.33:196][403]LogPlayLevel: PIE: World Init took: (0.000599s)
[2020.05.12-08.31.33:196][403]LogPlayLevel: PIE: Created PIE world by copying editor world from /Game/Maps/PathFinding.PathFinding to /Game/Maps/UEDPIE_0_PathFinding.PathFinding (0.004191s)
[2020.05.12-08.31.33:227][403]LogUObjectHash: Compacting FUObjectHashTables data took   2.38ms
[2020.05.12-08.31.33:236][403]LogInit: XAudio2 using 'Speakers/Headphones (Realtek(R) Audio)' : 2 channels at 48 kHz using 32 bits per sample (channel mask 0x3)
[2020.05.12-08.31.33:323][403]LogInit: FAudioDevice initialized.
[2020.05.12-08.31.33:352][403]LogLoad: Game class is 'BP_GameMode_C'
[2020.05.12-08.31.33:353][403]LogWorld: Bringing World /Game/Maps/UEDPIE_0_PathFinding.PathFinding up for play (max tick rate 60) at 2020.05.12-16.31.33
[2020.05.12-08.31.33:353][403]LogWorld: Bringing up level for play took: 0.000635
[2020.05.12-08.31.33:406][403]PIE: Play in editor start time for /Game/Maps/UEDPIE_0_PathFinding -0.366
[2020.05.12-08.31.33:406][403]LogBlueprintUserMessages: Late PlayInEditor Detection: Level '/Game/Maps/PathFinding.PathFinding:PersistentLevel' has LevelScriptBlueprint '/Game/Maps/PathFinding.PathFinding:PersistentLevel.PathFinding' with GeneratedClass '/Game/Maps/PathFinding.PathFinding_C' with ClassGeneratedBy '/Game/Maps/PathFinding.PathFinding:PersistentLevel.PathFinding'
[2020.05.12-08.31.42:230][784]LogSlate: FSceneViewport::OnFocusLost() reason 0
[2020.05.12-08.31.42:335][789]LogBlueprintUserMessages: Early EndPlayMap Detection: Level '/Game/Maps/PathFinding.PathFinding:PersistentLevel' has LevelScriptBlueprint '/Game/Maps/PathFinding.PathFinding:PersistentLevel.PathFinding' with GeneratedClass '/Game/Maps/PathFinding.PathFinding_C' with ClassGeneratedBy '/Game/Maps/PathFinding.PathFinding:PersistentLevel.PathFinding'
[2020.05.12-08.31.42:336][789]LogSlate: Updating window title bar state: overlay mode, drag disabled, window buttons hidden, title bar hidden
[2020.05.12-08.31.42:391][789]LogPlayLevel: Display: Shutting down PIE online subsystems
[2020.05.12-08.31.42:392][789]LogBlueprintUserMessages: Late EndPlayMap Detection: Level '/Game/Maps/PathFinding.PathFinding:PersistentLevel' has LevelScriptBlueprint '/Game/Maps/PathFinding.PathFinding:PersistentLevel.PathFinding' with GeneratedClass '/Game/Maps/PathFinding.PathFinding_C' with ClassGeneratedBy '/Game/Maps/PathFinding.PathFinding:PersistentLevel.PathFinding'
[2020.05.12-08.31.42:426][789]LogSlate: Updating window title bar state: overlay mode, drag disabled, window buttons hidden, title bar hidden
[2020.05.12-08.31.42:435][789]LogUObjectHash: Compacting FUObjectHashTables data took   1.66ms
[2020.05.12-08.31.42:446][790]LogPlayLevel: Display: Destroying online subsystem :Context_9
[2020.05.12-08.39.26:973][639]LogRHI: Error: SyncInterval 0
[2020.05.12-08.39.26:979][639]LogRHI: Error: SwapChainDesc.BufferDesc.Width 34
[2020.05.12-08.39.26:979][639]LogRHI: Error: SwapChainDesc.BufferDesc.Height 142
[2020.05.12-08.39.26:979][639]LogRHI: Error: SwapChainDesc.BufferDesc.RefreshRate.Numerator 0
[2020.05.12-08.39.26:980][639]LogRHI: Error: SwapChainDesc.BufferDesc.RefreshRate.Denominator 0
[2020.05.12-08.39.26:980][639]LogRHI: Error: SwapChainDesc.BufferDesc.Format 24
[2020.05.12-08.39.26:980][639]LogRHI: Error: SwapChainDesc.BufferDesc.ScanlineOrdering 0
[2020.05.12-08.39.26:980][639]LogRHI: Error: SwapChainDesc.BufferDesc.Scaling 0
[2020.05.12-08.39.26:980][639]LogRHI: Error: SwapChainDesc.SampleDesc.Count 1
[2020.05.12-08.39.26:980][639]LogRHI: Error: SwapChainDesc.SampleDesc.Quality 0
[2020.05.12-08.39.26:980][639]LogRHI: Error: SwapChainDesc.BufferUsage 48
[2020.05.12-08.39.26:980][639]LogRHI: Error: SwapChainDesc.BufferCount 1
[2020.05.12-08.39.26:980][639]LogRHI: Error: SwapChainDesc.OutputWindow 000000000060063C
[2020.05.12-08.39.26:980][639]LogRHI: Error: SwapChainDesc.Windowed true
[2020.05.12-08.39.26:980][639]LogRHI: Error: SwapChainDesc.SwapEffect 0
[2020.05.12-08.39.26:980][639]LogRHI: Error: SwapChainDesc.Flags 2
[2020.05.12-08.39.26:980][639]LogD3D11RHI: Error: Result failed 
 at D:\Build\++UE4\Sync\Engine\Source\Runtime\Windows\D3D11RHI\Private\D3D11Viewport.cpp:361 
 with error E_INVALIDARG
[2020.05.12-08.39.26:984][639]LogWindows: Windows GetLastError: 操作成功完成。 (0)
[2020.05.12-08.39.31:416][639]LogWindows: Windows GetLastError: 操作成功完成。 (0)
[2020.05.12-08.39.31:416][639]LogOutputDevice: Warning: 

Script Stack (0 frames):

[2020.05.12-08.39.31:419][639]LogThreadingWindows: Error: Runnable thread RenderThread 7 crashed.
[2020.05.12-08.39.31:419][639]LogWindows: Error: === Critical error: ===
[2020.05.12-08.39.31:419][639]LogWindows: Error: 
[2020.05.12-08.39.31:419][639]LogWindows: Error: Assertion failed: Result >= 0 [File:D:\Build\++UE4\Sync\Engine\Source\Runtime\RHI\Private\PipelineStateCache.cpp] [Line: 1053] 
[2020.05.12-08.39.31:419][639]LogWindows: Error: 
[2020.05.12-08.39.31:419][639]LogWindows: Error: 
[2020.05.12-08.39.31:419][639]LogWindows: Error: 
[2020.05.12-08.39.31:419][639]LogWindows: Error: 
[2020.05.12-08.39.31:419][639]LogWindows: Error: Crash in runnable thread RenderThread 7
[2020.05.12-08.39.31:422][639]LogOutputDevice: Warning: 

Script Stack (0 frames):

[2020.05.12-08.39.31:423][639]LogWindows: Windows GetLastError: 操作成功完成。 (0)
[2020.05.12-08.39.31:423][639]LogWindows: Error: HandleError re-entered.
[2020.05.12-08.39.31:423][639]LogWindows: FPlatformMisc::RequestExit(1)
[2020.05.12-08.39.31:437][639]Log file closed, 05/12/20 16:39:31
