Log file open, 05/19/20 14:44:35
LogWindows: Failed to load 'aqProf.dll' (GetLastError=126)
LogWindows: File 'aqProf.dll' does not exist
LogWindows: Failed to load 'VtuneApi.dll' (GetLastError=126)
LogWindows: File 'VtuneApi.dll' does not exist
LogWindows: Failed to load 'VtuneApi32e.dll' (GetLastError=126)
LogWindows: File 'VtuneApi32e.dll' does not exist
LogConsoleResponse: Display: Failed to find resolution value strings in scalability ini. Falling back to default.
LogInit: Display: Running engine for game: FinalGPS
LogPakFile: Registered encryption key '00000000000000000000000000000000': 0 pak files mounted, 0 remain pending
LogPlatformFile: Not using cached read wrapper
LogTaskGraph: Started task graph with 5 named threads and 35 total threads with 3 sets of task threads.
LogStats: Stats thread started at 0.417113
LogD3D11RHI: Loaded GFSDK_Aftermath_Lib.x64.dll
LogICUInternationalization: ICU TimeZone Detection - Raw Offset: +8:00, Platform Override: ''
LogPluginManager: Mounting plugin Paper2D
LogPluginManager: Mounting plugin AISupport
LogPluginManager: Mounting plugin LightPropagationVolume
LogPluginManager: Mounting plugin ActorLayerUtilities
LogPluginManager: Mounting plugin AnimationSharing
LogPluginManager: Mounting plugin CLionSourceCodeAccess
LogPluginManager: Mounting plugin CodeLiteSourceCodeAccess
LogPluginManager: Mounting plugin GitSourceControl
LogPluginManager: Mounting plugin KDevelopSourceCodeAccess
LogPluginManager: Mounting plugin NullSourceCodeAccess
LogPluginManager: Mounting plugin PerforceSourceControl
LogPluginManager: Mounting plugin SubversionSourceControl
LogPluginManager: Mounting plugin UObjectPlugin
LogPluginManager: Mounting plugin VisualStudioCodeSourceCodeAccess
LogPluginManager: Mounting plugin VisualStudioSourceCodeAccess
LogPluginManager: Mounting plugin XCodeSourceCodeAccess
LogPluginManager: Mounting plugin AssetManagerEditor
LogPluginManager: Mounting plugin CryptoKeys
LogPluginManager: Mounting plugin DataValidation
LogPluginManager: Mounting plugin FacialAnimation
LogPluginManager: Mounting plugin GameplayTagsEditor
LogPluginManager: Mounting plugin MacGraphicsSwitching
LogPluginManager: Mounting plugin MaterialAnalyzer
LogPluginManager: Mounting plugin MobileLauncherProfileWizard
LogPluginManager: Mounting plugin PluginBrowser
LogPluginManager: Mounting plugin SpeedTreeImporter
LogPluginManager: Mounting plugin DatasmithContent
LogPluginManager: Mounting plugin VariantManagerContent
LogPluginManager: Mounting plugin AlembicImporter
LogPluginManager: Mounting plugin AppleImageUtils
LogPluginManager: Mounting plugin AppleVision
LogPluginManager: Mounting plugin BackChannel
LogPluginManager: Mounting plugin CharacterAI
LogPluginManager: Mounting plugin GeometryCache
LogPluginManager: Mounting plugin HTML5Networking
LogPluginManager: Mounting plugin ProxyLODPlugin
LogPluginManager: Mounting plugin SkeletalReduction
LogPluginManager: Mounting plugin MagicLeap
LogPluginManager: Mounting plugin MagicLeapMedia
LogPluginManager: Mounting plugin AndroidMedia
LogPluginManager: Mounting plugin AvfMedia
LogPluginManager: Mounting plugin ImgMedia
LogPluginManager: Mounting plugin LinearTimecode
LogPluginManager: Mounting plugin MediaCompositing
LogPluginManager: Mounting plugin MediaPlayerEditor
LogPluginManager: Mounting plugin WebMMedia
LogPluginManager: Mounting plugin WmfMedia
LogPluginManager: Mounting plugin TcpMessaging
LogPluginManager: Mounting plugin UdpMessaging
LogPluginManager: Mounting plugin ActorSequence
LogPluginManager: Mounting plugin LevelSequenceEditor
LogPluginManager: Mounting plugin MatineeToLevelSequence
LogPluginManager: Mounting plugin NetcodeUnitTest
LogPluginManager: Mounting plugin NUTUnrealEngine4
LogPluginManager: Mounting plugin OnlineSubsystemGooglePlay
LogPluginManager: Mounting plugin OnlineSubsystemIOS
LogPluginManager: Mounting plugin OnlineSubsystem
LogPluginManager: Mounting plugin OnlineSubsystemNull
LogPluginManager: Mounting plugin OnlineSubsystemUtils
LogPluginManager: Mounting plugin LauncherChunkInstaller
LogPluginManager: Mounting plugin AndroidDeviceProfileSelector
LogPluginManager: Mounting plugin AndroidMoviePlayer
LogPluginManager: Mounting plugin AndroidPermission
LogPluginManager: Mounting plugin AppleMoviePlayer
LogPluginManager: Mounting plugin ArchVisCharacter
LogPluginManager: Mounting plugin AudioCapture
LogPluginManager: Mounting plugin CableComponent
LogPluginManager: Mounting plugin CustomMeshComponent
LogPluginManager: Mounting plugin EditableMesh
LogPluginManager: Mounting plugin ExampleDeviceProfileSelector
LogPluginManager: Mounting plugin Firebase
LogPluginManager: Mounting plugin GoogleCloudMessaging
LogPluginManager: Mounting plugin IOSDeviceProfileSelector
LogPluginManager: Mounting plugin LinuxDeviceProfileSelector
LogPluginManager: Mounting plugin LocationServicesBPLibrary
LogPluginManager: Mounting plugin MobilePatchingUtils
LogPluginManager: Mounting plugin OculusVR
LogPluginManager: Mounting plugin PhysXVehicles
LogPluginManager: Mounting plugin ProceduralMeshComponent
LogPluginManager: Mounting plugin RuntimePhysXCooking
LogPluginManager: Mounting plugin SignificanceManager
LogPluginManager: Mounting plugin SteamVR
LogPluginManager: Mounting plugin WebMMoviePlayer
LogPluginManager: Mounting plugin WindowsMoviePlayer
LogInit: Using libcurl 7.55.1-DEV
LogInit:  - built for x86_64-pc-win32
LogInit:  - supports SSL with OpenSSL/1.1.1
LogInit:  - supports HTTP deflate (compression) using libz 1.2.8
LogInit:  - other features:
LogInit:      CURL_VERSION_SSL
LogInit:      CURL_VERSION_LIBZ
LogInit:      CURL_VERSION_IPV6
LogInit:      CURL_VERSION_ASYNCHDNS
LogInit:      CURL_VERSION_LARGEFILE
LogInit:      CURL_VERSION_IDN
LogInit:  CurlRequestOptions (configurable via config and command line):
LogInit:  - bVerifyPeer = true  - Libcurl will verify peer certificate
LogInit:  - bUseHttpProxy = false  - Libcurl will NOT use HTTP proxy
LogInit:  - bDontReuseConnections = false  - Libcurl will reuse connections
LogInit:  - MaxHostConnections = 16  - Libcurl will limit the number of connections to a host
LogInit:  - LocalHostAddr = Default
LogInit:  - BufferSize = 65536
LogInit: WinSock: version 1.1 (2.2), MaxSocks=32767, MaxUdp=65467
LogInit: Build: ++UE4+Release-4.22-CL-7053642
LogInit: Engine Version: 4.22.3-7053642+++UE4+Release-4.22
LogInit: Compatible Engine Version: 4.22.0-5660361+++UE4+Release-4.22
LogInit: Net CL: 5660361
LogInit: OS: Windows 10 (Release 1903) (), CPU: Intel(R) Core(TM) i7-9750H CPU @ 2.60GHz, GPU: Intel(R) UHD Graphics 630
LogInit: Compiled (64-bit): Jun 18 2019 03:09:11
LogInit: Compiled with Visual C++: 19.16.27025.01
LogInit: Build Configuration: Development
LogInit: Branch Name: ++UE4+Release-4.22
LogInit: Command Line:  -EpicPortal -epicusername=Sika_R -epicuserid=6097d1a53e3343bd84050676641ce1ee -epiclocale=zh-CN
LogInit: Base Directory: C:/Program Files/Epic Games/UE_4.22/Engine/Binaries/Win64/
LogInit: Installed Engine Build: 1
LogDevObjectVersion: Number of dev versions registered: 23
LogDevObjectVersion:   Dev-Blueprints (B0D832E4-1F89-4F0D-ACCF-7EB736FD4AA2): 10
LogDevObjectVersion:   Dev-Build (E1C64328-A22C-4D53-A36C-8E866417BD8C): 0
LogDevObjectVersion:   Dev-Core (375EC13C-06E4-48FB-B500-84F0262A717E): 3
LogDevObjectVersion:   Dev-Editor (E4B068ED-F494-42E9-A231-DA0B2E46BB41): 30
LogDevObjectVersion:   Dev-Framework (CFFC743F-43B0-4480-9391-14DF171D2073): 35
LogDevObjectVersion:   Dev-Mobile (B02B49B5-BB20-44E9-A304-32B752E40360): 2
LogDevObjectVersion:   Dev-Networking (A4E4105C-59A1-49B5-A7C5-40C4547EDFEE): 0
LogDevObjectVersion:   Dev-Online (39C831C9-5AE6-47DC-9A44-9C173E1C8E7C): 0
LogDevObjectVersion:   Dev-Physics (78F01B33-EBEA-4F98-B9B4-84EACCB95AA2): 0
LogDevObjectVersion:   Dev-Platform (6631380F-2D4D-43E0-8009-CF276956A95A): 0
LogDevObjectVersion:   Dev-Rendering (12F88B9F-8875-4AFC-A67C-D90C383ABD29): 28
LogDevObjectVersion:   Dev-Sequencer (7B5AE74C-D270-4C10-A958-57980B212A5A): 11
LogDevObjectVersion:   Dev-VR (D7296918-1DD6-4BDD-9DE2-64A83CC13884): 2
LogDevObjectVersion:   Dev-LoadTimes (C2A15278-BFE7-4AFE-6C17-90FF531DF755): 1
LogDevObjectVersion:   Private-Geometry (6EACA3D4-40EC-4CC1-B786-8BED09428FC5): 3
LogDevObjectVersion:   Dev-AnimPhys (29E575DD-E0A3-4627-9D10-D276232CDCEA): 17
LogDevObjectVersion:   Dev-Anim (AF43A65D-7FD3-4947-9873-3E8ED9C1BB05): 2
LogDevObjectVersion:   Dev-ReflectionCapture (6B266CEC-1EC7-4B8F-A30B-E4D90942FC07): 1
LogDevObjectVersion:   Dev-Automation (0DF73D61-A23F-47EA-B727-89E90C41499A): 1
LogDevObjectVersion:   FortniteMain (601D1886-AC64-4F84-AA16-D3DE0DEAC7D6): 25
LogDevObjectVersion:   Dev-Enterprise (9DFFBCD6-494F-0158-E221-12823C92A888): 6
LogDevObjectVersion:   Dev-Niagara (F2AED0AC-9AFE-416F-8664-AA7FFA26D6FC): 1
LogDevObjectVersion:   Dev-Destruction (174F1F0B-B4C6-45A5-B13F-2EE8D0FB917D): 2
LogInit: Presizing for max 16777216 objects, including 0 objects not considered by GC, pre-allocating 0 bytes for permanent pool.
LogInit: Object subsystem initialized
LogConfig: Setting CVar [[con.DebugEarlyDefault:1]]
LogConfig: Setting CVar [[r.setres:1280x720]]
[2020.05.19-06.44.35:689][  0]LogConfig: Setting CVar [[r.VSync:0]]
[2020.05.19-06.44.35:689][  0]LogConfig: Setting CVar [[r.RHICmdBypass:0]]
[2020.05.19-06.44.35:689][  0]LogConfig: Applying CVar settings from Section [/Script/Engine.RendererSettings] File [C:/课程/Final/Saved/Config/Windows/Engine.ini]
[2020.05.19-06.44.35:689][  0]LogConfig: Setting CVar [[r.GPUCrashDebugging:0]]
[2020.05.19-06.44.35:689][  0]LogConfig: Setting CVar [[r.MobileHDR:1]]
[2020.05.19-06.44.35:690][  0]LogConfig: Setting CVar [[r.Mobile.DisableVertexFog:1]]
[2020.05.19-06.44.35:690][  0]LogConfig: Setting CVar [[r.Shadow.CSM.MaxMobileCascades:2]]
[2020.05.19-06.44.35:690][  0]LogConfig: Setting CVar [[r.MobileMSAA:1]]
[2020.05.19-06.44.35:690][  0]LogConfig: Setting CVar [[r.Mobile.UseLegacyShadingModel:0]]
[2020.05.19-06.44.35:690][  0]LogConfig: Setting CVar [[r.Mobile.UseHWsRGBEncoding:0]]
[2020.05.19-06.44.35:690][  0]LogConfig: Setting CVar [[r.Mobile.AllowDitheredLODTransition:0]]
[2020.05.19-06.44.35:690][  0]LogConfig: Setting CVar [[r.Mobile.AllowSoftwareOcclusion:0]]
[2020.05.19-06.44.35:690][  0]LogConfig: Setting CVar [[r.DiscardUnusedQuality:0]]
[2020.05.19-06.44.35:690][  0]LogConfig: Setting CVar [[r.AllowOcclusionQueries:1]]
[2020.05.19-06.44.35:690][  0]LogConfig: Setting CVar [[r.MinScreenRadiusForLights:0.030000]]
[2020.05.19-06.44.35:690][  0]LogConfig: Setting CVar [[r.MinScreenRadiusForDepthPrepass:0.030000]]
[2020.05.19-06.44.35:690][  0]LogConfig: Setting CVar [[r.MinScreenRadiusForCSMDepth:0.010000]]
[2020.05.19-06.44.35:690][  0]LogConfig: Setting CVar [[r.PrecomputedVisibilityWarning:0]]
[2020.05.19-06.44.35:690][  0]LogConfig: Setting CVar [[r.TextureStreaming:1]]
[2020.05.19-06.44.35:690][  0]LogConfig: Setting CVar [[Compat.UseDXT5NormalMaps:0]]
[2020.05.19-06.44.35:690][  0]LogConfig: Setting CVar [[r.ClearCoatNormal:0]]
[2020.05.19-06.44.35:690][  0]LogConfig: Setting CVar [[r.ReflectionCaptureResolution:128]]
[2020.05.19-06.44.35:690][  0]LogConfig: Setting CVar [[r.ReflectionEnvironmentLightmapMixBasedOnRoughness:1]]
[2020.05.19-06.44.35:690][  0]LogConfig: Setting CVar [[r.ForwardShading:0]]
[2020.05.19-06.44.35:690][  0]LogConfig: Setting CVar [[r.VertexFoggingForOpaque:1]]
[2020.05.19-06.44.35:690][  0]LogConfig: Setting CVar [[r.AllowStaticLighting:1]]
[2020.05.19-06.44.35:690][  0]LogConfig: Setting CVar [[r.NormalMapsForStaticLighting:0]]
[2020.05.19-06.44.35:690][  0]LogConfig: Setting CVar [[r.GenerateMeshDistanceFields:0]]
[2020.05.19-06.44.35:690][  0]LogConfig: Setting CVar [[r.DistanceFieldBuild.EightBit:0]]
[2020.05.19-06.44.35:690][  0]LogConfig: Setting CVar [[r.GenerateLandscapeGIData:0]]
[2020.05.19-06.44.35:690][  0]LogConfig: Setting CVar [[r.DistanceFieldBuild.Compress:0]]
[2020.05.19-06.44.35:690][  0]LogConfig: Setting CVar [[r.TessellationAdaptivePixelsPerTriangle:48.000000]]
[2020.05.19-06.44.35:690][  0]LogConfig: Setting CVar [[r.SeparateTranslucency:1]]
[2020.05.19-06.44.35:690][  0]LogConfig: Setting CVar [[r.TranslucentSortPolicy:0]]
[2020.05.19-06.44.35:690][  0]LogConfig: Setting CVar [[r.CustomDepth:1]]
[2020.05.19-06.44.35:690][  0]LogConfig: Setting CVar [[r.CustomDepthTemporalAAJitter:1]]
[2020.05.19-06.44.35:690][  0]LogConfig: Setting CVar [[r.PostProcessing.PropagateAlpha:0]]
[2020.05.19-06.44.35:690][  0]LogConfig: Setting CVar [[r.DOF.Algorithm:1]]
[2020.05.19-06.44.35:690][  0]LogConfig: Setting CVar [[r.DefaultFeature.Bloom:1]]
[2020.05.19-06.44.35:690][  0]LogConfig: Setting CVar [[r.DefaultFeature.AmbientOcclusion:1]]
[2020.05.19-06.44.35:690][  0]LogConfig: Setting CVar [[r.DefaultFeature.AmbientOcclusionStaticFraction:1]]
[2020.05.19-06.44.35:690][  0]LogConfig: Setting CVar [[r.DefaultFeature.AutoExposure:1]]
[2020.05.19-06.44.35:690][  0]LogConfig: Setting CVar [[r.DefaultFeature.AutoExposure.Method:0]]
[2020.05.19-06.44.35:690][  0]LogConfig: Setting CVar [[r.DefaultFeature.AutoExposure.ExtendDefaultLuminanceRange:1]]
[2020.05.19-06.44.35:690][  0]LogConfig: Setting CVar [[r.UsePreExposure:0]]
[2020.05.19-06.44.35:690][  0]LogConfig: Setting CVar [[r.DefaultFeature.MotionBlur:1]]
[2020.05.19-06.44.35:690][  0]LogConfig: Setting CVar [[r.DefaultFeature.LensFlare:0]]
[2020.05.19-06.44.35:690][  0]LogConfig: Setting CVar [[r.TemporalAA.Upsampling:0]]
[2020.05.19-06.44.35:690][  0]LogConfig: Setting CVar [[r.DefaultFeature.AntiAliasing:2]]
[2020.05.19-06.44.35:690][  0]LogConfig: Setting CVar [[r.DefaultFeature.LightUnits:1]]
[2020.05.19-06.44.35:690][  0]LogConfig: Setting CVar [[r.DefaultBackBufferPixelFormat:4]]
[2020.05.19-06.44.35:690][  0]LogConfig: Setting CVar [[r.Shadow.UnbuiltPreviewInGame:1]]
[2020.05.19-06.44.35:690][  0]LogConfig: Setting CVar [[r.StencilForLODDither:0]]
[2020.05.19-06.44.35:690][  0]LogConfig: Setting CVar [[r.EarlyZPass:3]]
[2020.05.19-06.44.35:690][  0]LogConfig: Setting CVar [[r.EarlyZPassOnlyMaterialMasking:0]]
[2020.05.19-06.44.35:690][  0]LogConfig: Setting CVar [[r.DBuffer:1]]
[2020.05.19-06.44.35:690][  0]LogConfig: Setting CVar [[r.ClearSceneMethod:1]]
[2020.05.19-06.44.35:690][  0]LogConfig: Setting CVar [[r.BasePassOutputsVelocity:0]]
[2020.05.19-06.44.35:690][  0]LogConfig: Setting CVar [[r.SelectiveBasePassOutputs:0]]
[2020.05.19-06.44.35:690][  0]LogConfig: Setting CVar [[fx.GPUSimulationTextureSizeX:1024]]
[2020.05.19-06.44.35:690][  0]LogConfig: Setting CVar [[fx.GPUSimulationTextureSizeY:1024]]
[2020.05.19-06.44.35:690][  0]LogConfig: Setting CVar [[r.AllowGlobalClipPlane:0]]
[2020.05.19-06.44.35:690][  0]LogConfig: Setting CVar [[r.GBufferFormat:1]]
[2020.05.19-06.44.35:690][  0]LogConfig: Setting CVar [[r.MorphTarget.Mode:1]]
[2020.05.19-06.44.35:690][  0]LogConfig: Setting CVar [[vr.InstancedStereo:0]]
[2020.05.19-06.44.35:690][  0]LogConfig: Setting CVar [[vr.MultiView:0]]
[2020.05.19-06.44.35:690][  0]LogConfig: Setting CVar [[vr.MobileMultiView:0]]
[2020.05.19-06.44.35:690][  0]LogConfig: Setting CVar [[vr.MobileMultiView.Direct:0]]
[2020.05.19-06.44.35:690][  0]LogConfig: Setting CVar [[vr.RoundRobinOcclusion:0]]
[2020.05.19-06.44.35:690][  0]LogConfig: Setting CVar [[vr.ODSCapture:0]]
[2020.05.19-06.44.35:690][  0]LogConfig: Setting CVar [[r.WireframeCullThreshold:5.000000]]
[2020.05.19-06.44.35:690][  0]LogConfig: Setting CVar [[r.RayTracing:0]]
[2020.05.19-06.44.35:690][  0]LogConfig: Setting CVar [[r.SupportStationarySkylight:1]]
[2020.05.19-06.44.35:690][  0]LogConfig: Setting CVar [[r.SupportLowQualityLightmaps:1]]
[2020.05.19-06.44.35:690][  0]LogConfig: Setting CVar [[r.SupportPointLightWholeSceneShadows:1]]
[2020.05.19-06.44.35:690][  0]LogConfig: Setting CVar [[r.SupportAtmosphericFog:1]]
[2020.05.19-06.44.35:690][  0]LogConfig: Setting CVar [[r.SkinCache.CompileShaders:0]]
[2020.05.19-06.44.35:690][  0]LogConfig: Setting CVar [[r.Mobile.EnableStaticAndCSMShadowReceivers:1]]
[2020.05.19-06.44.35:690][  0]LogConfig: Setting CVar [[r.Mobile.EnableMovableLightCSMShaderCulling:1]]
[2020.05.19-06.44.35:690][  0]LogConfig: Setting CVar [[r.Mobile.AllowDistanceFieldShadows:1]]
[2020.05.19-06.44.35:690][  0]LogConfig: Setting CVar [[r.Mobile.AllowMovableDirectionalLights:1]]
[2020.05.19-06.44.35:690][  0]LogConfig: Setting CVar [[r.MobileNumDynamicPointLights:4]]
[2020.05.19-06.44.35:690][  0]LogConfig: Setting CVar [[r.MobileDynamicPointLightsUseStaticBranch:1]]
[2020.05.19-06.44.35:690][  0]LogConfig: Setting CVar [[r.Mobile.EnableMovableSpotlights:0]]
[2020.05.19-06.44.35:690][  0]LogConfig: Setting CVar [[r.SkinCache.SceneMemoryLimitInMB:128.000000]]
[2020.05.19-06.44.35:690][  0]LogConfig: Setting CVar [[r.GPUSkin.Limit2BoneInfluences:0]]
[2020.05.19-06.44.35:690][  0]LogConfig: Setting CVar [[r.SupportDepthOnlyIndexBuffers:1]]
[2020.05.19-06.44.35:690][  0]LogConfig: Setting CVar [[r.SupportReversedIndexBuffers:1]]
[2020.05.19-06.44.35:691][  0]LogConfig: Setting CVar [[r.SupportMaterialLayers:0]]
[2020.05.19-06.44.35:691][  0]LogConfig: Applying CVar settings from Section [/Script/Engine.RendererOverrideSettings] File [C:/课程/Final/Saved/Config/Windows/Engine.ini]
[2020.05.19-06.44.35:691][  0]LogConfig: Applying CVar settings from Section [/Script/Engine.StreamingSettings] File [C:/课程/Final/Saved/Config/Windows/Engine.ini]
[2020.05.19-06.44.35:691][  0]LogConfig: Setting CVar [[s.MinBulkDataSizeForAsyncLoading:131072]]
[2020.05.19-06.44.35:691][  0]LogConfig: Setting CVar [[s.AsyncLoadingThreadEnabled:0]]
[2020.05.19-06.44.35:691][  0]LogConfig: Setting CVar [[s.EventDrivenLoaderEnabled:1]]
[2020.05.19-06.44.35:691][  0]LogConfig: Setting CVar [[s.WarnIfTimeLimitExceeded:0]]
[2020.05.19-06.44.35:691][  0]LogConfig: Setting CVar [[s.TimeLimitExceededMultiplier:1.5]]
[2020.05.19-06.44.35:691][  0]LogConfig: Setting CVar [[s.TimeLimitExceededMinTime:0.005]]
[2020.05.19-06.44.35:691][  0]LogConfig: Setting CVar [[s.UseBackgroundLevelStreaming:1]]
[2020.05.19-06.44.35:691][  0]LogConfig: Setting CVar [[s.PriorityAsyncLoadingExtraTime:15.0]]
[2020.05.19-06.44.35:691][  0]LogConfig: Setting CVar [[s.LevelStreamingActorsUpdateTimeLimit:5.0]]
[2020.05.19-06.44.35:691][  0]LogConfig: Setting CVar [[s.PriorityLevelStreamingActorsUpdateExtraTime:5.0]]
[2020.05.19-06.44.35:691][  0]LogConfig: Setting CVar [[s.LevelStreamingComponentsRegistrationGranularity:10]]
[2020.05.19-06.44.35:691][  0]LogConfig: Setting CVar [[s.UnregisterComponentsTimeLimit:1.0]]
[2020.05.19-06.44.35:691][  0]LogConfig: Setting CVar [[s.LevelStreamingComponentsUnregistrationGranularity:5]]
[2020.05.19-06.44.35:691][  0]LogConfig: Applying CVar settings from Section [/Script/Engine.GarbageCollectionSettings] File [C:/课程/Final/Saved/Config/Windows/Engine.ini]
[2020.05.19-06.44.35:691][  0]LogConfig: Setting CVar [[gc.MaxObjectsNotConsideredByGC:1]]
[2020.05.19-06.44.35:691][  0]LogConfig: Setting CVar [[gc.SizeOfPermanentObjectPool:0]]
[2020.05.19-06.44.35:691][  0]LogConfig: Setting CVar [[gc.FlushStreamingOnGC:0]]
[2020.05.19-06.44.35:691][  0]LogConfig: Setting CVar [[gc.NumRetriesBeforeForcingGC:10]]
[2020.05.19-06.44.35:691][  0]LogConfig: Setting CVar [[gc.AllowParallelGC:1]]
[2020.05.19-06.44.35:691][  0]LogConfig: Setting CVar [[gc.TimeBetweenPurgingPendingKillObjects:61.1]]
[2020.05.19-06.44.35:691][  0]LogConfig: Setting CVar [[gc.MaxObjectsInEditor:16777216]]
[2020.05.19-06.44.35:691][  0]LogConfig: Setting CVar [[gc.IncrementalBeginDestroyEnabled:1]]
[2020.05.19-06.44.35:691][  0]LogConfig: Setting CVar [[gc.CreateGCClusters:1]]
[2020.05.19-06.44.35:691][  0]LogConfig: Setting CVar [[gc.MinGCClusterSize:5]]
[2020.05.19-06.44.35:691][  0]LogConfig: Setting CVar [[gc.ActorClusteringEnabled:0]]
[2020.05.19-06.44.35:691][  0]LogConfig: Setting CVar [[gc.BlueprintClusteringEnabled:0]]
[2020.05.19-06.44.35:691][  0]LogConfig: Setting CVar [[gc.UseDisregardForGCOnDedicatedServers:0]]
[2020.05.19-06.44.35:691][  0]LogConfig: Applying CVar settings from Section [/Script/Engine.NetworkSettings] File [C:/课程/Final/Saved/Config/Windows/Engine.ini]
[2020.05.19-06.44.35:691][  0]LogConfig: Applying CVar settings from Section [/Script/UnrealEd.CookerSettings] File [C:/课程/Final/Saved/Config/Windows/Engine.ini]
[2020.05.19-06.44.35:694][  0]LogConfig: Applying CVar settings from Section [ViewDistanceQuality@3] File [C:/课程/Final/Saved/Config/Windows/Scalability.ini]
[2020.05.19-06.44.35:694][  0]LogConfig: Setting CVar [[r.SkeletalMeshLODBias:0]]
[2020.05.19-06.44.35:694][  0]LogConfig: Setting CVar [[r.ViewDistanceScale:1.0]]
[2020.05.19-06.44.35:694][  0]LogConfig: Applying CVar settings from Section [AntiAliasingQuality@3] File [C:/课程/Final/Saved/Config/Windows/Scalability.ini]
[2020.05.19-06.44.35:694][  0]LogConfig: Setting CVar [[r.PostProcessAAQuality:4]]
[2020.05.19-06.44.35:694][  0]LogConfig: Applying CVar settings from Section [ShadowQuality@3] File [C:/课程/Final/Saved/Config/Windows/Scalability.ini]
[2020.05.19-06.44.35:694][  0]LogConfig: Setting CVar [[r.LightFunctionQuality:1]]
[2020.05.19-06.44.35:694][  0]LogConfig: Setting CVar [[r.ShadowQuality:5]]
[2020.05.19-06.44.35:694][  0]LogConfig: Setting CVar [[r.Shadow.CSM.MaxCascades:10]]
[2020.05.19-06.44.35:694][  0]LogConfig: Setting CVar [[r.Shadow.MaxResolution:2048]]
[2020.05.19-06.44.35:694][  0]LogConfig: Setting CVar [[r.Shadow.MaxCSMResolution:2048]]
[2020.05.19-06.44.35:694][  0]LogConfig: Setting CVar [[r.Shadow.RadiusThreshold:0.01]]
[2020.05.19-06.44.35:694][  0]LogConfig: Setting CVar [[r.Shadow.DistanceScale:1.0]]
[2020.05.19-06.44.35:694][  0]LogConfig: Setting CVar [[r.Shadow.CSM.TransitionScale:1.0]]
[2020.05.19-06.44.35:694][  0]LogConfig: Setting CVar [[r.Shadow.PreShadowResolutionFactor:1.0]]
[2020.05.19-06.44.35:694][  0]LogConfig: Setting CVar [[r.DistanceFieldShadowing:1]]
[2020.05.19-06.44.35:694][  0]LogConfig: Setting CVar [[r.DistanceFieldAO:1]]
[2020.05.19-06.44.35:694][  0]LogConfig: Setting CVar [[r.AOQuality:2]]
[2020.05.19-06.44.35:694][  0]LogConfig: Setting CVar [[r.VolumetricFog:1]]
[2020.05.19-06.44.35:694][  0]LogConfig: Setting CVar [[r.VolumetricFog.GridPixelSize:8]]
[2020.05.19-06.44.35:694][  0]LogConfig: Setting CVar [[r.VolumetricFog.GridSizeZ:128]]
[2020.05.19-06.44.35:694][  0]LogConfig: Setting CVar [[r.VolumetricFog.HistoryMissSupersampleCount:4]]
[2020.05.19-06.44.35:694][  0]LogConfig: Setting CVar [[r.LightMaxDrawDistanceScale:1]]
[2020.05.19-06.44.35:694][  0]LogConfig: Setting CVar [[r.CapsuleShadows:1]]
[2020.05.19-06.44.35:694][  0]LogConfig: Applying CVar settings from Section [PostProcessQuality@3] File [C:/课程/Final/Saved/Config/Windows/Scalability.ini]
[2020.05.19-06.44.35:694][  0]LogConfig: Setting CVar [[r.MotionBlurQuality:4]]
[2020.05.19-06.44.35:694][  0]LogConfig: Setting CVar [[r.AmbientOcclusionMipLevelFactor:0.4]]
[2020.05.19-06.44.35:694][  0]LogConfig: Setting CVar [[r.AmbientOcclusionMaxQuality:100]]
[2020.05.19-06.44.35:694][  0]LogConfig: Setting CVar [[r.AmbientOcclusionLevels:-1]]
[2020.05.19-06.44.35:694][  0]LogConfig: Setting CVar [[r.AmbientOcclusionRadiusScale:1.0]]
[2020.05.19-06.44.35:694][  0]LogConfig: Setting CVar [[r.DepthOfFieldQuality:2]]
[2020.05.19-06.44.35:694][  0]LogConfig: Setting CVar [[r.RenderTargetPoolMin:400]]
[2020.05.19-06.44.35:694][  0]LogConfig: Setting CVar [[r.LensFlareQuality:2]]
[2020.05.19-06.44.35:694][  0]LogConfig: Setting CVar [[r.SceneColorFringeQuality:1]]
[2020.05.19-06.44.35:694][  0]LogConfig: Setting CVar [[r.EyeAdaptationQuality:2]]
[2020.05.19-06.44.35:694][  0]LogConfig: Setting CVar [[r.BloomQuality:5]]
[2020.05.19-06.44.35:694][  0]LogConfig: Setting CVar [[r.FastBlurThreshold:100]]
[2020.05.19-06.44.35:694][  0]LogConfig: Setting CVar [[r.Upscale.Quality:3]]
[2020.05.19-06.44.35:694][  0]LogConfig: Setting CVar [[r.Tonemapper.GrainQuantization:1]]
[2020.05.19-06.44.35:694][  0]LogConfig: Setting CVar [[r.LightShaftQuality:1]]
[2020.05.19-06.44.35:694][  0]LogConfig: Setting CVar [[r.Filter.SizeScale:1]]
[2020.05.19-06.44.35:694][  0]LogConfig: Setting CVar [[r.Tonemapper.Quality:5]]
[2020.05.19-06.44.35:694][  0]LogConfig: Setting CVar [[r.DOF.Gather.AccumulatorQuality:1        ; higher gathering accumulator quality]]
[2020.05.19-06.44.35:694][  0]LogConfig: Setting CVar [[r.DOF.Gather.PostfilterMethod:1          ; Median3x3 postfilering method]]
[2020.05.19-06.44.35:694][  0]LogConfig: Setting CVar [[r.DOF.Gather.EnableBokehSettings:0       ; no bokeh simulation when gathering]]
[2020.05.19-06.44.35:694][  0]LogConfig: Setting CVar [[r.DOF.Gather.RingCount:4                 ; medium number of samples when gathering]]
[2020.05.19-06.44.35:694][  0]LogConfig: Setting CVar [[r.DOF.Scatter.ForegroundCompositing:1    ; additive foreground scattering]]
[2020.05.19-06.44.35:694][  0]LogConfig: Setting CVar [[r.DOF.Scatter.BackgroundCompositing:2    ; additive background scattering]]
[2020.05.19-06.44.35:694][  0]LogConfig: Setting CVar [[r.DOF.Scatter.EnableBokehSettings:1      ; bokeh simulation when scattering]]
[2020.05.19-06.44.35:694][  0]LogConfig: Setting CVar [[r.DOF.Scatter.MaxSpriteRatio:0.1         ; only a maximum of 10% of scattered bokeh]]
[2020.05.19-06.44.35:694][  0]LogConfig: Setting CVar [[r.DOF.Recombine.Quality:1                ; cheap slight out of focus]]
[2020.05.19-06.44.35:694][  0]LogConfig: Setting CVar [[r.DOF.Recombine.EnableBokehSettings:0    ; no bokeh simulation on slight out of focus]]
[2020.05.19-06.44.35:694][  0]LogConfig: Setting CVar [[r.DOF.TemporalAAQuality:1                ; more stable temporal accumulation]]
[2020.05.19-06.44.35:694][  0]LogConfig: Setting CVar [[r.DOF.Kernel.MaxForegroundRadius:0.025]]
[2020.05.19-06.44.35:694][  0]LogConfig: Setting CVar [[r.DOF.Kernel.MaxBackgroundRadius:0.025]]
[2020.05.19-06.44.35:694][  0]LogConfig: Applying CVar settings from Section [TextureQuality@3] File [C:/课程/Final/Saved/Config/Windows/Scalability.ini]
[2020.05.19-06.44.35:694][  0]LogConfig: Setting CVar [[r.Streaming.MipBias:0]]
[2020.05.19-06.44.35:694][  0]LogConfig: Setting CVar [[r.Streaming.AmortizeCPUToGPUCopy:0]]
[2020.05.19-06.44.35:694][  0]LogConfig: Setting CVar [[r.Streaming.MaxNumTexturesToStreamPerFrame:0]]
[2020.05.19-06.44.35:694][  0]LogConfig: Setting CVar [[r.Streaming.Boost:1]]
[2020.05.19-06.44.35:694][  0]LogConfig: Setting CVar [[r.MaxAnisotropy:8]]
[2020.05.19-06.44.35:694][  0]LogConfig: Setting CVar [[r.Streaming.LimitPoolSizeToVRAM:0]]
[2020.05.19-06.44.35:694][  0]LogConfig: Setting CVar [[r.Streaming.PoolSize:1000]]
[2020.05.19-06.44.35:694][  0]LogConfig: Setting CVar [[r.Streaming.MaxEffectiveScreenSize:0]]
[2020.05.19-06.44.35:694][  0]LogConfig: Applying CVar settings from Section [EffectsQuality@3] File [C:/课程/Final/Saved/Config/Windows/Scalability.ini]
[2020.05.19-06.44.35:694][  0]LogConfig: Setting CVar [[r.TranslucencyLightingVolumeDim:64]]
[2020.05.19-06.44.35:694][  0]LogConfig: Setting CVar [[r.RefractionQuality:2]]
[2020.05.19-06.44.35:694][  0]LogConfig: Setting CVar [[r.SSR.Quality:3]]
[2020.05.19-06.44.35:695][  0]LogConfig: Setting CVar [[r.SceneColorFormat:4]]
[2020.05.19-06.44.35:695][  0]LogConfig: Setting CVar [[r.DetailMode:2]]
[2020.05.19-06.44.35:695][  0]LogConfig: Setting CVar [[r.TranslucencyVolumeBlur:1]]
[2020.05.19-06.44.35:695][  0]LogConfig: Setting CVar [[r.MaterialQualityLevel:1 ; High quality]]
[2020.05.19-06.44.35:695][  0]LogConfig: Setting CVar [[r.SSS.Scale:1]]
[2020.05.19-06.44.35:695][  0]LogConfig: Setting CVar [[r.SSS.SampleSet:2]]
[2020.05.19-06.44.35:695][  0]LogConfig: Setting CVar [[r.SSS.Quality:1]]
[2020.05.19-06.44.35:695][  0]LogConfig: Setting CVar [[r.SSS.HalfRes:1]]
[2020.05.19-06.44.35:695][  0]LogConfig: Setting CVar [[r.EmitterSpawnRateScale:1.0]]
[2020.05.19-06.44.35:695][  0]LogConfig: Setting CVar [[r.ParticleLightQuality:2]]
[2020.05.19-06.44.35:695][  0]LogConfig: Applying CVar settings from Section [FoliageQuality@3] File [C:/课程/Final/Saved/Config/Windows/Scalability.ini]
[2020.05.19-06.44.35:695][  0]LogConfig: Setting CVar [[foliage.DensityScale:1.0]]
[2020.05.19-06.44.35:695][  0]LogConfig: Setting CVar [[grass.DensityScale:1.0]]
[2020.05.19-06.44.35:695][  0]LogInit: Selected Device Profile: [Windows]
[2020.05.19-06.44.35:695][  0]LogInit: Applying CVar settings loaded from the selected device profile: [Windows]
[2020.05.19-06.44.35:704][  0]LogHAL: Display: Platform has ~ 16 GB [16893935616 / 17179869184 / 16], which maps to Larger [LargestMinGB=32, LargerMinGB=12, DefaultMinGB=8, SmallerMinGB=6, SmallestMinGB=0)
[2020.05.19-06.44.35:704][  0]LogConfig: Setting CVar [[r.Vulkan.UseRealUBs:0		; Required until we fix HLR fall-out]]
[2020.05.19-06.44.35:704][  0]LogInit: Going up to parent DeviceProfile []
[2020.05.19-06.44.35:704][  0]LogConfig: Applying CVar settings from Section [ViewDistanceQuality@2] File [C:/课程/Final/Saved/Config/Windows/Scalability.ini]
[2020.05.19-06.44.35:704][  0]LogConfig: Setting CVar [[r.SkeletalMeshLODBias:0]]
[2020.05.19-06.44.35:704][  0]LogConfig: Setting CVar [[r.ViewDistanceScale:0.8]]
[2020.05.19-06.44.35:704][  0]LogConfig: Applying CVar settings from Section [AntiAliasingQuality@2] File [C:/课程/Final/Saved/Config/Windows/Scalability.ini]
[2020.05.19-06.44.35:704][  0]LogConfig: Setting CVar [[r.PostProcessAAQuality:3]]
[2020.05.19-06.44.35:704][  0]LogConfig: Applying CVar settings from Section [ShadowQuality@2] File [C:/课程/Final/Saved/Config/Windows/Scalability.ini]
[2020.05.19-06.44.35:704][  0]LogConfig: Setting CVar [[r.LightFunctionQuality:1]]
[2020.05.19-06.44.35:704][  0]LogConfig: Setting CVar [[r.ShadowQuality:5]]
[2020.05.19-06.44.35:704][  0]LogConfig: Setting CVar [[r.Shadow.CSM.MaxCascades:4]]
[2020.05.19-06.44.35:704][  0]LogConfig: Setting CVar [[r.Shadow.MaxResolution:1024]]
[2020.05.19-06.44.35:704][  0]LogConfig: Setting CVar [[r.Shadow.MaxCSMResolution:2048]]
[2020.05.19-06.44.35:704][  0]LogConfig: Setting CVar [[r.Shadow.RadiusThreshold:0.04]]
[2020.05.19-06.44.35:704][  0]LogConfig: Setting CVar [[r.Shadow.DistanceScale:0.85]]
[2020.05.19-06.44.35:704][  0]LogConfig: Setting CVar [[r.Shadow.CSM.TransitionScale:0.8]]
[2020.05.19-06.44.35:704][  0]LogConfig: Setting CVar [[r.Shadow.PreShadowResolutionFactor:0.5]]
[2020.05.19-06.44.35:704][  0]LogConfig: Setting CVar [[r.DistanceFieldShadowing:1]]
[2020.05.19-06.44.35:704][  0]LogConfig: Setting CVar [[r.DistanceFieldAO:1]]
[2020.05.19-06.44.35:704][  0]LogConfig: Setting CVar [[r.AOQuality:1]]
[2020.05.19-06.44.35:704][  0]LogConfig: Setting CVar [[r.VolumetricFog:1]]
[2020.05.19-06.44.35:704][  0]LogConfig: Setting CVar [[r.VolumetricFog.GridPixelSize:16]]
[2020.05.19-06.44.35:704][  0]LogConfig: Setting CVar [[r.VolumetricFog.GridSizeZ:64]]
[2020.05.19-06.44.35:704][  0]LogConfig: Setting CVar [[r.VolumetricFog.HistoryMissSupersampleCount:4]]
[2020.05.19-06.44.35:704][  0]LogConfig: Setting CVar [[r.LightMaxDrawDistanceScale:1]]
[2020.05.19-06.44.35:704][  0]LogConfig: Setting CVar [[r.CapsuleShadows:1]]
[2020.05.19-06.44.35:704][  0]LogConfig: Applying CVar settings from Section [PostProcessQuality@2] File [C:/课程/Final/Saved/Config/Windows/Scalability.ini]
[2020.05.19-06.44.35:704][  0]LogConfig: Setting CVar [[r.MotionBlurQuality:3]]
[2020.05.19-06.44.35:704][  0]LogConfig: Setting CVar [[r.AmbientOcclusionMipLevelFactor:0.6]]
[2020.05.19-06.44.35:704][  0]LogConfig: Setting CVar [[r.AmbientOcclusionMaxQuality:100]]
[2020.05.19-06.44.35:704][  0]LogConfig: Setting CVar [[r.AmbientOcclusionLevels:-1]]
[2020.05.19-06.44.35:704][  0]LogConfig: Setting CVar [[r.AmbientOcclusionRadiusScale:1.5]]
[2020.05.19-06.44.35:704][  0]LogConfig: Setting CVar [[r.DepthOfFieldQuality:2]]
[2020.05.19-06.44.35:704][  0]LogConfig: Setting CVar [[r.RenderTargetPoolMin:400]]
[2020.05.19-06.44.35:704][  0]LogConfig: Setting CVar [[r.LensFlareQuality:2]]
[2020.05.19-06.44.35:704][  0]LogConfig: Setting CVar [[r.SceneColorFringeQuality:1]]
[2020.05.19-06.44.35:704][  0]LogConfig: Setting CVar [[r.EyeAdaptationQuality:2]]
[2020.05.19-06.44.35:704][  0]LogConfig: Setting CVar [[r.BloomQuality:5]]
[2020.05.19-06.44.35:704][  0]LogConfig: Setting CVar [[r.FastBlurThreshold:3]]
[2020.05.19-06.44.35:704][  0]LogConfig: Setting CVar [[r.Upscale.Quality:2]]
[2020.05.19-06.44.35:704][  0]LogConfig: Setting CVar [[r.Tonemapper.GrainQuantization:1]]
[2020.05.19-06.44.35:704][  0]LogConfig: Setting CVar [[r.LightShaftQuality:1]]
[2020.05.19-06.44.35:704][  0]LogConfig: Setting CVar [[r.Filter.SizeScale:0.8]]
[2020.05.19-06.44.35:704][  0]LogConfig: Setting CVar [[r.Tonemapper.Quality:5]]
[2020.05.19-06.44.35:704][  0]LogConfig: Setting CVar [[r.DOF.Gather.AccumulatorQuality:0        ; lower gathering accumulator quality]]
[2020.05.19-06.44.35:704][  0]LogConfig: Setting CVar [[r.DOF.Gather.PostfilterMethod:2          ; Max3x3 postfilering method]]
[2020.05.19-06.44.35:704][  0]LogConfig: Setting CVar [[r.DOF.Gather.EnableBokehSettings:0       ; no bokeh simulation when gathering]]
[2020.05.19-06.44.35:704][  0]LogConfig: Setting CVar [[r.DOF.Gather.RingCount:4                 ; medium number of samples when gathering]]
[2020.05.19-06.44.35:704][  0]LogConfig: Setting CVar [[r.DOF.Scatter.ForegroundCompositing:1    ; additive foreground scattering]]
[2020.05.19-06.44.35:704][  0]LogConfig: Setting CVar [[r.DOF.Scatter.BackgroundCompositing:1    ; no background occlusion]]
[2020.05.19-06.44.35:704][  0]LogConfig: Setting CVar [[r.DOF.Scatter.EnableBokehSettings:0      ; no bokeh simulation when scattering]]
[2020.05.19-06.44.35:704][  0]LogConfig: Setting CVar [[r.DOF.Scatter.MaxSpriteRatio:0.04        ; only a maximum of 4% of scattered bokeh]]
[2020.05.19-06.44.35:704][  0]LogConfig: Setting CVar [[r.DOF.Recombine.Quality:0                ; no slight out of focus]]
[2020.05.19-06.44.35:704][  0]LogConfig: Setting CVar [[r.DOF.TemporalAAQuality:0                ; faster temporal accumulation]]
[2020.05.19-06.44.35:704][  0]LogConfig: Setting CVar [[r.DOF.Kernel.MaxForegroundRadius:0.012   ; required because of AccumulatorQuality=0]]
[2020.05.19-06.44.35:704][  0]LogConfig: Setting CVar [[r.DOF.Kernel.MaxBackgroundRadius:0.012   ; required because of AccumulatorQuality=0]]
[2020.05.19-06.44.35:704][  0]LogConfig: Applying CVar settings from Section [TextureQuality@2] File [C:/课程/Final/Saved/Config/Windows/Scalability.ini]
[2020.05.19-06.44.35:704][  0]LogConfig: Setting CVar [[r.Streaming.MipBias:0]]
[2020.05.19-06.44.35:704][  0]LogConfig: Setting CVar [[r.Streaming.AmortizeCPUToGPUCopy:0]]
[2020.05.19-06.44.35:704][  0]LogConfig: Setting CVar [[r.Streaming.MaxNumTexturesToStreamPerFrame:0]]
[2020.05.19-06.44.35:704][  0]LogConfig: Setting CVar [[r.Streaming.Boost:1]]
[2020.05.19-06.44.35:704][  0]LogConfig: Setting CVar [[r.MaxAnisotropy:4]]
[2020.05.19-06.44.35:704][  0]LogConfig: Setting CVar [[r.Streaming.LimitPoolSizeToVRAM:1]]
[2020.05.19-06.44.35:704][  0]LogConfig: Setting CVar [[r.Streaming.PoolSize:800]]
[2020.05.19-06.44.35:704][  0]LogConfig: Setting CVar [[r.Streaming.MaxEffectiveScreenSize:0]]
[2020.05.19-06.44.35:704][  0]LogConfig: Applying CVar settings from Section [EffectsQuality@2] File [C:/课程/Final/Saved/Config/Windows/Scalability.ini]
[2020.05.19-06.44.35:704][  0]LogConfig: Setting CVar [[r.TranslucencyLightingVolumeDim:48]]
[2020.05.19-06.44.35:705][  0]LogConfig: Setting CVar [[r.RefractionQuality:2]]
[2020.05.19-06.44.35:705][  0]LogConfig: Setting CVar [[r.SSR.Quality:2]]
[2020.05.19-06.44.35:705][  0]LogConfig: Setting CVar [[r.SceneColorFormat:3]]
[2020.05.19-06.44.35:705][  0]LogConfig: Setting CVar [[r.DetailMode:1]]
[2020.05.19-06.44.35:705][  0]LogConfig: Setting CVar [[r.TranslucencyVolumeBlur:1]]
[2020.05.19-06.44.35:705][  0]LogConfig: Setting CVar [[r.MaterialQualityLevel:1 ; High quality]]
[2020.05.19-06.44.35:705][  0]LogConfig: Setting CVar [[r.SSS.Scale:1]]
[2020.05.19-06.44.35:705][  0]LogConfig: Setting CVar [[r.SSS.SampleSet:1]]
[2020.05.19-06.44.35:705][  0]LogConfig: Setting CVar [[r.SSS.Quality:-1]]
[2020.05.19-06.44.35:705][  0]LogConfig: Setting CVar [[r.SSS.HalfRes:1]]
[2020.05.19-06.44.35:705][  0]LogConfig: Setting CVar [[r.EmitterSpawnRateScale:0.5]]
[2020.05.19-06.44.35:705][  0]LogConfig: Setting CVar [[r.ParticleLightQuality:1]]
[2020.05.19-06.44.35:705][  0]LogConfig: Applying CVar settings from Section [FoliageQuality@2] File [C:/课程/Final/Saved/Config/Windows/Scalability.ini]
[2020.05.19-06.44.35:705][  0]LogConfig: Setting CVar [[foliage.DensityScale:0.8]]
[2020.05.19-06.44.35:705][  0]LogConfig: Setting CVar [[grass.DensityScale:0.8]]
[2020.05.19-06.44.35:705][  0]LogConfig: Applying CVar settings from Section [Startup] File [../../../Engine/Config/ConsoleVariables.ini]
[2020.05.19-06.44.35:705][  0]LogConfig: Setting CVar [[net.UseAdaptiveNetUpdateFrequency:0]]
[2020.05.19-06.44.35:705][  0]LogConfig: Setting CVar [[p.chaos.AllowCreatePhysxBodies:1]]
[2020.05.19-06.44.35:705][  0]LogConfig: Applying CVar settings from Section [ConsoleVariables] File [C:/课程/Final/Saved/Config/Windows/Engine.ini]
[2020.05.19-06.44.35:705][  0]LogInit: Computer: DESKTOP-7D0H28H
[2020.05.19-06.44.35:705][  0]LogInit: User: Lu
[2020.05.19-06.44.35:705][  0]LogInit: CPU Page size=4096, Cores=6
[2020.05.19-06.44.35:705][  0]LogInit: High frequency timer resolution =10.000000 MHz
[2020.05.19-06.44.35:705][  0]LogMemory: Memory total: Physical=15.7GB (16GB approx)
[2020.05.19-06.44.35:705][  0]LogMemory: Platform Memory Stats for Windows
[2020.05.19-06.44.35:705][  0]LogMemory: Process Physical Memory: 98.50 MB used, 98.50 MB peak
[2020.05.19-06.44.35:705][  0]LogMemory: Process Virtual Memory: 89.91 MB used, 89.91 MB peak
[2020.05.19-06.44.35:705][  0]LogMemory: Physical Memory: 8798.63 MB used,  7312.69 MB free, 16111.31 MB total
[2020.05.19-06.44.35:705][  0]LogMemory: Virtual Memory: 4660.61 MB used,  134213064.00 MB free, 134217728.00 MB total
[2020.05.19-06.44.35:735][  0]LogInit: Overriding language with editor language configuration option (en).
[2020.05.19-06.44.35:735][  0]LogInit: Overriding locale with editor locale configuration option (en).
[2020.05.19-06.44.35:887][  0]LogInit: Setting process to per monitor DPI aware
[2020.05.19-06.44.35:958][  0]LogSlate: New Slate User Created.  User Index 0, Is Virtual User: 0
[2020.05.19-06.44.35:958][  0]LogSlate: Slate User Registered.  User Index 0, Is Virtual User: 0
[2020.05.19-06.44.36:189][  0]LogHMD: Failed to initialize OpenVR with code 110
[2020.05.19-06.44.36:189][  0]LogD3D11RHI: D3D11 adapters:
[2020.05.19-06.44.36:282][  0]LogD3D11RHI:    0. 'NVIDIA GeForce GTX 1650' (Feature Level 11_0)
[2020.05.19-06.44.36:282][  0]LogD3D11RHI:       3964/0/8055 MB DedicatedVideo/DedicatedSystem/SharedSystem, Outputs:1, VendorId:0x10de
[2020.05.19-06.44.36:315][  0]LogD3D11RHI:    1. 'Intel(R) UHD Graphics 630' (Feature Level 11_0)
[2020.05.19-06.44.36:315][  0]LogD3D11RHI:       128/0/8055 MB DedicatedVideo/DedicatedSystem/SharedSystem, Outputs:0, VendorId:0x8086
[2020.05.19-06.44.36:318][  0]LogD3D11RHI:    2. 'Microsoft Basic Render Driver' (Feature Level 11_0)
[2020.05.19-06.44.36:318][  0]LogD3D11RHI:       0/0/8055 MB DedicatedVideo/DedicatedSystem/SharedSystem, Outputs:0, VendorId:0x1414
[2020.05.19-06.44.36:318][  0]LogD3D11RHI: Chosen D3D11 Adapter: 0
[2020.05.19-06.44.36:327][  0]LogD3D11RHI: Creating new Direct3DDevice
[2020.05.19-06.44.36:327][  0]LogD3D11RHI:     GPU DeviceId: 0x1f91 (for the marketing name, search the web for "GPU Device Id")
[2020.05.19-06.44.36:327][  0]LogWindows: EnumDisplayDevices:
[2020.05.19-06.44.36:327][  0]LogWindows:    0. 'Intel(R) UHD Graphics 630' (P:1 D:1)
[2020.05.19-06.44.36:327][  0]LogWindows:    1. 'Intel(R) UHD Graphics 630' (P:0 D:0)
[2020.05.19-06.44.36:328][  0]LogWindows:    2. 'Intel(R) UHD Graphics 630' (P:0 D:0)
[2020.05.19-06.44.36:328][  0]LogWindows: DebugString: PrimaryIsNotTheChoosenAdapter PrimaryIsNotTheChoosenAdapter PrimaryIsNotTheChoosenAdapter FoundDriverCount:0 
[2020.05.19-06.44.36:328][  0]LogD3D11RHI:     Adapter Name: NVIDIA GeForce GTX 1650
[2020.05.19-06.44.36:328][  0]LogD3D11RHI:   Driver Version: Unknown (internal:Unknown, unified:Unknown)
[2020.05.19-06.44.36:328][  0]LogD3D11RHI:      Driver Date: Unknown
[2020.05.19-06.44.36:328][  0]LogRHI: Texture pool is 2774 MB (70% of 3964 MB)
[2020.05.19-06.44.36:387][  0]LogD3D11RHI: Async texture creation enabled
[2020.05.19-06.44.36:389][  0]LogRendererCore: FGlobalReadBuffer::InitRHI
[2020.05.19-06.44.36:390][  0]LogRendererCore: FGlobalReadBuffer::InitRHI
[2020.05.19-06.44.36:390][  0]LogRendererCore: FGlobalReadBuffer::InitRHI
[2020.05.19-06.44.36:403][  0]LogD3D11RHI: GPU Timing Frequency: 1000.000000 (Debug: 2 2)
[2020.05.19-06.44.36:731][  0]LogTemp: Display: Module 'AllDesktopTargetPlatform' loaded TargetPlatform 'AllDesktop'
[2020.05.19-06.44.36:746][  0]LogTemp: Display: Module 'MacClientTargetPlatform' loaded TargetPlatform 'MacClient'
[2020.05.19-06.44.36:763][  0]LogTemp: Display: Module 'MacNoEditorTargetPlatform' loaded TargetPlatform 'MacNoEditor'
[2020.05.19-06.44.36:777][  0]LogTemp: Display: Module 'MacServerTargetPlatform' loaded TargetPlatform 'MacServer'
[2020.05.19-06.44.36:791][  0]LogTemp: Display: Module 'MacTargetPlatform' loaded TargetPlatform 'Mac'
[2020.05.19-06.44.36:805][  0]LogTemp: Display: Module 'WindowsClientTargetPlatform' loaded TargetPlatform 'WindowsClient'
[2020.05.19-06.44.36:819][  0]LogTemp: Display: Module 'WindowsNoEditorTargetPlatform' loaded TargetPlatform 'WindowsNoEditor'
[2020.05.19-06.44.36:833][  0]LogTemp: Display: Module 'WindowsServerTargetPlatform' loaded TargetPlatform 'WindowsServer'
[2020.05.19-06.44.36:839][  0]LogTemp: Display: Module 'WindowsTargetPlatform' loaded TargetPlatform 'Windows'
[2020.05.19-06.44.36:923][  0]LogTemp: Display: Module 'AndroidTargetPlatform' loaded TargetPlatform 'Android'
[2020.05.19-06.44.36:923][  0]LogTemp: Display: Module 'AndroidTargetPlatform' loaded TargetPlatform 'Android_ASTC'
[2020.05.19-06.44.36:923][  0]LogTemp: Display: Module 'AndroidTargetPlatform' loaded TargetPlatform 'Android_ATC'
[2020.05.19-06.44.36:923][  0]LogTemp: Display: Module 'AndroidTargetPlatform' loaded TargetPlatform 'Android_DXT'
[2020.05.19-06.44.36:923][  0]LogTemp: Display: Module 'AndroidTargetPlatform' loaded TargetPlatform 'Android_ETC1'
[2020.05.19-06.44.36:923][  0]LogTemp: Display: Module 'AndroidTargetPlatform' loaded TargetPlatform 'Android_ETC1a'
[2020.05.19-06.44.36:923][  0]LogTemp: Display: Module 'AndroidTargetPlatform' loaded TargetPlatform 'Android_ETC2'
[2020.05.19-06.44.36:923][  0]LogTemp: Display: Module 'AndroidTargetPlatform' loaded TargetPlatform 'Android_PVRTC'
[2020.05.19-06.44.36:923][  0]LogTemp: Display: Module 'AndroidTargetPlatform' loaded TargetPlatform 'AndroidClient'
[2020.05.19-06.44.36:923][  0]LogTemp: Display: Module 'AndroidTargetPlatform' loaded TargetPlatform 'Android_ASTCClient'
[2020.05.19-06.44.36:923][  0]LogTemp: Display: Module 'AndroidTargetPlatform' loaded TargetPlatform 'Android_ATCClient'
[2020.05.19-06.44.36:923][  0]LogTemp: Display: Module 'AndroidTargetPlatform' loaded TargetPlatform 'Android_DXTClient'
[2020.05.19-06.44.36:923][  0]LogTemp: Display: Module 'AndroidTargetPlatform' loaded TargetPlatform 'Android_ETC1Client'
[2020.05.19-06.44.36:923][  0]LogTemp: Display: Module 'AndroidTargetPlatform' loaded TargetPlatform 'Android_ETC1aClient'
[2020.05.19-06.44.36:923][  0]LogTemp: Display: Module 'AndroidTargetPlatform' loaded TargetPlatform 'Android_ETC2Client'
[2020.05.19-06.44.36:923][  0]LogTemp: Display: Module 'AndroidTargetPlatform' loaded TargetPlatform 'Android_PVRTCClient'
[2020.05.19-06.44.36:923][  0]LogTemp: Display: Module 'AndroidTargetPlatform' loaded TargetPlatform 'Android_Multi'
[2020.05.19-06.44.36:923][  0]LogTemp: Display: Module 'AndroidTargetPlatform' loaded TargetPlatform 'Android_MultiClient'
[2020.05.19-06.44.36:926][  0]LogTemp: Display: Module 'HTML5TargetPlatform' loaded TargetPlatform 'HTML5'
[2020.05.19-06.44.36:977][  0]LogTemp: Display: Module 'IOSTargetPlatform' loaded TargetPlatform 'IOSClient'
[2020.05.19-06.44.36:977][  0]LogTemp: Display: Module 'IOSTargetPlatform' loaded TargetPlatform 'IOS'
[2020.05.19-06.44.37:001][  0]LogTemp: Display: Module 'TVOSTargetPlatform' loaded TargetPlatform 'TVOSClient'
[2020.05.19-06.44.37:001][  0]LogTemp: Display: Module 'TVOSTargetPlatform' loaded TargetPlatform 'TVOS'
[2020.05.19-06.44.37:014][  0]LogTemp: Display: Module 'LinuxClientTargetPlatform' loaded TargetPlatform 'LinuxClient'
[2020.05.19-06.44.37:027][  0]LogTemp: Display: Module 'LinuxNoEditorTargetPlatform' loaded TargetPlatform 'LinuxNoEditor'
[2020.05.19-06.44.37:041][  0]LogTemp: Display: Module 'LinuxServerTargetPlatform' loaded TargetPlatform 'LinuxServer'
[2020.05.19-06.44.37:055][  0]LogTemp: Display: Module 'LinuxTargetPlatform' loaded TargetPlatform 'Linux'
[2020.05.19-06.44.37:103][  0]LogTemp: Display: Module 'LuminTargetPlatform' loaded TargetPlatform 'Lumin'
[2020.05.19-06.44.37:103][  0]LogTemp: Display: Module 'LuminTargetPlatform' loaded TargetPlatform 'LuminClient'
[2020.05.19-06.44.37:103][  0]LogTargetPlatformManager: Display: Building Assets For Windows
[2020.05.19-06.44.37:111][  0]LogAudioDebug: Display: Lib vorbis DLL was dynamically loaded.
[2020.05.19-06.44.37:169][  0]LogShaderCompilers: Guid format shader working directory is 16 characters bigger than the processId version (../../../../../../课程/Final/Intermediate/Shaders/WorkingDirectory/23404/).
[2020.05.19-06.44.37:169][  0]LogShaderCompilers: Cleaned the shader compiler working directory 'C:/Users/Lu/AppData/Local/Temp/UnrealShaderWorkingDir/C69A219742568EDAD6681398760D327A/'.
[2020.05.19-06.44.37:171][  0]LogXGEController: Cannot use XGE Controller as Incredibuild is not installed on this machine.
[2020.05.19-06.44.37:171][  0]LogShaderCompilers: Cannot use XGE Shader Compiler as Incredibuild is not installed on this machine.
[2020.05.19-06.44.37:171][  0]LogShaderCompilers: Display: Using Local Shader Compiler.
[2020.05.19-06.44.37:713][  0]LogDerivedDataCache: Display: Max Cache Size: 512 MB
[2020.05.19-06.44.37:756][  0]LogDerivedDataCache: Loaded boot cache 0.04s 71MB C:/Users/Lu/AppData/Local/UnrealEngine/4.22/DerivedDataCache/Boot.ddc.
[2020.05.19-06.44.37:756][  0]LogDerivedDataCache: Display: Loaded Boot cache: C:/Users/Lu/AppData/Local/UnrealEngine/4.22/DerivedDataCache/Boot.ddc
[2020.05.19-06.44.37:756][  0]LogDerivedDataCache: FDerivedDataBackendGraph:  Pak pak cache file ../../../../../../课程/Final/DerivedDataCache/DDC.ddp not found, will not use a pak cache.
[2020.05.19-06.44.37:756][  0]LogDerivedDataCache: Unable to find inner node Pak for hierarchical cache Hierarchy.
[2020.05.19-06.44.37:756][  0]LogDerivedDataCache: FDerivedDataBackendGraph:  CompressedPak pak cache file ../../../../../../课程/Final/DerivedDataCache/Compressed.ddp not found, will not use a pak cache.
[2020.05.19-06.44.37:756][  0]LogDerivedDataCache: Unable to find inner node CompressedPak for hierarchical cache Hierarchy.
[2020.05.19-06.44.37:767][  0]LogDerivedDataCache: Display: Pak cache opened for reading ../../../Engine/DerivedDataCache/Compressed.ddp.
[2020.05.19-06.44.37:767][  0]LogDerivedDataCache: FDerivedDataBackendGraph:  EnterprisePak pak cache file ../../../Enterprise/DerivedDataCache/Compressed.ddp not found, will not use a pak cache.
[2020.05.19-06.44.37:767][  0]LogDerivedDataCache: Unable to find inner node EnterprisePak for hierarchical cache Hierarchy.
[2020.05.19-06.44.37:779][  0]LogDerivedDataCache: Using Local data cache path C:/Users/Lu/AppData/Local/UnrealEngine/Common/DerivedDataCache: Writable
[2020.05.19-06.44.37:779][  0]LogDerivedDataCache: Shared data cache path not found in *engine.ini, will not use an Shared cache.
[2020.05.19-06.44.37:779][  0]LogDerivedDataCache: Unable to find inner node Shared for hierarchical cache Hierarchy.
[2020.05.19-06.44.37:798][  0]LogMaterial: Verifying Global Shaders for PCD3D_SM5
[2020.05.19-06.44.37:799][  0]LogSlate: Using FreeType 2.6.0
[2020.05.19-06.44.37:799][  0]LogSlate: SlateFontServices - WITH_FREETYPE: 1, WITH_HARFBUZZ: 1
[2020.05.19-06.44.37:895][  0]LogAssetRegistry: FAssetRegistry took 0.0369 seconds to start up
[2020.05.19-06.44.38:262][  0]LogInit: Selected Device Profile: [Windows]
[2020.05.19-06.44.38:394][  0]LogMeshReduction: Using QuadricMeshReduction for automatic static mesh reduction
[2020.05.19-06.44.38:394][  0]LogMeshReduction: Using SimplygonMeshReduction for automatic skeletal mesh reduction
[2020.05.19-06.44.38:394][  0]LogMeshReduction: Using ProxyLODMeshReduction for automatic mesh merging
[2020.05.19-06.44.38:394][  0]LogMeshReduction: No distributed automatic mesh merging module available
[2020.05.19-06.44.38:394][  0]LogMeshMerging: No distributed automatic mesh merging module available
[2020.05.19-06.44.38:409][  0]LogNetVersion: FinalGPS 1.0.0, NetCL: 5660361, EngineNetVer: 10, GameNetVer: 0 (Checksum: 1484327005)
[2020.05.19-06.44.38:837][  0]LogPackageLocalizationCache: Processed 10 localized package path(s) for 1 prioritized culture(s) in 0.038540 seconds
[2020.05.19-06.44.38:844][  0]LogUObjectArray: 42205 objects as part of root set at end of initial load.
[2020.05.19-06.44.38:844][  0]LogUObjectAllocator: 7325032 out of 0 bytes used by permanent object pool.
[2020.05.19-06.44.38:844][  0]LogUObjectArray: CloseDisregardForGC: 0/0 objects in disregard for GC pool
[2020.05.19-06.44.39:803][  0]LogTcpMessaging: Initializing TcpMessaging bridge
[2020.05.19-06.44.39:817][  0]LogUdpMessaging: Initializing bridge on interface 0.0.0.0:0 to multicast group 230.0.0.1:6666.
[2020.05.19-06.44.39:937][  0]SourceControl: Source control is disabled
[2020.05.19-06.44.39:937][  0]SourceControl: Source control is disabled
[2020.05.19-06.44.39:938][  0]SourceControl: Source control is disabled
[2020.05.19-06.44.39:940][  0]SourceControl: Source control is disabled
[2020.05.19-06.44.40:072][  0]LogAndroidPermission: UAndroidPermissionCallbackProxy::GetInstance
[2020.05.19-06.44.40:223][  0]LogOcInput: OculusInput pre-init called
[2020.05.19-06.44.41:181][  0]LogEngine: Initializing Engine...
[2020.05.19-06.44.41:184][  0]LogHMD: Failed to initialize OpenVR with code 110
[2020.05.19-06.44.41:185][  0]LogStats: UGameplayTagsManager::InitializeManager -  0.000 s
[2020.05.19-06.44.41:484][  0]LogInit: Initializing FReadOnlyCVARCache
[2020.05.19-06.44.41:499][  0]LogAIModule: Creating AISystem for world Untitled
[2020.05.19-06.44.41:529][  0]LogInit: XAudio2 using 'Speakers/Headphones (Realtek(R) Audio)' : 2 channels at 48 kHz using 32 bits per sample (channel mask 0x3)
[2020.05.19-06.44.41:889][  0]LogInit: FAudioDevice initialized.
[2020.05.19-06.44.41:889][  0]LogNetVersion: Set ProjectVersion to 1.0.0.0. Version Checksum will be recalculated on next use.
[2020.05.19-06.44.41:944][  0]LogDerivedDataCache: Saved boot cache 0.05s 71MB C:/Users/Lu/AppData/Local/UnrealEngine/4.22/DerivedDataCache/Boot.ddc.
[2020.05.19-06.44.41:947][  0]LogInit: Texture streaming: Enabled
[2020.05.19-06.44.41:967][  0]LogEngineSessionManager: EngineSessionManager initialized
[2020.05.19-06.44.41:990][  0]LogInit: Transaction tracking system initialized
[2020.05.19-06.44.42:009][  0]BlueprintLog: New page: Editor Load
[2020.05.19-06.44.42:090][  0]LocalizationService: Localization service is disabled
[2020.05.19-06.44.42:417][  0]LogFileCache: Scanning file cache for directory 'C:/课程/Final/Content/' took 0.02s
[2020.05.19-06.44.42:417][  0]LogCook: Display: Max memory allowance for cook 16384mb min free memory 0mb
[2020.05.19-06.44.42:417][  0]LogCook: Display: Mobile HDR setting 1
[2020.05.19-06.44.42:603][  0]SourceControl: Source control is disabled
[2020.05.19-06.44.42:603][  0]Cmd: MAP LOAD FILE="../../../../../../课程/Final/Content/Maps/PathFinding.umap" TEMPLATE=0 SHOWPROGRESS=1 FEATURELEVEL=3
[2020.05.19-06.44.42:606][  0]LightingResults: New page: Lighting Build
[2020.05.19-06.44.42:608][  0]MapCheck: New page: Map Check
[2020.05.19-06.44.42:608][  0]LightingResults: New page: Lighting Build
[2020.05.19-06.44.42:635][  0]LogUObjectHash: Compacting FUObjectHashTables data took   1.81ms
[2020.05.19-06.44.44:416][  0]LogStaticMesh: Building static mesh BeamMesh...
[2020.05.19-06.44.44:424][  0]LogStaticMesh: Built static mesh [0.01s] /Game/Resources/Meshes/BeamMesh.BeamMesh
[2020.05.19-06.44.46:410][  0]LogAIModule: Creating AISystem for world PathFinding
[2020.05.19-06.44.46:437][  0]LogEditorServer: Finished looking for orphan Actors (0.000 secs)
[2020.05.19-06.44.46:471][  0]LogUObjectHash: Compacting FUObjectHashTables data took   2.68ms
[2020.05.19-06.44.46:472][  0]Cmd: MAP CHECKDEP NOCLEARLOG
[2020.05.19-06.44.46:472][  0]MapCheck: Map check complete: 0 Error(s), 0 Warning(s), took 0.292ms to complete.
[2020.05.19-06.44.46:472][  0]LogFileHelpers: Loading map 'PathFinding' took 3.869
[2020.05.19-06.44.46:581][  0]LogSlate: Updating window title bar state: overlay mode, drag disabled, window buttons hidden, title bar hidden
[2020.05.19-06.44.46:589][  0]LogSlate: Updating window title bar state: overlay mode, drag disabled, window buttons hidden, title bar hidden
[2020.05.19-06.44.46:595][  0]LogSlate: Updating window title bar state: overlay mode, drag disabled, window buttons hidden, title bar hidden
[2020.05.19-06.44.46:603][  0]LogSlate: Updating window title bar state: overlay mode, drag disabled, window buttons hidden, title bar hidden
[2020.05.19-06.44.46:613][  0]LogCollectionManager: Loaded 0 collections in 0.001069 seconds
[2020.05.19-06.44.46:663][  0]LogFileCache: Scanning file cache for directory 'C:/课程/Final/Saved/Collections/' took 0.01s
[2020.05.19-06.44.46:664][  0]LogFileCache: Scanning file cache for directory 'C:/课程/Final/Content/Developers/Lu/Collections/' took 0.01s
[2020.05.19-06.44.46:664][  0]LogFileCache: Scanning file cache for directory 'C:/课程/Final/Content/Collections/' took 0.01s
[2020.05.19-06.44.46:664][  0]LogCollectionManager: Rebuilt the GUID cache for 0 collections in 0.000000 seconds
[2020.05.19-06.44.46:673][  0]LogContentBrowser: Native class hierarchy populated in 0.0082 seconds. Added 2732 classes and 659 folders.
[2020.05.19-06.44.46:685][  0]LogContentBrowser: Native class hierarchy updated for 'WidgetCarousel' in 0.0003 seconds. Added 0 classes and 0 folders.
[2020.05.19-06.44.46:690][  0]LogPakFile: Registered encryption key '00000000000000000000000000000000': 0 pak files mounted, 0 remain pending
[2020.05.19-06.44.46:694][  0]LogPakFile: Registered encryption key '00000000000000000000000000000000': 0 pak files mounted, 0 remain pending
[2020.05.19-06.44.46:696][  0]LogPakFile: Registered encryption key '00000000000000000000000000000000': 0 pak files mounted, 0 remain pending
[2020.05.19-06.44.46:698][  0]LogPakFile: Registered encryption key '00000000000000000000000000000000': 0 pak files mounted, 0 remain pending
[2020.05.19-06.44.46:700][  0]LogPakFile: Registered encryption key '00000000000000000000000000000000': 0 pak files mounted, 0 remain pending
[2020.05.19-06.44.46:703][  0]LogPakFile: Registered encryption key '00000000000000000000000000000000': 0 pak files mounted, 0 remain pending
[2020.05.19-06.44.46:705][  0]LogPakFile: Registered encryption key '00000000000000000000000000000000': 0 pak files mounted, 0 remain pending
[2020.05.19-06.44.46:707][  0]LogPakFile: Registered encryption key '00000000000000000000000000000000': 0 pak files mounted, 0 remain pending
[2020.05.19-06.44.46:709][  0]LogPakFile: Registered encryption key '00000000000000000000000000000000': 0 pak files mounted, 0 remain pending
[2020.05.19-06.44.46:711][  0]LogPakFile: Registered encryption key '00000000000000000000000000000000': 0 pak files mounted, 0 remain pending
[2020.05.19-06.44.46:714][  0]LogPakFile: Registered encryption key '00000000000000000000000000000000': 0 pak files mounted, 0 remain pending
[2020.05.19-06.44.46:716][  0]LogPakFile: Registered encryption key '00000000000000000000000000000000': 0 pak files mounted, 0 remain pending
[2020.05.19-06.44.46:718][  0]LogPakFile: Registered encryption key '00000000000000000000000000000000': 0 pak files mounted, 0 remain pending
[2020.05.19-06.44.46:721][  0]LogPakFile: Registered encryption key '00000000000000000000000000000000': 0 pak files mounted, 0 remain pending
[2020.05.19-06.44.46:723][  0]LogPakFile: Registered encryption key '00000000000000000000000000000000': 0 pak files mounted, 0 remain pending
[2020.05.19-06.44.46:725][  0]LogPakFile: Registered encryption key '00000000000000000000000000000000': 0 pak files mounted, 0 remain pending
[2020.05.19-06.44.46:727][  0]LogPakFile: Registered encryption key '00000000000000000000000000000000': 0 pak files mounted, 0 remain pending
[2020.05.19-06.44.46:729][  0]LogPakFile: Registered encryption key '00000000000000000000000000000000': 0 pak files mounted, 0 remain pending
[2020.05.19-06.44.46:731][  0]LogPakFile: Registered encryption key '00000000000000000000000000000000': 0 pak files mounted, 0 remain pending
[2020.05.19-06.44.46:733][  0]LogPakFile: Registered encryption key '00000000000000000000000000000000': 0 pak files mounted, 0 remain pending
[2020.05.19-06.44.46:735][  0]LogPakFile: Registered encryption key '00000000000000000000000000000000': 0 pak files mounted, 0 remain pending
[2020.05.19-06.44.46:737][  0]LogPakFile: Registered encryption key '00000000000000000000000000000000': 0 pak files mounted, 0 remain pending
[2020.05.19-06.44.46:739][  0]LogPakFile: Registered encryption key '00000000000000000000000000000000': 0 pak files mounted, 0 remain pending
[2020.05.19-06.44.46:741][  0]LogPakFile: Registered encryption key '00000000000000000000000000000000': 0 pak files mounted, 0 remain pending
[2020.05.19-06.44.46:743][  0]LogPakFile: Registered encryption key '00000000000000000000000000000000': 0 pak files mounted, 0 remain pending
[2020.05.19-06.44.46:746][  0]LogPakFile: Registered encryption key '00000000000000000000000000000000': 0 pak files mounted, 0 remain pending
[2020.05.19-06.44.46:821][  0]LogContentBrowser: Native class hierarchy updated for 'AddContentDialog' in 0.0003 seconds. Added 0 classes and 0 folders.
[2020.05.19-06.44.46:836][  0]LogContentBrowser: Native class hierarchy updated for 'SceneOutliner' in 0.0004 seconds. Added 1 classes and 2 folders.
[2020.05.19-06.44.46:975][  0]LogSlate: Took 0.000191 seconds to synchronously load lazily loaded font '../../../Engine/Content/Slate/Fonts/Roboto-Regular.ttf' (155K)
[2020.05.19-06.44.46:979][  0]LogSlate: Took 0.000209 seconds to synchronously load lazily loaded font '../../../Engine/Content/Slate/Fonts/Roboto-Bold.ttf' (160K)
[2020.05.19-06.44.46:983][  0]LogSlate: Took 0.000608 seconds to synchronously load lazily loaded font '../../../Engine/Content/Editor/Slate/Fonts/FontAwesome.ttf' (139K)
[2020.05.19-06.44.47:055][  0]LogRenderer: Reallocating scene render targets to support 828x400 Format 9 NumSamples 1 (Frame:1).
[2020.05.19-06.44.47:357][  0]LogContentBrowser: Native class hierarchy updated for 'HierarchicalLODOutliner' in 0.0003 seconds. Added 0 classes and 0 folders.
[2020.05.19-06.44.47:357][  0]LogLoad: (Engine Initialization) Total time: 14.32 seconds
[2020.05.19-06.44.47:357][  0]LogLoad: (Engine Initialization) Total Blueprint compile time: 0.00 seconds
[2020.05.19-06.44.47:450][  0]LogAssetRegistry: Asset discovery search completed in 9.5773 seconds
[2020.05.19-06.44.47:454][  0]LogCollectionManager: Rebuilt the object cache for 0 collections in 0.000000 seconds (found 0 objects)
[2020.05.19-06.44.47:454][  0]LogCollectionManager: Fixed up redirectors for 0 collections in 0.000057 seconds (updated 0 objects)
[2020.05.19-06.44.47:455][  0]LogContentStreaming: Texture pool size now 800 MB
[2020.05.19-06.44.47:717][  1]LogFileCache: Retrieving MD5 hashes for directory 'C:/课程/Final/Content/' took 0.29s
