Log file open, 05/15/20 00:21:29
LogWindows: Failed to load 'aqProf.dll' (GetLastError=126)
LogWindows: File 'aqProf.dll' does not exist
LogWindows: Failed to load 'VtuneApi.dll' (GetLastError=126)
LogWindows: File 'VtuneApi.dll' does not exist
LogWindows: Failed to load 'VtuneApi32e.dll' (GetLastError=126)
LogWindows: File 'VtuneApi32e.dll' does not exist
LogConsoleResponse: Display: Failed to find resolution value strings in scalability ini. Falling back to default.
LogInit: Display: Running engine for game: FinalGPS
LogPakFile: Registered encryption key '00000000000000000000000000000000': 0 pak files mounted, 0 remain pending
LogPlatformFile: Not using cached read wrapper
LogTaskGraph: Started task graph with 5 named threads and 35 total threads with 3 sets of task threads.
LogStats: Stats thread started at 0.406828
LogD3D11RHI: Loaded GFSDK_Aftermath_Lib.x64.dll
LogICUInternationalization: ICU TimeZone Detection - Raw Offset: +8:00, Platform Override: ''
LogPluginManager: Mounting plugin Paper2D
LogPluginManager: Mounting plugin AISupport
LogPluginManager: Mounting plugin LightPropagationVolume
LogPluginManager: Mounting plugin ActorLayerUtilities
LogPluginManager: Mounting plugin AnimationSharing
LogPluginManager: Mounting plugin CLionSourceCodeAccess
LogPluginManager: Mounting plugin CodeLiteSourceCodeAccess
LogPluginManager: Mounting plugin GitSourceControl
LogPluginManager: Mounting plugin KDevelopSourceCodeAccess
LogPluginManager: Mounting plugin NullSourceCodeAccess
LogPluginManager: Mounting plugin PerforceSourceControl
LogPluginManager: Mounting plugin SubversionSourceControl
LogPluginManager: Mounting plugin UObjectPlugin
LogPluginManager: Mounting plugin VisualStudioCodeSourceCodeAccess
LogPluginManager: Mounting plugin VisualStudioSourceCodeAccess
LogPluginManager: Mounting plugin XCodeSourceCodeAccess
LogPluginManager: Mounting plugin AssetManagerEditor
LogPluginManager: Mounting plugin CryptoKeys
LogPluginManager: Mounting plugin DataValidation
LogPluginManager: Mounting plugin FacialAnimation
LogPluginManager: Mounting plugin GameplayTagsEditor
LogPluginManager: Mounting plugin MacGraphicsSwitching
LogPluginManager: Mounting plugin MaterialAnalyzer
LogPluginManager: Mounting plugin MobileLauncherProfileWizard
LogPluginManager: Mounting plugin PluginBrowser
LogPluginManager: Mounting plugin SpeedTreeImporter
LogPluginManager: Mounting plugin DatasmithContent
LogPluginManager: Mounting plugin VariantManagerContent
LogPluginManager: Mounting plugin AlembicImporter
LogPluginManager: Mounting plugin AppleImageUtils
LogPluginManager: Mounting plugin AppleVision
LogPluginManager: Mounting plugin BackChannel
LogPluginManager: Mounting plugin CharacterAI
LogPluginManager: Mounting plugin GeometryCache
LogPluginManager: Mounting plugin HTML5Networking
LogPluginManager: Mounting plugin ProxyLODPlugin
LogPluginManager: Mounting plugin SkeletalReduction
LogPluginManager: Mounting plugin MagicLeap
LogPluginManager: Mounting plugin MagicLeapMedia
LogPluginManager: Mounting plugin AndroidMedia
LogPluginManager: Mounting plugin AvfMedia
LogPluginManager: Mounting plugin ImgMedia
LogPluginManager: Mounting plugin LinearTimecode
LogPluginManager: Mounting plugin MediaCompositing
LogPluginManager: Mounting plugin MediaPlayerEditor
LogPluginManager: Mounting plugin WebMMedia
LogPluginManager: Mounting plugin WmfMedia
LogPluginManager: Mounting plugin TcpMessaging
LogPluginManager: Mounting plugin UdpMessaging
LogPluginManager: Mounting plugin ActorSequence
LogPluginManager: Mounting plugin LevelSequenceEditor
LogPluginManager: Mounting plugin MatineeToLevelSequence
LogPluginManager: Mounting plugin NetcodeUnitTest
LogPluginManager: Mounting plugin NUTUnrealEngine4
LogPluginManager: Mounting plugin OnlineSubsystemGooglePlay
LogPluginManager: Mounting plugin OnlineSubsystemIOS
LogPluginManager: Mounting plugin OnlineSubsystem
LogPluginManager: Mounting plugin OnlineSubsystemNull
LogPluginManager: Mounting plugin OnlineSubsystemUtils
LogPluginManager: Mounting plugin LauncherChunkInstaller
LogPluginManager: Mounting plugin AndroidDeviceProfileSelector
LogPluginManager: Mounting plugin AndroidMoviePlayer
LogPluginManager: Mounting plugin AndroidPermission
LogPluginManager: Mounting plugin AppleMoviePlayer
LogPluginManager: Mounting plugin ArchVisCharacter
LogPluginManager: Mounting plugin AudioCapture
LogPluginManager: Mounting plugin CableComponent
LogPluginManager: Mounting plugin CustomMeshComponent
LogPluginManager: Mounting plugin EditableMesh
LogPluginManager: Mounting plugin ExampleDeviceProfileSelector
LogPluginManager: Mounting plugin Firebase
LogPluginManager: Mounting plugin GoogleCloudMessaging
LogPluginManager: Mounting plugin IOSDeviceProfileSelector
LogPluginManager: Mounting plugin LinuxDeviceProfileSelector
LogPluginManager: Mounting plugin LocationServicesBPLibrary
LogPluginManager: Mounting plugin MobilePatchingUtils
LogPluginManager: Mounting plugin OculusVR
LogPluginManager: Mounting plugin PhysXVehicles
LogPluginManager: Mounting plugin ProceduralMeshComponent
LogPluginManager: Mounting plugin RuntimePhysXCooking
LogPluginManager: Mounting plugin SignificanceManager
LogPluginManager: Mounting plugin SteamVR
LogPluginManager: Mounting plugin WebMMoviePlayer
LogPluginManager: Mounting plugin WindowsMoviePlayer
LogInit: Using libcurl 7.55.1-DEV
LogInit:  - built for x86_64-pc-win32
LogInit:  - supports SSL with OpenSSL/1.1.1
LogInit:  - supports HTTP deflate (compression) using libz 1.2.8
LogInit:  - other features:
LogInit:      CURL_VERSION_SSL
LogInit:      CURL_VERSION_LIBZ
LogInit:      CURL_VERSION_IPV6
LogInit:      CURL_VERSION_ASYNCHDNS
LogInit:      CURL_VERSION_LARGEFILE
LogInit:      CURL_VERSION_IDN
LogInit:  CurlRequestOptions (configurable via config and command line):
LogInit:  - bVerifyPeer = true  - Libcurl will verify peer certificate
LogInit:  - bUseHttpProxy = false  - Libcurl will NOT use HTTP proxy
LogInit:  - bDontReuseConnections = false  - Libcurl will reuse connections
LogInit:  - MaxHostConnections = 16  - Libcurl will limit the number of connections to a host
LogInit:  - LocalHostAddr = Default
LogInit:  - BufferSize = 65536
LogInit: WinSock: version 1.1 (2.2), MaxSocks=32767, MaxUdp=65467
LogInit: Build: ++UE4+Release-4.22-CL-7053642
LogInit: Engine Version: 4.22.3-7053642+++UE4+Release-4.22
LogInit: Compatible Engine Version: 4.22.0-5660361+++UE4+Release-4.22
LogInit: Net CL: 5660361
LogInit: OS: Windows 10 (Release 1903) (), CPU: Intel(R) Core(TM) i7-9750H CPU @ 2.60GHz, GPU: Intel(R) UHD Graphics 630
LogInit: Compiled (64-bit): Jun 18 2019 03:09:11
LogInit: Compiled with Visual C++: 19.16.27025.01
LogInit: Build Configuration: Development
LogInit: Branch Name: ++UE4+Release-4.22
LogInit: Command Line:  -EpicPortal -epicusername=Sika_R -epicuserid=6097d1a53e3343bd84050676641ce1ee -epiclocale=zh-CN
LogInit: Base Directory: C:/Program Files/Epic Games/UE_4.22/Engine/Binaries/Win64/
LogInit: Installed Engine Build: 1
LogDevObjectVersion: Number of dev versions registered: 23
LogDevObjectVersion:   Dev-Blueprints (B0D832E4-1F89-4F0D-ACCF-7EB736FD4AA2): 10
LogDevObjectVersion:   Dev-Build (E1C64328-A22C-4D53-A36C-8E866417BD8C): 0
LogDevObjectVersion:   Dev-Core (375EC13C-06E4-48FB-B500-84F0262A717E): 3
LogDevObjectVersion:   Dev-Editor (E4B068ED-F494-42E9-A231-DA0B2E46BB41): 30
LogDevObjectVersion:   Dev-Framework (CFFC743F-43B0-4480-9391-14DF171D2073): 35
LogDevObjectVersion:   Dev-Mobile (B02B49B5-BB20-44E9-A304-32B752E40360): 2
LogDevObjectVersion:   Dev-Networking (A4E4105C-59A1-49B5-A7C5-40C4547EDFEE): 0
LogDevObjectVersion:   Dev-Online (39C831C9-5AE6-47DC-9A44-9C173E1C8E7C): 0
LogDevObjectVersion:   Dev-Physics (78F01B33-EBEA-4F98-B9B4-84EACCB95AA2): 0
LogDevObjectVersion:   Dev-Platform (6631380F-2D4D-43E0-8009-CF276956A95A): 0
LogDevObjectVersion:   Dev-Rendering (12F88B9F-8875-4AFC-A67C-D90C383ABD29): 28
LogDevObjectVersion:   Dev-Sequencer (7B5AE74C-D270-4C10-A958-57980B212A5A): 11
LogDevObjectVersion:   Dev-VR (D7296918-1DD6-4BDD-9DE2-64A83CC13884): 2
LogDevObjectVersion:   Dev-LoadTimes (C2A15278-BFE7-4AFE-6C17-90FF531DF755): 1
LogDevObjectVersion:   Private-Geometry (6EACA3D4-40EC-4CC1-B786-8BED09428FC5): 3
LogDevObjectVersion:   Dev-AnimPhys (29E575DD-E0A3-4627-9D10-D276232CDCEA): 17
LogDevObjectVersion:   Dev-Anim (AF43A65D-7FD3-4947-9873-3E8ED9C1BB05): 2
LogDevObjectVersion:   Dev-ReflectionCapture (6B266CEC-1EC7-4B8F-A30B-E4D90942FC07): 1
LogDevObjectVersion:   Dev-Automation (0DF73D61-A23F-47EA-B727-89E90C41499A): 1
LogDevObjectVersion:   FortniteMain (601D1886-AC64-4F84-AA16-D3DE0DEAC7D6): 25
LogDevObjectVersion:   Dev-Enterprise (9DFFBCD6-494F-0158-E221-12823C92A888): 6
LogDevObjectVersion:   Dev-Niagara (F2AED0AC-9AFE-416F-8664-AA7FFA26D6FC): 1
LogDevObjectVersion:   Dev-Destruction (174F1F0B-B4C6-45A5-B13F-2EE8D0FB917D): 2
LogInit: Presizing for max 16777216 objects, including 0 objects not considered by GC, pre-allocating 0 bytes for permanent pool.
LogInit: Object subsystem initialized
LogConfig: Setting CVar [[con.DebugEarlyDefault:1]]
LogConfig: Setting CVar [[r.setres:1280x720]]
[2020.05.14-16.21.29:851][  0]LogConfig: Setting CVar [[r.VSync:0]]
[2020.05.14-16.21.29:851][  0]LogConfig: Setting CVar [[r.RHICmdBypass:0]]
[2020.05.14-16.21.29:851][  0]LogConfig: Applying CVar settings from Section [/Script/Engine.RendererSettings] File [C:/课程/Final/Saved/Config/Windows/Engine.ini]
[2020.05.14-16.21.29:851][  0]LogConfig: Setting CVar [[r.GPUCrashDebugging:0]]
[2020.05.14-16.21.29:851][  0]LogConfig: Setting CVar [[r.MobileHDR:1]]
[2020.05.14-16.21.29:851][  0]LogConfig: Setting CVar [[r.Mobile.DisableVertexFog:1]]
[2020.05.14-16.21.29:851][  0]LogConfig: Setting CVar [[r.Shadow.CSM.MaxMobileCascades:2]]
[2020.05.14-16.21.29:851][  0]LogConfig: Setting CVar [[r.MobileMSAA:1]]
[2020.05.14-16.21.29:851][  0]LogConfig: Setting CVar [[r.Mobile.UseLegacyShadingModel:0]]
[2020.05.14-16.21.29:851][  0]LogConfig: Setting CVar [[r.Mobile.UseHWsRGBEncoding:0]]
[2020.05.14-16.21.29:851][  0]LogConfig: Setting CVar [[r.Mobile.AllowDitheredLODTransition:0]]
[2020.05.14-16.21.29:851][  0]LogConfig: Setting CVar [[r.Mobile.AllowSoftwareOcclusion:0]]
[2020.05.14-16.21.29:851][  0]LogConfig: Setting CVar [[r.DiscardUnusedQuality:0]]
[2020.05.14-16.21.29:851][  0]LogConfig: Setting CVar [[r.AllowOcclusionQueries:1]]
[2020.05.14-16.21.29:851][  0]LogConfig: Setting CVar [[r.MinScreenRadiusForLights:0.030000]]
[2020.05.14-16.21.29:851][  0]LogConfig: Setting CVar [[r.MinScreenRadiusForDepthPrepass:0.030000]]
[2020.05.14-16.21.29:851][  0]LogConfig: Setting CVar [[r.MinScreenRadiusForCSMDepth:0.010000]]
[2020.05.14-16.21.29:851][  0]LogConfig: Setting CVar [[r.PrecomputedVisibilityWarning:0]]
[2020.05.14-16.21.29:852][  0]LogConfig: Setting CVar [[r.TextureStreaming:1]]
[2020.05.14-16.21.29:852][  0]LogConfig: Setting CVar [[Compat.UseDXT5NormalMaps:0]]
[2020.05.14-16.21.29:852][  0]LogConfig: Setting CVar [[r.ClearCoatNormal:0]]
[2020.05.14-16.21.29:852][  0]LogConfig: Setting CVar [[r.ReflectionCaptureResolution:128]]
[2020.05.14-16.21.29:852][  0]LogConfig: Setting CVar [[r.ReflectionEnvironmentLightmapMixBasedOnRoughness:1]]
[2020.05.14-16.21.29:852][  0]LogConfig: Setting CVar [[r.ForwardShading:0]]
[2020.05.14-16.21.29:852][  0]LogConfig: Setting CVar [[r.VertexFoggingForOpaque:1]]
[2020.05.14-16.21.29:852][  0]LogConfig: Setting CVar [[r.AllowStaticLighting:1]]
[2020.05.14-16.21.29:852][  0]LogConfig: Setting CVar [[r.NormalMapsForStaticLighting:0]]
[2020.05.14-16.21.29:852][  0]LogConfig: Setting CVar [[r.GenerateMeshDistanceFields:0]]
[2020.05.14-16.21.29:852][  0]LogConfig: Setting CVar [[r.DistanceFieldBuild.EightBit:0]]
[2020.05.14-16.21.29:852][  0]LogConfig: Setting CVar [[r.GenerateLandscapeGIData:0]]
[2020.05.14-16.21.29:852][  0]LogConfig: Setting CVar [[r.DistanceFieldBuild.Compress:0]]
[2020.05.14-16.21.29:852][  0]LogConfig: Setting CVar [[r.TessellationAdaptivePixelsPerTriangle:48.000000]]
[2020.05.14-16.21.29:852][  0]LogConfig: Setting CVar [[r.SeparateTranslucency:1]]
[2020.05.14-16.21.29:852][  0]LogConfig: Setting CVar [[r.TranslucentSortPolicy:0]]
[2020.05.14-16.21.29:852][  0]LogConfig: Setting CVar [[r.CustomDepth:1]]
[2020.05.14-16.21.29:852][  0]LogConfig: Setting CVar [[r.CustomDepthTemporalAAJitter:1]]
[2020.05.14-16.21.29:852][  0]LogConfig: Setting CVar [[r.PostProcessing.PropagateAlpha:0]]
[2020.05.14-16.21.29:852][  0]LogConfig: Setting CVar [[r.DOF.Algorithm:1]]
[2020.05.14-16.21.29:852][  0]LogConfig: Setting CVar [[r.DefaultFeature.Bloom:1]]
[2020.05.14-16.21.29:852][  0]LogConfig: Setting CVar [[r.DefaultFeature.AmbientOcclusion:1]]
[2020.05.14-16.21.29:852][  0]LogConfig: Setting CVar [[r.DefaultFeature.AmbientOcclusionStaticFraction:1]]
[2020.05.14-16.21.29:852][  0]LogConfig: Setting CVar [[r.DefaultFeature.AutoExposure:0]]
[2020.05.14-16.21.29:852][  0]LogConfig: Setting CVar [[r.DefaultFeature.AutoExposure.Method:0]]
[2020.05.14-16.21.29:852][  0]LogConfig: Setting CVar [[r.DefaultFeature.AutoExposure.ExtendDefaultLuminanceRange:1]]
[2020.05.14-16.21.29:852][  0]LogConfig: Setting CVar [[r.UsePreExposure:0]]
[2020.05.14-16.21.29:852][  0]LogConfig: Setting CVar [[r.DefaultFeature.MotionBlur:0]]
[2020.05.14-16.21.29:852][  0]LogConfig: Setting CVar [[r.DefaultFeature.LensFlare:0]]
[2020.05.14-16.21.29:852][  0]LogConfig: Setting CVar [[r.TemporalAA.Upsampling:0]]
[2020.05.14-16.21.29:852][  0]LogConfig: Setting CVar [[r.DefaultFeature.AntiAliasing:0]]
[2020.05.14-16.21.29:852][  0]LogConfig: Setting CVar [[r.DefaultFeature.LightUnits:1]]
[2020.05.14-16.21.29:852][  0]LogConfig: Setting CVar [[r.DefaultBackBufferPixelFormat:4]]
[2020.05.14-16.21.29:852][  0]LogConfig: Setting CVar [[r.Shadow.UnbuiltPreviewInGame:1]]
[2020.05.14-16.21.29:852][  0]LogConfig: Setting CVar [[r.StencilForLODDither:0]]
[2020.05.14-16.21.29:852][  0]LogConfig: Setting CVar [[r.EarlyZPass:3]]
[2020.05.14-16.21.29:852][  0]LogConfig: Setting CVar [[r.EarlyZPassOnlyMaterialMasking:0]]
[2020.05.14-16.21.29:852][  0]LogConfig: Setting CVar [[r.DBuffer:1]]
[2020.05.14-16.21.29:852][  0]LogConfig: Setting CVar [[r.ClearSceneMethod:1]]
[2020.05.14-16.21.29:852][  0]LogConfig: Setting CVar [[r.BasePassOutputsVelocity:0]]
[2020.05.14-16.21.29:852][  0]LogConfig: Setting CVar [[r.SelectiveBasePassOutputs:0]]
[2020.05.14-16.21.29:852][  0]LogConfig: Setting CVar [[fx.GPUSimulationTextureSizeX:1024]]
[2020.05.14-16.21.29:852][  0]LogConfig: Setting CVar [[fx.GPUSimulationTextureSizeY:1024]]
[2020.05.14-16.21.29:852][  0]LogConfig: Setting CVar [[r.AllowGlobalClipPlane:0]]
[2020.05.14-16.21.29:852][  0]LogConfig: Setting CVar [[r.GBufferFormat:1]]
[2020.05.14-16.21.29:852][  0]LogConfig: Setting CVar [[r.MorphTarget.Mode:1]]
[2020.05.14-16.21.29:852][  0]LogConfig: Setting CVar [[vr.InstancedStereo:0]]
[2020.05.14-16.21.29:852][  0]LogConfig: Setting CVar [[vr.MultiView:0]]
[2020.05.14-16.21.29:852][  0]LogConfig: Setting CVar [[vr.MobileMultiView:0]]
[2020.05.14-16.21.29:852][  0]LogConfig: Setting CVar [[vr.MobileMultiView.Direct:0]]
[2020.05.14-16.21.29:852][  0]LogConfig: Setting CVar [[vr.RoundRobinOcclusion:0]]
[2020.05.14-16.21.29:852][  0]LogConfig: Setting CVar [[vr.ODSCapture:0]]
[2020.05.14-16.21.29:852][  0]LogConfig: Setting CVar [[r.WireframeCullThreshold:5.000000]]
[2020.05.14-16.21.29:852][  0]LogConfig: Setting CVar [[r.RayTracing:0]]
[2020.05.14-16.21.29:852][  0]LogConfig: Setting CVar [[r.SupportStationarySkylight:1]]
[2020.05.14-16.21.29:852][  0]LogConfig: Setting CVar [[r.SupportLowQualityLightmaps:1]]
[2020.05.14-16.21.29:852][  0]LogConfig: Setting CVar [[r.SupportPointLightWholeSceneShadows:1]]
[2020.05.14-16.21.29:852][  0]LogConfig: Setting CVar [[r.SupportAtmosphericFog:1]]
[2020.05.14-16.21.29:852][  0]LogConfig: Setting CVar [[r.SkinCache.CompileShaders:0]]
[2020.05.14-16.21.29:852][  0]LogConfig: Setting CVar [[r.Mobile.EnableStaticAndCSMShadowReceivers:1]]
[2020.05.14-16.21.29:852][  0]LogConfig: Setting CVar [[r.Mobile.EnableMovableLightCSMShaderCulling:1]]
[2020.05.14-16.21.29:852][  0]LogConfig: Setting CVar [[r.Mobile.AllowDistanceFieldShadows:1]]
[2020.05.14-16.21.29:852][  0]LogConfig: Setting CVar [[r.Mobile.AllowMovableDirectionalLights:1]]
[2020.05.14-16.21.29:852][  0]LogConfig: Setting CVar [[r.MobileNumDynamicPointLights:4]]
[2020.05.14-16.21.29:852][  0]LogConfig: Setting CVar [[r.MobileDynamicPointLightsUseStaticBranch:1]]
[2020.05.14-16.21.29:852][  0]LogConfig: Setting CVar [[r.Mobile.EnableMovableSpotlights:0]]
[2020.05.14-16.21.29:852][  0]LogConfig: Setting CVar [[r.SkinCache.SceneMemoryLimitInMB:128.000000]]
[2020.05.14-16.21.29:852][  0]LogConfig: Setting CVar [[r.GPUSkin.Limit2BoneInfluences:0]]
[2020.05.14-16.21.29:852][  0]LogConfig: Setting CVar [[r.SupportDepthOnlyIndexBuffers:1]]
[2020.05.14-16.21.29:852][  0]LogConfig: Setting CVar [[r.SupportReversedIndexBuffers:1]]
[2020.05.14-16.21.29:852][  0]LogConfig: Setting CVar [[r.SupportMaterialLayers:0]]
[2020.05.14-16.21.29:852][  0]LogConfig: Applying CVar settings from Section [/Script/Engine.RendererOverrideSettings] File [C:/课程/Final/Saved/Config/Windows/Engine.ini]
[2020.05.14-16.21.29:852][  0]LogConfig: Applying CVar settings from Section [/Script/Engine.StreamingSettings] File [C:/课程/Final/Saved/Config/Windows/Engine.ini]
[2020.05.14-16.21.29:852][  0]LogConfig: Setting CVar [[s.MinBulkDataSizeForAsyncLoading:131072]]
[2020.05.14-16.21.29:852][  0]LogConfig: Setting CVar [[s.AsyncLoadingThreadEnabled:0]]
[2020.05.14-16.21.29:852][  0]LogConfig: Setting CVar [[s.EventDrivenLoaderEnabled:1]]
[2020.05.14-16.21.29:852][  0]LogConfig: Setting CVar [[s.WarnIfTimeLimitExceeded:0]]
[2020.05.14-16.21.29:852][  0]LogConfig: Setting CVar [[s.TimeLimitExceededMultiplier:1.5]]
[2020.05.14-16.21.29:853][  0]LogConfig: Setting CVar [[s.TimeLimitExceededMinTime:0.005]]
[2020.05.14-16.21.29:853][  0]LogConfig: Setting CVar [[s.UseBackgroundLevelStreaming:1]]
[2020.05.14-16.21.29:853][  0]LogConfig: Setting CVar [[s.PriorityAsyncLoadingExtraTime:15.0]]
[2020.05.14-16.21.29:853][  0]LogConfig: Setting CVar [[s.LevelStreamingActorsUpdateTimeLimit:5.0]]
[2020.05.14-16.21.29:853][  0]LogConfig: Setting CVar [[s.PriorityLevelStreamingActorsUpdateExtraTime:5.0]]
[2020.05.14-16.21.29:853][  0]LogConfig: Setting CVar [[s.LevelStreamingComponentsRegistrationGranularity:10]]
[2020.05.14-16.21.29:853][  0]LogConfig: Setting CVar [[s.UnregisterComponentsTimeLimit:1.0]]
[2020.05.14-16.21.29:853][  0]LogConfig: Setting CVar [[s.LevelStreamingComponentsUnregistrationGranularity:5]]
[2020.05.14-16.21.29:853][  0]LogConfig: Applying CVar settings from Section [/Script/Engine.GarbageCollectionSettings] File [C:/课程/Final/Saved/Config/Windows/Engine.ini]
[2020.05.14-16.21.29:853][  0]LogConfig: Setting CVar [[gc.MaxObjectsNotConsideredByGC:1]]
[2020.05.14-16.21.29:853][  0]LogConfig: Setting CVar [[gc.SizeOfPermanentObjectPool:0]]
[2020.05.14-16.21.29:853][  0]LogConfig: Setting CVar [[gc.FlushStreamingOnGC:0]]
[2020.05.14-16.21.29:853][  0]LogConfig: Setting CVar [[gc.NumRetriesBeforeForcingGC:10]]
[2020.05.14-16.21.29:853][  0]LogConfig: Setting CVar [[gc.AllowParallelGC:1]]
[2020.05.14-16.21.29:853][  0]LogConfig: Setting CVar [[gc.TimeBetweenPurgingPendingKillObjects:61.1]]
[2020.05.14-16.21.29:853][  0]LogConfig: Setting CVar [[gc.MaxObjectsInEditor:16777216]]
[2020.05.14-16.21.29:853][  0]LogConfig: Setting CVar [[gc.IncrementalBeginDestroyEnabled:1]]
[2020.05.14-16.21.29:853][  0]LogConfig: Setting CVar [[gc.CreateGCClusters:1]]
[2020.05.14-16.21.29:853][  0]LogConfig: Setting CVar [[gc.MinGCClusterSize:5]]
[2020.05.14-16.21.29:853][  0]LogConfig: Setting CVar [[gc.ActorClusteringEnabled:0]]
[2020.05.14-16.21.29:853][  0]LogConfig: Setting CVar [[gc.BlueprintClusteringEnabled:0]]
[2020.05.14-16.21.29:853][  0]LogConfig: Setting CVar [[gc.UseDisregardForGCOnDedicatedServers:0]]
[2020.05.14-16.21.29:853][  0]LogConfig: Applying CVar settings from Section [/Script/Engine.NetworkSettings] File [C:/课程/Final/Saved/Config/Windows/Engine.ini]
[2020.05.14-16.21.29:853][  0]LogConfig: Applying CVar settings from Section [/Script/UnrealEd.CookerSettings] File [C:/课程/Final/Saved/Config/Windows/Engine.ini]
[2020.05.14-16.21.29:856][  0]LogConfig: Applying CVar settings from Section [ViewDistanceQuality@3] File [C:/课程/Final/Saved/Config/Windows/Scalability.ini]
[2020.05.14-16.21.29:856][  0]LogConfig: Setting CVar [[r.SkeletalMeshLODBias:0]]
[2020.05.14-16.21.29:856][  0]LogConfig: Setting CVar [[r.ViewDistanceScale:1.0]]
[2020.05.14-16.21.29:856][  0]LogConfig: Applying CVar settings from Section [AntiAliasingQuality@3] File [C:/课程/Final/Saved/Config/Windows/Scalability.ini]
[2020.05.14-16.21.29:856][  0]LogConfig: Setting CVar [[r.PostProcessAAQuality:4]]
[2020.05.14-16.21.29:856][  0]LogConfig: Applying CVar settings from Section [ShadowQuality@3] File [C:/课程/Final/Saved/Config/Windows/Scalability.ini]
[2020.05.14-16.21.29:856][  0]LogConfig: Setting CVar [[r.LightFunctionQuality:1]]
[2020.05.14-16.21.29:856][  0]LogConfig: Setting CVar [[r.ShadowQuality:5]]
[2020.05.14-16.21.29:856][  0]LogConfig: Setting CVar [[r.Shadow.CSM.MaxCascades:10]]
[2020.05.14-16.21.29:856][  0]LogConfig: Setting CVar [[r.Shadow.MaxResolution:2048]]
[2020.05.14-16.21.29:856][  0]LogConfig: Setting CVar [[r.Shadow.MaxCSMResolution:2048]]
[2020.05.14-16.21.29:856][  0]LogConfig: Setting CVar [[r.Shadow.RadiusThreshold:0.01]]
[2020.05.14-16.21.29:856][  0]LogConfig: Setting CVar [[r.Shadow.DistanceScale:1.0]]
[2020.05.14-16.21.29:856][  0]LogConfig: Setting CVar [[r.Shadow.CSM.TransitionScale:1.0]]
[2020.05.14-16.21.29:856][  0]LogConfig: Setting CVar [[r.Shadow.PreShadowResolutionFactor:1.0]]
[2020.05.14-16.21.29:856][  0]LogConfig: Setting CVar [[r.DistanceFieldShadowing:1]]
[2020.05.14-16.21.29:856][  0]LogConfig: Setting CVar [[r.DistanceFieldAO:1]]
[2020.05.14-16.21.29:856][  0]LogConfig: Setting CVar [[r.AOQuality:2]]
[2020.05.14-16.21.29:856][  0]LogConfig: Setting CVar [[r.VolumetricFog:1]]
[2020.05.14-16.21.29:856][  0]LogConfig: Setting CVar [[r.VolumetricFog.GridPixelSize:8]]
[2020.05.14-16.21.29:856][  0]LogConfig: Setting CVar [[r.VolumetricFog.GridSizeZ:128]]
[2020.05.14-16.21.29:856][  0]LogConfig: Setting CVar [[r.VolumetricFog.HistoryMissSupersampleCount:4]]
[2020.05.14-16.21.29:856][  0]LogConfig: Setting CVar [[r.LightMaxDrawDistanceScale:1]]
[2020.05.14-16.21.29:856][  0]LogConfig: Setting CVar [[r.CapsuleShadows:1]]
[2020.05.14-16.21.29:856][  0]LogConfig: Applying CVar settings from Section [PostProcessQuality@3] File [C:/课程/Final/Saved/Config/Windows/Scalability.ini]
[2020.05.14-16.21.29:856][  0]LogConfig: Setting CVar [[r.MotionBlurQuality:4]]
[2020.05.14-16.21.29:856][  0]LogConfig: Setting CVar [[r.AmbientOcclusionMipLevelFactor:0.4]]
[2020.05.14-16.21.29:856][  0]LogConfig: Setting CVar [[r.AmbientOcclusionMaxQuality:100]]
[2020.05.14-16.21.29:856][  0]LogConfig: Setting CVar [[r.AmbientOcclusionLevels:-1]]
[2020.05.14-16.21.29:856][  0]LogConfig: Setting CVar [[r.AmbientOcclusionRadiusScale:1.0]]
[2020.05.14-16.21.29:856][  0]LogConfig: Setting CVar [[r.DepthOfFieldQuality:2]]
[2020.05.14-16.21.29:856][  0]LogConfig: Setting CVar [[r.RenderTargetPoolMin:400]]
[2020.05.14-16.21.29:856][  0]LogConfig: Setting CVar [[r.LensFlareQuality:2]]
[2020.05.14-16.21.29:856][  0]LogConfig: Setting CVar [[r.SceneColorFringeQuality:1]]
[2020.05.14-16.21.29:856][  0]LogConfig: Setting CVar [[r.EyeAdaptationQuality:2]]
[2020.05.14-16.21.29:856][  0]LogConfig: Setting CVar [[r.BloomQuality:5]]
[2020.05.14-16.21.29:856][  0]LogConfig: Setting CVar [[r.FastBlurThreshold:100]]
[2020.05.14-16.21.29:856][  0]LogConfig: Setting CVar [[r.Upscale.Quality:3]]
[2020.05.14-16.21.29:856][  0]LogConfig: Setting CVar [[r.Tonemapper.GrainQuantization:1]]
[2020.05.14-16.21.29:856][  0]LogConfig: Setting CVar [[r.LightShaftQuality:1]]
[2020.05.14-16.21.29:856][  0]LogConfig: Setting CVar [[r.Filter.SizeScale:1]]
[2020.05.14-16.21.29:856][  0]LogConfig: Setting CVar [[r.Tonemapper.Quality:5]]
[2020.05.14-16.21.29:856][  0]LogConfig: Setting CVar [[r.DOF.Gather.AccumulatorQuality:1        ; higher gathering accumulator quality]]
[2020.05.14-16.21.29:856][  0]LogConfig: Setting CVar [[r.DOF.Gather.PostfilterMethod:1          ; Median3x3 postfilering method]]
[2020.05.14-16.21.29:856][  0]LogConfig: Setting CVar [[r.DOF.Gather.EnableBokehSettings:0       ; no bokeh simulation when gathering]]
[2020.05.14-16.21.29:856][  0]LogConfig: Setting CVar [[r.DOF.Gather.RingCount:4                 ; medium number of samples when gathering]]
[2020.05.14-16.21.29:856][  0]LogConfig: Setting CVar [[r.DOF.Scatter.ForegroundCompositing:1    ; additive foreground scattering]]
[2020.05.14-16.21.29:856][  0]LogConfig: Setting CVar [[r.DOF.Scatter.BackgroundCompositing:2    ; additive background scattering]]
[2020.05.14-16.21.29:856][  0]LogConfig: Setting CVar [[r.DOF.Scatter.EnableBokehSettings:1      ; bokeh simulation when scattering]]
[2020.05.14-16.21.29:856][  0]LogConfig: Setting CVar [[r.DOF.Scatter.MaxSpriteRatio:0.1         ; only a maximum of 10% of scattered bokeh]]
[2020.05.14-16.21.29:856][  0]LogConfig: Setting CVar [[r.DOF.Recombine.Quality:1                ; cheap slight out of focus]]
[2020.05.14-16.21.29:856][  0]LogConfig: Setting CVar [[r.DOF.Recombine.EnableBokehSettings:0    ; no bokeh simulation on slight out of focus]]
[2020.05.14-16.21.29:856][  0]LogConfig: Setting CVar [[r.DOF.TemporalAAQuality:1                ; more stable temporal accumulation]]
[2020.05.14-16.21.29:856][  0]LogConfig: Setting CVar [[r.DOF.Kernel.MaxForegroundRadius:0.025]]
[2020.05.14-16.21.29:856][  0]LogConfig: Setting CVar [[r.DOF.Kernel.MaxBackgroundRadius:0.025]]
[2020.05.14-16.21.29:856][  0]LogConfig: Applying CVar settings from Section [TextureQuality@3] File [C:/课程/Final/Saved/Config/Windows/Scalability.ini]
[2020.05.14-16.21.29:856][  0]LogConfig: Setting CVar [[r.Streaming.MipBias:0]]
[2020.05.14-16.21.29:856][  0]LogConfig: Setting CVar [[r.Streaming.AmortizeCPUToGPUCopy:0]]
[2020.05.14-16.21.29:856][  0]LogConfig: Setting CVar [[r.Streaming.MaxNumTexturesToStreamPerFrame:0]]
[2020.05.14-16.21.29:856][  0]LogConfig: Setting CVar [[r.Streaming.Boost:1]]
[2020.05.14-16.21.29:856][  0]LogConfig: Setting CVar [[r.MaxAnisotropy:8]]
[2020.05.14-16.21.29:856][  0]LogConfig: Setting CVar [[r.Streaming.LimitPoolSizeToVRAM:0]]
[2020.05.14-16.21.29:856][  0]LogConfig: Setting CVar [[r.Streaming.PoolSize:1000]]
[2020.05.14-16.21.29:856][  0]LogConfig: Setting CVar [[r.Streaming.MaxEffectiveScreenSize:0]]
[2020.05.14-16.21.29:856][  0]LogConfig: Applying CVar settings from Section [EffectsQuality@3] File [C:/课程/Final/Saved/Config/Windows/Scalability.ini]
[2020.05.14-16.21.29:856][  0]LogConfig: Setting CVar [[r.TranslucencyLightingVolumeDim:64]]
[2020.05.14-16.21.29:856][  0]LogConfig: Setting CVar [[r.RefractionQuality:2]]
[2020.05.14-16.21.29:856][  0]LogConfig: Setting CVar [[r.SSR.Quality:3]]
[2020.05.14-16.21.29:856][  0]LogConfig: Setting CVar [[r.SceneColorFormat:4]]
[2020.05.14-16.21.29:857][  0]LogConfig: Setting CVar [[r.DetailMode:2]]
[2020.05.14-16.21.29:857][  0]LogConfig: Setting CVar [[r.TranslucencyVolumeBlur:1]]
[2020.05.14-16.21.29:857][  0]LogConfig: Setting CVar [[r.MaterialQualityLevel:1 ; High quality]]
[2020.05.14-16.21.29:857][  0]LogConfig: Setting CVar [[r.SSS.Scale:1]]
[2020.05.14-16.21.29:857][  0]LogConfig: Setting CVar [[r.SSS.SampleSet:2]]
[2020.05.14-16.21.29:857][  0]LogConfig: Setting CVar [[r.SSS.Quality:1]]
[2020.05.14-16.21.29:857][  0]LogConfig: Setting CVar [[r.SSS.HalfRes:1]]
[2020.05.14-16.21.29:857][  0]LogConfig: Setting CVar [[r.EmitterSpawnRateScale:1.0]]
[2020.05.14-16.21.29:857][  0]LogConfig: Setting CVar [[r.ParticleLightQuality:2]]
[2020.05.14-16.21.29:857][  0]LogConfig: Applying CVar settings from Section [FoliageQuality@3] File [C:/课程/Final/Saved/Config/Windows/Scalability.ini]
[2020.05.14-16.21.29:857][  0]LogConfig: Setting CVar [[foliage.DensityScale:1.0]]
[2020.05.14-16.21.29:857][  0]LogConfig: Setting CVar [[grass.DensityScale:1.0]]
[2020.05.14-16.21.29:857][  0]LogInit: Selected Device Profile: [Windows]
[2020.05.14-16.21.29:857][  0]LogInit: Applying CVar settings loaded from the selected device profile: [Windows]
[2020.05.14-16.21.29:866][  0]LogHAL: Display: Platform has ~ 16 GB [16893935616 / 17179869184 / 16], which maps to Larger [LargestMinGB=32, LargerMinGB=12, DefaultMinGB=8, SmallerMinGB=6, SmallestMinGB=0)
[2020.05.14-16.21.29:866][  0]LogConfig: Setting CVar [[r.Vulkan.UseRealUBs:0		; Required until we fix HLR fall-out]]
[2020.05.14-16.21.29:866][  0]LogInit: Going up to parent DeviceProfile []
[2020.05.14-16.21.29:866][  0]LogConfig: Applying CVar settings from Section [ViewDistanceQuality@2] File [C:/课程/Final/Saved/Config/Windows/Scalability.ini]
[2020.05.14-16.21.29:866][  0]LogConfig: Setting CVar [[r.SkeletalMeshLODBias:0]]
[2020.05.14-16.21.29:866][  0]LogConfig: Setting CVar [[r.ViewDistanceScale:0.8]]
[2020.05.14-16.21.29:866][  0]LogConfig: Applying CVar settings from Section [AntiAliasingQuality@2] File [C:/课程/Final/Saved/Config/Windows/Scalability.ini]
[2020.05.14-16.21.29:866][  0]LogConfig: Setting CVar [[r.PostProcessAAQuality:3]]
[2020.05.14-16.21.29:866][  0]LogConfig: Applying CVar settings from Section [ShadowQuality@2] File [C:/课程/Final/Saved/Config/Windows/Scalability.ini]
[2020.05.14-16.21.29:866][  0]LogConfig: Setting CVar [[r.LightFunctionQuality:1]]
[2020.05.14-16.21.29:866][  0]LogConfig: Setting CVar [[r.ShadowQuality:5]]
[2020.05.14-16.21.29:866][  0]LogConfig: Setting CVar [[r.Shadow.CSM.MaxCascades:4]]
[2020.05.14-16.21.29:866][  0]LogConfig: Setting CVar [[r.Shadow.MaxResolution:1024]]
[2020.05.14-16.21.29:866][  0]LogConfig: Setting CVar [[r.Shadow.MaxCSMResolution:2048]]
[2020.05.14-16.21.29:866][  0]LogConfig: Setting CVar [[r.Shadow.RadiusThreshold:0.04]]
[2020.05.14-16.21.29:866][  0]LogConfig: Setting CVar [[r.Shadow.DistanceScale:0.85]]
[2020.05.14-16.21.29:866][  0]LogConfig: Setting CVar [[r.Shadow.CSM.TransitionScale:0.8]]
[2020.05.14-16.21.29:866][  0]LogConfig: Setting CVar [[r.Shadow.PreShadowResolutionFactor:0.5]]
[2020.05.14-16.21.29:866][  0]LogConfig: Setting CVar [[r.DistanceFieldShadowing:1]]
[2020.05.14-16.21.29:866][  0]LogConfig: Setting CVar [[r.DistanceFieldAO:1]]
[2020.05.14-16.21.29:866][  0]LogConfig: Setting CVar [[r.AOQuality:1]]
[2020.05.14-16.21.29:866][  0]LogConfig: Setting CVar [[r.VolumetricFog:1]]
[2020.05.14-16.21.29:867][  0]LogConfig: Setting CVar [[r.VolumetricFog.GridPixelSize:16]]
[2020.05.14-16.21.29:867][  0]LogConfig: Setting CVar [[r.VolumetricFog.GridSizeZ:64]]
[2020.05.14-16.21.29:867][  0]LogConfig: Setting CVar [[r.VolumetricFog.HistoryMissSupersampleCount:4]]
[2020.05.14-16.21.29:867][  0]LogConfig: Setting CVar [[r.LightMaxDrawDistanceScale:1]]
[2020.05.14-16.21.29:867][  0]LogConfig: Setting CVar [[r.CapsuleShadows:1]]
[2020.05.14-16.21.29:867][  0]LogConfig: Applying CVar settings from Section [PostProcessQuality@2] File [C:/课程/Final/Saved/Config/Windows/Scalability.ini]
[2020.05.14-16.21.29:867][  0]LogConfig: Setting CVar [[r.MotionBlurQuality:3]]
[2020.05.14-16.21.29:867][  0]LogConfig: Setting CVar [[r.AmbientOcclusionMipLevelFactor:0.6]]
[2020.05.14-16.21.29:867][  0]LogConfig: Setting CVar [[r.AmbientOcclusionMaxQuality:100]]
[2020.05.14-16.21.29:867][  0]LogConfig: Setting CVar [[r.AmbientOcclusionLevels:-1]]
[2020.05.14-16.21.29:867][  0]LogConfig: Setting CVar [[r.AmbientOcclusionRadiusScale:1.5]]
[2020.05.14-16.21.29:867][  0]LogConfig: Setting CVar [[r.DepthOfFieldQuality:2]]
[2020.05.14-16.21.29:867][  0]LogConfig: Setting CVar [[r.RenderTargetPoolMin:400]]
[2020.05.14-16.21.29:867][  0]LogConfig: Setting CVar [[r.LensFlareQuality:2]]
[2020.05.14-16.21.29:867][  0]LogConfig: Setting CVar [[r.SceneColorFringeQuality:1]]
[2020.05.14-16.21.29:867][  0]LogConfig: Setting CVar [[r.EyeAdaptationQuality:2]]
[2020.05.14-16.21.29:867][  0]LogConfig: Setting CVar [[r.BloomQuality:5]]
[2020.05.14-16.21.29:867][  0]LogConfig: Setting CVar [[r.FastBlurThreshold:3]]
[2020.05.14-16.21.29:867][  0]LogConfig: Setting CVar [[r.Upscale.Quality:2]]
[2020.05.14-16.21.29:867][  0]LogConfig: Setting CVar [[r.Tonemapper.GrainQuantization:1]]
[2020.05.14-16.21.29:867][  0]LogConfig: Setting CVar [[r.LightShaftQuality:1]]
[2020.05.14-16.21.29:867][  0]LogConfig: Setting CVar [[r.Filter.SizeScale:0.8]]
[2020.05.14-16.21.29:867][  0]LogConfig: Setting CVar [[r.Tonemapper.Quality:5]]
[2020.05.14-16.21.29:867][  0]LogConfig: Setting CVar [[r.DOF.Gather.AccumulatorQuality:0        ; lower gathering accumulator quality]]
[2020.05.14-16.21.29:867][  0]LogConfig: Setting CVar [[r.DOF.Gather.PostfilterMethod:2          ; Max3x3 postfilering method]]
[2020.05.14-16.21.29:867][  0]LogConfig: Setting CVar [[r.DOF.Gather.EnableBokehSettings:0       ; no bokeh simulation when gathering]]
[2020.05.14-16.21.29:867][  0]LogConfig: Setting CVar [[r.DOF.Gather.RingCount:4                 ; medium number of samples when gathering]]
[2020.05.14-16.21.29:867][  0]LogConfig: Setting CVar [[r.DOF.Scatter.ForegroundCompositing:1    ; additive foreground scattering]]
[2020.05.14-16.21.29:867][  0]LogConfig: Setting CVar [[r.DOF.Scatter.BackgroundCompositing:1    ; no background occlusion]]
[2020.05.14-16.21.29:867][  0]LogConfig: Setting CVar [[r.DOF.Scatter.EnableBokehSettings:0      ; no bokeh simulation when scattering]]
[2020.05.14-16.21.29:867][  0]LogConfig: Setting CVar [[r.DOF.Scatter.MaxSpriteRatio:0.04        ; only a maximum of 4% of scattered bokeh]]
[2020.05.14-16.21.29:867][  0]LogConfig: Setting CVar [[r.DOF.Recombine.Quality:0                ; no slight out of focus]]
[2020.05.14-16.21.29:867][  0]LogConfig: Setting CVar [[r.DOF.TemporalAAQuality:0                ; faster temporal accumulation]]
[2020.05.14-16.21.29:867][  0]LogConfig: Setting CVar [[r.DOF.Kernel.MaxForegroundRadius:0.012   ; required because of AccumulatorQuality=0]]
[2020.05.14-16.21.29:867][  0]LogConfig: Setting CVar [[r.DOF.Kernel.MaxBackgroundRadius:0.012   ; required because of AccumulatorQuality=0]]
[2020.05.14-16.21.29:867][  0]LogConfig: Applying CVar settings from Section [TextureQuality@2] File [C:/课程/Final/Saved/Config/Windows/Scalability.ini]
[2020.05.14-16.21.29:867][  0]LogConfig: Setting CVar [[r.Streaming.MipBias:0]]
[2020.05.14-16.21.29:867][  0]LogConfig: Setting CVar [[r.Streaming.AmortizeCPUToGPUCopy:0]]
[2020.05.14-16.21.29:867][  0]LogConfig: Setting CVar [[r.Streaming.MaxNumTexturesToStreamPerFrame:0]]
[2020.05.14-16.21.29:867][  0]LogConfig: Setting CVar [[r.Streaming.Boost:1]]
[2020.05.14-16.21.29:867][  0]LogConfig: Setting CVar [[r.MaxAnisotropy:4]]
[2020.05.14-16.21.29:867][  0]LogConfig: Setting CVar [[r.Streaming.LimitPoolSizeToVRAM:1]]
[2020.05.14-16.21.29:867][  0]LogConfig: Setting CVar [[r.Streaming.PoolSize:800]]
[2020.05.14-16.21.29:867][  0]LogConfig: Setting CVar [[r.Streaming.MaxEffectiveScreenSize:0]]
[2020.05.14-16.21.29:867][  0]LogConfig: Applying CVar settings from Section [EffectsQuality@2] File [C:/课程/Final/Saved/Config/Windows/Scalability.ini]
[2020.05.14-16.21.29:867][  0]LogConfig: Setting CVar [[r.TranslucencyLightingVolumeDim:48]]
[2020.05.14-16.21.29:867][  0]LogConfig: Setting CVar [[r.RefractionQuality:2]]
[2020.05.14-16.21.29:867][  0]LogConfig: Setting CVar [[r.SSR.Quality:2]]
[2020.05.14-16.21.29:867][  0]LogConfig: Setting CVar [[r.SceneColorFormat:3]]
[2020.05.14-16.21.29:867][  0]LogConfig: Setting CVar [[r.DetailMode:1]]
[2020.05.14-16.21.29:867][  0]LogConfig: Setting CVar [[r.TranslucencyVolumeBlur:1]]
[2020.05.14-16.21.29:867][  0]LogConfig: Setting CVar [[r.MaterialQualityLevel:1 ; High quality]]
[2020.05.14-16.21.29:867][  0]LogConfig: Setting CVar [[r.SSS.Scale:1]]
[2020.05.14-16.21.29:867][  0]LogConfig: Setting CVar [[r.SSS.SampleSet:1]]
[2020.05.14-16.21.29:867][  0]LogConfig: Setting CVar [[r.SSS.Quality:-1]]
[2020.05.14-16.21.29:867][  0]LogConfig: Setting CVar [[r.SSS.HalfRes:1]]
[2020.05.14-16.21.29:867][  0]LogConfig: Setting CVar [[r.EmitterSpawnRateScale:0.5]]
[2020.05.14-16.21.29:867][  0]LogConfig: Setting CVar [[r.ParticleLightQuality:1]]
[2020.05.14-16.21.29:867][  0]LogConfig: Applying CVar settings from Section [FoliageQuality@2] File [C:/课程/Final/Saved/Config/Windows/Scalability.ini]
[2020.05.14-16.21.29:867][  0]LogConfig: Setting CVar [[foliage.DensityScale:0.8]]
[2020.05.14-16.21.29:867][  0]LogConfig: Setting CVar [[grass.DensityScale:0.8]]
[2020.05.14-16.21.29:867][  0]LogConfig: Applying CVar settings from Section [Startup] File [../../../Engine/Config/ConsoleVariables.ini]
[2020.05.14-16.21.29:868][  0]LogConfig: Setting CVar [[net.UseAdaptiveNetUpdateFrequency:0]]
[2020.05.14-16.21.29:868][  0]LogConfig: Setting CVar [[p.chaos.AllowCreatePhysxBodies:1]]
[2020.05.14-16.21.29:868][  0]LogConfig: Applying CVar settings from Section [ConsoleVariables] File [C:/课程/Final/Saved/Config/Windows/Engine.ini]
[2020.05.14-16.21.29:868][  0]LogInit: Computer: DESKTOP-7D0H28H
[2020.05.14-16.21.29:868][  0]LogInit: User: Lu
[2020.05.14-16.21.29:868][  0]LogInit: CPU Page size=4096, Cores=6
[2020.05.14-16.21.29:868][  0]LogInit: High frequency timer resolution =10.000000 MHz
[2020.05.14-16.21.29:868][  0]LogMemory: Memory total: Physical=15.7GB (16GB approx)
[2020.05.14-16.21.29:868][  0]LogMemory: Platform Memory Stats for Windows
[2020.05.14-16.21.29:868][  0]LogMemory: Process Physical Memory: 98.62 MB used, 98.62 MB peak
[2020.05.14-16.21.29:868][  0]LogMemory: Process Virtual Memory: 90.12 MB used, 90.12 MB peak
[2020.05.14-16.21.29:868][  0]LogMemory: Physical Memory: 4746.61 MB used,  11364.70 MB free, 16111.31 MB total
[2020.05.14-16.21.29:868][  0]LogMemory: Virtual Memory: 4660.61 MB used,  134213064.00 MB free, 134217728.00 MB total
[2020.05.14-16.21.29:895][  0]LogInit: Overriding language with editor language configuration option (en).
[2020.05.14-16.21.29:895][  0]LogInit: Overriding locale with editor locale configuration option (en).
[2020.05.14-16.21.30:039][  0]LogInit: Setting process to per monitor DPI aware
[2020.05.14-16.21.30:104][  0]LogSlate: New Slate User Created.  User Index 0, Is Virtual User: 0
[2020.05.14-16.21.30:104][  0]LogSlate: Slate User Registered.  User Index 0, Is Virtual User: 0
[2020.05.14-16.21.30:344][  0]LogHMD: Failed to initialize OpenVR with code 110
[2020.05.14-16.21.30:344][  0]LogD3D11RHI: D3D11 adapters:
[2020.05.14-16.21.30:416][  0]LogD3D11RHI:    0. 'NVIDIA GeForce GTX 1650' (Feature Level 11_0)
[2020.05.14-16.21.30:416][  0]LogD3D11RHI:       3964/0/8055 MB DedicatedVideo/DedicatedSystem/SharedSystem, Outputs:1, VendorId:0x10de
[2020.05.14-16.21.30:446][  0]LogD3D11RHI:    1. 'Intel(R) UHD Graphics 630' (Feature Level 11_0)
[2020.05.14-16.21.30:446][  0]LogD3D11RHI:       128/0/8055 MB DedicatedVideo/DedicatedSystem/SharedSystem, Outputs:0, VendorId:0x8086
[2020.05.14-16.21.30:449][  0]LogD3D11RHI:    2. 'Microsoft Basic Render Driver' (Feature Level 11_0)
[2020.05.14-16.21.30:449][  0]LogD3D11RHI:       0/0/8055 MB DedicatedVideo/DedicatedSystem/SharedSystem, Outputs:0, VendorId:0x1414
[2020.05.14-16.21.30:449][  0]LogD3D11RHI: Chosen D3D11 Adapter: 0
[2020.05.14-16.21.30:456][  0]LogD3D11RHI: Creating new Direct3DDevice
[2020.05.14-16.21.30:456][  0]LogD3D11RHI:     GPU DeviceId: 0x1f91 (for the marketing name, search the web for "GPU Device Id")
[2020.05.14-16.21.30:456][  0]LogWindows: EnumDisplayDevices:
[2020.05.14-16.21.30:456][  0]LogWindows:    0. 'Intel(R) UHD Graphics 630' (P:1 D:1)
[2020.05.14-16.21.30:457][  0]LogWindows:    1. 'Intel(R) UHD Graphics 630' (P:0 D:0)
[2020.05.14-16.21.30:457][  0]LogWindows:    2. 'Intel(R) UHD Graphics 630' (P:0 D:0)
[2020.05.14-16.21.30:458][  0]LogWindows: DebugString: PrimaryIsNotTheChoosenAdapter PrimaryIsNotTheChoosenAdapter PrimaryIsNotTheChoosenAdapter FoundDriverCount:0 
[2020.05.14-16.21.30:458][  0]LogD3D11RHI:     Adapter Name: NVIDIA GeForce GTX 1650
[2020.05.14-16.21.30:458][  0]LogD3D11RHI:   Driver Version: Unknown (internal:Unknown, unified:Unknown)
[2020.05.14-16.21.30:458][  0]LogD3D11RHI:      Driver Date: Unknown
[2020.05.14-16.21.30:458][  0]LogRHI: Texture pool is 2774 MB (70% of 3964 MB)
[2020.05.14-16.21.30:503][  0]LogD3D11RHI: Async texture creation enabled
[2020.05.14-16.21.30:505][  0]LogRendererCore: FGlobalReadBuffer::InitRHI
[2020.05.14-16.21.30:506][  0]LogRendererCore: FGlobalReadBuffer::InitRHI
[2020.05.14-16.21.30:506][  0]LogRendererCore: FGlobalReadBuffer::InitRHI
[2020.05.14-16.21.30:519][  0]LogD3D11RHI: GPU Timing Frequency: 1000.000000 (Debug: 2 2)
[2020.05.14-16.21.30:861][  0]LogTemp: Display: Module 'AllDesktopTargetPlatform' loaded TargetPlatform 'AllDesktop'
[2020.05.14-16.21.30:874][  0]LogTemp: Display: Module 'MacClientTargetPlatform' loaded TargetPlatform 'MacClient'
[2020.05.14-16.21.30:890][  0]LogTemp: Display: Module 'MacNoEditorTargetPlatform' loaded TargetPlatform 'MacNoEditor'
[2020.05.14-16.21.30:907][  0]LogTemp: Display: Module 'MacServerTargetPlatform' loaded TargetPlatform 'MacServer'
[2020.05.14-16.21.30:921][  0]LogTemp: Display: Module 'MacTargetPlatform' loaded TargetPlatform 'Mac'
[2020.05.14-16.21.30:936][  0]LogTemp: Display: Module 'WindowsClientTargetPlatform' loaded TargetPlatform 'WindowsClient'
[2020.05.14-16.21.30:957][  0]LogTemp: Display: Module 'WindowsNoEditorTargetPlatform' loaded TargetPlatform 'WindowsNoEditor'
[2020.05.14-16.21.30:972][  0]LogTemp: Display: Module 'WindowsServerTargetPlatform' loaded TargetPlatform 'WindowsServer'
[2020.05.14-16.21.30:979][  0]LogTemp: Display: Module 'WindowsTargetPlatform' loaded TargetPlatform 'Windows'
[2020.05.14-16.21.31:067][  0]LogTemp: Display: Module 'AndroidTargetPlatform' loaded TargetPlatform 'Android'
[2020.05.14-16.21.31:067][  0]LogTemp: Display: Module 'AndroidTargetPlatform' loaded TargetPlatform 'Android_ASTC'
[2020.05.14-16.21.31:067][  0]LogTemp: Display: Module 'AndroidTargetPlatform' loaded TargetPlatform 'Android_ATC'
[2020.05.14-16.21.31:067][  0]LogTemp: Display: Module 'AndroidTargetPlatform' loaded TargetPlatform 'Android_DXT'
[2020.05.14-16.21.31:067][  0]LogTemp: Display: Module 'AndroidTargetPlatform' loaded TargetPlatform 'Android_ETC1'
[2020.05.14-16.21.31:067][  0]LogTemp: Display: Module 'AndroidTargetPlatform' loaded TargetPlatform 'Android_ETC1a'
[2020.05.14-16.21.31:067][  0]LogTemp: Display: Module 'AndroidTargetPlatform' loaded TargetPlatform 'Android_ETC2'
[2020.05.14-16.21.31:067][  0]LogTemp: Display: Module 'AndroidTargetPlatform' loaded TargetPlatform 'Android_PVRTC'
[2020.05.14-16.21.31:067][  0]LogTemp: Display: Module 'AndroidTargetPlatform' loaded TargetPlatform 'AndroidClient'
[2020.05.14-16.21.31:067][  0]LogTemp: Display: Module 'AndroidTargetPlatform' loaded TargetPlatform 'Android_ASTCClient'
[2020.05.14-16.21.31:067][  0]LogTemp: Display: Module 'AndroidTargetPlatform' loaded TargetPlatform 'Android_ATCClient'
[2020.05.14-16.21.31:067][  0]LogTemp: Display: Module 'AndroidTargetPlatform' loaded TargetPlatform 'Android_DXTClient'
[2020.05.14-16.21.31:067][  0]LogTemp: Display: Module 'AndroidTargetPlatform' loaded TargetPlatform 'Android_ETC1Client'
[2020.05.14-16.21.31:067][  0]LogTemp: Display: Module 'AndroidTargetPlatform' loaded TargetPlatform 'Android_ETC1aClient'
[2020.05.14-16.21.31:067][  0]LogTemp: Display: Module 'AndroidTargetPlatform' loaded TargetPlatform 'Android_ETC2Client'
[2020.05.14-16.21.31:067][  0]LogTemp: Display: Module 'AndroidTargetPlatform' loaded TargetPlatform 'Android_PVRTCClient'
[2020.05.14-16.21.31:067][  0]LogTemp: Display: Module 'AndroidTargetPlatform' loaded TargetPlatform 'Android_Multi'
[2020.05.14-16.21.31:067][  0]LogTemp: Display: Module 'AndroidTargetPlatform' loaded TargetPlatform 'Android_MultiClient'
[2020.05.14-16.21.31:070][  0]LogTemp: Display: Module 'HTML5TargetPlatform' loaded TargetPlatform 'HTML5'
[2020.05.14-16.21.31:120][  0]LogTemp: Display: Module 'IOSTargetPlatform' loaded TargetPlatform 'IOSClient'
[2020.05.14-16.21.31:120][  0]LogTemp: Display: Module 'IOSTargetPlatform' loaded TargetPlatform 'IOS'
[2020.05.14-16.21.31:144][  0]LogTemp: Display: Module 'TVOSTargetPlatform' loaded TargetPlatform 'TVOSClient'
[2020.05.14-16.21.31:144][  0]LogTemp: Display: Module 'TVOSTargetPlatform' loaded TargetPlatform 'TVOS'
[2020.05.14-16.21.31:157][  0]LogTemp: Display: Module 'LinuxClientTargetPlatform' loaded TargetPlatform 'LinuxClient'
[2020.05.14-16.21.31:170][  0]LogTemp: Display: Module 'LinuxNoEditorTargetPlatform' loaded TargetPlatform 'LinuxNoEditor'
[2020.05.14-16.21.31:182][  0]LogTemp: Display: Module 'LinuxServerTargetPlatform' loaded TargetPlatform 'LinuxServer'
[2020.05.14-16.21.31:196][  0]LogTemp: Display: Module 'LinuxTargetPlatform' loaded TargetPlatform 'Linux'
[2020.05.14-16.21.31:242][  0]LogTemp: Display: Module 'LuminTargetPlatform' loaded TargetPlatform 'Lumin'
[2020.05.14-16.21.31:242][  0]LogTemp: Display: Module 'LuminTargetPlatform' loaded TargetPlatform 'LuminClient'
[2020.05.14-16.21.31:242][  0]LogTargetPlatformManager: Display: Building Assets For Windows
[2020.05.14-16.21.31:250][  0]LogAudioDebug: Display: Lib vorbis DLL was dynamically loaded.
[2020.05.14-16.21.31:303][  0]LogShaderCompilers: Guid format shader working directory is 16 characters bigger than the processId version (../../../../../../课程/Final/Intermediate/Shaders/WorkingDirectory/18764/).
[2020.05.14-16.21.31:304][  0]LogShaderCompilers: Cleaned the shader compiler working directory 'C:/Users/Lu/AppData/Local/Temp/UnrealShaderWorkingDir/89D50FC0452A70ABFBC2C1862C4FCFE7/'.
[2020.05.14-16.21.31:305][  0]LogXGEController: Cannot use XGE Controller as Incredibuild is not installed on this machine.
[2020.05.14-16.21.31:305][  0]LogShaderCompilers: Cannot use XGE Shader Compiler as Incredibuild is not installed on this machine.
[2020.05.14-16.21.31:305][  0]LogShaderCompilers: Display: Using Local Shader Compiler.
[2020.05.14-16.21.31:776][  0]LogDerivedDataCache: Display: Max Cache Size: 512 MB
[2020.05.14-16.21.31:823][  0]LogDerivedDataCache: Loaded boot cache 0.05s 71MB C:/Users/Lu/AppData/Local/UnrealEngine/4.22/DerivedDataCache/Boot.ddc.
[2020.05.14-16.21.31:823][  0]LogDerivedDataCache: Display: Loaded Boot cache: C:/Users/Lu/AppData/Local/UnrealEngine/4.22/DerivedDataCache/Boot.ddc
[2020.05.14-16.21.31:823][  0]LogDerivedDataCache: FDerivedDataBackendGraph:  Pak pak cache file ../../../../../../课程/Final/DerivedDataCache/DDC.ddp not found, will not use a pak cache.
[2020.05.14-16.21.31:823][  0]LogDerivedDataCache: Unable to find inner node Pak for hierarchical cache Hierarchy.
[2020.05.14-16.21.31:823][  0]LogDerivedDataCache: FDerivedDataBackendGraph:  CompressedPak pak cache file ../../../../../../课程/Final/DerivedDataCache/Compressed.ddp not found, will not use a pak cache.
[2020.05.14-16.21.31:823][  0]LogDerivedDataCache: Unable to find inner node CompressedPak for hierarchical cache Hierarchy.
[2020.05.14-16.21.31:833][  0]LogDerivedDataCache: Display: Pak cache opened for reading ../../../Engine/DerivedDataCache/Compressed.ddp.
[2020.05.14-16.21.31:833][  0]LogDerivedDataCache: FDerivedDataBackendGraph:  EnterprisePak pak cache file ../../../Enterprise/DerivedDataCache/Compressed.ddp not found, will not use a pak cache.
[2020.05.14-16.21.31:833][  0]LogDerivedDataCache: Unable to find inner node EnterprisePak for hierarchical cache Hierarchy.
[2020.05.14-16.21.31:845][  0]LogDerivedDataCache: Using Local data cache path C:/Users/Lu/AppData/Local/UnrealEngine/Common/DerivedDataCache: Writable
[2020.05.14-16.21.31:845][  0]LogDerivedDataCache: Shared data cache path not found in *engine.ini, will not use an Shared cache.
[2020.05.14-16.21.31:845][  0]LogDerivedDataCache: Unable to find inner node Shared for hierarchical cache Hierarchy.
[2020.05.14-16.21.31:873][  0]LogMaterial: Verifying Global Shaders for PCD3D_SM5
[2020.05.14-16.21.31:874][  0]LogSlate: Using FreeType 2.6.0
[2020.05.14-16.21.31:874][  0]LogSlate: SlateFontServices - WITH_FREETYPE: 1, WITH_HARFBUZZ: 1
[2020.05.14-16.21.31:965][  0]LogAssetRegistry: FAssetRegistry took 0.0339 seconds to start up
[2020.05.14-16.21.32:328][  0]LogInit: Selected Device Profile: [Windows]
[2020.05.14-16.21.32:461][  0]LogMeshReduction: Using QuadricMeshReduction for automatic static mesh reduction
[2020.05.14-16.21.32:461][  0]LogMeshReduction: Using SimplygonMeshReduction for automatic skeletal mesh reduction
[2020.05.14-16.21.32:461][  0]LogMeshReduction: Using ProxyLODMeshReduction for automatic mesh merging
[2020.05.14-16.21.32:461][  0]LogMeshReduction: No distributed automatic mesh merging module available
[2020.05.14-16.21.32:461][  0]LogMeshMerging: No distributed automatic mesh merging module available
[2020.05.14-16.21.32:475][  0]LogNetVersion: FinalGPS 1.0.0, NetCL: 5660361, EngineNetVer: 10, GameNetVer: 0 (Checksum: 1484327005)
[2020.05.14-16.21.32:840][  0]LogPackageLocalizationCache: Processed 10 localized package path(s) for 1 prioritized culture(s) in 0.031348 seconds
[2020.05.14-16.21.32:844][  0]LogUObjectArray: 42205 objects as part of root set at end of initial load.
[2020.05.14-16.21.32:845][  0]LogUObjectAllocator: 7325032 out of 0 bytes used by permanent object pool.
[2020.05.14-16.21.32:845][  0]LogUObjectArray: CloseDisregardForGC: 0/0 objects in disregard for GC pool
[2020.05.14-16.21.33:735][  0]LogTcpMessaging: Initializing TcpMessaging bridge
[2020.05.14-16.21.33:751][  0]LogUdpMessaging: Initializing bridge on interface 0.0.0.0:0 to multicast group 230.0.0.1:6666.
[2020.05.14-16.21.33:855][  0]SourceControl: Source control is disabled
[2020.05.14-16.21.33:856][  0]SourceControl: Source control is disabled
[2020.05.14-16.21.33:857][  0]SourceControl: Source control is disabled
[2020.05.14-16.21.33:858][  0]SourceControl: Source control is disabled
[2020.05.14-16.21.33:964][  0]LogAndroidPermission: UAndroidPermissionCallbackProxy::GetInstance
[2020.05.14-16.21.34:072][  0]LogOcInput: OculusInput pre-init called
[2020.05.14-16.21.34:907][  0]LogEngine: Initializing Engine...
[2020.05.14-16.21.34:909][  0]LogHMD: Failed to initialize OpenVR with code 110
[2020.05.14-16.21.34:910][  0]LogStats: UGameplayTagsManager::InitializeManager -  0.000 s
[2020.05.14-16.21.35:100][  0]LogInit: Initializing FReadOnlyCVARCache
[2020.05.14-16.21.35:111][  0]LogAIModule: Creating AISystem for world Untitled
[2020.05.14-16.21.35:134][  0]LogInit: XAudio2 using 'Speakers/Headphones (Realtek(R) Audio)' : 2 channels at 48 kHz using 32 bits per sample (channel mask 0x3)
[2020.05.14-16.21.35:486][  0]LogInit: FAudioDevice initialized.
[2020.05.14-16.21.35:486][  0]LogNetVersion: Set ProjectVersion to 1.0.0.0. Version Checksum will be recalculated on next use.
[2020.05.14-16.21.35:533][  0]LogDerivedDataCache: Saved boot cache 0.05s 71MB C:/Users/Lu/AppData/Local/UnrealEngine/4.22/DerivedDataCache/Boot.ddc.
[2020.05.14-16.21.35:536][  0]LogInit: Texture streaming: Enabled
[2020.05.14-16.21.35:551][  0]LogEngineSessionManager: EngineSessionManager initialized
[2020.05.14-16.21.35:569][  0]LogInit: Transaction tracking system initialized
[2020.05.14-16.21.35:587][  0]BlueprintLog: New page: Editor Load
[2020.05.14-16.21.35:650][  0]LocalizationService: Localization service is disabled
[2020.05.14-16.21.35:942][  0]LogFileCache: Scanning file cache for directory 'C:/课程/Final/Content/' took 0.02s
[2020.05.14-16.21.35:942][  0]LogCook: Display: Max memory allowance for cook 16384mb min free memory 0mb
[2020.05.14-16.21.35:942][  0]LogCook: Display: Mobile HDR setting 1
[2020.05.14-16.21.36:120][  0]SourceControl: Source control is disabled
[2020.05.14-16.21.36:120][  0]Cmd: MAP LOAD FILE="../../../../../../课程/Final/Content/Maps/PathFinding.umap" TEMPLATE=0 SHOWPROGRESS=1 FEATURELEVEL=3
[2020.05.14-16.21.36:121][  0]LightingResults: New page: Lighting Build
[2020.05.14-16.21.36:123][  0]MapCheck: New page: Map Check
[2020.05.14-16.21.36:123][  0]LightingResults: New page: Lighting Build
[2020.05.14-16.21.36:148][  0]LogUObjectHash: Compacting FUObjectHashTables data took   1.33ms
[2020.05.14-16.21.39:391][  0]LogAIModule: Creating AISystem for world PathFinding
[2020.05.14-16.21.39:410][  0]LogEditorServer: Finished looking for orphan Actors (0.000 secs)
[2020.05.14-16.21.39:441][  0]LogUObjectHash: Compacting FUObjectHashTables data took   2.04ms
[2020.05.14-16.21.39:441][  0]Cmd: MAP CHECKDEP NOCLEARLOG
[2020.05.14-16.21.39:441][  0]MapCheck: Map check complete: 0 Error(s), 0 Warning(s), took 0.275ms to complete.
[2020.05.14-16.21.39:441][  0]LogFileHelpers: Loading map 'PathFinding' took 3.321
[2020.05.14-16.21.39:575][  0]LogSlate: Updating window title bar state: overlay mode, drag disabled, window buttons hidden, title bar hidden
[2020.05.14-16.21.39:583][  0]LogSlate: Updating window title bar state: overlay mode, drag disabled, window buttons hidden, title bar hidden
[2020.05.14-16.21.39:589][  0]LogSlate: Updating window title bar state: overlay mode, drag disabled, window buttons hidden, title bar hidden
[2020.05.14-16.21.39:595][  0]LogSlate: Updating window title bar state: overlay mode, drag disabled, window buttons hidden, title bar hidden
[2020.05.14-16.21.39:605][  0]LogCollectionManager: Loaded 0 collections in 0.001235 seconds
[2020.05.14-16.21.39:653][  0]LogFileCache: Scanning file cache for directory 'C:/课程/Final/Saved/Collections/' took 0.01s
[2020.05.14-16.21.39:653][  0]LogFileCache: Scanning file cache for directory 'C:/课程/Final/Content/Developers/Lu/Collections/' took 0.01s
[2020.05.14-16.21.39:653][  0]LogFileCache: Scanning file cache for directory 'C:/课程/Final/Content/Collections/' took 0.01s
[2020.05.14-16.21.39:653][  0]LogCollectionManager: Rebuilt the GUID cache for 0 collections in 0.000000 seconds
[2020.05.14-16.21.39:662][  0]LogContentBrowser: Native class hierarchy populated in 0.0083 seconds. Added 2732 classes and 659 folders.
[2020.05.14-16.21.39:674][  0]LogContentBrowser: Native class hierarchy updated for 'WidgetCarousel' in 0.0003 seconds. Added 0 classes and 0 folders.
[2020.05.14-16.21.39:679][  0]LogPakFile: Registered encryption key '00000000000000000000000000000000': 0 pak files mounted, 0 remain pending
[2020.05.14-16.21.39:683][  0]LogPakFile: Registered encryption key '00000000000000000000000000000000': 0 pak files mounted, 0 remain pending
[2020.05.14-16.21.39:685][  0]LogPakFile: Registered encryption key '00000000000000000000000000000000': 0 pak files mounted, 0 remain pending
[2020.05.14-16.21.39:687][  0]LogPakFile: Registered encryption key '00000000000000000000000000000000': 0 pak files mounted, 0 remain pending
[2020.05.14-16.21.39:690][  0]LogPakFile: Registered encryption key '00000000000000000000000000000000': 0 pak files mounted, 0 remain pending
[2020.05.14-16.21.39:693][  0]LogPakFile: Registered encryption key '00000000000000000000000000000000': 0 pak files mounted, 0 remain pending
[2020.05.14-16.21.39:695][  0]LogPakFile: Registered encryption key '00000000000000000000000000000000': 0 pak files mounted, 0 remain pending
[2020.05.14-16.21.39:695][  0]LogPakFile: Registered encryption key '00000000000000000000000000000000': 0 pak files mounted, 0 remain pending
[2020.05.14-16.21.39:698][  0]LogPakFile: Registered encryption key '00000000000000000000000000000000': 0 pak files mounted, 0 remain pending
[2020.05.14-16.21.39:700][  0]LogPakFile: Registered encryption key '00000000000000000000000000000000': 0 pak files mounted, 0 remain pending
[2020.05.14-16.21.39:701][  0]LogPakFile: Registered encryption key '00000000000000000000000000000000': 0 pak files mounted, 0 remain pending
[2020.05.14-16.21.39:703][  0]LogPakFile: Registered encryption key '00000000000000000000000000000000': 0 pak files mounted, 0 remain pending
[2020.05.14-16.21.39:705][  0]LogPakFile: Registered encryption key '00000000000000000000000000000000': 0 pak files mounted, 0 remain pending
[2020.05.14-16.21.39:706][  0]LogPakFile: Registered encryption key '00000000000000000000000000000000': 0 pak files mounted, 0 remain pending
[2020.05.14-16.21.39:708][  0]LogPakFile: Registered encryption key '00000000000000000000000000000000': 0 pak files mounted, 0 remain pending
[2020.05.14-16.21.39:709][  0]LogPakFile: Registered encryption key '00000000000000000000000000000000': 0 pak files mounted, 0 remain pending
[2020.05.14-16.21.39:711][  0]LogPakFile: Registered encryption key '00000000000000000000000000000000': 0 pak files mounted, 0 remain pending
[2020.05.14-16.21.39:713][  0]LogPakFile: Registered encryption key '00000000000000000000000000000000': 0 pak files mounted, 0 remain pending
[2020.05.14-16.21.39:715][  0]LogPakFile: Registered encryption key '00000000000000000000000000000000': 0 pak files mounted, 0 remain pending
[2020.05.14-16.21.39:716][  0]LogPakFile: Registered encryption key '00000000000000000000000000000000': 0 pak files mounted, 0 remain pending
[2020.05.14-16.21.39:718][  0]LogPakFile: Registered encryption key '00000000000000000000000000000000': 0 pak files mounted, 0 remain pending
[2020.05.14-16.21.39:720][  0]LogPakFile: Registered encryption key '00000000000000000000000000000000': 0 pak files mounted, 0 remain pending
[2020.05.14-16.21.39:721][  0]LogPakFile: Registered encryption key '00000000000000000000000000000000': 0 pak files mounted, 0 remain pending
[2020.05.14-16.21.39:723][  0]LogPakFile: Registered encryption key '00000000000000000000000000000000': 0 pak files mounted, 0 remain pending
[2020.05.14-16.21.39:725][  0]LogPakFile: Registered encryption key '00000000000000000000000000000000': 0 pak files mounted, 0 remain pending
[2020.05.14-16.21.39:727][  0]LogPakFile: Registered encryption key '00000000000000000000000000000000': 0 pak files mounted, 0 remain pending
[2020.05.14-16.21.39:814][  0]LogContentBrowser: Native class hierarchy updated for 'AddContentDialog' in 0.0003 seconds. Added 0 classes and 0 folders.
[2020.05.14-16.21.39:823][  0]LogContentBrowser: Native class hierarchy updated for 'SceneOutliner' in 0.0003 seconds. Added 1 classes and 2 folders.
[2020.05.14-16.21.39:923][  0]LogSlate: Took 0.000186 seconds to synchronously load lazily loaded font '../../../Engine/Content/Slate/Fonts/Roboto-Regular.ttf' (155K)
[2020.05.14-16.21.39:927][  0]LogSlate: Took 0.000214 seconds to synchronously load lazily loaded font '../../../Engine/Content/Slate/Fonts/Roboto-Bold.ttf' (160K)
[2020.05.14-16.21.39:932][  0]LogSlate: Took 0.000748 seconds to synchronously load lazily loaded font '../../../Engine/Content/Editor/Slate/Fonts/FontAwesome.ttf' (139K)
[2020.05.14-16.21.39:996][  0]LogRenderer: Reallocating scene render targets to support 876x400 Format 9 NumSamples 1 (Frame:1).
[2020.05.14-16.21.40:243][  0]LogContentBrowser: Native class hierarchy updated for 'HierarchicalLODOutliner' in 0.0004 seconds. Added 0 classes and 0 folders.
[2020.05.14-16.21.40:243][  0]LogLoad: (Engine Initialization) Total time: 12.89 seconds
[2020.05.14-16.21.40:243][  0]LogLoad: (Engine Initialization) Total Blueprint compile time: 0.00 seconds
[2020.05.14-16.21.40:288][  0]LogAssetRegistry: Asset discovery search completed in 8.3447 seconds
[2020.05.14-16.21.40:290][  0]LogCollectionManager: Rebuilt the object cache for 0 collections in 0.000000 seconds (found 0 objects)
[2020.05.14-16.21.40:290][  0]LogCollectionManager: Fixed up redirectors for 0 collections in 0.000040 seconds (updated 0 objects)
[2020.05.14-16.21.40:291][  0]LogContentStreaming: Texture pool size now 800 MB
[2020.05.14-16.21.41:301][ 38]LogSlate: Took 0.001367 seconds to synchronously load lazily loaded font '../../../Engine/Content/Slate/Fonts/Roboto-Light.ttf' (167K)
[2020.05.14-16.21.42:860][104]LogSlate: FSceneViewport::OnFocusLost() reason 2
[2020.05.14-16.21.43:548][145]LogSlate: FSceneViewport::OnFocusLost() reason 2
[2020.05.14-16.21.45:438][217]LogUObjectHash: Compacting FUObjectHashTables data took   0.62ms
[2020.05.14-16.21.45:439][217]Cmd: MAP LOAD FILE="../../../../../../课程/Final/Content/Maps/Test.umap" TEMPLATE=0 SHOWPROGRESS=1 FEATURELEVEL=3
[2020.05.14-16.21.45:471][217]LightingResults: New page: Lighting Build
[2020.05.14-16.21.45:471][217]LoadErrors: New page: Loading map: Test.umap
[2020.05.14-16.21.45:474][217]MapCheck: New page: Map Check
[2020.05.14-16.21.45:474][217]LightingResults: New page: Lighting Build
[2020.05.14-16.21.45:500][217]LogUObjectHash: Compacting FUObjectHashTables data took   1.51ms
[2020.05.14-16.21.45:801][217]LogStaticMesh: Building static mesh DifficultMeshNew...
[2020.05.14-16.21.45:882][217]LogStaticMesh: Built static mesh [0.08s] /Game/Models/Obstacles/DifficultMeshNew.DifficultMeshNew
[2020.05.14-16.21.45:920][217]LogAIModule: Creating AISystem for world Test
[2020.05.14-16.21.46:086][217]LogEditorServer: Finished looking for orphan Actors (0.000 secs)
[2020.05.14-16.21.46:112][217]LogUObjectHash: Compacting FUObjectHashTables data took   1.85ms
[2020.05.14-16.21.46:135][217]Cmd: MAP CHECKDEP NOCLEARLOG
[2020.05.14-16.21.46:135][217]MapCheck: Map check complete: 0 Error(s), 0 Warning(s), took 0.192ms to complete.
[2020.05.14-16.21.46:135][217]LogFileHelpers: Loading map 'Test' took 0.697
[2020.05.14-16.21.46:135][217]LogSlate: Window 'Open Level' being destroyed
[2020.05.14-16.21.47:376][235]LogTemp: IOS device listing is disabled (to many failed attempts)!
[2020.05.14-16.21.53:371][333]LogSlate: FSceneViewport::OnFocusLost() reason 0
[2020.05.14-16.22.43:735][457]Cmd: TRANSACTION UNDO
[2020.05.14-16.22.43:735][457]LogEditorTransaction: Undo Move Actors
[2020.05.14-16.22.45:002][523]LogSlate: FSceneViewport::OnFocusLost() reason 0
[2020.05.14-16.22.46:809][595]Cmd: OBJ SAVEPACKAGE PACKAGE="/Game/Maps/Test" FILE="../../../../../../课程/Final/Content/Maps/Test.umap" SILENT=true AUTOSAVING=false KEEPDIRTY=false
[2020.05.14-16.22.46:833][595]LogUObjectHash: Compacting FUObjectHashTables data took   1.15ms
[2020.05.14-16.22.47:248][595]LogSavePackage: Moving '../../../../../../课程/Final/Saved/TestF00C327C462364B5382881876D4CC0D4.tmp' to '../../../../../../课程/Final/Content/Maps/Test.umap'
[2020.05.14-16.22.47:274][595]Cmd: OBJ SAVEPACKAGE PACKAGE="/Game/Maps/Test_BuiltData" FILE="../../../../../../课程/Final/Content/Maps/Test_BuiltData.uasset" SILENT=true
[2020.05.14-16.22.47:344][595]LogSavePackage: Moving '../../../../../../课程/Final/Saved/Test_BuiltDataB5B5153143B9E415151F7DB30DD99B3C.tmp' to '../../../../../../课程/Final/Content/Maps/Test_BuiltData.uasset'
[2020.05.14-16.22.49:003][622]LogSlate: FSceneViewport::OnFocusLost() reason 0
[2020.05.14-16.22.53:072][691]LogAssetEditorManager: Opening Asset editor for Blueprint /Game/Blueprints/Grid/Obstacles/BP_Ground.BP_Ground
[2020.05.14-16.22.53:376][691]LogContentBrowser: Native class hierarchy updated for 'BlueprintGraph' in 0.0005 seconds. Added 121 classes and 0 folders.
[2020.05.14-16.22.56:037][720]LogSlate: Window 'BP_Ground' being destroyed
[2020.05.14-16.22.56:132][720]LogSlate: FSceneViewport::OnFocusLost() reason 2
[2020.05.14-16.22.56:142][720]LogAssetEditorManager: Opening Asset editor for Blueprint /Game/Blueprints/Grid/Obstacles/BP_Ground.BP_Ground
[2020.05.14-16.22.56:442][720]LogSlate: Took 0.000838 seconds to synchronously load lazily loaded font '../../../Engine/Content/Slate/Fonts/Roboto-BoldCondensed.ttf' (158K)
[2020.05.14-16.22.57:784][741]LogSlate: Took 0.000989 seconds to synchronously load lazily loaded font '../../../Engine/Content/Slate/Fonts/Roboto-Italic.ttf' (157K)
[2020.05.14-16.23.04:357][921]BlueprintLog: New page: Compile BP_Ground
[2020.05.14-16.23.04:498][921]LogUObjectHash: Compacting FUObjectHashTables data took   2.74ms
[2020.05.14-16.23.04:942][929]Cmd: OBJ SAVEPACKAGE PACKAGE="/Game/Blueprints/Grid/Obstacles/BP_Ground" FILE="../../../../../../课程/Final/Content/Blueprints/Grid/Obstacles/BP_Ground.uasset" SILENT=true
[2020.05.14-16.23.05:024][929]LogSavePackage: Moving '../../../../../../课程/Final/Saved/BP_Ground3844351045C2AA0CF6390E9E59527272.tmp' to '../../../../../../课程/Final/Content/Blueprints/Grid/Obstacles/BP_Ground.uasset'
[2020.05.14-16.23.05:442][936]LogSlate: FSceneViewport::OnFocusLost() reason 0
[2020.05.14-16.23.06:205][975]LogSlate: FSceneViewport::OnFocusLost() reason 2
[2020.05.14-16.23.06:214][975]LogSlate: Window 'BP_Ground' being destroyed
[2020.05.14-16.23.07:335][  5]LogSlate: Window 'BP_Ground' being destroyed
[2020.05.14-16.23.07:345][  6]LogRenderer: Reallocating scene render targets to support 2192x996 Format 9 NumSamples 1 (Frame:1537).
[2020.05.14-16.23.07:546][ 12]LogSlate: FSceneViewport::OnFocusLost() reason 0
[2020.05.14-16.23.16:120][153]Cmd: OBJ SAVEPACKAGE PACKAGE="/Game/Maps/Test" FILE="../../../../../../课程/Final/Content/Maps/Test.umap" SILENT=true AUTOSAVING=false KEEPDIRTY=false
[2020.05.14-16.23.16:151][153]LogUObjectHash: Compacting FUObjectHashTables data took   2.16ms
[2020.05.14-16.23.16:491][153]LogSavePackage: Moving '../../../../../../课程/Final/Saved/TestF5F648EF458856090B8D49AC3C7188DE.tmp' to '../../../../../../课程/Final/Content/Maps/Test.umap'
[2020.05.14-16.23.16:509][153]Cmd: OBJ SAVEPACKAGE PACKAGE="/Game/Maps/Test_BuiltData" FILE="../../../../../../课程/Final/Content/Maps/Test_BuiltData.uasset" SILENT=true
[2020.05.14-16.23.16:569][153]LogSavePackage: Moving '../../../../../../课程/Final/Saved/Test_BuiltData13EBC8DF4B7B1B119A760CB50E957B0D.tmp' to '../../../../../../课程/Final/Content/Maps/Test_BuiltData.uasset'
[2020.05.14-16.23.18:465][184]LogSlate: FSceneViewport::OnFocusLost() reason 0
[2020.05.14-16.23.25:429][297]LogSlate: FSceneViewport::OnFocusLost() reason 0
[2020.05.14-16.23.41:416][556]LogSlate: FSceneViewport::OnFocusLost() reason 0
[2020.05.14-16.24.00:584][739]LogSlate: Took 0.011134 seconds to synchronously load lazily loaded font '../../../Engine/Content/Slate/Fonts/DroidSansFallback.ttf' (3848K)
[2020.05.14-16.24.02:872][757]LogSlate: FSceneViewport::OnFocusLost() reason 0
[2020.05.14-16.24.22:980][915]LogSlate: FSceneViewport::OnFocusLost() reason 0
[2020.05.14-16.24.30:467][975]LogEditorViewport: Clicking on Actor (LMB): Bp_Basic_C (Bp_Water2)
[2020.05.14-16.24.41:785][ 58]LogSlate: FSceneViewport::OnFocusLost() reason 0
[2020.05.14-16.24.50:290][117]LogSlate: FSceneViewport::OnFocusLost() reason 2
[2020.05.14-16.24.50:471][117]Cmd: OBJ SAVEPACKAGE PACKAGE="/Game/Maps/Test" FILE="../../../../../../课程/Final/Content/Maps/Test.umap" SILENT=true AUTOSAVING=false KEEPDIRTY=false
[2020.05.14-16.24.50:801][117]LogUObjectHash: Compacting FUObjectHashTables data took  10.01ms
[2020.05.14-16.24.51:533][117]LogSavePackage: Moving '../../../../../../课程/Final/Saved/Test9081A9514F246D9E538A5AA57473E2E8.tmp' to '../../../../../../课程/Final/Content/Maps/Test.umap'
[2020.05.14-16.24.51:575][117]Cmd: OBJ SAVEPACKAGE PACKAGE="/Game/Maps/Test_BuiltData" FILE="../../../../../../课程/Final/Content/Maps/Test_BuiltData.uasset" SILENT=true
[2020.05.14-16.24.51:648][117]LogSavePackage: Moving '../../../../../../课程/Final/Saved/Test_BuiltData02FF2E26436F857980BF1D9C1E7AECB6.tmp' to '../../../../../../课程/Final/Content/Maps/Test_BuiltData.uasset'
[2020.05.14-16.24.54:316][140]LogSlate: FSceneViewport::OnFocusLost() reason 0
[2020.05.14-16.25.20:564][433]LogEditorViewport: Clicking on Actor (LMB): Bp_Basic_C (Bp_Water2)
[2020.05.14-16.25.29:583][495]LogEditorViewport: Clicking on Actor (LMB): Bp_Basic_C (Bp_Water3)
[2020.05.14-16.25.35:453][534]LogSlate: FSceneViewport::OnFocusLost() reason 0
[2020.05.14-16.25.58:075][681]LogEditorViewport: Clicking on Actor (LMB): Bp_Basic_C (BP_Water1)
[2020.05.14-16.26.00:647][696]LogSlate: FSceneViewport::OnFocusLost() reason 0
[2020.05.14-16.26.17:495][825]LogEditorViewport: Clicking on Actor (LMB): Bp_Basic_C (Bp_Water2)
[2020.05.14-16.26.19:717][831]LogSlate: FSceneViewport::OnFocusLost() reason 2
[2020.05.14-16.26.19:835][831]Cmd: OBJ SAVEPACKAGE PACKAGE="/Game/Maps/Test" FILE="../../../../../../课程/Final/Content/Maps/Test.umap" SILENT=true AUTOSAVING=false KEEPDIRTY=false
[2020.05.14-16.26.20:146][831]LogUObjectHash: Compacting FUObjectHashTables data took  11.22ms
[2020.05.14-16.26.20:909][831]LogSavePackage: Moving '../../../../../../课程/Final/Saved/Test5F93AEA04F2DA6B1C71CDBA3C36BB607.tmp' to '../../../../../../课程/Final/Content/Maps/Test.umap'
[2020.05.14-16.26.20:957][831]Cmd: OBJ SAVEPACKAGE PACKAGE="/Game/Maps/Test_BuiltData" FILE="../../../../../../课程/Final/Content/Maps/Test_BuiltData.uasset" SILENT=true
[2020.05.14-16.26.21:028][831]LogSavePackage: Moving '../../../../../../课程/Final/Saved/Test_BuiltDataB9BE295C4E348290EDED0EA63568566C.tmp' to '../../../../../../课程/Final/Content/Maps/Test_BuiltData.uasset'
[2020.05.14-16.26.27:400][880]LogSlate: FSceneViewport::OnFocusLost() reason 0
[2020.05.14-16.26.36:775][941]Cmd: TRANSACTION UNDO
[2020.05.14-16.26.36:776][941]LogEditorTransaction: Undo Move Actors
[2020.05.14-16.26.37:246][942]LogRHI: Error: SyncInterval 0
[2020.05.14-16.26.37:246][942]LogRHI: Error: SwapChainDesc.BufferDesc.Width 441
[2020.05.14-16.26.37:246][942]LogRHI: Error: SwapChainDesc.BufferDesc.Height 135
[2020.05.14-16.26.37:246][942]LogRHI: Error: SwapChainDesc.BufferDesc.RefreshRate.Numerator 0
[2020.05.14-16.26.37:246][942]LogRHI: Error: SwapChainDesc.BufferDesc.RefreshRate.Denominator 0
[2020.05.14-16.26.37:246][942]LogRHI: Error: SwapChainDesc.BufferDesc.Format 24
[2020.05.14-16.26.37:246][942]LogRHI: Error: SwapChainDesc.BufferDesc.ScanlineOrdering 0
[2020.05.14-16.26.37:246][942]LogRHI: Error: SwapChainDesc.BufferDesc.Scaling 0
[2020.05.14-16.26.37:246][942]LogRHI: Error: SwapChainDesc.SampleDesc.Count 1
[2020.05.14-16.26.37:246][942]LogRHI: Error: SwapChainDesc.SampleDesc.Quality 0
[2020.05.14-16.26.37:246][942]LogRHI: Error: SwapChainDesc.BufferUsage 48
[2020.05.14-16.26.37:246][942]LogRHI: Error: SwapChainDesc.BufferCount 1
[2020.05.14-16.26.37:246][942]LogRHI: Error: SwapChainDesc.OutputWindow 0000000000200BA0
[2020.05.14-16.26.37:246][942]LogRHI: Error: SwapChainDesc.Windowed true
[2020.05.14-16.26.37:246][942]LogRHI: Error: SwapChainDesc.SwapEffect 0
[2020.05.14-16.26.37:246][942]LogRHI: Error: SwapChainDesc.Flags 2
[2020.05.14-16.26.37:246][942]LogD3D11RHI: Error: Result failed 
 at D:\Build\++UE4\Sync\Engine\Source\Runtime\Windows\D3D11RHI\Private\D3D11Viewport.cpp:361 
 with error 88760873
[2020.05.14-16.26.37:250][942]LogWindows: Windows GetLastError: 操作成功完成。 (0)
[2020.05.14-16.26.40:719][942]LogThreadingWindows: Error: Runnable thread RenderThread 4 crashed.
[2020.05.14-16.26.40:719][942]LogWindows: Error: === Critical error: ===
[2020.05.14-16.26.40:719][942]LogWindows: Error: 
[2020.05.14-16.26.40:719][942]LogWindows: Error: Fatal error: [File:D:\Build\++UE4\Sync\Engine\Source\Runtime\Windows\D3D11RHI\Private\D3D11Util.cpp] [Line: 249] 
[2020.05.14-16.26.40:719][942]LogWindows: Error: Result failed 
[2020.05.14-16.26.40:719][942]LogWindows: Error:  at D:\Build\++UE4\Sync\Engine\Source\Runtime\Windows\D3D11RHI\Private\D3D11Viewport.cpp:361 
[2020.05.14-16.26.40:719][942]LogWindows: Error:  with error 88760873
[2020.05.14-16.26.40:720][942]LogWindows: Error: 
[2020.05.14-16.26.40:720][942]LogWindows: Error: 
[2020.05.14-16.26.40:720][942]LogWindows: Error: [Callstack] 0x00007ffe2a43a799 KERNELBASE.dll!UnknownFunction []
[2020.05.14-16.26.40:720][942]LogWindows: Error: [Callstack] 0x00007ffdcc4a1f37 UE4Editor-Core.dll!UnknownFunction []
[2020.05.14-16.26.40:720][942]LogWindows: Error: [Callstack] 0x00007ffdcc4a46e7 UE4Editor-Core.dll!UnknownFunction []
[2020.05.14-16.26.40:720][942]LogWindows: Error: [Callstack] 0x00007ffdcc2b7d1a UE4Editor-Core.dll!UnknownFunction []
[2020.05.14-16.26.40:720][942]LogWindows: Error: [Callstack] 0x00007ffdcc23fe33 UE4Editor-Core.dll!UnknownFunction []
[2020.05.14-16.26.40:720][942]LogWindows: Error: [Callstack] 0x00007ffdcc23fd18 UE4Editor-Core.dll!UnknownFunction []
[2020.05.14-16.26.40:720][942]LogWindows: Error: [Callstack] 0x00007ffdaaa0644a UE4Editor-D3D11RHI.dll!UnknownFunction []
[2020.05.14-16.26.40:720][942]LogWindows: Error: [Callstack] 0x00007ffdaa9e875e UE4Editor-D3D11RHI.dll!UnknownFunction []
[2020.05.14-16.26.40:720][942]LogWindows: Error: [Callstack] 0x00007ffdaa9f480b UE4Editor-D3D11RHI.dll!UnknownFunction []
[2020.05.14-16.26.40:720][942]LogWindows: Error: [Callstack] 0x00007ffde52be8e0 UE4Editor-RHI.dll!UnknownFunction []
[2020.05.14-16.26.40:720][942]LogWindows: Error: [Callstack] 0x00007ffde52be4c4 UE4Editor-RHI.dll!UnknownFunction []
[2020.05.14-16.26.40:720][942]LogWindows: Error: [Callstack] 0x00007ffde52bf444 UE4Editor-RHI.dll!UnknownFunction []
[2020.05.14-16.26.40:720][942]LogWindows: Error: [Callstack] 0x00007ffde52b6bb4 UE4Editor-RHI.dll!UnknownFunction []
[2020.05.14-16.26.40:720][942]LogWindows: Error: [Callstack] 0x00007ffda904769b UE4Editor-SlateRHIRenderer.dll!UnknownFunction []
[2020.05.14-16.26.40:720][942]LogWindows: Error: [Callstack] 0x00007ffda904e220 UE4Editor-SlateRHIRenderer.dll!UnknownFunction []
[2020.05.14-16.26.40:720][942]LogWindows: Error: [Callstack] 0x00007ffdcc0c22d8 UE4Editor-Core.dll!UnknownFunction []
[2020.05.14-16.26.40:720][942]LogWindows: Error: [Callstack] 0x00007ffdcc0c2563 UE4Editor-Core.dll!UnknownFunction []
[2020.05.14-16.26.40:720][942]LogWindows: Error: [Callstack] 0x00007ffe0edf59f1 UE4Editor-RenderCore.dll!UnknownFunction []
[2020.05.14-16.26.40:720][942]LogWindows: Error: [Callstack] 0x00007ffe0edfc184 UE4Editor-RenderCore.dll!UnknownFunction []
[2020.05.14-16.26.40:720][942]LogWindows: Error: [Callstack] 0x00007ffdcc4b4b3f UE4Editor-Core.dll!UnknownFunction []
[2020.05.14-16.26.40:720][942]LogWindows: Error: [Callstack] 0x00007ffdcc4b08a7 UE4Editor-Core.dll!UnknownFunction []
[2020.05.14-16.26.40:720][942]LogWindows: Error: [Callstack] 0x00007ffe2bf07bd4 KERNEL32.DLL!UnknownFunction []
[2020.05.14-16.26.40:720][942]LogWindows: Error: [Callstack] 0x00007ffe2d4ace51 ntdll.dll!UnknownFunction []
[2020.05.14-16.26.40:720][942]LogWindows: Error: 
[2020.05.14-16.26.40:720][942]LogWindows: Error: Crash in runnable thread RenderThread 4
[2020.05.14-16.26.40:726][942]LogOutputDevice: Warning: 

Script Stack (0 frames):

[2020.05.14-16.26.40:726][942]LogWindows: Windows GetLastError: 操作成功完成。 (0)
[2020.05.14-16.26.40:726][942]LogWindows: Error: HandleError re-entered.
[2020.05.14-16.26.40:726][942]LogWindows: FPlatformMisc::RequestExit(1)
[2020.05.14-16.26.40:739][942]Log file closed, 05/15/20 00:26:40
